<?xml version="1.0" encoding="UTF-8"?>
<testsuite name="TestFarmaciaGeneralPaz-20231027195424" tests="3" file=".py" time="8.217" timestamp="2023-10-27T19:54:35" failures="1" errors="0" skipped="0">
	<testcase classname="TestFarmaciaGeneralPaz" name="test_busqueda_nivea" time="4.493" timestamp="2023-10-27T19:54:31" file="Farmacia.py" line="14"/>
	<testcase classname="TestFarmaciaGeneralPaz" name="test_busqueda_nivea2" time="2.116" timestamp="2023-10-27T19:54:34" file="Farmacia.py" line="20"/>
	<testcase classname="TestFarmaciaGeneralPaz" name="test_seleccionar_producto" time="1.607" timestamp="2023-10-27T19:54:35" file="Farmacia.py" line="27">
		<failure type="AssertionError" message="'Producto añadido al carrito' not found in '&lt;html lang=&quot;es&quot; class=&quot; js flexbox no-touch rgba backgroundsize cssanimations csscolumns csstransforms csstransforms3d csstransitions video audio svg inlinesvg svgclippaths csscalc scriptasync formvalidation no-stylescoped svgfilters&quot; style=&quot;&quot;&gt;&lt;head&gt;&lt;meta http-equiv=&quot;origin-trial&quot; content=&quot;Az520Inasey3TAyqLyojQa8MnmCALSEU29yQFW8dePZ7xQTvSt73pHazLFTK5f7SyLUJSo2uKLesEtEa9aUYcgMAAACPeyJvcmlnaW4iOiJodHRwczovL2dvb2dsZS5jb206NDQzIiwiZmVhdHVyZSI6IkRpc2FibGVUaGlyZFBhcnR5U3RvcmFnZVBhcnRpdGlvbmluZyIsImV4cGlyeSI6MTcyNTQwNzk5OSwiaXNTdWJkb21haW4iOnRydWUsImlzVGhpcmRQYXJ0eSI6dHJ1ZX0=&quot;&gt;\n    \n    &lt;meta http-equiv=&quot;content-type&quot; content=&quot;text/html; charset=utf-8&quot;&gt;\n    &lt;!--[if IE]&gt;&lt;meta http-equiv=\'X-UA-Compatible\' content=\'IE=edge,chrome=1\'&gt;&lt;![endif]--&gt;\n    &lt;meta name=&quot;viewport&quot; content=&quot;width=device-width,initial-scale=1.0,maximum-scale=1&quot;&gt;\n\n    &lt;title&gt;Crema Corporal Nivea Aloe Vera 5 En 1 Piel Normal a Seca x 125 ml, Nivea Cuidado Corporal - Farmacias General Paz&lt;/title&gt;\n    &lt;meta name=&quot;theme-color&quot; content=&quot;#2980b9&quot;&gt;\n    &lt;meta itemprop=&quot;name&quot; content=&quot;Crema Corporal Nivea Aloe Vera 5 En 1 Piel Normal a Seca x 125 ml, Nivea Cuidado Corporal - Farmacias General Paz&quot;&gt;\n    &lt;meta property=&quot;og:title&quot; content=&quot;Crema Corporal Nivea Aloe Vera 5 En 1 Piel Normal a Seca x 125 ml, Nivea Cuidado Corporal - Farmacias General Paz&quot;&gt;\n\n\n        &lt;meta name=&quot;description&quot; content=&quot;Aprovechá nuestras ofertas en Crema Corporal Nivea Aloe Vera 5 En 1 Piel Normal a Seca x 125 ml, Nivea y muchas marcas más en Cuidado Corporal con Farmacias General Paz. Comprá desde tu casa online!&quot;&gt;\n        &lt;meta itemprop=&quot;description&quot; content=&quot;Aprovechá nuestras ofertas en Crema Corporal Nivea Aloe Vera 5 En 1 Piel Normal a Seca x 125 ml, Nivea y muchas marcas más en Cuidado Corporal con Farmacias General Paz. Comprá desde tu casa online!&quot;&gt;\n        &lt;meta property=&quot;og:description&quot; content=&quot;Aprovechá nuestras ofertas en Crema Corporal Nivea Aloe Vera 5 En 1 Piel Normal a Seca x 125 ml, Nivea y muchas marcas más en Cuidado Corporal con Farmacias General Paz. Comprá desde tu casa online!&quot;&gt;\n\n    &lt;link rel=&quot;author&quot; href=&quot;https://www.farmaciageneralpaz.com&quot;&gt;\n\n    &lt;meta property=&quot;og:locale&quot; content=&quot;es&quot;&gt;\n    &lt;meta property=&quot;og:type&quot; content=&quot;website&quot;&gt;\n    &lt;meta property=&quot;og:site_name&quot; content=&quot;Farmacias General Paz&quot;&gt;\n    &lt;meta property=&quot;og:url&quot; content=&quot;https://www.farmaciageneralpaz.com/shop/product/crema-corporal-nivea-aloe-vera-5-en-1-piel-normal-a-seca-x-125-ml-WS1174008&quot;&gt;\n\n    \n\n    \n\n    \n\n    \n    \n\n    &lt;link rel=&quot;icon&quot; type=&quot;image/png&quot; href=&quot;https://cdn.batitienda.com/baticloud/images/favicon_f0c307b96e4d42899daa6fab56658309_637006236275577080_0_t.jpg&quot; sizes=&quot;16x16&quot;&gt;\n    &lt;!-- reuse same icon for Safari --&gt;\n    &lt;link rel=&quot;apple-touch-icon&quot; sizes=&quot;72x72&quot; href=&quot;https://cdn.batitienda.com/baticloud/images/favicon_f0c307b96e4d42899daa6fab56658309_637006236275577080_0_m.jpg&quot;&gt;\n    &lt;link rel=&quot;apple-touch-icon&quot; sizes=&quot;144x144&quot; href=&quot;https://cdn.batitienda.com/baticloud/images/favicon_f0c307b96e4d42899daa6fab56658309_637006236275577080_0_m.jpg&quot;&gt;\n\n        &lt;meta property=&quot;og:image&quot; content=&quot;https://cdn.batitienda.com/baticloud/images/product_picture_052b1a8c4537498b87e99f5afe037bf2_638181219219574205_0_m.png&quot;&gt;\n        &lt;meta itemprop=&quot;image&quot; content=&quot;https://cdn.batitienda.com/baticloud/images/product_picture_052b1a8c4537498b87e99f5afe037bf2_638181219219574205_0_m.png&quot;&gt;\n\n   \n    \n    &lt;link rel=&quot;dns-prefetch&quot; href=&quot;//fonts.gstatic.com&quot;&gt;\n    &lt;link rel=&quot;dns-prefetch&quot; href=&quot;//cdn.batitienda.com&quot;&gt;\n    \n    \n    \n    \n    \n    &lt;link rel=&quot;stylesheet&quot; href=&quot;/content/styles/critical?v=g0hyRvW3oO2ue4uvIjk1d-fz8DXWF4mvZUUrsmQnW8c1&quot; type=&quot;text/css&quot;&gt; \n    &lt;link rel=&quot;stylesheet&quot; href=&quot;/content/styles/important?v=4yK8BJT30gpS3JN5HJ7ZohBUH0a8zMrFFbmjRwLezlI1&quot; type=&quot;text/css&quot;&gt;\n    &lt;link rel=&quot;stylesheet&quot; href=&quot;/Custom/css/custom-belizehole.css?v=v1.0&quot; type=&quot;text/css&quot;&gt;\n    &lt;link rel=&quot;stylesheet&quot; href=&quot;/Custom/css/custom-post.css?v=v1.0&quot; type=&quot;text/css&quot;&gt;\n    \n    &lt;link rel=&quot;stylesheet&quot; href=&quot;/content/fonts/deferred?v=7kHJPoOPypk1fvYBt_-E9k_h1_bFQUX0ql1jAhN2bxI1&quot; type=&quot;text/css&quot; as=&quot;style&quot; media=&quot;all&quot; onload=&quot;if (media != \'all\')media = \'all\'&quot;&gt;\n        \n    \n        &lt;link rel=&quot;stylesheet&quot; href=&quot;/content/styles/plugin/layout_Sliders?v=CWV5hpQzWJ8mYuI9AV5e4B2e1FevKJczQt1JIA8rkpI1&quot; type=&quot;text/css&quot; as=&quot;style&quot; media=&quot;all&quot; onload=&quot;if (media != \'all\')media = \'all\'&quot;&gt;\n    \n        &lt;link rel=&quot;stylesheet&quot; href=&quot;/Content/js2/plugins/fancybox/fancybox.css&quot; type=&quot;text/css&quot; as=&quot;style&quot; media=&quot;all&quot; onload=&quot;if (media != \'all\')media = \'all\'&quot;&gt;\n    \n    &lt;link rel=&quot;stylesheet&quot; href=&quot;/fonts/line-awesome-1.3.0/css/line-awesome.min.css&quot; type=&quot;text/css&quot; as=&quot;style&quot; media=&quot;all&quot; onload=&quot;if (media != \'all\')media = \'all\'&quot;&gt;\n    &lt;link rel=&quot;stylesheet&quot; href=&quot;https://maxst.icons8.com/vue-static/landings/line-awesome/font-awesome-line-awesome/css/all.min.css&quot; type=&quot;text/css&quot; as=&quot;style&quot; media=&quot;all&quot; onload=&quot;if (media != \'all\')media = \'all\'&quot;&gt;\n    &lt;link href=&quot;https://fonts.googleapis.com/css2?family=Roboto:ital,wght@0,300;0,400;0,700;1,300;1,400;1,700&amp;amp;display=swap&quot; rel=&quot;stylesheet&quot; type=&quot;text/css&quot; as=&quot;style&quot; media=&quot;all&quot; onload=&quot;if (media != \'all\')media = \'all\'&quot;&gt;\n\n    \n\n    \n\n\n    \n    &lt;script type=&quot;text/javascript&quot; async=&quot;&quot; src=&quot;https://widgets-api.embluemail.com/library/2.12.3&quot;&gt;&lt;/script&gt;&lt;script type=&quot;text/javascript&quot; async=&quot;&quot; src=&quot;https://www.googletagmanager.com/gtag/js?id=G-7FXF32ENWK&amp;amp;l=dataLayer&amp;amp;cx=c&quot;&gt;&lt;/script&gt;&lt;script type=&quot;text/javascript&quot; async=&quot;&quot; src=&quot;https://www.googletagmanager.com/gtag/js?id=G-HNCYQD4R26&amp;amp;l=dataLayer&amp;amp;cx=c&quot;&gt;&lt;/script&gt;&lt;script async=&quot;&quot; src=&quot;https://widgets-static.embluemail.com/accounts/9375F9AD30C84348/scripts/sw_937.js?ts=20231027T195434&quot;&gt;&lt;/script&gt;&lt;script type=&quot;text/javascript&quot; async=&quot;&quot; src=&quot;https://www.gstatic.com/recaptcha/releases/vm_YDiq1BiI3a8zfbIPZjtF2/recaptcha__es.js&quot; crossorigin=&quot;anonymous&quot; integrity=&quot;sha384-HyoAa7dVDwFQc/s3sdiJos2xzZleKaELjSHX9RiOwyHNLXzTQGGWZKdnSa8HL/1F&quot;&gt;&lt;/script&gt;&lt;script src=&quot;https://connect.facebook.net/signals/config/2839562683014023?v=2.9.136&amp;amp;r=stable&amp;amp;domain=www.farmaciageneralpaz.com&quot; async=&quot;&quot;&gt;&lt;/script&gt;&lt;script async=&quot;&quot; src=&quot;https://connect.facebook.net/es_LA/fbevents.js&quot;&gt;&lt;/script&gt;&lt;script src=&quot;/scripts/critical?v=jGt4vSFSVi40prPkiVHeRHmEFrQZXBDxE02TPhk_vdo1&quot;&gt;&lt;/script&gt;\n    \n    &lt;script defer=&quot;&quot; src=&quot;/scripts/plugins/critical?v=j_DMk1y-iahhexf6lLL5aKIOFiY_-HB8XX_oBG8uNvg1&quot;&gt;&lt;/script&gt;\n    \n    \n    &lt;script src=&quot;/scripts/skynet?v=zwyJ8l478BGNzm-57HcX9wj04v8xzzvQwWK53sYq7EQ1&quot;&gt;&lt;/script&gt;\n    \n        &lt;script defer=&quot;&quot; src=&quot;/scripts/plugins/sliders?v=DAxONL2H5l-EFrkRD98isTGGvVQJ2QUSRvg6sWZN5L41&quot;&gt;&lt;/script&gt;\n        \n        &lt;script src=&quot;/Content/js2/plugins/fancybox/fancybox.umd.js&quot;&gt;&lt;/script&gt;\n        &lt;script src=&quot;/scripts/plugins/validation?v=5CUH8b-_pmTPV_4Rbcu3rN0CZRyaeJ91JpiIzY0k86w1&quot;&gt;&lt;/script&gt;\n    \n    \n    \n    &lt;script src=&quot;/scripts/init?v=UUX_50gLnFsn6YyjFGPgr5wwsYvwY2iuvt5CUcJo5TA1&quot;&gt;&lt;/script&gt;\n\n\n&lt;link href=&quot;https://fonts.googleapis.com/css2?family=Roboto:ital,wght@0,300;0,400;0,700;1,300;1,400;1,700&amp;amp;display=swap&quot; rel=&quot;stylesheet&quot;&gt;\n&lt;meta name=&quot;google-site-verification&quot; content=&quot;HQ4g23iTF4lHkV_9ZNAJntOMPS_8m9vFLdnrQxeVm6Y&quot;&gt;\n&lt;meta name=&quot;facebook-domain-verification&quot; content=&quot;k94eoub5wxdmltq8bcwou9rouxbpvr&quot;&gt;&lt;style&gt;body:not(.kl-store-page){ \n    background-color: #FFFFFF;\n  }\n\n.site-header.style2 .kl-header-toptext &gt; a.phone2 i:before{\n    content: &quot;\\f232&quot;;\n  font-family: \'Line Awesome Brands\';\n}\n.shipping-pickup a {\n  display: block;\n}\n.click-to-chat-container .click-to-chat-box .click-to-chat-title{\n  font-size:17px;\n}\nhtml,body,h1,h2,h3,h4,h5,h6,span,div,a,b,\nstrong,input,button,select,textarea,small,pre,\n.main-nav ul li a,.main-nav&gt;ul&gt;li&gt;a,.tbk__title{\n  font-family: \'Roboto\', sans-serif;\n}\n\n\n.discount-circle.range-1 {background: #2950a3;}\n.discount-circle.range-2 {background: #2950a3;}\n.discount-circle.range-3 {background: #2950a3;}\n.discount-circle.range-4 {background: #2950a3;}\n.discount-circle.range-5 {background: #2950a3;}\n.discount_on_second .promotion_label-short, \n.discount_on_quantity .promotion_label-short,\n.get_x_pay_y .promotion_label-short,\n.get_x_pay_y.get_3 .promotion_label-short {\n  background: #2950a3;\n    color:white;\n}\n#my-signin2{\n  border-color:#ea4335;\n}\n\n/*********** PRE-HEADER styles - start **********************************/\n.pre-header{background: #4775ca;color:#fff;padding:0;line-height:normal;}\n.pre-header span{font-size:13px;padding:5px;background:none;}\n@media(max-width:1199px){.pre-header .slick-track{display:flex;justify-content:center;align-items:center;}}\n/*********** PRE-HEADER styles - end ************************************/\n\n.tbk__title {\n  font-size: 35px;\n  color: #0179BE;\n  line-height: 35pt;\n  font-style: normal;\n  font-weight: 700;\n  text-align: left;\n}\n@media (max-width:768px)\n{\n.tbk__title {font-size: 25px}\n}\n\n.tbk__title.custom-html{\n  color: #000;\n  line-height: 45pt;\n  font-style: normal;\n  font-weight: 600; \n  display:inline-block;\n  text-align: left;\n}\n.show-more{\n  font-size: 17px;\n  color: #1e41b1;\n  display:inline-block;\n    margin-left:20px;\n}\n@media (max-width:767px){\n .tbk__title.custom-html{\n         font-size: 30px;\n         line-height: 35pt;\n       margin-bottom: 0;\n }\n  .show-more{\n      display:block;\n      margin: -5px 0 10px 0;\n  }\n}\n\n\n\n\n\n.sectionContainer.grid-5 .flex-center .col-md-offset-1{\n  margin-left:20px;\n}\n.sectionContainer.grid-5 .flex-center .col-md-offset-1:last-child{\n  margin-right:20px;\n}\n@media (max-width:768px)\n{\n.sectionContainer.grid-5 .flex-center .col-md-offset-1 {\n      margin:0 !important;\n}\n}\n\n\n.sectionContainer.boxed-1 .hg_section{\n    background: #f5f5f5;\n  width: 1220px;\n  margin: 20px auto;\n  border-radius: 20px;\n}\n.sectionContainer.boxed-1 {\n  padding:20px 0px;\n}\n.sectionContainer.boxed-1.bg-1 {\n  background:#ffffff;\n}\n.sectionContainer.boxed-1.bg-transparent {\n  background:transparent;\n}\n.sectionContainer.featured-products-style-2 .featured-products_title{\n  position:absolute;\n    display:flex;\n    flex-direction:column;\n    justify-content:center;\n    height:350px;\n    z-index:1;\n}\n.sectionContainer.featured-products-style-2 .featured-products_title h3{\n  font-size:45px;\n    font-weight:600;\n    line-height:1.1;\n    width: 340px;\n  margin-bottom:20px;\n    display:block;\n    color:#000;\n}\n.sectionContainer.featured-products-style-2 .featured-products_title a{\n  font-size:16px;\n    font-weight:400;\n    color:#202781;\n    display:block;\n}\n.sectionContainer.featured-products-style-2 .shop-latest{\n  width: 800px;\n  margin: 0 0 0 auto;\n}\n@media (max-width:1199px){\n.sectionContainer.boxed-1 .hg_section{\n    width:auto;\n  border-radius:0;\n}\n.sectionContainer.featured-products-style-2 .featured-products_title{\n        position:static;\n        height:auto;\n         margin-bottom:20px;\n}\n.sectionContainer.featured-products-style-2 .shop-latest{\n        width:100%;\n}\n}\n@media (min-width:1200px){\n  .sectionContainer.featured-products-style-2 .shop-latest .shop-latest-carousel .slick-slide{\n      margin:0 10px;\n    }\n    .sectionContainer.featured-products-style-2 .shop-latest-carousel .slick-list{\n        min-height:465px;\n      height:auto;\n      max-height: 500px\n    }\n}\n.slick-slider .slick-track, .slick-slider .slick-list{\n  display: flex;\n  align-items: center;\n}\n\n.main-nav&gt;ul&gt;li&gt;a {\n  line-height: 1.4;\n  font-size: 13px;\n  font-weight: 400;\n  padding: 6px 8px;\n}\n@media screen and (min-width: 992px){\n.main-nav .hg_mega_container li a.zn_mega_title, \n.main-nav div.hg_mega_container ul li:last-child&gt;a.zn_mega_title {\n  font-size: 13px;\n  padding-left: 0;\n  padding-right: 0;\n  border-bottom-width: 1px;\n  border-bottom-style: solid;\n  padding: 7px 0;\n  margin-bottom: 5px;\n  font-weight: 400;\n  text-transform: uppercase;\n  border-bottom-color: rgba(0,0,0,.1);\n}\n}\n@media (min-width:1200px){\n  .sectionContainer.slider-no-blur .slick-slide img,\n  .sectionContainer.slider-no-blur .img-container-link img{\n        object-fit: none;\n    }\n}\n\n.site-header.style2 .header-search .inputbox{\n  font-weight:300;\n\n}\n\n.shipping-pickup a {\n  display: block;\n}\n/*******************************/\n/*Footer width fix             */\n/*******************************/\n.footer-item-text{\nwidth:auto;\n}\n.footer-flex.justify-left{\n    justify-content: space-between;\n}\n.footer-item-text:first-child{\n  display:none;\n}\n\n/*Start GRID-5 Style           */\n/*******************************/\n.sectionContainer.grid-5 .flex-center .col-md-offset-1{\n  margin-left:20px;\n}\n.sectionContainer.grid-5 .flex-center .col-md-offset-1:last-child{\n  margin-right:20px;\n}\n/*.sectionContainer.grid-8 .flex-center .col-sm-12{\n   margin:0 0 10px 0;\n    padding:0;\n}*/\n.sectionContainer.grid-2 .flex-center .col-md-6{\n  width: 340px;\n}\n@media (max-width:768px)\n{\n    .sectionContainer.grid-2 .flex-center .col-md-6{\n      width: 100%;\n  }\n .sectionContainer.grid-5 .flex-center{\n          display: flex;\n          flex-wrap: wrap;\n  }\n    .sectionContainer.grid-5 .flex-center .col-md-offset-1 {\n          margin:0 0 0 10px !important;\n          width: calc(50% - 15px);\n    }\n.sectionContainer.grid-5 .flex-center .col-md-offset-1:last-child {\n          margin:0 10px 0 10px !important;\n          width: calc(100% - 15px);\n    }\n    .sectionContainer.grid-5 .flex-center .img-container-link img{\n         margin-bottom:5px !important;\n  }\n    .sectionContainer.grid-5 .flex-center{\n          display: flex;\n          flex-wrap: wrap;\n  }\n    .sectionContainer.grid-6 .flex-center &gt; div {\n        margin:0 10px 0 10px !important;\n        width: calc(100% - 15px);\n    }\n    .sectionContainer.grid-8 .flex-center{\n        display: flex;\n        flex-wrap: wrap;\n  }\n    .sectionContainer.grid-8 .flex-center &gt; div {\n      margin:0 0 0 15px !important;\n      width: calc(50% - 23px);\n    }\n    .sectionContainer.grid-8 .flex-center .col-sm-12{\n        margin:0;\n      padding:0;\n    }\n}\n\n/*******************************/\n/*End GRID-5 Style             */\n\n.main-nav&gt;ul&gt;li&gt;a{\n\ttext-transform:uppercase;\n}\n\n/*Dermocosmética*/\n.main-nav&gt;ul&gt;li:nth-child(2)&gt;a{\n  padding-left:28px;\n}\n.main-nav&gt;ul&gt;li:nth-child(2)&gt;a:before{\n  position: absolute;\n  margin: 0;\n  font-family: \'Font Awesome 5 Free\';\n  -moz-osx-font-smoothing: grayscale;\n  -webkit-font-smoothing: antialiased;\n  display: block;\n  font-style: normal;\n  font-variant: normal;\n  text-rendering: auto;\n  line-height: 1;\n  font-size: 22px;\n  background: none !important;\n  opacity: 1;\n  height: auto;\n  width: auto;\n  z-index: 5;\n  transform: none;\n  top: 6px;\n  left:3px;\n  bottom:auto;\n  margin:0 !important;\n  content: &quot;\\f004&quot;;\n}\n.main-nav&gt;ul&gt;li:nth-child(2)&gt;a,\n.main-nav&gt;ul&gt;li:nth-child(2)&gt;a:hover,\n.main-nav&gt;ul&gt;li:nth-child(2)&gt;a:focus,\n.main-nav&gt;ul&gt;li:nth-child(2)&gt;a:active,\n.main-nav&gt;ul&gt;li:nth-child(2):hover&gt;a{\n  color: #fcabbe !important;\n  font-weight:600;\n}\n.main-nav&gt;ul&gt;li:nth-child(2)&gt;a:before,\n.main-nav&gt;ul&gt;li:nth-child(2)&gt;a:hover:before,\n.main-nav&gt;ul&gt;li:nth-child(2)&gt;a:focus:before,\n.main-nav&gt;ul&gt;li:nth-child(2)&gt;a:active:before{\n    background: none !important;\n}\n/*.main-nav ul li:nth-child(2):hover&gt;.hg_mega_container,\n.main-nav ul li:nth-child(2):hover&gt;.hg_mega_container li a.zn_mega_title{\n\tbackground-color: #fcabbe !important;\n}*/\n/*call-to-action nav button*/\n.main-nav&gt;ul&gt;li:last-child{\n    padding-bottom:5px;\n}\n.main-nav&gt;ul&gt;li:last-child&gt;a:before{\n  position: absolute;\n  margin: 0;\n  font-family: \'Font Awesome 5 Free\';\n  -moz-osx-font-smoothing: grayscale;\n  -webkit-font-smoothing: antialiased;\n  display: block;\n  font-style: normal;\n  font-variant: normal;\n  text-rendering: auto;\n  line-height: 1;\n  font-size: 22px;\n  background: none !important;\n  opacity: 1;\n  height: auto;\n  width: auto;\n  z-index: 5;\n  transform: none;\n  bottom:auto;\n  top: 7px;\n    left:5px;\n    margin:0 !important;\n  content: &quot;\\f1e2&quot;;\n}\n\n.main-nav&gt;ul&gt;li:last-child &gt;a,\n.main-nav&gt;ul&gt;li:last-child &gt;a:hover,\n.main-nav&gt;ul&gt;li:last-child:hover &gt;a{\n  color: #ffffff !important;\n    font-weight:600;\n  text-transform: uppercase;\n  background: #FF0000;\n  border-radius: 6px;\n  border: 1px solid #FF0000;\n  padding-left: 30px;\n  padding-bottom: 7px !important;\n}\n\n/* search icon nav bar*/\n.site-header.style2 .header-search .inputbox{\n  font-size:14px;\n    font-weight:300;\n    color:#333 !important;\n}\n.site-header.style2 .header-search .inputbox:before{\n  font-family: \'Font Awesome 5 Free\';\n  position: absolute;\n  -moz-osx-font-smoothing: grayscale;\n  -webkit-font-smoothing: antialiased;\n  font-style: normal;\n  font-variant: normal;\n  text-rendering: auto;\n  height: auto;\n  width: auto;\n  transform: none;\n  line-height: 1;\n  font-size: 22px;\n  content: &quot;\\f002&quot;;\n}\n.site-header.style2 .header-search .searchsubmit{\n  color:#ddd;\n}\n\n/*colores de las cucardas - inicio*/\n.promotion_label.dis_10 .promotion_label-short,\n.promotion_label.dis_10 .promotion_label-long,\n.promotion_label.dis_15 .promotion_label-short,\n.promotion_label.dis_15 .promotion_label-long,\n.discount-circle.range-1  {\n  color:#ffffff;\n  background: #2950a3;\n}\n.promotion_label.dis_20 .promotion_label-short,\n.promotion_label.dis_20 .promotion_label-long,\n.promotion_label.dis_25 .promotion_label-short,\n.promotion_label.dis_25 .promotion_label-long,\n.discount-circle.range-2 {\n  color:#ffffff;\n  background: #2950a3;\n}\n.promotion_label.dis_30 .promotion_label-short,\n.promotion_label.dis_30 .promotion_label-long,\n.promotion_label.dis_35 .promotion_label-short,\n.promotion_label.dis_35 .promotion_label-long,\n.discount-circle.range-3 {\n  color:#ffffff;\n  background: #2950a3;\n}\n.promotion_label.dis_40 .promotion_label-short,\n.promotion_label.dis_40 .promotion_label-long,\n.promotion_label.dis_45 .promotion_label-short,\n.promotion_label.dis_45 .promotion_label-long,\n.discount-circle.range-4 {\n  color:#ffffff;\n  background: #2950a3;\n}\n.promotion_label.dis_50 .promotion_label-short,\n.promotion_label.dis_50 .promotion_label-long,\n.discount-circle.range-5 {\n  color:#ffffff;\n  background: #2950a3;\n}\n.promotion_label.get_x_pay_y.get_2 .promotion_label-short,\n.promotion_label.get_x_pay_y.get_2 .promotion_label-long {\n  color:#ffffff;\n  background: #2950a3;\n}\n.promotion_label.get_x_pay_y.get_3 .promotion_label-short,\n.promotion_label.get_x_pay_y.get_3 .promotion_label-long {\n  color:#ffffff;\n  background: #2950a3;\n}\n/*colores de las cucardas - fin*/\n\n/* NEWSLETTER FOOTER */\n.form-newsletter-section_container.horizontal{\n  padding:40px 0;\n  border-top: 2px solid #f2f2f2;\n  background: #ffffff;\n}\n.form-newsletter-section_container.horizontal h2.tbk__title{\n  font-size:30px;\n    font-weight:500;\n    max-width:400px;\n    line-height:30px;\n    text-align:left !important;\n  color: #757575!important; \n}\n.form-newsletter-section_container .form-newsletter-section__form .form-newsletter-section__btn-submit,\n.form-newsletter-section_container .form-newsletter-section__form .form-newsletter-section__btn-submit:active,\n.form-newsletter-section_container .form-newsletter-section__form .form-newsletter-section__btn-submit:hover,\n.form-newsletter-section_container .form-newsletter-section__form .form-newsletter-section__btn-submit:visited{\n  background:#2f4c6f;\n    border-color:#2f4c6f;\n  margin-left: 10px;\n  border-radius: 8px;\n}\n.form-newsletter-section__input-name, \n.form-newsletter-section__input-email {\n  margin-left: 10px;\n  border-radius: 8px;\n    font-weight: normal;\n}\n@media (max-width: 768px){\n  .form-newsletter-section_container .form-newsletter-section__form .form-newsletter-section__btn-submit,\n  .form-newsletter-section_container .form-newsletter-section__form .form-newsletter-section__btn-submit:active,\n  .form-newsletter-section_container .form-newsletter-section__form .form-newsletter-section__btn-submit:hover,\n  .form-newsletter-section_container .form-newsletter-section__form .form-newsletter-section__btn-submit:visited{\n      margin-left: 0;\n  }\n  .form-newsletter-section__input-name, \n  .form-newsletter-section__input-email {\n      margin-left: 0;\n  }\n}\n/* END NEWSLETTER FOOTER */\n.delivery-options .delivery-options_list #paymentType_b21bdfa6-1dc8-4495-b9ee-adc101286fd3.delivery-options_row .payment-card_title h4 {\n    visibility: hidden !important;\n}\n.delivery-options .delivery-options_list #paymentType_b21bdfa6-1dc8-4495-b9ee-adc101286fd3.delivery-options_row .payment-card_title h4:before {\n    visibility: visible;\n    width: 120%;\n    content: &quot;Tarjetas de Crédito y Débito&quot;;\n}\n.delivery-options .delivery-options_list #paymentType_b160a027-9081-4a62-97bf-ad430084c9a3.delivery-options_row .payment-card_title h4{\n    background-image: url(https://www.farmaciageneralpaz.com/Custom/images/mercado_credito.png);\n    background-size: 130px;\n    background-repeat: no-repeat;\n    background-position: 110px;\n}\n&lt;/style&gt;\n\n    &lt;style&gt;\n        \n        .site-header {\n            position: relative\n        }\n        \n        #zn-res-menu.zn-menu-visible  ul.hg_mega_container\n        {\n            overflow-y: scroll !important;\n        }\n        \n        img.lazyload:not([src]) {\n            visibility: hidden; \n            /*background-image: url(\'data:image/gif;base64,R0lGODlhAQABAIAAAAAAAP///yH5BAEAAAAALAAAAAABAAEAAAIBRAA7\');*/\n        }\n        \n                    \n    &lt;/style&gt;\n    \n    \n&lt;meta http-equiv=&quot;origin-trial&quot; content=&quot;AymqwRC7u88Y4JPvfIF2F37QKylC04248hLCdJAsh8xgOfe/dVJPV3XS3wLFca1ZMVOtnBfVjaCMTVudWM//5g4AAAB7eyJvcmlnaW4iOiJodHRwczovL3d3dy5nb29nbGV0YWdtYW5hZ2VyLmNvbTo0NDMiLCJmZWF0dXJlIjoiUHJpdmFjeVNhbmRib3hBZHNBUElzIiwiZXhwaXJ5IjoxNjk1MTY3OTk5LCJpc1RoaXJkUGFydHkiOnRydWV9&quot;&gt;&lt;meta http-equiv=&quot;origin-trial&quot; content=&quot;AymqwRC7u88Y4JPvfIF2F37QKylC04248hLCdJAsh8xgOfe/dVJPV3XS3wLFca1ZMVOtnBfVjaCMTVudWM//5g4AAAB7eyJvcmlnaW4iOiJodHRwczovL3d3dy5nb29nbGV0YWdtYW5hZ2VyLmNvbTo0NDMiLCJmZWF0dXJlIjoiUHJpdmFjeVNhbmRib3hBZHNBUElzIiwiZXhwaXJ5IjoxNjk1MTY3OTk5LCJpc1RoaXJkUGFydHkiOnRydWV9&quot;&gt;&lt;style type=&quot;text/css&quot;&gt;@font-face{font-family:onsite;src:url(\'data:application/octet-stream;base64,AAEAAAAPAIAAAwBwR1NVQiCLJXoAAAD8AAAAVE9TLzI+KUp7AAABUAAAAGBjbWFwuqoYmQAAAbAAAAKmY3Z0IAAAAAAAABuAAAAADmZwZ21iLvl6AAAbkAAADgxnYXNwAAAAEAAAG3gAAAAIZ2x5ZlqpgzsAAARYAAASnGhlYWQklJP0AAAW9AAAADZoaGVhCVsFvgAAFywAAAAkaG10eEa5/7QAABdQAAAATGxvY2Ejrie2AAAXnAAAAChtYXhwAWgPDgAAF8QAAAAgbmFtZc2dGRoAABfkAAACzXBvc3TSrjtkAAAatAAAAMRwcmVwfrY7tgAAKZwAAACcAAEAAAAKADAAPgACREZMVAAObGF0bgAaAAQAAAAAAAAAAQAAAAQAAAAAAAAAAQAAAAFsaWdhAAgAAAABAAAAAQAEAAQAAAABAAgAAQAGAAAAAQAAAAQDuAGQAAUAAAJ6ArwAAACMAnoCvAAAAeAAMQECAAACAAUDAAAAAAAAAAAAAAAAAAAAAAAAAAAAAFBmRWQAwOgE6FgDUv9qAFoDrACYAAAAAQAAAAAAAAAAAAAAAAACAAAABQAAAAMAAAAsAAAABAAAAb4AAQAAAAAAuAADAAEAAAAsAAMACgAAAb4ABACMAAAAFgAQAAMABugE6AroGegc6CDoIugm6CzoUuhY//8AAOgE6AroGegb6B/oIugm6CnoUuhV//8AAAAAAAAAAAAAAAAAAAAAAAAAAAABABYAFgAWABYAGAAaABoAGgAgACAAAAABAAIAAwAEAAUABgAHAAgACQAKAAsADAANAA4ADwAQABEAEgAAAQYAAAAAAAAAAAAAAAAAAAAAAAAAAAAAAAAAAAAAAAAAAAAAAAAAAAAAAAAAAAAAAAAAAAAAAAAAAAAAAAAAAAAAAAAAAAAAAAAAAAAAAAAAAAAAAAAAAAAAAAAAAAAAAAAAAAAAAAAAAAAAAAAAAAAAAAAAAAAAAAAAAAAAAAAAAAAAAAAAAAAAAAAAAAAAAAAAAAAAAAAAAAAAAAAAAAAAAAAAAAAAAAAAAAAAAAAAAAAAAAAAAAAAAAAAAAAAAAAAAAAAAAAAAAAAAAAAAAAAAAAAAAAAAAAAAAAAAAAAAAAAAAAAAAAAAAAAAAAAAAAAAAAAAAAAAAAAAAAAAAAAAAAADAAAAAAA6AAAAAAAAAASAADoBAAA6AQAAAABAADoCgAA6AoAAAACAADoGQAA6BkAAAADAADoGwAA6BsAAAAEAADoHAAA6BwAAAAFAADoHwAA6B8AAAAGAADoIAAA6CAAAAAHAADoIgAA6CIAAAAIAADoJgAA6CYAAAAJAADoKQAA6CkAAAAKAADoKgAA6CoAAAALAADoKwAA6CsAAAAMAADoLAAA6CwAAAANAADoUgAA6FIAAAAOAADoVQAA6FUAAAAPAADoVgAA6FYAAAAQAADoVwAA6FcAAAARAADoWAAA6FgAAAASAAAABP///2kEcANSABoALgA6AEYAd0B0IgEJBSoBBAgcAQABA0wACQUKBQkKgAAIBwQHCASACwEAAQCGAAIABQkCBWcACg0BBwgKB2cMAQYDAQZXAAQAAwEEA2cMAQYGAV8AAQYBTzEvGxsBAEJBPDs3NC86MTobLhssJiQeHRgWEQ4HBQAaARoOBhYrBSIuAT0BIyImJwM0Nz4BNyUyFhUTFAYHBQcGAxc3JTI2NQM0JgcFIgYVEx4BMzElISIGFBYzITI2NCY3IQ4BFBYXIT4BNCYBDREiFl8lNgEJGgwiEwOwJjUJNCb+Bt8UFQLpAhcFBgkGBfxPBQYJAQYEAiz+dg0SEg0Big0SEs39nAsPDwsCZAsPD5YOIBOFNCUCYiUaDg8BCjUm/Z8mNgEFuREBGcPEBQcFAmIFBwELBgX9ngQG9xIaEhIaEswCEhcSAgISFxIAAAX//v9pBaEDUwAkADIAQQBEAEcAQkA/R0VEOColBgIDRkMfDgQFBAJMAAAAAwIAA2cAAgAEBQIEaQAFAQEFVwAFBQFfAAEFAU8+OzY1MC0oJz8yBgYYKwEuASMhIgYHMQ4BFREUFQYXFhceATMhMjY3MTc2NzYnNDURNCYHAQYiJwE1NDYXITIWFQEXFjI/AQEHBiMhJicmJwEFESERJQV5EjEb+2wbMhMTFAIFCBsSMhsElhgtEgcaCQUCE0P9owwgDP2jHBQElBQa/IaxI1ojsgFuBA0S+2oTDQICAST+0ATy/tEDKhMVFRQUMhv9LAUECwsmHBQVEhAHGyULDAUFAtQbM4X+IgoKAd43FB0BHRP+MIwcHIz+3wUNAQ4CAwFY8AHf/iHwAAAAAAYAAP9pBHEDUwA+AEgAVQBkAGsAdgFfS7AJUFhAG2sBAgFoRAIMAmcBCwhFAQMLGQEGA2YBCQUGTBtLsApQWEAbawECAWhEAgwCZwELCEUBAwsZAQcDZgEJBQZMG0AbawECAWhEAgwCZwELCEUBAwsZAQYDZgEJBQZMWVlLsAlQWEBAAAECAYUAAgAMAAIMZwAAAA4NAA5nAA0ACAsNCGkPAQsKBwIDBgsDZwAGAAUJBgVpAAkEBAlZAAkJBGEABAkEURtLsApQWEBHAAECAYUAAwsHCwMHgAACAAwAAgxnAAAADg0ADmcADQAICw0IaQ8BCwoBBwYLB2cABgAFCQYFaQAJBAQJWQAJCQRhAAQJBFEbQEAAAQIBhQACAAwAAgxnAAAADg0ADmcADQAICw0IaQ8BCwoHAgMGCwNnAAYABQkGBWkACQQECVkACQkEYQAECQRRWVlAHFdWdHNybGFbVmRXZFVUT0wpESMjNycyIyIQBh8rATEmKwERNCYjIgcFFSEiDgEdARQeATsBFjMVFBcxFjsBMjY9ATMyNjQmKwE1MzY3BRY2NzY3ETMyNzE2PQE0BTU0PgE3ES4CARUUBisBIicxJj0BMzcrATQ1ETQ1MTYXMzIzEQERJREwMSUTFgcxBicjNTMWBwRcFBw9Ew4JB/5G/vFDcEJCcUIOAwQYGSIzIjEMCw8PCwwhCQgBrAwYBgMBPRwUFPu+LlAxMVAuAYESDTMNCglyU/ICAQHyAQEBqv6LAXWBAQEBAj0/AQECARQBHA4TBMUEQnBDB0JwQgLWIhkYMSJxDxYPMAEDwQUJCwcHAR0UExx/HGQHMlU4Bv5vBjhV/vGLDRMJCg3VNAEBAYcBAQEB/nYBLv4wpwGLqP5SAgEBAYcBAgAAAAAB//MAAANvAlQADQAGswgDATIrEwkBNhcWBwEGJwEmNzY/AXIBdBYaGhr+dBYa/nQaGhgCOv6cAWQaGhYa/ngWFgGIGhYYAAABAAD/1wMfAuUACwAGswcBATIrJQcnByc3JzcXNxcHAx+c6uuc6uqc6+qc6nSd6+ud6uqd6+ud6gAAAAAB//QAAANsAlQADAAGswcDATIrJQkBBiY3ATYXARYHBgMk/oz+jhowGAGMGhYBjBgYGoIBZv6aFi4aAYYaGv56GhgWAAH//QAAAp8CwAATABVAEgkBAEoBAQAAdgEAABMBEgIGFiszIi8BJj4BFh8BAT4BFx4BBwEGI/kiFrQQCCw6EnYBKBA2GhgMDv6iFCQc7Bg4JAgYmgHaGAwOEDYa/dAgAAH//f+xA18DCwAMABFADgABAAGFAAAAdhUTAgYYKwEUDgEiLgI+ATIeAQNZcsboyG4Gerz0un4BXnXEdHTE6sR0dMQAAQAAAAADpQKYABUAHUAaDwEAAQFMAAIBAoUAAQABhQAAAHYUFxQDBhkrARQHAQYiJwEmND8BNjIfAQE2Mh8BFgOlEP4gECwQ/uoPD0wQLBCkAW4QLBBMEAIWFhD+IA8PARYQLBBMEBClAW8QEEwPAAH/9P+iAd4DHAANAAazCQMBMisFFgcGJwEmNwE2FxYHAQHEGhoaFv54GBgBiBYaGhr+mhQaFhoaAYoYGgGKGhoWGv6MAAAAAAH/8/+iAd0DHAANAAazCwUBMisXCQEmNzYXARYHAQYnJg0BZv6aGhoaFgGIGBj+eBYaGhQBcgF0GhYaGv52Ghj+dhoaFgAAAAL/9f9+A9wDMgAdADQAJUAiMi4qJiIaCQMIAAEBTAABAAGFAgEAAHYBABMRAB0BHQMGFisFIi8BBwYnJj8BLwEmNj8CNjMyHwIeAQ8BFxYGAQ4BDwE3Nh8BJyY/AScmLwEHBg8BFxYC5RMU1dcsKCkKMlRjJSAy9GYWMi8YZfUwIia3Mgcu/jIBDAsUvhsZviwGFqHZHgtaWg0e2KEVdgx5eRgbHTLzS1ojXgca4S8v4RsEYCOm8iM6AVYEQDRcaw4Oa9UdFJQXBBrHxxoEF5QTAAAAAf/8/7oDaQL9ABoAEUAOFhALAwBJAAAAdhMBBhcrATY3NjIfAQUeAQ8BExYGLwEGBwYmNxMnJjY3ASlFLQYkBXIBEg8MDMw3AxoO8JBgDxoCOMwMDA8B8phkDw/8HgMeDLv+8g8UCIhRNwkWDgEOuwseBAADAAD/bQPbA1IAIgBCAIIATUBKfSwrKg0FAgQPAQECAkwOAQFJAAQDAgMEAoAFAQAAAwQAA2kGAQIBAQJZBgECAgFhAAECAVEkIwEASEY5OCNCJEIXFQAiASIHBhYrASIHBgcGFRQXFhcWHwEDJRcWFxYXFjMyNz4BNzYmJy4BJyYDIicmJyYvAQc3JyYnJicmNTQ3Njc2MhcWFxYUBwYHBgE2NzY7ARcWHwEWFxYPAQYUFxYXFhcWFxYXFjc2PwI+ARcWHwEWHQEWBwYHDgEnJicmJy4BJyYnJjUmNzY3NgH0hXFuQUILCBAKDQtSAQoSFholJTAuYlpYhyUnASclh1daYistJCMZFxGaMQwPDBIKDDc2XGDdX102ODg2XV/+2gQDCQQnBgYEKQMBAQYgAgQIDxUWGBwaEgsHBAYlAwQKBgsrLwUBAwQRFkoXKidCKDBGEQ0EAwIDAwkMA1JCQW5xhS0yKCkdGxX+/1YJCwkNCAkmJYZYWsVaV4YlJvyFCwgQCg0LMpQTGRsnJzEubl9cNzg3Nlxg4GBcNzcCagMCBQMEBl4IBgkIJgMJBg8UHBMVEg8GAwMCCCsDAwEEBBUYBAYEEgwXExYWCAoRGyYuVSIeGQ4QCBIVEhYAAAAE//7/aAPqA1UARQCGAJ4AtwBAQD2rKQIEAwFMAAQDBQMEBYAABQIDBQJ+AAAAAwQAA2kAAgEBAlkAAgIBYQABAgFRp6abmmJhTkw7OCAfBgYWKyUvASYnJgYHBgcOAScmJyYnNSYnJjQ/ATY3NiYnJicuAQcGDwEGBw4BFzEUFhUWFxYXFhcWFxYXFhczMjc2PwI+AicmBwYHBgcGJzEmJyYnJicmLwEmJyY3Nj8BNjc2NxYfAhYUBwYPAg4BFxYXFhcWFxYXFjY/AjY3NhYfARYXFhQTLgInJg4BFhcxFx4BFxYXHgE3MjYnJiUWFx4BFx4BOwE+ATUxNCcmJy4BJyYOARYDYSJMDREcPBUSKAIGAi4nPzEWEAQEFB0OGwIcOT0bSx0MFhoVCBISAQICBRc0IyxXcldkQkcIMCYRDwoNHBoLAwVGGDIJChYYNzRyYHpUCxMLHQ8PBwUREyASCxARC08hCwsdDhUGDAYGEBksNz9QDQ4KEwcgJgQFCRcHGDwfDIEjdJZUDRcFDw0gT4UvPBECEwwPEwMK/kAkIDZJCgISDAMNEQICBBiIWw0VBhBwI0sNCQ0MFxEoAwECFyIzQQIcIAUDAxQdDxxOGzs7GwMZChYaFQwXOB0DDAMVFWFWPDduUT8oHAEdDhEJDhweJRMnSRoyBwULAgIVLUxhgxEkEzU7LjAXERMhEQwCAQ1QIAkeCR0NFQUKHw4oIz4zPygHAwIHCCAlBQMIAgkYOyEJHwIOUH5TDgIOGhYDBxNbQlRlDBABFg4+agYQG2E8Cw8CEw0GAw0NWXsPAg4bFwACAAD/cAOnA0wAIgA7AC5AKzonJSMEAgEBTCIBAgBJAAECAYUAAgAAAlcAAgIAYQAAAgBRNzQvLBQDBhcrBTU0JiMuAScmJyYnJjc+ATc+ATc2FhceARcWBgcGBwYHBgcBMREnBzU0Jy4BIyEiBhcVFBY3ITI2JzUXAfsBA1SaO0weCgMEBAUoIi+IT02aQ05nEAsLFSE8WHYtMAEBAWwCBR0S/ucXIQEiGAESGCIBH5CYAwIBQTtHZCAhJyc5ai5CVg8QHCkuk1k7dzhaSmxKHRkBlAEsA25ACgkSFyMX2hgiASIYQh4ABgAAAAAGEwH5ABAAHQAsADsAUgCAAPlLsAlQWEAWcm0CBQBPAQMFY1Y/AwEDA0xEAQUBSxtLsApQWEAWcm0CBwBPAQMFY1Y/AwEDA0xEAQUBSxtAFnJtAgUATwEDBWNWPwMBAwNMRAEFAUtZWUuwCVBYQCIKCQQDAAwHAgUDAAVpAAMBAQNXAAMDAWELCAYNAgUBAwFRG0uwClBYQCkABwAFAAcFgAoJBAMADAEFAwAFaQADAQEDVwADAwFhCwgGDQIFAQMBURtAIgoJBAMADAcCBQMABWkAAwEBA1cAAwMBYQsIBg0CBQEDAVFZWUAfPjx+fXd1dHNxb2dlX15aWE5MSUdDQTxSPlIWMg4GGCsBLgEjMSIOAh4CPgMmBw4BLgI+AhYXFhQlLgEOAh4CNjc+ATQmBw4BLgI+AhYXHgEUBgU7ATUuASsBNzU0JiMhFR4BFzMHFR4BJRYdAR4BOwE1ND4BMh4BHQEeATsBNS4CBgcuAQciByYjETMyNj0BND4BMhYXApgYPiEoRTAPFTNJTkMsChlLEzQ0Jw4OJzQ0Ex0BdCFWV0EXF0FXViEYGhpIEzQ0Jw4OJzQ0Ew4QEPykEvwCHRSoyh0V/vIBHRSpygEdBJUIAh0UEREfJCARAh4VEAEvTlEcFDYdKSIaIhEVHRIeJB4KAcIYGSM+TUw6HgUnQk1KoxMODic0MycODhMeU6EgFxdBV1dBFxcgGD5EPqcTDg4nNDMnDg4TDiUpJWwRFBvLERUdERQdAcoRFBzqEBOXFBzKEh8TEiASmhUbyCpEHRMfFhgBFxf+sB0VmBIfEREPAAMAAP96A6oDQwAcAFcAdADmQBxaAQILDAEGAW8TAgQHYQUCBQQbAQMJaAENAAZMS7AMUFhASQAHCAQIBwSAAAQFBQRwDwEKAAIBCgJpAAsAAQYLAWkABgAIBwYIaQAFAAkDBQlqDgEADQwAWQADAA0MAw1pDgEAAAxhAAwADFEbQEoABwgECAcEgAAEBQgEBX4PAQoAAgEKAmkACwABBgsBaQAGAAgHBghpAAUACQMFCWoOAQANDABZAAMADQwDDWkOAQAADGEADAAMUVlAJ1lYAQBraWdlXVtYdFl0VVNHRUE/OjgnJSEfGhgPDQsJABwBHBAGFisFMjY3NCc2NTQmIyIHJiMiBgcUFwYVFBcWMzI3FgE0NhcyFxYXFjMyNjc0LgIvASYjJicuATc0NjMyFxYVFAYHIiYvASYjIgYVFBcWFxYXFhUUBiciJyYTMhc2MzIAFRQHFhUUBiMiJwYjIgA1NDcmNTQ3NgJ5UnYBFQfJkR8dMjtUdAEdCGdlkREvKv7IHBYkDwUQFzgnOAEIHAoVGBQDNCgiMAFuUlg0LB4UDhQEDRdCITJpCkNLGQxyWII1FiVEOhwPuwEIBRKzfj4zExu8/vYEGFhaH3xULTEnJZXRByF6VDswJSKTa2kGGQEVFBwBKwUgHyAgDhQMCAUGBgsSDjorRUQpKSYUHgEMBhU2HBUsEQISGy0aJUtQAVAjAmscA/7uvRQtNDV/uBUDARG+Gh03RH9aXQAAAQAAAAEAAJ6TSOtfDzz1AA8D6AAAAADftagpAAAAAN+1qCn/8/9oBhMDVQAAAAgAAgAAAAAAAAABAAADUv9qAAAGTf/z//MGEwABAAAAAAAAAAAAAAAAAAAAEwPoAAAEcP//BaD//gRwAAADYv/zAzEAAANg//QCm//9A1n//QPoAAAB0f/0AdH/8wPQ//UDZf/8A9gAAAPp//4D6QAABk0AAAOqAAAAAAAAAKoBQAKSArYC1AL2AyYDSAOAA6QDyAQyBGwFXAaOBwIINglOAAEAAAATALgABgAAAAAAAgAgAEgAjQAAAKEODAAAAAAAAAASAN4AAQAAAAAAAAA1AAAAAQAAAAAAAQAIADUAAQAAAAAAAgAHAD0AAQAAAAAAAwAIAEQAAQAAAAAABAAIAEwAAQAAAAAABQALAFQAAQAAAAAABgAIAF8AAQAAAAAACgArAGcAAQAAAAAACwATAJIAAwABBAkAAABqAKUAAwABBAkAAQAQAQ8AAwABBAkAAgAOAR8AAwABBAkAAwAQAS0AAwABBAkABAAQAT0AAwABBAkABQAWAU0AAwABBAkABgAQAWMAAwABBAkACgBWAXMAAwABBAkACwAmAclDb3B5cmlnaHQgKEMpIDIwMjIgYnkgb3JpZ2luYWwgYXV0aG9ycyBAIGZvbnRlbGxvLmNvbWZvbnRlbGxvUmVndWxhcmZvbnRlbGxvZm9udGVsbG9WZXJzaW9uIDEuMGZvbnRlbGxvR2VuZXJhdGVkIGJ5IHN2ZzJ0dGYgZnJvbSBGb250ZWxsbyBwcm9qZWN0Lmh0dHA6Ly9mb250ZWxsby5jb20AQwBvAHAAeQByAGkAZwBoAHQAIAAoAEMAKQAgADIAMAAyADIAIABiAHkAIABvAHIAaQBnAGkAbgBhAGwAIABhAHUAdABoAG8AcgBzACAAQAAgAGYAbwBuAHQAZQBsAGwAbwAuAGMAbwBtAGYAbwBuAHQAZQBsAGwAbwBSAGUAZwB1AGwAYQByAGYAbwBuAHQAZQBsAGwAbwBmAG8AbgB0AGUAbABsAG8AVgBlAHIAcwBpAG8AbgAgADEALgAwAGYAbwBuAHQAZQBsAGwAbwBHAGUAbgBlAHIAYQB0AGUAZAAgAGIAeQAgAHMAdgBnADIAdAB0AGYAIABmAHIAbwBtACAARgBvAG4AdABlAGwAbABvACAAcAByAG8AagBlAGMAdAAuAGgAdAB0AHAAOgAvAC8AZgBvAG4AdABlAGwAbABvAC4AYwBvAG0AAAAAAgAAAAAAAAAKAAAAAAAAAAAAAAAAAAAAAAAAAAAAAAATAQIBAwEEAQUBBgEHAQgBCQEKAQsBDAENAQ4BDwEQAREBEgETARQAB21lc3NhZ2UJc3Vic2NyaWJlBXByb21vBGRvd24GY2FuY2VsAnVwBWNoZWNrBmNpcmNsZQpjaGVjay13aWRlBGxlZnQFcmlnaHQEc3RhcgtzdGFyLWZpbGxlZAh3aGF0c2FwcARjYWxsBG1lZXQEem9vbQVza3lwZQAAAAEAAf//AA8AAAAAAAAAAAAAAAAAAAAAsAAsILAAVVhFWSAgS7gADlFLsAZTWliwNBuwKFlgZiCKVViwAiVhuQgACABjYyNiGyEhsABZsABDI0SyAAEAQ2BCLbABLLAgYGYtsAIsIyEjIS2wAywgZLMDFBUAQkOwE0MgYGBCsQIUQ0KxJQNDsAJDVHggsAwjsAJDQ2FksARQeLICAgJDYEKwIWUcIbACQ0OyDhUBQhwgsAJDI0KyEwETQ2BCI7AAUFhlWbIWAQJDYEItsAQssAMrsBVDWCMhIyGwFkNDI7AAUFhlWRsgZCCwwFCwBCZasigBDUNFY0WwBkVYIbADJVlSW1ghIyEbilggsFBQWCGwQFkbILA4UFghsDhZWSCxAQ1DRWNFYWSwKFBYIbEBDUNFY0UgsDBQWCGwMFkbILDAUFggZiCKimEgsApQWGAbILAgUFghsApgGyCwNlBYIbA2YBtgWVlZG7ACJbAMQ2OwAFJYsABLsApQWCGwDEMbS7AeUFghsB5LYbgQAGOwDENjuAUAYllZZGFZsAErWVkjsABQWGVZWSBksBZDI0JZLbAFLCBFILAEJWFkILAHQ1BYsAcjQrAII0IbISFZsAFgLbAGLCMhIyGwAysgZLEHYkIgsAgjQrAGRVgbsQENQ0VjsQENQ7AAYEVjsAUqISCwCEMgiiCKsAErsTAFJbAEJlFYYFAbYVJZWCNZIVkgsEBTWLABKxshsEBZI7AAUFhlWS2wByywCUMrsgACAENgQi2wCCywCSNCIyCwACNCYbACYmawAWOwAWCwByotsAksICBFILAOQ2O4BABiILAAUFiwQGBZZrABY2BEsAFgLbAKLLIJDgBDRUIqIbIAAQBDYEItsAsssABDI0SyAAEAQ2BCLbAMLCAgRSCwASsjsABDsAQlYCBFiiNhIGQgsCBQWCGwABuwMFBYsCAbsEBZWSOwAFBYZVmwAyUjYUREsAFgLbANLCAgRSCwASsjsABDsAQlYCBFiiNhIGSwJFBYsAAbsEBZI7AAUFhlWbADJSNhRESwAWAtsA4sILAAI0KzDQwAA0VQWCEbIyFZKiEtsA8ssQICRbBkYUQtsBAssAFgICCwD0NKsABQWCCwDyNCWbAQQ0qwAFJYILAQI0JZLbARLCCwEGJmsAFjILgEAGOKI2GwEUNgIIpgILARI0IjLbASLEtUWLEEZERZJLANZSN4LbATLEtRWEtTWLEEZERZGyFZJLATZSN4LbAULLEAEkNVWLESEkOwAWFCsBErWbAAQ7ACJUKxDwIlQrEQAiVCsAEWIyCwAyVQWLEBAENgsAQlQoqKIIojYbAQKiEjsAFhIIojYbAQKiEbsQEAQ2CwAiVCsAIlYbAQKiFZsA9DR7AQQ0dgsAJiILAAUFiwQGBZZrABYyCwDkNjuAQAYiCwAFBYsEBgWWawAWNgsQAAEyNEsAFDsAA+sgEBAUNgQi2wFSwAsQACRVRYsBIjQiBFsA4jQrANI7AAYEIgYLcYGAEAEQATAEJCQopgILAUI0KwAWGxFAgrsIsrGyJZLbAWLLEAFSstsBcssQEVKy2wGCyxAhUrLbAZLLEDFSstsBossQQVKy2wGyyxBRUrLbAcLLEGFSstsB0ssQcVKy2wHiyxCBUrLbAfLLEJFSstsCssIyCwEGJmsAFjsAZgS1RYIyAusAFdGyEhWS2wLCwjILAQYmawAWOwFmBLVFgjIC6wAXEbISFZLbAtLCMgsBBiZrABY7AmYEtUWCMgLrABchshIVktsCAsALAPK7EAAkVUWLASI0IgRbAOI0KwDSOwAGBCIGCwAWG1GBgBABEAQkKKYLEUCCuwiysbIlktsCEssQAgKy2wIiyxASArLbAjLLECICstsCQssQMgKy2wJSyxBCArLbAmLLEFICstsCcssQYgKy2wKCyxByArLbApLLEIICstsCossQkgKy2wLiwgPLABYC2wLywgYLAYYCBDI7ABYEOwAiVhsAFgsC4qIS2wMCywLyuwLyotsDEsICBHICCwDkNjuAQAYiCwAFBYsEBgWWawAWNgI2E4IyCKVVggRyAgsA5DY7gEAGIgsABQWLBAYFlmsAFjYCNhOBshWS2wMiwAsQACRVRYsQ4GRUKwARawMSqxBQEVRVgwWRsiWS2wMywAsA8rsQACRVRYsQ4GRUKwARawMSqxBQEVRVgwWRsiWS2wNCwgNbABYC2wNSwAsQ4GRUKwAUVjuAQAYiCwAFBYsEBgWWawAWOwASuwDkNjuAQAYiCwAFBYsEBgWWawAWOwASuwABa0AAAAAABEPiM4sTQBFSohLbA2LCA8IEcgsA5DY7gEAGIgsABQWLBAYFlmsAFjYLAAQ2E4LbA3LC4XPC2wOCwgPCBHILAOQ2O4BABiILAAUFiwQGBZZrABY2CwAENhsAFDYzgtsDkssQIAFiUgLiBHsAAjQrACJUmKikcjRyNhIFhiGyFZsAEjQrI4AQEVFCotsDossAAWsBcjQrAEJbAEJUcjRyNhsQwAQrALQytlii4jICA8ijgtsDsssAAWsBcjQrAEJbAEJSAuRyNHI2EgsAYjQrEMAEKwC0MrILBgUFggsEBRWLMEIAUgG7MEJgUaWUJCIyCwCkMgiiNHI0cjYSNGYLAGQ7ACYiCwAFBYsEBgWWawAWNgILABKyCKimEgsARDYGQjsAVDYWRQWLAEQ2EbsAVDYFmwAyWwAmIgsABQWLBAYFlmsAFjYSMgILAEJiNGYTgbI7AKQ0awAiWwCkNHI0cjYWAgsAZDsAJiILAAUFiwQGBZZrABY2AjILABKyOwBkNgsAErsAUlYbAFJbACYiCwAFBYsEBgWWawAWOwBCZhILAEJWBkI7ADJWBkUFghGyMhWSMgILAEJiNGYThZLbA8LLAAFrAXI0IgICCwBSYgLkcjRyNhIzw4LbA9LLAAFrAXI0IgsAojQiAgIEYjR7ABKyNhOC2wPiywABawFyNCsAMlsAIlRyNHI2GwAFRYLiA8IyEbsAIlsAIlRyNHI2EgsAUlsAQlRyNHI2GwBiWwBSVJsAIlYbkIAAgAY2MjIFhiGyFZY7gEAGIgsABQWLBAYFlmsAFjYCMuIyAgPIo4IyFZLbA/LLAAFrAXI0IgsApDIC5HI0cjYSBgsCBgZrACYiCwAFBYsEBgWWawAWMjICA8ijgtsEAsIyAuRrACJUawF0NYUBtSWVggPFkusTABFCstsEEsIyAuRrACJUawF0NYUhtQWVggPFkusTABFCstsEIsIyAuRrACJUawF0NYUBtSWVggPFkjIC5GsAIlRrAXQ1hSG1BZWCA8WS6xMAEUKy2wQyywOisjIC5GsAIlRrAXQ1hQG1JZWCA8WS6xMAEUKy2wRCywOyuKICA8sAYjQoo4IyAuRrACJUawF0NYUBtSWVggPFkusTABFCuwBkMusDArLbBFLLAAFrAEJbAEJiAgIEYjR2GwDCNCLkcjRyNhsAtDKyMgPCAuIzixMAEUKy2wRiyxCgQlQrAAFrAEJbAEJSAuRyNHI2EgsAYjQrEMAEKwC0MrILBgUFggsEBRWLMEIAUgG7MEJgUaWUJCIyBHsAZDsAJiILAAUFiwQGBZZrABY2AgsAErIIqKYSCwBENgZCOwBUNhZFBYsARDYRuwBUNgWbADJbACYiCwAFBYsEBgWWawAWNhsAIlRmE4IyA8IzgbISAgRiNHsAErI2E4IVmxMAEUKy2wRyyxADorLrEwARQrLbBILLEAOyshIyAgPLAGI0IjOLEwARQrsAZDLrAwKy2wSSywABUgR7AAI0KyAAEBFRQTLrA2Ki2wSiywABUgR7AAI0KyAAEBFRQTLrA2Ki2wSyyxAAEUE7A3Ki2wTCywOSotsE0ssAAWRSMgLiBGiiNhOLEwARQrLbBOLLAKI0KwTSstsE8ssgAARistsFAssgABRistsFEssgEARistsFIssgEBRistsFMssgAARystsFQssgABRystsFUssgEARystsFYssgEBRystsFcsswAAAEMrLbBYLLMAAQBDKy2wWSyzAQAAQystsFosswEBAEMrLbBbLLMAAAFDKy2wXCyzAAEBQystsF0sswEAAUMrLbBeLLMBAQFDKy2wXyyyAABFKy2wYCyyAAFFKy2wYSyyAQBFKy2wYiyyAQFFKy2wYyyyAABIKy2wZCyyAAFIKy2wZSyyAQBIKy2wZiyyAQFIKy2wZyyzAAAARCstsGgsswABAEQrLbBpLLMBAABEKy2waiyzAQEARCstsGssswAAAUQrLbBsLLMAAQFEKy2wbSyzAQABRCstsG4sswEBAUQrLbBvLLEAPCsusTABFCstsHAssQA8K7BAKy2wcSyxADwrsEErLbByLLAAFrEAPCuwQistsHMssQE8K7BAKy2wdCyxATwrsEErLbB1LLAAFrEBPCuwQistsHYssQA9Ky6xMAEUKy2wdyyxAD0rsEArLbB4LLEAPSuwQSstsHkssQA9K7BCKy2weiyxAT0rsEArLbB7LLEBPSuwQSstsHwssQE9K7BCKy2wfSyxAD4rLrEwARQrLbB+LLEAPiuwQCstsH8ssQA+K7BBKy2wgCyxAD4rsEIrLbCBLLEBPiuwQCstsIIssQE+K7BBKy2wgyyxAT4rsEIrLbCELLEAPysusTABFCstsIUssQA/K7BAKy2whiyxAD8rsEErLbCHLLEAPyuwQistsIgssQE/K7BAKy2wiSyxAT8rsEErLbCKLLEBPyuwQistsIsssgsAA0VQWLAGG7IEAgNFWCMhGyFZWUIrsAhlsAMkUHixBQEVRVgwWS0AS7gAyFJYsQEBjlmwAbkIAAgAY3CxAAdCsQAAKrEAB0KxAAoqsQAHQrEACiqxAAdCuQAAAAsqsQAHQrkAAAALKrkAAwAARLEkAYhRWLBAiFi5AAMAZESxKAGIUVi4CACIWLkAAwAARFkbsScBiFFYugiAAAEEQIhjVFi5AAMAAERZWVlZWbEADiq4Af+FsASNsQIARLMFZAYAREQ=\') format(\'truetype\');font-weight:400;font-style:normal}@-webkit-keyframes wsew-bounceInLeft{0%,100%,40%,65%,90%{-webkit-transition-timing-function:cubic-bezier(.215,.61,.355,1);transition-timing-function:cubic-bezier(.215,.61,.355,1)}0%{opacity:0;-webkit-transform:translate(-3000px,0);transform:translate(-3000px,0)}40%{opacity:1;-webkit-transform:translate(35px,0);transform:translate(35px,0)}65%{-webkit-transform:translate(-15px,0);transform:translate(-15px,0)}90%{-webkit-transform:translate(5px,0);transform:translate(5px,0)}100%{-webkit-transform:none;transform:none}}@keyframes wsew-bounceInLeft{0%,100%,40%,65%,90%{-webkit-transition-timing-function:cubic-bezier(.215,.61,.355,1);transition-timing-function:cubic-bezier(.215,.61,.355,1)}0%{opacity:0;-webkit-transform:translate(-3000px,0);transform:translate(-3000px,0)}40%{opacity:1;-webkit-transform:translate(35px,0);transform:translate(35px,0)}65%{-webkit-transform:translate(-15px,0);transform:translate(-15px,0)}90%{-webkit-transform:translate(5px,0);transform:translate(5px,0)}100%{-webkit-transform:none;transform:none}}@-webkit-keyframes wsew-bounceInRight{0%,100%,40%,65%,90%{-webkit-transition-timing-function:cubic-bezier(.215,.61,.355,1);transition-timing-function:cubic-bezier(.215,.61,.355,1)}0%{opacity:0;-webkit-transform:translate(3000px,0);transform:translate(3000px,0)}40%{opacity:1;-webkit-transform:translate(-35px,0);transform:translate(-35px,0)}65%{-webkit-transform:translate(15px,0);transform:translate(15px,0)}90%{-webkit-transform:translate(-5px,0);transform:translate(-5px,0)}100%{-webkit-transform:none;transform:none}}@keyframes wsew-bounceInRight{0%,100%,40%,65%,90%{-webkit-transition-timing-function:cubic-bezier(.215,.61,.355,1);transition-timing-function:cubic-bezier(.215,.61,.355,1)}0%{opacity:0;-webkit-transform:translate(3000px,0);transform:translate(3000px,0)}40%{opacity:1;-webkit-transform:translate(-35px,0);transform:translate(-35px,0)}65%{-webkit-transform:translate(15px,0);transform:translate(15px,0)}90%{-webkit-transform:translate(-5px,0);transform:translate(-5px,0)}100%{-webkit-transform:none;transform:none}}@-webkit-keyframes wsew-bounceInUp{0%,100%,40%,65%,90%{-webkit-transition-timing-function:cubic-bezier(.215,.61,.355,1);transition-timing-function:cubic-bezier(.215,.61,.355,1)}0%{opacity:0;-webkit-transform:translate(0,700px);transform:translate(0,700px)}40%{opacity:1;-webkit-transform:translate(0,-35px);transform:translate(0,-35px)}65%{-webkit-transform:translate(0,15px);transform:translate(0,15px)}90%{-webkit-transform:translate(0,-5px);transform:translate(0,-5px)}100%{-webkit-transform:none;transform:none}}@keyframes wsew-bounceInUp{0%,100%,40%,65%,90%{-webkit-transition-timing-function:cubic-bezier(.215,.61,.355,1);transition-timing-function:cubic-bezier(.215,.61,.355,1)}0%{opacity:0;-webkit-transform:translate(0,700px);transform:translate(0,700px)}40%{opacity:1;-webkit-transform:translate(0,-35px);transform:translate(0,-35px)}65%{-webkit-transform:translate(0,15px);transform:translate(0,15px)}90%{-webkit-transform:translate(0,-5px);transform:translate(0,-5px)}100%{-webkit-transform:none;transform:none}}@-webkit-keyframes wsew-bounceInDown{0%,100%,40%,65%,90%{-webkit-transition-timing-function:cubic-bezier(.215,.61,.355,1);transition-timing-function:cubic-bezier(.215,.61,.355,1)}0%{opacity:0;-webkit-transform:translate(0,-700px);transform:translate(0,-700px)}40%{opacity:1;-webkit-transform:translate(0,35px);transform:translate(0,35px)}65%{-webkit-transform:translate(0,-15px);transform:translate(0,-15px)}90%{-webkit-transform:translate(0,5px);transform:translate(0,5px)}100%{-webkit-transform:none;transform:none}}@keyframes wsew-bounceInDown{0%,100%,40%,65%,90%{-webkit-transition-timing-function:cubic-bezier(.215,.61,.355,1);transition-timing-function:cubic-bezier(.215,.61,.355,1)}0%{opacity:0;-webkit-transform:translate(0,-700px);transform:translate(0,-700px)}40%{opacity:1;-webkit-transform:translate(0,35px);transform:translate(0,35px)}65%{-webkit-transform:translate(0,-15px);transform:translate(0,-15px)}90%{-webkit-transform:translate(0,5px);transform:translate(0,5px)}100%{-webkit-transform:none;transform:none}}@-webkit-keyframes wsew-bounceOutLeft{20%{opacity:1;-webkit-transform:translate(20px,0);transform:translate(20px,0)}100%{opacity:0;-webkit-transform:translate(-2000px,0);transform:translate(-2000px,0)}}@keyframes wsew-bounceOutLeft{20%{opacity:1;-webkit-transform:translate(20px,0);transform:translate(20px,0)}100%{opacity:0;-webkit-transform:translate(-2000px,0);transform:translate(-2000px,0)}}@-webkit-keyframes wsew-bounceOutRight{20%{opacity:1;-webkit-transform:translate(-20px,0);transform:translate(-20px,0)}100%{opacity:0;-webkit-transform:translate(2000px,0);transform:translate(2000px,0)}}@keyframes wsew-bounceOutRight{20%{opacity:1;-webkit-transform:translate(-20px,0);transform:translate(-20px,0)}100%{opacity:0;-webkit-transform:translate(2000px,0);transform:translate(2000px,0)}}@-webkit-keyframes wsew-slideOutLeft{100%{-webkit-transform:translate(-100%,0);transform:translate(-100%,0)}}@keyframes wsew-slideOutLeft{100%{-webkit-transform:translate(-100%,0);transform:translate(-100%,0)}}@-webkit-keyframes wsew-slideOutRight{100%{-webkit-transform:translate(100%,0);transform:translate(100%,0)}}@keyframes wsew-slideOutRight{100%{-webkit-transform:translate(100%,0);transform:translate(100%,0)}}@-webkit-keyframes wsew-slideInLeft{0%{-webkit-transform:translate(-100%,0);transform:translate(-100%,0)}100%{-webkit-transform:none;transform:none}}@keyframes wsew-slideInLeft{0%{-webkit-transform:translate(-100%,0);transform:translate(-100%,0)}100%{-webkit-transform:none;transform:none}}@-webkit-keyframes wsew-slideInRight{0%{-webkit-transform:translate(100%,0);transform:translate(100%,0)}100%{-webkit-transform:none;transform:none}}@keyframes wsew-slideInRight{0%{-webkit-transform:translate(100%,0);transform:translate(100%,0)}100%{-webkit-transform:none;transform:none}}@-webkit-keyframes wsew-fadeIn{0%{opacity:0}100%{opacity:1}}@keyframes wsew-fadeIn{0%{opacity:0}100%{opacity:1}}@-webkit-keyframes wsew-fadeInLeft{0%{opacity:0;-webkit-transform:translate(-60%,0);transform:translate(-60%,0)}100%{opacity:1;-webkit-transform:none;transform:none}}@keyframes wsew-fadeInLeft{0%{opacity:0;-webkit-transform:translate(-60%,0);transform:translate(-60%,0)}100%{opacity:1;-webkit-transform:none;transform:none}}@-webkit-keyframes wsew-fadeInRight{0%{opacity:0;-webkit-transform:translate(60%,0);transform:translate(60%,0)}100%{opacity:1;-webkit-transform:none;transform:none}}@keyframes wsew-fadeInRight{0%{opacity:0;-webkit-transform:translate(60%,0);transform:translate(60%,0)}100%{opacity:1;-webkit-transform:none;transform:none}}@-webkit-keyframes wsew-fadeInUp{0%{opacity:0;-webkit-transform:translate(0,60%);transform:translate(0,60%)}100%{opacity:1;-webkit-transform:none;transform:none}}@keyframes wsew-fadeInUp{0%{opacity:0;-webkit-transform:translate(0,60%);transform:translate(0,60%)}100%{opacity:1;-webkit-transform:none;transform:none}}@-webkit-keyframes wsew-fadeInDown{0%{opacity:0;-webkit-transform:translate(0,-60%);transform:translate(0,-60%)}100%{opacity:1;-webkit-transform:none;transform:none}}@keyframes wsew-fadeInDown{0%{opacity:0;-webkit-transform:translate(0,-60%);transform:translate(0,-60%)}100%{opacity:1;-webkit-transform:none;transform:none}}@-webkit-keyframes wsew-fadeOut{0%{opacity:1}100%{opacity:0}}@keyframes wsew-fadeOut{0%{opacity:1}100%{opacity:0}}@-webkit-keyframes wsew-zoomIn{0%{opacity:0;-webkit-transform:scale(.3,.3);transform:scale(.3,.3)}50%{opacity:1}100%{-webkit-transform:none;transform:none}}@keyframes wsew-zoomIn{0%{opacity:0;-webkit-transform:scale(.3,.3);transform:scale(.3,.3)}50%{opacity:1}100%{-webkit-transform:none;transform:none}}@-webkit-keyframes wsew-zoomOut{0%{opacity:1}50%{opacity:0;-webkit-transform:scale(.3,.3);transform:scale(.3,.3)}100%{opacity:0}}@keyframes wsew-zoomOut{0%{opacity:1}50%{opacity:0;-webkit-transform:scale(.3,.3);transform:scale(.3,.3)}100%{opacity:0}}@-webkit-keyframes wsew-swing{0%{opacity:0}20%{-webkit-transform:rotate3d(0,0,1,15deg);transform:rotate3d(0,0,1,15deg)}40%{opacity:1;-webkit-transform:rotate3d(0,0,1,-10deg);transform:rotate3d(0,0,1,-10deg)}60%{-webkit-transform:rotate3d(0,0,1,5deg);transform:rotate3d(0,0,1,5deg)}80%{-webkit-transform:rotate3d(0,0,1,-5deg);transform:rotate3d(0,0,1,-5deg)}100%{-webkit-transform:rotate3d(0,0,1,0deg);transform:rotate3d(0,0,1,0deg)}}@keyframes wsew-swing{0%{opacity:0}20%{-webkit-transform:rotate3d(0,0,1,15deg);transform:rotate3d(0,0,1,15deg)}40%{opacity:1;-webkit-transform:rotate3d(0,0,1,-10deg);transform:rotate3d(0,0,1,-10deg)}60%{-webkit-transform:rotate3d(0,0,1,5deg);transform:rotate3d(0,0,1,5deg)}80%{-webkit-transform:rotate3d(0,0,1,-5deg);transform:rotate3d(0,0,1,-5deg)}100%{-webkit-transform:rotate3d(0,0,1,0deg);transform:rotate3d(0,0,1,0deg)}}@-webkit-keyframes wsew-bounceIn{0%{opacity:0;-webkit-transform:scale(.3,.3);transform:scale(.3,.3)}30%{-webkit-transform:scale(1.3,1.3);transform:scale(1.3,1.3)}55%{opacity:1;-webkit-transform:scale(.8,.8);transform:scale(.8,.8)}72%{-webkit-transform:scale(1.13,1.13);transform:scale(1.13,1.13)}87%{-webkit-transform:scale(.97,.97);transform:scale(.97,.97)}100%{-webkit-transform:none;transform:none}}@keyframes wsew-bounceIn{0%{opacity:0;-webkit-transform:scale(.3,.3);transform:scale(.3,.3)}30%{-webkit-transform:scale(1.3,1.3);transform:scale(1.3,1.3)}55%{opacity:1;-webkit-transform:scale(.8,.8);transform:scale(.8,.8)}72%{-webkit-transform:scale(1.13,1.13);transform:scale(1.13,1.13)}87%{-webkit-transform:scale(.97,.97);transform:scale(.97,.97)}100%{-webkit-transform:none;transform:none}}@-webkit-keyframes wsew-flipTy{0%{-webkit-transition-timing-function:ease-in;transition-timing-function:ease-in;-webkit-transform:rotateY(180deg) scale(.4,.4);transform:rotateY(180deg) scale(.4,.4)}100%{-webkit-transform:rotateY(0) scale(1,1);transform:rotateY(0) scale(1,1)}}@keyframes wsew-flipTy{0%{-webkit-transition-timing-function:ease-in;transition-timing-function:ease-in;-webkit-transform:rotateY(180deg) scale(.4,.4);transform:rotateY(180deg) scale(.4,.4)}100%{-webkit-transform:rotateY(0) scale(1,1);transform:rotateY(0) scale(1,1)}}@-webkit-keyframes wsew-flip{0%{-webkit-transform:rotateY(180deg);transform:rotateY(180deg)}100%{-webkit-transform:rotateY(0);transform:rotateY(0)}}@keyframes wsew-flip{0%{-webkit-transform:rotateY(180deg);transform:rotateY(180deg)}100%{-webkit-transform:rotateY(0);transform:rotateY(0)}}@-webkit-keyframes wsew-revealTouch{0%{margin-top:-200px}100%{margin-top:0}}@keyframes wsew-revealTouch{0%{margin-top:-200px}100%{margin-top:0}}@-webkit-keyframes wsew-typing{0%,100%,80%{opacity:0;-webkit-transform:scale(.8);transform:scale(.8)}40%{opacity:1;-webkit-transform:scale(1);transform:scale(1)}}@keyframes wsew-typing{0%,100%,80%{opacity:0;-webkit-transform:scale(.8);transform:scale(.8)}40%{opacity:1;-webkit-transform:scale(1);transform:scale(1)}}@-webkit-keyframes wsew-notify{0%{-webkit-transform:scale(.1,.1);transform:scale(.1,.1);opacity:.3}100%{opacity:1;-webkit-transform:none;transform:none}}@keyframes wsew-notify{0%{-webkit-transform:scale(.1,.1);transform:scale(.1,.1);opacity:.3}100%{opacity:1;-webkit-transform:none;transform:none}}@-webkit-keyframes wsew-highlight{100%{-webkit-transform:none;transform:none}0%,99%{-webkit-transform:translate(0,0);transform:translate(0,0)}20%{-webkit-transform:translate(-5px,0);transform:translate(-5px,0)}60%{-webkit-transform:translate(-2.5px,0);transform:translate(-2.5px,0)}40%{-webkit-transform:translate(5px,0);transform:translate(5px,0)}80%{-webkit-transform:translate(2.5px,0);transform:translate(2.5px,0)}}@keyframes wsew-highlight{100%{-webkit-transform:none;transform:none}0%,99%{-webkit-transform:translate(0,0);transform:translate(0,0)}20%{-webkit-transform:translate(-5px,0);transform:translate(-5px,0)}60%{-webkit-transform:translate(-2.5px,0);transform:translate(-2.5px,0)}40%{-webkit-transform:translate(5px,0);transform:translate(5px,0)}80%{-webkit-transform:translate(2.5px,0);transform:translate(2.5px,0)}}body.weydzwm{overflow:hidden!important}body.w-9k1rep{overflow:hidden!important}.w-hf3nnm{cursor:pointer}body.w-l5foyj:before{-webkit-transition:height 500ms cubic-bezier(.455,.03,.515,.955);transition:height 500ms cubic-bezier(.455,.03,.515,.955);content:\' \';display:block;visibility:hidden;height:0!important;padding:0;margin:0}.w-lzntdm.w-l5foyj:before{-webkit-transition:none!important;transition:none!important}body.w-l5foyj.w-ggkm9b:before{height:42px!important}body.w-l5foyj.w-8prvjy:before{-webkit-transition:none!important;transition:none!important}w-div{display:block;vertical-align:inherit}.w23nki9,.wv80eyr{-webkit-animation-name:wsew-highlight!important;animation-name:wsew-highlight!important;-webkit-animation-duration:600ms!important;animation-duration:600ms!important;-webkit-font-smoothing:subpixel-antialiased;-webkit-transform-origin:left;-ms-transform-origin:left;transform-origin:left}.wof392l{position:absolute;top:-9999px;width:50px;height:50px;overflow:scroll}.w-8prvjy *{-webkit-transition:none!important;transition:none!important}&lt;/style&gt;&lt;/head&gt;\n\n&lt;body class=&quot;\n              kl-store kl-page kl-store-page single-product product-details-page style-2\n              hasPageHeader\n              hasSpecialLinkHeader\n              hasLogoImage\n              _HEADER_STYLE_2&quot;&gt;\n\n\n\n    &lt;div class=&quot;pre-header slick-initialized slick-slider&quot;&gt;&lt;div class=&quot;slick-list draggable&quot;&gt;&lt;div class=&quot;slick-track&quot; style=&quot;opacity: 1; width: 5120px; transform: translate3d(-1024px, 0px, 0px);&quot;&gt;&lt;div class=&quot;slick-slide slick-cloned&quot; data-slick-index=&quot;-1&quot; aria-hidden=&quot;true&quot; style=&quot;width: 1024px;&quot; tabindex=&quot;-1&quot;&gt;&lt;div&gt;&lt;span style=&quot;width: 100%; display: inline-block;&quot;&gt;&lt;i class=&quot;fa fa-shipping-fast&quot;&gt;&lt;/i&gt; ENVÍOS A TODO EL PAÍS &lt;/span&gt;&lt;/div&gt;&lt;/div&gt;&lt;div class=&quot;slick-slide slick-current slick-active&quot; data-slick-index=&quot;0&quot; aria-hidden=&quot;false&quot; style=&quot;width: 1024px;&quot;&gt;&lt;div&gt;&lt;span style=&quot;width: 100%; display: inline-block;&quot;&gt;&lt;i class=&quot;fa fa-gift&quot;&gt;&lt;/i&gt;&lt;b&gt;SUMÁ PUNTOS&lt;/b&gt; CON TUS COMPRAS&lt;/span&gt;&lt;/div&gt;&lt;/div&gt;&lt;div class=&quot;slick-slide&quot; data-slick-index=&quot;1&quot; aria-hidden=&quot;true&quot; style=&quot;width: 1024px;&quot; tabindex=&quot;-1&quot;&gt;&lt;div&gt;&lt;span style=&quot;width: 100%; display: inline-block;&quot;&gt;&lt;i class=&quot;fa fa-shipping-fast&quot;&gt;&lt;/i&gt; ENVÍOS A TODO EL PAÍS &lt;/span&gt;&lt;/div&gt;&lt;/div&gt;&lt;div class=&quot;slick-slide slick-cloned&quot; data-slick-index=&quot;2&quot; aria-hidden=&quot;true&quot; style=&quot;width: 1024px;&quot; tabindex=&quot;-1&quot;&gt;&lt;div&gt;&lt;span style=&quot;width: 100%; display: inline-block;&quot;&gt;&lt;i class=&quot;fa fa-gift&quot;&gt;&lt;/i&gt;&lt;b&gt;SUMÁ PUNTOS&lt;/b&gt; CON TUS COMPRAS&lt;/span&gt;&lt;/div&gt;&lt;/div&gt;&lt;div class=&quot;slick-slide slick-cloned&quot; data-slick-index=&quot;3&quot; aria-hidden=&quot;true&quot; style=&quot;width: 1024px;&quot; tabindex=&quot;-1&quot;&gt;&lt;div&gt;&lt;span style=&quot;width: 100%; display: inline-block;&quot;&gt;&lt;i class=&quot;fa fa-shipping-fast&quot;&gt;&lt;/i&gt; ENVÍOS A TODO EL PAÍS &lt;/span&gt;&lt;/div&gt;&lt;/div&gt;&lt;/div&gt;&lt;/div&gt;&lt;/div&gt;\n\n\n\n\n\n    \n\n &lt;!--de aca --&gt;\n&lt;div id=&quot;loader-wrapper&quot; class=&quot;loaded&quot;&gt;\n    &lt;div id=&quot;loader&quot;&gt;&lt;/div&gt;\n    &lt;div class=&quot;loader-section section-left&quot;&gt;&lt;/div&gt;\n    &lt;div class=&quot;loader-section section-right&quot;&gt;&lt;/div&gt;\n&lt;/div&gt;\n&lt;!--aca --&gt;\n&lt;!--aca --&gt;\n\n\n    &lt;!-- Page Wrapper --&gt;\n    &lt;div id=&quot;page_wrapper&quot; class=&quot;zn_res_menu_visible&quot;&gt;&lt;ul id=&quot;zn-res-menu&quot; class=&quot;&quot;&gt;&lt;li class=&quot;zn_res_menu_go_back&quot;&gt;&lt;span class=&quot;zn_res_back_icon glyphicon glyphicon-chevron-left&quot;&gt;&lt;/span&gt;&lt;a href=&quot;#&quot;&gt;Back&lt;/a&gt;&lt;/li&gt;\n\n\n\n\n\n\n\n        &lt;li class=&quot;menu-item-has-children menu-item-mega-parent zn_res_has_submenu&quot;&gt;&lt;span class=&quot;zn_res_submenu_trigger glyphicon glyphicon-chevron-right&quot;&gt;&lt;/span&gt;\n\n                &lt;a&gt;\n                    Categorías\n                &lt;/a&gt;\n                    &lt;ul class=&quot;hg_mega_container container clearfix&quot;&gt;&lt;li class=&quot;zn_res_menu_go_back&quot;&gt;&lt;span class=&quot;zn_res_back_icon glyphicon glyphicon-chevron-left&quot;&gt;&lt;/span&gt;&lt;a href=&quot;#&quot;&gt;Back&lt;/a&gt;&lt;/li&gt;\n                        \n                            &lt;li class=&quot;menu-item-has-childern col-sm-3 cleft&quot;&gt;\n                                \n                                    &lt;a href=&quot;/shop/dermocosmetica-PC1155&quot; class=&quot;zn_mega_title&quot;&gt;\n                                        DERMOCOSMÉTICA\n                                    &lt;/a&gt;\n                            &lt;/li&gt;\n                            &lt;li class=&quot;menu-item-has-childern col-sm-3 cleft&quot;&gt;\n                                \n                                    &lt;a href=&quot;https://www.farmaciageneralpaz.com/shop?s=%23colagenos&quot; class=&quot;zn_mega_title&quot;&gt;\n                                        COLÁGENOS\n                                    &lt;/a&gt;\n                            &lt;/li&gt;\n                            &lt;li class=&quot;menu-item-has-childern col-sm-3 &quot;&gt;\n                                \n                                    &lt;a href=&quot;/shop/perfumes-PC1156&quot; class=&quot;zn_mega_title&quot;&gt;\n                                        PERFUMES\n                                    &lt;/a&gt;\n                            &lt;/li&gt;\n                            &lt;li class=&quot;menu-item-has-childern col-sm-3 &quot;&gt;\n                                \n                                    &lt;a href=&quot;/shop/maquillajes&quot; class=&quot;zn_mega_title&quot;&gt;\n                                        MAQUILLAJE\n                                    &lt;/a&gt;\n                            &lt;/li&gt;\n                            &lt;li class=&quot;menu-item-has-childern col-sm-3 &quot;&gt;\n                                \n                                        &lt;a href=&quot;/shop/cuidado-personal-PC8877&quot; class=&quot;zn_mega_title&quot;&gt;CUIDADO PERSONAL&lt;/a&gt;\n                            &lt;/li&gt;\n                            &lt;li class=&quot;menu-item-has-childern col-sm-3 &quot;&gt;\n                                \n                                    &lt;a href=&quot;https://www.farmaciageneralpaz.com/shop?s=%23botiquin&quot; class=&quot;zn_mega_title&quot;&gt;\n                                        BOTIQUIN\n                                    &lt;/a&gt;\n                            &lt;/li&gt;\n                            &lt;li class=&quot;menu-item-has-childern col-sm-3 cleft&quot;&gt;\n                                \n                                        &lt;a href=&quot;/shop/maternidad-y-bebes&quot; class=&quot;zn_mega_title&quot;&gt;MATERNIDAD Y BEBÉ&lt;/a&gt;\n                            &lt;/li&gt;\n                            &lt;li class=&quot;menu-item-has-childern col-sm-3 &quot;&gt;\n                                \n                                    &lt;a href=&quot;/shop/deportes-y-fitness&quot; class=&quot;zn_mega_title&quot;&gt;\n                                        DEPORTES Y FITNESS\n                                    &lt;/a&gt;\n                            &lt;/li&gt;\n                            &lt;li class=&quot;menu-item-has-childern col-sm-3 &quot;&gt;\n                                \n                                    &lt;a href=&quot;/shop/suplemento-nutricionales&quot; class=&quot;zn_mega_title&quot;&gt;\n                                        SUPLEMENTOS NUTRICIONALES\n                                    &lt;/a&gt;\n                            &lt;/li&gt;\n                            &lt;li class=&quot;menu-item-has-childern col-sm-3 &quot;&gt;\n                                \n                                    &lt;a href=&quot;/shop/electro-belleza-PC1191&quot; class=&quot;zn_mega_title&quot;&gt;\n                                        ELECTRO BELLEZA\n                                    &lt;/a&gt;\n                            &lt;/li&gt;\n                            &lt;li class=&quot;menu-item-has-childern col-sm-3 cleft&quot;&gt;\n                                \n                                    &lt;a href=&quot;/shop/electro-salud-PC1154&quot; class=&quot;zn_mega_title&quot;&gt;\n                                        ELECTRO SALUD\n                                    &lt;/a&gt;\n                            &lt;/li&gt;\n                            &lt;li class=&quot;menu-item-has-childern col-sm-3 &quot;&gt;\n                                \n                                    &lt;a href=&quot;/shop/hogar&quot; class=&quot;zn_mega_title&quot;&gt;\n                                        HOGAR\n                                    &lt;/a&gt;\n                            &lt;/li&gt;\n                            &lt;li class=&quot;menu-item-has-childern col-sm-3 &quot;&gt;\n                                \n                                        &lt;a href=&quot;/shop/tecnologia-PC22742&quot; class=&quot;zn_mega_title&quot;&gt;TECNOLOGÍA&lt;/a&gt;\n                            &lt;/li&gt;\n                    &lt;/ul&gt;\n\n        &lt;/li&gt;\n        &lt;li class=&quot;menu-item-has-children menu-item-mega-parent zn_res_has_submenu&quot;&gt;&lt;span class=&quot;zn_res_submenu_trigger glyphicon glyphicon-chevron-right&quot;&gt;&lt;/span&gt;\n\n                &lt;a&gt;\n                    Dermocosmética\n                &lt;/a&gt;\n                    &lt;ul class=&quot;hg_mega_container container clearfix&quot;&gt;&lt;li class=&quot;zn_res_menu_go_back&quot;&gt;&lt;span class=&quot;zn_res_back_icon glyphicon glyphicon-chevron-left&quot;&gt;&lt;/span&gt;&lt;a href=&quot;#&quot;&gt;Back&lt;/a&gt;&lt;/li&gt;\n                        \n                            &lt;li class=&quot;menu-item-has-childern col-sm-3 &quot;&gt;\n                                \n                                        &lt;a href=&quot;/shop/dermocosmetica-PC1155&quot; class=&quot;zn_mega_title&quot;&gt;Ver Todo&lt;/a&gt;\n                            &lt;/li&gt;\n                            &lt;li class=&quot;menu-item-has-childern col-sm-3 cleft&quot;&gt;\n                                \n                                        &lt;a href=&quot;/shop/dermocosmetica-facial-PC8865&quot; class=&quot;zn_mega_title&quot;&gt;Dermo Facial&lt;/a&gt;\n                            &lt;/li&gt;\n                            &lt;li class=&quot;menu-item-has-childern col-sm-3 &quot;&gt;\n                                \n                                        &lt;a href=&quot;/shop/dermocosmetica-corporal-PC8866&quot; class=&quot;zn_mega_title&quot;&gt;Dermo Corporal&lt;/a&gt;\n                            &lt;/li&gt;\n                            &lt;li class=&quot;menu-item-has-childern col-sm-3 &quot;&gt;\n                                \n                                        &lt;a href=&quot;/shop/dermocosmetica-capilar-PC8867&quot; class=&quot;zn_mega_title&quot;&gt;Dermo Capilar&lt;/a&gt;\n                            &lt;/li&gt;\n                            &lt;li class=&quot;menu-item-has-childern col-sm-3 cleft&quot;&gt;\n                                \n                                    &lt;a href=&quot;https://www.farmaciageneralpaz.com/shop?s=solar&quot; class=&quot;zn_mega_title&quot;&gt;\n                                        Solares\n                                    &lt;/a&gt;\n                            &lt;/li&gt;\n                            &lt;li class=&quot;menu-item-has-childern col-sm-3 &quot;&gt;\n                                \n                                    &lt;a href=&quot;https://www.farmaciageneralpaz.com/p/agenda-dermo&quot; class=&quot;zn_mega_title&quot;&gt;\n                                        Dermo days\n                                    &lt;/a&gt;\n                            &lt;/li&gt;\n                    &lt;/ul&gt;\n\n        &lt;/li&gt;\n        &lt;li class=&quot;menu-item-has-children menu-item-mega-parent zn_res_has_submenu&quot;&gt;&lt;span class=&quot;zn_res_submenu_trigger glyphicon glyphicon-chevron-right&quot;&gt;&lt;/span&gt;\n\n                &lt;a&gt;\n                    Cuidado personal\n                &lt;/a&gt;\n                    &lt;ul class=&quot;hg_mega_container container clearfix&quot;&gt;&lt;li class=&quot;zn_res_menu_go_back&quot;&gt;&lt;span class=&quot;zn_res_back_icon glyphicon glyphicon-chevron-left&quot;&gt;&lt;/span&gt;&lt;a href=&quot;#&quot;&gt;Back&lt;/a&gt;&lt;/li&gt;\n                        \n                            &lt;li class=&quot;menu-item-has-childern col-sm-3 cleft&quot;&gt;\n                                \n                                        &lt;a href=&quot;/shop/cuidado-facial-PC1708&quot; class=&quot;zn_mega_title&quot;&gt;Cuidado Facial&lt;/a&gt;\n                            &lt;/li&gt;\n                            &lt;li class=&quot;menu-item-has-childern col-sm-3 &quot;&gt;\n                                \n                                        &lt;a href=&quot;/shop/cuidado-corporal-PC1419&quot; class=&quot;zn_mega_title&quot;&gt;Cuidado Corporal&lt;/a&gt;\n                            &lt;/li&gt;\n                            &lt;li class=&quot;menu-item-has-childern col-sm-3 &quot;&gt;\n                                \n                                        &lt;a href=&quot;/shop/cuidado-capilar-PC2384&quot; class=&quot;zn_mega_title&quot;&gt;Cuidado Capilar&lt;/a&gt;\n                            &lt;/li&gt;\n                            &lt;li class=&quot;menu-item-has-childern col-sm-3 &quot;&gt;\n                                \n                                        &lt;a href=&quot;/shop/cuidado-oral-PC1181&quot; class=&quot;zn_mega_title&quot;&gt;Cuidado Oral&lt;/a&gt;\n                            &lt;/li&gt;\n                            &lt;li class=&quot;menu-item-has-childern col-sm-3 cleft&quot;&gt;\n                                \n                                        &lt;a href=&quot;/shop/cuidado-ocular-PC2136&quot; class=&quot;zn_mega_title&quot;&gt;Cuidado Ocular&lt;/a&gt;\n                            &lt;/li&gt;\n                            &lt;li class=&quot;menu-item-has-childern col-sm-3 &quot;&gt;\n                                \n                                        &lt;a href=&quot;/shop/cuidado-sexual-PC2137&quot; class=&quot;zn_mega_title&quot;&gt;Cuidado Sexual&lt;/a&gt;\n                            &lt;/li&gt;\n                            &lt;li class=&quot;menu-item-has-childern col-sm-3 &quot;&gt;\n                                \n                                        &lt;a href=&quot;/shop/cuidado-personal-PC8877&quot; class=&quot;zn_mega_title&quot;&gt;Ver Todo&lt;/a&gt;\n                            &lt;/li&gt;\n                    &lt;/ul&gt;\n\n        &lt;/li&gt;\n        &lt;li class=&quot;&quot;&gt;\n\n                    &lt;a href=&quot;/shop&quot;&gt;Tienda&lt;/a&gt;\n\n        &lt;/li&gt;\n        &lt;li class=&quot;&quot;&gt;\n\n                    &lt;a href=&quot;/p/sucursales-11&quot;&gt;Sucursales&lt;/a&gt;\n\n        &lt;/li&gt;\n        &lt;li class=&quot;menu-item-has-children menu-item-mega-parent zn_res_has_submenu&quot;&gt;&lt;span class=&quot;zn_res_submenu_trigger glyphicon glyphicon-chevron-right&quot;&gt;&lt;/span&gt;\n\n                &lt;a&gt;\n                    Nosotros\n                &lt;/a&gt;\n                    &lt;ul class=&quot;hg_mega_container container clearfix&quot;&gt;&lt;li class=&quot;zn_res_menu_go_back&quot;&gt;&lt;span class=&quot;zn_res_back_icon glyphicon glyphicon-chevron-left&quot;&gt;&lt;/span&gt;&lt;a href=&quot;#&quot;&gt;Back&lt;/a&gt;&lt;/li&gt;\n                        \n                            &lt;li class=&quot;menu-item-has-childern col-sm-3 &quot;&gt;\n                                \n                                    &lt;a href=&quot;https://docs.google.com/forms/d/e/1FAIpQLSeZN8WEsg_vDPuFkTMRfx5QQj9vR8jp9rOF747FXL675X0HrA/viewform&quot; class=&quot;zn_mega_title&quot;&gt;\n                                        Trabaja con nosotros\n                                    &lt;/a&gt;\n                            &lt;/li&gt;\n                            &lt;li class=&quot;menu-item-has-childern col-sm-3 &quot;&gt;\n                                \n                                    &lt;a href=&quot;/home/preguntasfrecuentes&quot; class=&quot;zn_mega_title&quot;&gt;\n                                        Preguntas Frecuentes\n                                    &lt;/a&gt;\n                            &lt;/li&gt;\n                            &lt;li class=&quot;menu-item-has-childern col-sm-3 &quot;&gt;\n                                \n                                    &lt;a href=&quot;/p/terminos-y-condiciones&quot; class=&quot;zn_mega_title&quot;&gt;\n                                        Términos y Condiciones\n                                    &lt;/a&gt;\n                            &lt;/li&gt;\n                            &lt;li class=&quot;menu-item-has-childern col-sm-3 &quot;&gt;\n                                \n                                    &lt;a href=&quot;/p/obras-sociales&quot; class=&quot;zn_mega_title&quot;&gt;\n                                        Obras sociales\n                                    &lt;/a&gt;\n                            &lt;/li&gt;\n                            &lt;li class=&quot;menu-item-has-childern col-sm-3 cleft&quot;&gt;\n                                \n                                    &lt;a href=&quot;/p/auditoria&quot; class=&quot;zn_mega_title&quot;&gt;\n                                        Auditoría y Cadetería\n                                    &lt;/a&gt;\n                            &lt;/li&gt;\n                            &lt;li class=&quot;menu-item-has-childern col-sm-3 cleft&quot;&gt;\n                                \n                                    &lt;a href=&quot;/p/historia-6&quot; class=&quot;zn_mega_title&quot;&gt;\n                                        Historia\n                                    &lt;/a&gt;\n                            &lt;/li&gt;\n                    &lt;/ul&gt;\n\n        &lt;/li&gt;\n        &lt;li class=&quot;&quot;&gt;\n\n                    &lt;a href=&quot;/p/fidelity-13&quot;&gt;Fidelity&lt;/a&gt;\n\n        &lt;/li&gt;\n        &lt;li class=&quot;&quot;&gt;\n\n                    &lt;a href=&quot;https://www.farmaciageneralpaz.com/shop?s=%23salefgp&quot;&gt;SALE&lt;/a&gt;\n\n        &lt;/li&gt;\n\n                &lt;/ul&gt;\n\n\n        \n        \n\n        \n        &lt;div manual=&quot;&quot; ajaxget=&quot;/design/get/header&quot; preajaxcode=&quot;scrollBodyTo(\'#headerContainer\');&quot; id=&quot;headerContainer&quot;&gt;\n\n    &lt;style&gt;\n\n\n\n    .site-header.style2 .main-nav&gt;ul&gt;li&gt;a\n    {\n        color: #ffffff;\n    }\n\n    .site-header.style2 .kl-main-header {\n        background-color: rgba(37,73,126,1.00) !important;\n        border-bottom-color: rgba(255,255,255,1.00) !important;\n    }\n\n    .site-header.style2 .topnav&gt;li&gt;a.kl-cart-button span,\n    .site-header.style2 .topnav&gt;li&gt;a.kl-cart-button i\n    {\n        color: #25497e !important;\n    }\n\n\n    \n    .site-header.style2 .topnav&gt;li&gt;a.kl-cart-button i:after {\n        background-color: #1268ca;\n        color: #ffffff !important;\n    }\n\n\n    \n    .cart-container .buttons .button.wc-forward:hover {\n        background-color: #1268ca !important;\n        color: #ffffff !important;\n    }\n    .zn-res-trigger::after {\n        background: #ffffff !important;\n        box-shadow: 0 8px 0  #ffffff, 0 16px 0  #ffffff !important;\n    }\n\n    .site-header.style2 .kl-top-header2 {\n        background-color: rgba(255,255,255,1.00) !important;\n        color: #25497e !important;\n    }\n\n    .site-header.style2 .topnav&gt;li&gt;a,\n    .site-header.style2 .kl-header-toptext,\n    .site-header .kl-header-toptext a {\n        color: #25497e !important;\n    }\n\n    .site-header.style2 .header-search .inputbox,\n    .site-header.style2 .header-search .inputbox:focus,\n    .site-header.style2 .header-search .searchsubmit {\n        color: #25497e !important;\n    }\n\n    .main-nav &gt; ul &gt; li:hover &gt; a {\n        color: #1b1d1b !important;\n    }\n\n    .main-nav &gt; ul &gt; li &gt; a:before{\n        background-color: #f5f5f4 !important;\n    }\n\n    .main-nav .hg_mega_container li a.zn_mega_title,\n    .main-nav ul li:hover&gt;.hg_mega_container {\n        color: #1b1d1b !important;\n        background-color: #f5f5f4 !important;\n        font-weight: normal;\n    }\n\n    .site-header.style2 .topnav &gt; li &gt; a .header-cart-button_icon {\n        font-size: 17px;\n    }\n    .site-header.style2 .topnav &gt; li &gt; a .header-cart-button_text {\n        font-size: 15px;\n        font-weight: 400;\n        margin-left: 0px;\n    }\n    .site-header.style2 .topnav &gt; li &gt; a .header-account-button_icon {\n        font-size: 19px;\n    }\n    .site-header.style2 .topnav &gt; li &gt; a .header-account-button_text {\n        font-size: 15px;\n        font-weight: 400;\n        margin: 0 5px 0 4px;\n    }\n    .site-header.style2 .topnav li.drop .inner {\n        color: #242424\n    }\n\n    .topnav&gt;li {\n        margin-left: 10px;\n    }\n    .site-header.style2 .bati-preheader  {\n       background: #ffffff\n    }\n\n\n\n    @media (max-width: 767px) {\n\n        .site-header.style2 .kl-main-header {\n            background-color: #25497e !important;\n            border-bottom-color: #ffffff !important;\n        }\n\n        .site-header.style2 .kl-top-header2 {\n            background-color: #ffffff !important;\n            color: #25497e !important;\n        }\n        .site-header.style2 .header-search .inputbox,\n        .site-header.style2 .header-search .inputbox:focus {\n            color: initial !important;\n        }\n\n        .site-header.style2 .topnav &gt; li &gt; a .header-cart-button_icon {\n\n        }\n        .site-header.style2 .topnav &gt; li &gt; a .header-cart-button_text {\n            display: none;\n        }\n        .site-header.style2 .topnav &gt; li &gt; a .header-account-button_icon {\n            margin-top: 4px;\n        }\n        .site-header.style2 .topnav &gt; li &gt; a .header-account-button_text {\n            display: none;\n        }\n    }\n\n\n    &lt;/style&gt;\n    &lt;style&gt;\n        /*Base style header 2*/\n        .site-header.style2 .topnav.social-icons {\n            float: right;\n            top: 5px;\n        }\n\n        .site-header.style2 .zn-res-trigger {\n            margin-left: 10px;\n        }\n\n        .site-header.style2 .zn-res-trigger {\n            margin-bottom: 8px;\n        }\n\n        .hasLogoImage .site-header.style2 .site-logo a {\n            border-color: transparent;\n            border-width: 0;\n            padding: 10px 0;\n        }\n\n        .site-header.style2 .site-logo img {\n            height: auto;\n            width: auto;\n        }\n\n        .site-header.style2 .topnav &gt; li &gt; a &gt; span:last-child {\n            margin-right: 6px;\n        }\n\n        .site-header.style2 .kl-header-toptext {\n            position: relative;\n            top: 10px;\n            float: right;\n            margin-left: 10px;\n            margin-right: 5px;\n        }\n        .site-header.style2 .kl-header-toptext &gt; a {\n            margin-left:10px;\n        }\n        .site-header.style2 .kl-header-toptext &gt; a:first-child {\n            margin-left:0;\n        }\n        .site-header.style2 .kl-header-toptext &gt; a &gt; span &gt; i{\n            font-size: 22px;\n            position: relative;\n            top: 2px;\n            right: -2px;\n        }  \n\n        .site-header.style2 .header-search .search-container {\n            width: 100%;\n        }\n\n        .site-header.style2 .header-search .inputbox {\n            font-size: 15px;\n            text-decoration: none;\n            font-style: normal;\n        }\n\n        .site-header.style2 .header-searchform {\n            padding: 5px 15px;\n            box-shadow: 0 1px 2px 0 rgba(0,0,0,.16);\n            border-radius: 4px;\n        }\n\n        .site-header.style2 .header-search .inputbox:focus ~ .kl-field-bg {\n            width: 100%;\n            left: 0;\n            height: 100%;\n            top: 0;\n        }\n\n        .site-header.style2 .header-search {\n            max-width: 440px;\n            width: 100%;\n        }\n\n        .site-header.style2 .main-nav &gt; ul {\n            margin: 5px 0 0 0;\n        }\n\n        .site-header.style2 .header-search .inputbox,\n        .site-header.style2 .header-search .inputbox:focus {\n            color: #555;\n        }\n\n        .site-header.style2 {\n            display: flex;\n            flex-direction: column;\n            justify-content: space-between;\n        }\n\n            .site-header.style2 .bati-preheader {\n                height: 0;\n                overflow: visible;\n            }\n\n            .site-header.style2 .bati-header .bati-container {\n                display: flex;\n                flex-direction: row;\n                justify-content: space-between;\n                align-items: center;\n                padding-top: 1px;\n            }\n\n                .site-header.style2 .bati-header .bati-container &gt; .logo-container {\n                    order: 1;\n                }\n\n                .site-header.style2 .bati-header .bati-container &gt; .header-search {\n                    order: 2;\n                }\n\n                .site-header.style2 .bati-header .bati-container &gt; .header-rightside-container {\n                    order: 3;\n                }\n\n        @media only screen and (max-width : 480px) {\n            .site-header.style2 .header-search {\n                top: 93px;\n            }\n\n            .site-header.style2 .kl-header-toptext,\n            .site-header .social-icons.topnav~.kl-header-toptext{\n                float: right;\n                width: auto;\n                top: 7px;\n                margin: 0 7px 0 0;\n                /*margin-left: 10px;*/\n            }\n\n            .site-header.style2 .header-search .search-container {\n                width: 100vw;\n                margin: 0;\n                left: 0;\n                right: 0;\n                position: fixed;\n            }\n        }\n\n        @media only screen and (max-width: 767px) {\n\n            /*.site-header.style2 .bati-preheader.fill-mobile {*/\n            /*    padding-bottom: 10px;*/\n            /*}*/\n            .site-header.style2 .bati-preheader {\n                height: auto;\n            }\n\n            .site-header.style2 .bati-header .bati-container &gt; .logo-container {\n                order: 2;\n                overflow: visible;\n            }\n\n            .site-header.style2 .bati-header {\n                margin-top: -1px;\n            }\n\n                .site-header.style2 .bati-header .bati-container &gt; .logo-container &gt; h1.site-logo {\n                    padding: 0;\n                    margin: 0;\n                    max-width: 100%;\n                    width: 100%;\n                    height: auto;\n                }\n\n                .site-header.style2 .bati-header .bati-container &gt; .header-search {\n                    order: 1;\n                    width: auto;\n                    position: static;\n                    margin: 0 10px 0 7px;\n                }\n\n                .site-header.style2 .bati-header .bati-container &gt; .header-rightside-container {\n                    order: 3;\n                    padding: 0;\n                    overflow: visible;\n                    position: static;\n                    margin: 0;\n                    width: 110px;\n                }\n\n                    .site-header.style2 .bati-header .bati-container &gt; .header-rightside-container .topnav {\n                        display: flex !important;\n                        align-content: flex-end !important;\n                        flex-wrap: nowrap !important;\n                        float: right;\n                    }\n\n                        .site-header.style2 .bati-header .bati-container &gt; .header-rightside-container .topnav &gt; li {\n                            float: right;\n                        }\n\n                            .site-header.style2 .bati-header .bati-container &gt; .header-rightside-container .topnav &gt; li:first-child {\n                                margin-left: 0;\n                            }\n\n            .site-header.style2 .topnav.social-icons {\n                margin-right: 0;\n            }\n        }\n\n        @media only screen and (min-width: 768px) {\n            .site-header.style2 .header-shopping-mobile_ul {\n                display: none;\n            }\n            .site-header .social-icons.topnav~.kl-header-toptext {\n                top: 2px;\n            }\n        }\n\n        @media only screen and (min-width: 768px) and (max-width: 991px) {\n            .site-header.style2 .header-search {\n                width: 300px;\n            }\n        }\n\n        #zn-res-menu,\n        #zn-res-menu li ul {\n            -webkit-transition-duration: .2s;\n            -moz-transition-duration: .2s;\n            -ms-transition-duration: .2s;\n            transition-duration: .2s;\n        }\n    &lt;/style&gt;\n\n&lt;!-- Header style 2 --&gt;\n\n&lt;input type=&quot;hidden&quot; name=&quot;IsLanding&quot; id=&quot;isLanding&quot; value=&quot;false&quot;&gt;\n&lt;input type=&quot;hidden&quot; name=&quot;PageDraft_Id&quot; id=&quot;PageDraft_Id&quot;&gt;\n\n&lt;header id=&quot;header&quot; class=&quot;site-header style2 &quot; data-header-style=&quot;2&quot; data-header-forch=&quot;130&quot; usechaser=&quot;false&quot; logoonchaser=&quot;true&quot;&gt;\n    &lt;div class=&quot;bati-preheader not-checkout&quot;&gt;\n        &lt;div class=&quot;bati-container&quot;&gt;\n                &lt;ul class=&quot;social-icons sc--clean topnav navRight&quot;&gt;\n\n\n\n        &lt;li&gt;&lt;a href=&quot;https://www.facebook.com/farmaciageneralpaz/&quot; target=&quot;_blank&quot; class=&quot;icon-facebook&quot; title=&quot;Facebook&quot;&gt;&lt;/a&gt;&lt;/li&gt;\n        &lt;li&gt;&lt;a href=&quot;https://www.instagram.com/farmaciageneralpaz/&quot; target=&quot;_blank&quot; class=&quot;icon-instagram&quot; title=&quot;Instagram&quot;&gt;&lt;/a&gt;&lt;/li&gt;\n        &lt;li&gt;&lt;a href=&quot;https://www.youtube.com/channel/UCNJ2wUrY78hPR2Wm34rCskw&quot; target=&quot;_blank&quot; class=&quot;icon-youtube&quot; title=&quot;YouTube&quot;&gt;&lt;/a&gt;&lt;/li&gt;\n        &lt;li&gt;&lt;a href=&quot;https://www.linkedin.com/company/farmacias-general-paz&quot; target=&quot;_blank&quot; class=&quot;icon-linkedin&quot; title=&quot;Linkedin&quot;&gt;&lt;/a&gt;&lt;/li&gt;\n\n\n                &lt;/ul&gt;\n            &lt;span class=&quot;kl-header-toptext&quot;&gt;\n                    &lt;a class=&quot;fw-bold phone1&quot; href=&quot;tel:08004447257&quot;&gt;\n                        &lt;span class=&quot;&quot;&gt;&lt;i class=&quot;fa fa-phone&quot;&gt;&lt;/i&gt;&lt;/span&gt;\n                        &lt;span class=&quot;hidden-xs&quot;&gt;0800-444-7257&lt;/span&gt;\n                    &lt;/a&gt;\n                                    &lt;a class=&quot;fw-bold phone2&quot; href=&quot;tel:+5493512234386&quot;&gt;\n                        &lt;span class=&quot;&quot;&gt;&lt;i class=&quot;fa fa-phone&quot;&gt;&lt;/i&gt;&lt;/span&gt;\n                        &lt;span class=&quot;hidden-xs&quot;&gt;+54 9 351 223-4386&lt;/span&gt;\n                    &lt;/a&gt;\n                                    &lt;a class=&quot;fw-bold email1&quot; href=&quot;mailto:info@farmaciageneralpaz.com&quot;&gt;\n                        &lt;span class=&quot;&quot;&gt;&lt;i class=&quot;fa fa-envelope&quot;&gt;&lt;/i&gt;&lt;/span&gt;\n                        &lt;span class=&quot;hidden-xs&quot;&gt;info@farmaciageneralpaz.com&lt;/span&gt;\n                    &lt;/a&gt;\n            &lt;/span&gt;\n           \n        &lt;/div&gt;\n    &lt;/div&gt;\n\n    &lt;div class=&quot;kl-top-header2 bati-header&quot;&gt;\n        &lt;div class=&quot;bati-container&quot;&gt;\n\n            &lt;div class=&quot;logo-container logosize--yes&quot;&gt;\n                &lt;h1 class=&quot;site-logo logo &quot; id=&quot;logo&quot;&gt;\n\n\n\n&lt;a href=&quot;/&quot; title=&quot;&quot;&gt;\n\n        &lt;img src=&quot;https://cdn.batitienda.com/baticloud/images/mainlogo_471b5ec52a2644058369e333a5e8dcce_638254654595089138_0_m.webp&quot; class=&quot;logo-img&quot; alt=&quot;Farmacias General Paz logo&quot; title=&quot;Farmacias General Paz&quot;&gt;\n&lt;/a&gt;\n                &lt;/h1&gt;\n            &lt;/div&gt;\n\n\n            &lt;div id=&quot;search&quot; class=&quot;header-search not-checkout&quot;&gt;\n                    &lt;a href=&quot;#&quot; class=&quot;searchBtn&quot;&gt;\n                        &lt;span class=&quot;glyphicon glyphicon-search icon-white white-icon&quot;&gt;&lt;/span&gt;\n                    &lt;/a&gt;\n                    &lt;div class=&quot;search-container&quot; style=&quot;display: none;&quot;&gt;\n&lt;form id=&quot;searchform-header&quot; class=&quot;header-searchform&quot; action=&quot;/shop&quot; method=&quot;get&quot;&gt;\n    \n    &lt;input name=&quot;s&quot; maxlength=&quot;50&quot; class=&quot;inputbox&quot; type=&quot;text&quot; size=&quot;50&quot; value=&quot;¿Qué estás buscando?&quot; onblur=&quot;if (this.value == \'\') this.value = \'¿Qué estás buscando?\';&quot; onfocus=&quot;if (this.value == \'¿Qué estás buscando?\') this.value = \'\';&quot;&gt;\n    &lt;button type=&quot;submit&quot; id=&quot;searchsubmit&quot; class=&quot;searchsubmit glyphicon glyphicon-search icon-white&quot;&gt;&lt;/button&gt;\n    &lt;span class=&quot;kl-field-bg&quot;&gt;&lt;/span&gt;\n&lt;/form&gt;\n                    &lt;/div&gt;\n                    &lt;div class=&quot;backdrop-search-mobile&quot;&gt;&lt;/div&gt;\n            &lt;/div&gt;\n\n\n\n            &lt;div class=&quot;header-rightside-container not-checkout&quot;&gt;\n\n                    &lt;ul class=&quot;topnav navRight topnav&quot;&gt;\n                        &lt;li&gt;\n                            &lt;a href=&quot;/mi-cuenta/compras&quot; title=&quot;Mi Cuenta&quot; class=&quot;kl-cart-button&quot;&gt;\n                                &lt;i class=&quot;far fa-user header-account-button_icon&quot;&gt;&lt;/i&gt;\n                                &lt;span class=&quot;hidden-xs hidden-sm hidden-md header-account-button_text&quot;&gt;\n                                    Mi cuenta\n                                &lt;/span&gt;\n                            &lt;/a&gt;\n                        &lt;/li&gt;\n\n    &lt;div id=&quot;postForm_addItem&quot; style=&quot;display: none&quot; ajaxpost=&quot;/shop/cart/item/add&quot; callbackfunctionname=&quot;Callback_Cart_Post&quot;&gt;\n        &lt;input type=&quot;hidden&quot; name=&quot;ProductId&quot; value=&quot;1174008&quot;&gt;\n        &lt;input type=&quot;hidden&quot; name=&quot;VariantId&quot; value=&quot;&quot;&gt;\n        &lt;input type=&quot;hidden&quot; name=&quot;Quantity&quot; value=&quot;3&quot;&gt;\n    &lt;/div&gt;\n    &lt;div id=&quot;postForm_removeItem&quot; style=&quot;display: none&quot; ajaxpost=&quot;/shop/cart/item/remove&quot; callbackfunctionname=&quot;Callback_Cart_Post&quot;&gt;\n        &lt;input type=&quot;hidden&quot; name=&quot;CartItemId&quot;&gt;\n    &lt;/div&gt;\n    &lt;li class=&quot;drop&quot; delay=&quot;150&quot; id=&quot;CartPreview&quot; ajaxget=&quot;/layout/cart/preview&quot; callbackfunctionname=&quot;Callback_Cart_Get&quot;&gt;\n\n\n&lt;input type=&quot;hidden&quot; name=&quot;ProductId&quot; value=&quot;&quot;&gt;\n&lt;input type=&quot;hidden&quot; name=&quot;VariantId&quot; value=&quot;&quot;&gt;\n&lt;input type=&quot;hidden&quot; name=&quot;Quantity&quot; value=&quot;&quot;&gt;\n&lt;input type=&quot;hidden&quot; name=&quot;Id&quot; value=&quot;&quot;&gt;\n&lt;input type=&quot;hidden&quot; name=&quot;Action&quot; value=&quot;&quot;&gt;\n\n    &lt;a href=&quot;/shop/checkout/cart&quot; class=&quot;kl-cart-button&quot; title=&quot;Carrito de compra&quot;&gt;\n        \n        &lt;i class=&quot;las la-shopping-bag header-cart-button_icon&quot; data-count=&quot;0&quot;&gt;&lt;/i&gt;\n        &lt;span class=&quot;hidden-xs hidden-sm hidden-md header-cart-button_text&quot;&gt;\n            Mi pedido\n        &lt;/span&gt;\n    &lt;/a&gt;\n&lt;/li&gt; \n\n                    &lt;/ul&gt;\n\n            &lt;/div&gt;\n            \n            &lt;div class=&quot;header-rightside-container checkout-only&quot;&gt;\n                &lt;ul class=&quot;topnav navRight topnav&quot;&gt;\n                    &lt;li&gt;\n                        &lt;a href=&quot;/Home/PreguntasFrecuentes&quot; title=&quot;Ayuda&quot; class=&quot;kl-cart-button&quot;&gt;\n                            &lt;span&gt;\n                                Ayuda\n                            &lt;/span&gt;\n                        &lt;/a&gt;\n                    &lt;/li&gt;\n                &lt;/ul&gt;\n            &lt;/div&gt;\n        &lt;/div&gt;\n\n    &lt;/div&gt;\n\n    &lt;div class=&quot;kl-main-header clearfix bati-subheader not-checkout&quot;&gt;\n\n        &lt;div class=&quot;container siteheader-container&quot;&gt;\n\n            &lt;div id=&quot;zn-res-menuwrapper&quot;&gt;\n                &lt;a href=&quot;#&quot; class=&quot;zn-res-trigger zn-header-icon&quot;&gt;&lt;/a&gt;\n            &lt;/div&gt;\n\n            &lt;div id=&quot;main-menu&quot; class=&quot;main-nav zn_mega_wrapper &quot;&gt;\n                &lt;ul id=&quot;menu-main-menu&quot; class=&quot;main-menu zn_mega_menu&quot;&gt;\n\n\n\n\n\n\n\n        &lt;li class=&quot;menu-item-has-children menu-item-mega-parent&quot;&gt;\n\n                &lt;a&gt;\n                    Categorías\n                &lt;/a&gt;\n                    &lt;ul class=&quot;hg_mega_container container clearfix&quot;&gt;\n                        \n                            &lt;li class=&quot;menu-item-has-childern col-sm-3 cleft&quot;&gt;\n                                \n                                    &lt;a href=&quot;/shop/dermocosmetica-PC1155&quot; class=&quot;zn_mega_title&quot;&gt;\n                                        DERMOCOSMÉTICA\n                                    &lt;/a&gt;\n                            &lt;/li&gt;\n                            &lt;li class=&quot;menu-item-has-childern col-sm-3 cleft&quot;&gt;\n                                \n                                    &lt;a href=&quot;https://www.farmaciageneralpaz.com/shop?s=%23colagenos&quot; class=&quot;zn_mega_title&quot;&gt;\n                                        COLÁGENOS\n                                    &lt;/a&gt;\n                            &lt;/li&gt;\n                            &lt;li class=&quot;menu-item-has-childern col-sm-3 &quot;&gt;\n                                \n                                    &lt;a href=&quot;/shop/perfumes-PC1156&quot; class=&quot;zn_mega_title&quot;&gt;\n                                        PERFUMES\n                                    &lt;/a&gt;\n                            &lt;/li&gt;\n                            &lt;li class=&quot;menu-item-has-childern col-sm-3 &quot;&gt;\n                                \n                                    &lt;a href=&quot;/shop/maquillajes&quot; class=&quot;zn_mega_title&quot;&gt;\n                                        MAQUILLAJE\n                                    &lt;/a&gt;\n                            &lt;/li&gt;\n                            &lt;li class=&quot;menu-item-has-childern col-sm-3 &quot;&gt;\n                                \n                                        &lt;a href=&quot;/shop/cuidado-personal-PC8877&quot; class=&quot;zn_mega_title&quot;&gt;CUIDADO PERSONAL&lt;/a&gt;\n                            &lt;/li&gt;\n                            &lt;li class=&quot;menu-item-has-childern col-sm-3 &quot;&gt;\n                                \n                                    &lt;a href=&quot;https://www.farmaciageneralpaz.com/shop?s=%23botiquin&quot; class=&quot;zn_mega_title&quot;&gt;\n                                        BOTIQUIN\n                                    &lt;/a&gt;\n                            &lt;/li&gt;\n                            &lt;li class=&quot;menu-item-has-childern col-sm-3 cleft&quot;&gt;\n                                \n                                        &lt;a href=&quot;/shop/maternidad-y-bebes&quot; class=&quot;zn_mega_title&quot;&gt;MATERNIDAD Y BEBÉ&lt;/a&gt;\n                            &lt;/li&gt;\n                            &lt;li class=&quot;menu-item-has-childern col-sm-3 &quot;&gt;\n                                \n                                    &lt;a href=&quot;/shop/deportes-y-fitness&quot; class=&quot;zn_mega_title&quot;&gt;\n                                        DEPORTES Y FITNESS\n                                    &lt;/a&gt;\n                            &lt;/li&gt;\n                            &lt;li class=&quot;menu-item-has-childern col-sm-3 &quot;&gt;\n                                \n                                    &lt;a href=&quot;/shop/suplemento-nutricionales&quot; class=&quot;zn_mega_title&quot;&gt;\n                                        SUPLEMENTOS NUTRICIONALES\n                                    &lt;/a&gt;\n                            &lt;/li&gt;\n                            &lt;li class=&quot;menu-item-has-childern col-sm-3 &quot;&gt;\n                                \n                                    &lt;a href=&quot;/shop/electro-belleza-PC1191&quot; class=&quot;zn_mega_title&quot;&gt;\n                                        ELECTRO BELLEZA\n                                    &lt;/a&gt;\n                            &lt;/li&gt;\n                            &lt;li class=&quot;menu-item-has-childern col-sm-3 cleft&quot;&gt;\n                                \n                                    &lt;a href=&quot;/shop/electro-salud-PC1154&quot; class=&quot;zn_mega_title&quot;&gt;\n                                        ELECTRO SALUD\n                                    &lt;/a&gt;\n                            &lt;/li&gt;\n                            &lt;li class=&quot;menu-item-has-childern col-sm-3 &quot;&gt;\n                                \n                                    &lt;a href=&quot;/shop/hogar&quot; class=&quot;zn_mega_title&quot;&gt;\n                                        HOGAR\n                                    &lt;/a&gt;\n                            &lt;/li&gt;\n                            &lt;li class=&quot;menu-item-has-childern col-sm-3 &quot;&gt;\n                                \n                                        &lt;a href=&quot;/shop/tecnologia-PC22742&quot; class=&quot;zn_mega_title&quot;&gt;TECNOLOGÍA&lt;/a&gt;\n                            &lt;/li&gt;\n                    &lt;/ul&gt;\n\n        &lt;/li&gt;\n        &lt;li class=&quot;menu-item-has-children menu-item-mega-parent&quot;&gt;\n\n                &lt;a&gt;\n                    Dermocosmética\n                &lt;/a&gt;\n                    &lt;ul class=&quot;hg_mega_container container clearfix&quot;&gt;\n                        \n                            &lt;li class=&quot;menu-item-has-childern col-sm-3 &quot;&gt;\n                                \n                                        &lt;a href=&quot;/shop/dermocosmetica-PC1155&quot; class=&quot;zn_mega_title&quot;&gt;Ver Todo&lt;/a&gt;\n                            &lt;/li&gt;\n                            &lt;li class=&quot;menu-item-has-childern col-sm-3 cleft&quot;&gt;\n                                \n                                        &lt;a href=&quot;/shop/dermocosmetica-facial-PC8865&quot; class=&quot;zn_mega_title&quot;&gt;Dermo Facial&lt;/a&gt;\n                            &lt;/li&gt;\n                            &lt;li class=&quot;menu-item-has-childern col-sm-3 &quot;&gt;\n                                \n                                        &lt;a href=&quot;/shop/dermocosmetica-corporal-PC8866&quot; class=&quot;zn_mega_title&quot;&gt;Dermo Corporal&lt;/a&gt;\n                            &lt;/li&gt;\n                            &lt;li class=&quot;menu-item-has-childern col-sm-3 &quot;&gt;\n                                \n                                        &lt;a href=&quot;/shop/dermocosmetica-capilar-PC8867&quot; class=&quot;zn_mega_title&quot;&gt;Dermo Capilar&lt;/a&gt;\n                            &lt;/li&gt;\n                            &lt;li class=&quot;menu-item-has-childern col-sm-3 cleft&quot;&gt;\n                                \n                                    &lt;a href=&quot;https://www.farmaciageneralpaz.com/shop?s=solar&quot; class=&quot;zn_mega_title&quot;&gt;\n                                        Solares\n                                    &lt;/a&gt;\n                            &lt;/li&gt;\n                            &lt;li class=&quot;menu-item-has-childern col-sm-3 &quot;&gt;\n                                \n                                    &lt;a href=&quot;https://www.farmaciageneralpaz.com/p/agenda-dermo&quot; class=&quot;zn_mega_title&quot;&gt;\n                                        Dermo days\n                                    &lt;/a&gt;\n                            &lt;/li&gt;\n                    &lt;/ul&gt;\n\n        &lt;/li&gt;\n        &lt;li class=&quot;menu-item-has-children menu-item-mega-parent&quot;&gt;\n\n                &lt;a&gt;\n                    Cuidado personal\n                &lt;/a&gt;\n                    &lt;ul class=&quot;hg_mega_container container clearfix&quot;&gt;\n                        \n                            &lt;li class=&quot;menu-item-has-childern col-sm-3 cleft&quot;&gt;\n                                \n                                        &lt;a href=&quot;/shop/cuidado-facial-PC1708&quot; class=&quot;zn_mega_title&quot;&gt;Cuidado Facial&lt;/a&gt;\n                            &lt;/li&gt;\n                            &lt;li class=&quot;menu-item-has-childern col-sm-3 &quot;&gt;\n                                \n                                        &lt;a href=&quot;/shop/cuidado-corporal-PC1419&quot; class=&quot;zn_mega_title&quot;&gt;Cuidado Corporal&lt;/a&gt;\n                            &lt;/li&gt;\n                            &lt;li class=&quot;menu-item-has-childern col-sm-3 &quot;&gt;\n                                \n                                        &lt;a href=&quot;/shop/cuidado-capilar-PC2384&quot; class=&quot;zn_mega_title&quot;&gt;Cuidado Capilar&lt;/a&gt;\n                            &lt;/li&gt;\n                            &lt;li class=&quot;menu-item-has-childern col-sm-3 &quot;&gt;\n                                \n                                        &lt;a href=&quot;/shop/cuidado-oral-PC1181&quot; class=&quot;zn_mega_title&quot;&gt;Cuidado Oral&lt;/a&gt;\n                            &lt;/li&gt;\n                            &lt;li class=&quot;menu-item-has-childern col-sm-3 cleft&quot;&gt;\n                                \n                                        &lt;a href=&quot;/shop/cuidado-ocular-PC2136&quot; class=&quot;zn_mega_title&quot;&gt;Cuidado Ocular&lt;/a&gt;\n                            &lt;/li&gt;\n                            &lt;li class=&quot;menu-item-has-childern col-sm-3 &quot;&gt;\n                                \n                                        &lt;a href=&quot;/shop/cuidado-sexual-PC2137&quot; class=&quot;zn_mega_title&quot;&gt;Cuidado Sexual&lt;/a&gt;\n                            &lt;/li&gt;\n                            &lt;li class=&quot;menu-item-has-childern col-sm-3 &quot;&gt;\n                                \n                                        &lt;a href=&quot;/shop/cuidado-personal-PC8877&quot; class=&quot;zn_mega_title&quot;&gt;Ver Todo&lt;/a&gt;\n                            &lt;/li&gt;\n                    &lt;/ul&gt;\n\n        &lt;/li&gt;\n        &lt;li class=&quot;&quot;&gt;\n\n                    &lt;a href=&quot;/shop&quot;&gt;Tienda&lt;/a&gt;\n\n        &lt;/li&gt;\n        &lt;li class=&quot;&quot;&gt;\n\n                    &lt;a href=&quot;/p/sucursales-11&quot;&gt;Sucursales&lt;/a&gt;\n\n        &lt;/li&gt;\n        &lt;li class=&quot;menu-item-has-children menu-item-mega-parent&quot;&gt;\n\n                &lt;a&gt;\n                    Nosotros\n                &lt;/a&gt;\n                    &lt;ul class=&quot;hg_mega_container container clearfix&quot;&gt;\n                        \n                            &lt;li class=&quot;menu-item-has-childern col-sm-3 &quot;&gt;\n                                \n                                    &lt;a href=&quot;https://docs.google.com/forms/d/e/1FAIpQLSeZN8WEsg_vDPuFkTMRfx5QQj9vR8jp9rOF747FXL675X0HrA/viewform&quot; class=&quot;zn_mega_title&quot;&gt;\n                                        Trabaja con nosotros\n                                    &lt;/a&gt;\n                            &lt;/li&gt;\n                            &lt;li class=&quot;menu-item-has-childern col-sm-3 &quot;&gt;\n                                \n                                    &lt;a href=&quot;/home/preguntasfrecuentes&quot; class=&quot;zn_mega_title&quot;&gt;\n                                        Preguntas Frecuentes\n                                    &lt;/a&gt;\n                            &lt;/li&gt;\n                            &lt;li class=&quot;menu-item-has-childern col-sm-3 &quot;&gt;\n                                \n                                    &lt;a href=&quot;/p/terminos-y-condiciones&quot; class=&quot;zn_mega_title&quot;&gt;\n                                        Términos y Condiciones\n                                    &lt;/a&gt;\n                            &lt;/li&gt;\n                            &lt;li class=&quot;menu-item-has-childern col-sm-3 &quot;&gt;\n                                \n                                    &lt;a href=&quot;/p/obras-sociales&quot; class=&quot;zn_mega_title&quot;&gt;\n                                        Obras sociales\n                                    &lt;/a&gt;\n                            &lt;/li&gt;\n                            &lt;li class=&quot;menu-item-has-childern col-sm-3 cleft&quot;&gt;\n                                \n                                    &lt;a href=&quot;/p/auditoria&quot; class=&quot;zn_mega_title&quot;&gt;\n                                        Auditoría y Cadetería\n                                    &lt;/a&gt;\n                            &lt;/li&gt;\n                            &lt;li class=&quot;menu-item-has-childern col-sm-3 cleft&quot;&gt;\n                                \n                                    &lt;a href=&quot;/p/historia-6&quot; class=&quot;zn_mega_title&quot;&gt;\n                                        Historia\n                                    &lt;/a&gt;\n                            &lt;/li&gt;\n                    &lt;/ul&gt;\n\n        &lt;/li&gt;\n        &lt;li class=&quot;&quot;&gt;\n\n                    &lt;a href=&quot;/p/fidelity-13&quot;&gt;Fidelity&lt;/a&gt;\n\n        &lt;/li&gt;\n        &lt;li class=&quot;&quot;&gt;\n\n                    &lt;a href=&quot;https://www.farmaciageneralpaz.com/shop?s=%23salefgp&quot;&gt;SALE&lt;/a&gt;\n\n        &lt;/li&gt;\n\n                &lt;/ul&gt;\n            &lt;/div&gt;\n\n        &lt;/div&gt;\n\n    &lt;/div&gt;\n\n&lt;/header&gt;\n\n\n        &lt;/div&gt;\n\n\n        \n\n\n\n\n\n&lt;section class=&quot;hg_section&quot;&gt;\n    &lt;div class=&quot;container main-product-container&quot;&gt;\n        \n\n        &lt;div id=&quot;FullContent&quot; class=&quot;style-boxed-white &quot;&gt;\n\n            &lt;div class=&quot;product&quot; id=&quot;MainColumn&quot;&gt;\n\n\n\n&lt;div class=&quot;product-page&quot;&gt;\n\n    &lt;div class=&quot;single_product_main_image&quot;&gt;\n\n        &lt;div class=&quot;images&quot;&gt;\n\n            &lt;div class=&quot;thumbnails&quot;&gt;\n\n\n                    &lt;a data-assetid=&quot;625059&quot; title=&quot;Crema Corporal Nivea Aloe Vera 5 En 1 Piel Normal a Seca x 125 ml #1&quot; class=&quot;selected&quot;&gt;\n                \n\n\n\n&lt;picture&gt;\n        &lt;source type=&quot;image/webp&quot; media=&quot;(max-width: 300px)&quot; data-srcset=&quot;https://cdn.batitienda.com/baticloud/images/product_picture_052b1a8c4537498b87e99f5afe037bf2_638181219219574205_0_m.webp&quot; srcset=&quot;https://cdn.batitienda.com/baticloud/images/product_picture_052b1a8c4537498b87e99f5afe037bf2_638181219219574205_0_m.webp&quot;&gt;\n        &lt;source type=&quot;image/webp&quot; media=&quot;(max-width: 600px)&quot; data-srcset=&quot;https://cdn.batitienda.com/baticloud/images/product_picture_052b1a8c4537498b87e99f5afe037bf2_638181219219574205_0_l.webp&quot; srcset=&quot;https://cdn.batitienda.com/baticloud/images/product_picture_052b1a8c4537498b87e99f5afe037bf2_638181219219574205_0_l.webp&quot;&gt;\n        &lt;source type=&quot;image/webp&quot; media=&quot;(max-width: 1200px)&quot; data-srcset=&quot;https://cdn.batitienda.com/baticloud/images/product_picture_052b1a8c4537498b87e99f5afe037bf2_638181219219574205_0_l.webp&quot; srcset=&quot;https://cdn.batitienda.com/baticloud/images/product_picture_052b1a8c4537498b87e99f5afe037bf2_638181219219574205_0_l.webp&quot;&gt;\n        &lt;source type=&quot;image/webp&quot; media=&quot;(min-width: 1201px)&quot; data-srcset=&quot;https://cdn.batitienda.com/baticloud/images/product_picture_052b1a8c4537498b87e99f5afe037bf2_638181219219574205_0_l.webp&quot; srcset=&quot;https://cdn.batitienda.com/baticloud/images/product_picture_052b1a8c4537498b87e99f5afe037bf2_638181219219574205_0_l.webp&quot;&gt;\n        &lt;source type=&quot;image/png&quot; media=&quot;(max-width: 300px)&quot; data-srcset=&quot;https://cdn.batitienda.com/baticloud/images/product_picture_052b1a8c4537498b87e99f5afe037bf2_638181219219574205_0_m.png&quot; srcset=&quot;https://cdn.batitienda.com/baticloud/images/product_picture_052b1a8c4537498b87e99f5afe037bf2_638181219219574205_0_m.png&quot;&gt;\n        &lt;source type=&quot;image/png&quot; media=&quot;(max-width: 600px)&quot; data-srcset=&quot;https://cdn.batitienda.com/baticloud/images/product_picture_052b1a8c4537498b87e99f5afe037bf2_638181219219574205_0_l.png&quot; srcset=&quot;https://cdn.batitienda.com/baticloud/images/product_picture_052b1a8c4537498b87e99f5afe037bf2_638181219219574205_0_l.png&quot;&gt;\n        &lt;source type=&quot;image/png&quot; media=&quot;(max-width: 1200px)&quot; data-srcset=&quot;https://cdn.batitienda.com/baticloud/images/product_picture_052b1a8c4537498b87e99f5afe037bf2_638181219219574205_0_l.png&quot; srcset=&quot;https://cdn.batitienda.com/baticloud/images/product_picture_052b1a8c4537498b87e99f5afe037bf2_638181219219574205_0_l.png&quot;&gt;\n        &lt;source type=&quot;image/png&quot; media=&quot;(min-width: 1201px)&quot; data-srcset=&quot;https://cdn.batitienda.com/baticloud/images/product_picture_052b1a8c4537498b87e99f5afe037bf2_638181219219574205_0_l.png&quot; srcset=&quot;https://cdn.batitienda.com/baticloud/images/product_picture_052b1a8c4537498b87e99f5afe037bf2_638181219219574205_0_l.png&quot;&gt;\n        &lt;img data-src=&quot;https://cdn.batitienda.com/baticloud/images/product_picture_052b1a8c4537498b87e99f5afe037bf2_638181219219574205_0_t.png&quot; class=&quot;attachment-shop_thumbnail lazyloaded&quot; alt=&quot;Crema Corporal Nivea Aloe Vera 5 En 1 Piel Normal a Seca x 125 ml #1&quot; title=&quot;Crema Corporal Nivea Aloe Vera 5 En 1 Piel Normal a Seca x 125 ml #1&quot; src=&quot;https://cdn.batitienda.com/baticloud/images/product_picture_052b1a8c4537498b87e99f5afe037bf2_638181219219574205_0_t.png&quot;&gt;\n\n&lt;/picture&gt;\n                    &lt;/a&gt;\n                \n                \n            &lt;/div&gt;\n\n            &lt;a class=&quot;kl-store-main-image zoom&quot; title=&quot;Crema Corporal Nivea Aloe Vera 5 En 1 Piel Normal a Seca x 125 ml #1&quot; draggable=&quot;false&quot;&gt;\n\n\n\n&lt;picture&gt;\n        &lt;source type=&quot;image/webp&quot; media=&quot;(max-width: 300px)&quot; data-srcset=&quot;https://cdn.batitienda.com/baticloud/images/product_picture_052b1a8c4537498b87e99f5afe037bf2_638181219219574205_0_m.webp&quot; srcset=&quot;https://cdn.batitienda.com/baticloud/images/product_picture_052b1a8c4537498b87e99f5afe037bf2_638181219219574205_0_m.webp&quot;&gt;\n        &lt;source type=&quot;image/webp&quot; media=&quot;(max-width: 600px)&quot; data-srcset=&quot;https://cdn.batitienda.com/baticloud/images/product_picture_052b1a8c4537498b87e99f5afe037bf2_638181219219574205_0_l.webp&quot; srcset=&quot;https://cdn.batitienda.com/baticloud/images/product_picture_052b1a8c4537498b87e99f5afe037bf2_638181219219574205_0_l.webp&quot;&gt;\n        &lt;source type=&quot;image/webp&quot; media=&quot;(max-width: 1200px)&quot; data-srcset=&quot;https://cdn.batitienda.com/baticloud/images/product_picture_052b1a8c4537498b87e99f5afe037bf2_638181219219574205_0_l.webp&quot; srcset=&quot;https://cdn.batitienda.com/baticloud/images/product_picture_052b1a8c4537498b87e99f5afe037bf2_638181219219574205_0_l.webp&quot;&gt;\n        &lt;source type=&quot;image/webp&quot; media=&quot;(min-width: 1201px)&quot; data-srcset=&quot;https://cdn.batitienda.com/baticloud/images/product_picture_052b1a8c4537498b87e99f5afe037bf2_638181219219574205_0_l.webp&quot; srcset=&quot;https://cdn.batitienda.com/baticloud/images/product_picture_052b1a8c4537498b87e99f5afe037bf2_638181219219574205_0_l.webp&quot;&gt;\n        &lt;source type=&quot;image/png&quot; media=&quot;(max-width: 300px)&quot; data-srcset=&quot;https://cdn.batitienda.com/baticloud/images/product_picture_052b1a8c4537498b87e99f5afe037bf2_638181219219574205_0_m.png&quot; srcset=&quot;https://cdn.batitienda.com/baticloud/images/product_picture_052b1a8c4537498b87e99f5afe037bf2_638181219219574205_0_m.png&quot;&gt;\n        &lt;source type=&quot;image/png&quot; media=&quot;(max-width: 600px)&quot; data-srcset=&quot;https://cdn.batitienda.com/baticloud/images/product_picture_052b1a8c4537498b87e99f5afe037bf2_638181219219574205_0_l.png&quot; srcset=&quot;https://cdn.batitienda.com/baticloud/images/product_picture_052b1a8c4537498b87e99f5afe037bf2_638181219219574205_0_l.png&quot;&gt;\n        &lt;source type=&quot;image/png&quot; media=&quot;(max-width: 1200px)&quot; data-srcset=&quot;https://cdn.batitienda.com/baticloud/images/product_picture_052b1a8c4537498b87e99f5afe037bf2_638181219219574205_0_l.png&quot; srcset=&quot;https://cdn.batitienda.com/baticloud/images/product_picture_052b1a8c4537498b87e99f5afe037bf2_638181219219574205_0_l.png&quot;&gt;\n        &lt;source type=&quot;image/png&quot; media=&quot;(min-width: 1201px)&quot; data-srcset=&quot;https://cdn.batitienda.com/baticloud/images/product_picture_052b1a8c4537498b87e99f5afe037bf2_638181219219574205_0_l.png&quot; srcset=&quot;https://cdn.batitienda.com/baticloud/images/product_picture_052b1a8c4537498b87e99f5afe037bf2_638181219219574205_0_l.png&quot;&gt;\n        &lt;img data-src=&quot;https://cdn.batitienda.com/baticloud/images/product_picture_052b1a8c4537498b87e99f5afe037bf2_638181219219574205_0_m.png&quot; class=&quot;attachment-shop_single wp-post-image lazyloaded&quot; alt=&quot;Crema Corporal Nivea Aloe Vera 5 En 1 Piel Normal a Seca x 125 ml #1&quot; title=&quot;Crema Corporal Nivea Aloe Vera 5 En 1 Piel Normal a Seca x 125 ml #1&quot; src=&quot;https://cdn.batitienda.com/baticloud/images/product_picture_052b1a8c4537498b87e99f5afe037bf2_638181219219574205_0_m.png&quot;&gt;\n\n&lt;/picture&gt;\n            &lt;/a&gt;\n\n        &lt;/div&gt;\n\n    &lt;/div&gt;\n\n&lt;/div&gt;\n                &lt;div ajaxclass=&quot;loading-this alt&quot; delay=&quot;15&quot; ajaxget=&quot;/Products_RelatedProducts/Get/1174008?brandId=293&amp;amp;categoryId=1419&amp;amp;officialStore=False&quot; class=&quot;&quot;&gt;\n\n&lt;div class=&quot;relatedproducts-container&quot;&gt;\n    &lt;div class=&quot;related products&quot; id=&quot;RelatedProducts&quot;&gt;\n\n        &lt;h3 class=&quot;mb-10&quot;&gt;También te puede interesar&lt;/h3&gt;\n\n        &lt;div class=&quot;shop-latest-carousel slick-initialized slick-slider&quot;&gt;&lt;button class=&quot;slick-prev slick-arrow&quot; aria-label=&quot;Previous&quot; type=&quot;button&quot; style=&quot;display: inline-block;&quot;&gt;Previous&lt;/button&gt;&lt;div class=&quot;slick-list draggable&quot;&gt;&lt;div class=&quot;slick-track&quot; style=&quot;opacity: 1; width: 5616px; transform: translate3d(-624px, 0px, 0px);&quot;&gt;&lt;div class=&quot;slick-slide slick-cloned&quot; data-slick-index=&quot;-3&quot; aria-hidden=&quot;true&quot; style=&quot;width: 202px;&quot; tabindex=&quot;-1&quot;&gt;&lt;div&gt;&lt;div class=&quot; product-list-item prod-layout-classic height-2 lazyLoad &quot; data-product=&quot;93291&quot; style=&quot;width: 100%; display: inline-block;&quot;&gt;\n\n\n\n&lt;div class=&quot;promotion_container&quot;&gt;\n\n    &lt;div class=&quot;promotion_label dis_10&quot;&gt;\n\n        &lt;div class=&quot;promotion_label-short &quot; style=&quot;color:white;background:#2950a3;&quot;&gt;\n\n            &lt;span class=&quot;promotion_label-short-title&quot;&gt;\n                \n                -10%\n                \n            &lt;/span&gt;\n\n\n        &lt;/div&gt;\n\n    &lt;/div&gt;\n\n&lt;/div&gt;\n\n\n&lt;!-- Product container link --&gt;\n    &lt;a href=&quot;/shop/product/desodorante-antitranspirante-nivea-men-fresh-ice-roll-on-x-50-ml-WS93291&quot; tabindex=&quot;-1&quot;&gt;\n        &lt;!-- Image wrapper --&gt;\n        &lt;span class=&quot;image kw-prodimage&quot;&gt;\n\n            &lt;!-- Primary image --&gt;\n                &lt;img class=&quot;kw-prodimage-img lazyloading&quot; data-src=&quot;https://cdn.batitienda.com/baticloud/images/product_a310497ad0be4596a2aa6d2e8c26dcec_637439137296084566_0_m.webp&quot; alt=&quot;Desodorante Antitranspirante Nivea Men Fresh Ice Roll On x 50 ml&quot; title=&quot;Desodorante Antitranspirante Nivea Men Fresh Ice Roll On x 50 ml&quot; src=&quot;https://cdn.batitienda.com/baticloud/images/product_a310497ad0be4596a2aa6d2e8c26dcec_637439137296084566_0_m.webp&quot;&gt;\n\n\n        &lt;/span&gt;\n\n        &lt;!-- Details --&gt;\n        \n        &lt;div class=&quot;details kw-details fixclear&quot;&gt;\n        \n        \n\n            &lt;span class=&quot;price&quot;&gt;\n                &lt;del&gt;\n                    &lt;span class=&quot;amount&quot;&gt;  \n                        \n                     \n$672 &lt;sup&gt;64&lt;/sup&gt;                    &lt;/span&gt;\n                &lt;/del&gt;\n                &lt;span class=&quot;amount&quot;&gt;\n                    \n                    \n$605 &lt;sup&gt;38&lt;/sup&gt;                &lt;/span&gt;\n            &lt;/span&gt;\n\n\n\n        &lt;!--/ Price --&gt;\n        &lt;!-- Title --&gt;\n        &lt;h3 class=&quot;kw-details-title&quot;&gt;\n            &lt;span class=&quot;child-top&quot;&gt;\n                \n\n                Desodorante Antitranspirante Nivea Men Fresh Ice Roll On x 50 ml\n\n            &lt;/span&gt;\n\n        &lt;/h3&gt;\n\n            &lt;!-- Badge container --&gt;\n            &lt;div class=&quot;new_badge-container&quot;&gt;\n            &lt;/div&gt;\n    &lt;/div&gt;\n        &lt;!--/ details fixclear --&gt;\n    &lt;/a&gt;\n    &lt;!-- Product container link --&gt;\n    &lt;!-- Actions --&gt;\n        &lt;div class=&quot;add-to-cart-buttons on-list js-add-to-cart-list --not-in-cart&quot; data-product=&quot;93291&quot; data-cartitem=&quot;&quot;&gt;\n            \n            &lt;div class=&quot;js-form-product-add&quot; manual=&quot;&quot; ajaxpost=&quot;/shop/cart/item/add&quot; callbackfunctionname=&quot;AddToCartList_callback&quot;&gt;\n                &lt;input type=&quot;hidden&quot; name=&quot;ProductId&quot; value=&quot;93291&quot; tabindex=&quot;-1&quot;&gt;\n                &lt;input type=&quot;hidden&quot; name=&quot;Quantity&quot; value=&quot;1&quot; tabindex=&quot;-1&quot;&gt;\n            &lt;/div&gt;\n\n            &lt;div class=&quot;not-in-cart_actions&quot;&gt;\n                &lt;button type=&quot;button&quot; class=&quot;js-product-add btn-add-first alt&quot; data-product_id=&quot;4005900517005&quot; data-product_name=&quot;Desodorante Antitranspirante Nivea Men Fresh Ice Roll On x 50 ml&quot; data-product_brand=&quot;Nivea&quot; data-product_category=&quot;Desodorante Hombre&quot; data-product_price=&quot;605.38&quot; tabindex=&quot;-1&quot;&gt;\n                    &lt;i class=&quot;las la-shopping-bag&quot;&gt;&lt;/i&gt;\n                    Agregar\n                &lt;/button&gt;\n            &lt;/div&gt;\n\n            &lt;div class=&quot;js-form-cart-add&quot; manual=&quot;&quot; ajaxpost=&quot;/cart/item/add&quot; callbackfunctionname=&quot;AddToCartList_callback&quot;&gt;\n                &lt;input type=&quot;hidden&quot; name=&quot;cartItemId&quot; value=&quot;&quot; tabindex=&quot;-1&quot;&gt;\n            &lt;/div&gt;\n            \n            &lt;div class=&quot;js-form-cart-remove&quot; manual=&quot;&quot; ajaxpost=&quot;/cart/item/substract&quot; callbackfunctionname=&quot;AddToCartList_callback&quot;&gt;\n                &lt;input type=&quot;hidden&quot; name=&quot;cartItemId&quot; value=&quot;&quot; tabindex=&quot;-1&quot;&gt;\n            &lt;/div&gt;\n\n            &lt;div class=&quot;in-cart_actions&quot;&gt;\n                &lt;button type=&quot;button&quot; class=&quot;js-remove btn-remove&quot; tabindex=&quot;-1&quot;&gt;\n                    &lt;i class=&quot;las la-trash&quot;&gt;&lt;/i&gt;\n                &lt;/button&gt;\n                &lt;button type=&quot;button&quot; class=&quot;js-down btn-down&quot; tabindex=&quot;-1&quot;&gt;\n                    &lt;i class=&quot;las la-minus&quot;&gt;&lt;/i&gt;\n                &lt;/button&gt;\n                 \n                &lt;label class=&quot;js-quantity&quot;&gt;1&lt;/label&gt;\n                \n                &lt;button type=&quot;button&quot; class=&quot;js-up btn-up&quot; tabindex=&quot;-1&quot;&gt;\n                    &lt;i class=&quot;las la-plus&quot;&gt;&lt;/i&gt; \n                &lt;/button&gt;\n            &lt;/div&gt;\n        &lt;/div&gt;\n\n  \n    &lt;!--/ Actions --&gt;\n&lt;/div&gt;&lt;/div&gt;&lt;/div&gt;&lt;div class=&quot;slick-slide slick-cloned&quot; data-slick-index=&quot;-2&quot; aria-hidden=&quot;true&quot; style=&quot;width: 202px;&quot; tabindex=&quot;-1&quot;&gt;&lt;div&gt;&lt;div class=&quot; product-list-item prod-layout-classic height-2 lazyLoad &quot; data-product=&quot;426927&quot; style=&quot;width: 100%; display: inline-block;&quot;&gt;\n\n\n\n&lt;div class=&quot;promotion_container&quot;&gt;\n\n    &lt;div class=&quot;promotion_label dis_10&quot;&gt;\n\n        &lt;div class=&quot;promotion_label-short &quot; style=&quot;color:white;background:#2950a3;&quot;&gt;\n\n            &lt;span class=&quot;promotion_label-short-title&quot;&gt;\n                \n                -10%\n                \n            &lt;/span&gt;\n\n\n        &lt;/div&gt;\n\n    &lt;/div&gt;\n\n&lt;/div&gt;\n\n\n&lt;!-- Product container link --&gt;\n    &lt;a href=&quot;/shop/product/desodorante-antitranspirante-nivea-men-antibacterial-spray-x-150-ml-WS426927&quot; tabindex=&quot;-1&quot;&gt;\n        &lt;!-- Image wrapper --&gt;\n        &lt;span class=&quot;image kw-prodimage&quot;&gt;\n\n            &lt;!-- Primary image --&gt;\n                &lt;img class=&quot;kw-prodimage-img ls-is-cached lazyloaded&quot; data-src=&quot;https://cdn.batitienda.com/baticloud/images/product_picture_1538e361d3db493bac765a6315fb6e1c_637724433914525391_0_m.webp&quot; alt=&quot;Desodorante Antitranspirante Nivea Men Antibacterial Spray x 150 ml&quot; title=&quot;Desodorante Antitranspirante Nivea Men Antibacterial Spray x 150 ml&quot; src=&quot;https://cdn.batitienda.com/baticloud/images/product_picture_1538e361d3db493bac765a6315fb6e1c_637724433914525391_0_m.webp&quot;&gt;\n\n\n        &lt;/span&gt;\n\n        &lt;!-- Details --&gt;\n        \n        &lt;div class=&quot;details kw-details fixclear&quot;&gt;\n        \n        \n\n            &lt;span class=&quot;price&quot;&gt;\n                &lt;del&gt;\n                    &lt;span class=&quot;amount&quot;&gt;  \n                        \n                     \n$906 &lt;sup&gt;46&lt;/sup&gt;                    &lt;/span&gt;\n                &lt;/del&gt;\n                &lt;span class=&quot;amount&quot;&gt;\n                    \n                    \n$815 &lt;sup&gt;81&lt;/sup&gt;                &lt;/span&gt;\n            &lt;/span&gt;\n\n\n\n        &lt;!--/ Price --&gt;\n        &lt;!-- Title --&gt;\n        &lt;h3 class=&quot;kw-details-title&quot;&gt;\n            &lt;span class=&quot;child-top&quot;&gt;\n                \n\n                Desodorante Antitranspirante Nivea Men Antibacterial Spray x 150 ml\n\n            &lt;/span&gt;\n\n        &lt;/h3&gt;\n\n            &lt;!-- Badge container --&gt;\n            &lt;div class=&quot;new_badge-container&quot;&gt;\n            &lt;/div&gt;\n    &lt;/div&gt;\n        &lt;!--/ details fixclear --&gt;\n    &lt;/a&gt;\n    &lt;!-- Product container link --&gt;\n    &lt;!-- Actions --&gt;\n        &lt;div class=&quot;add-to-cart-buttons on-list js-add-to-cart-list --not-in-cart&quot; data-product=&quot;426927&quot; data-cartitem=&quot;&quot;&gt;\n            \n            &lt;div class=&quot;js-form-product-add&quot; manual=&quot;&quot; ajaxpost=&quot;/shop/cart/item/add&quot; callbackfunctionname=&quot;AddToCartList_callback&quot;&gt;\n                &lt;input type=&quot;hidden&quot; name=&quot;ProductId&quot; value=&quot;426927&quot; tabindex=&quot;-1&quot;&gt;\n                &lt;input type=&quot;hidden&quot; name=&quot;Quantity&quot; value=&quot;1&quot; tabindex=&quot;-1&quot;&gt;\n            &lt;/div&gt;\n\n            &lt;div class=&quot;not-in-cart_actions&quot;&gt;\n                &lt;button type=&quot;button&quot; class=&quot;js-product-add btn-add-first alt&quot; data-product_id=&quot;4005900907264&quot; data-product_name=&quot;Desodorante Antitranspirante Nivea Men Antibacterial Spray x 150 ml&quot; data-product_brand=&quot;Nivea&quot; data-product_category=&quot;Desodorante Hombre&quot; data-product_price=&quot;815.81&quot; tabindex=&quot;-1&quot;&gt;\n                    &lt;i class=&quot;las la-shopping-bag&quot;&gt;&lt;/i&gt;\n                    Agregar\n                &lt;/button&gt;\n            &lt;/div&gt;\n\n            &lt;div class=&quot;js-form-cart-add&quot; manual=&quot;&quot; ajaxpost=&quot;/cart/item/add&quot; callbackfunctionname=&quot;AddToCartList_callback&quot;&gt;\n                &lt;input type=&quot;hidden&quot; name=&quot;cartItemId&quot; value=&quot;&quot; tabindex=&quot;-1&quot;&gt;\n            &lt;/div&gt;\n            \n            &lt;div class=&quot;js-form-cart-remove&quot; manual=&quot;&quot; ajaxpost=&quot;/cart/item/substract&quot; callbackfunctionname=&quot;AddToCartList_callback&quot;&gt;\n                &lt;input type=&quot;hidden&quot; name=&quot;cartItemId&quot; value=&quot;&quot; tabindex=&quot;-1&quot;&gt;\n            &lt;/div&gt;\n\n            &lt;div class=&quot;in-cart_actions&quot;&gt;\n                &lt;button type=&quot;button&quot; class=&quot;js-remove btn-remove&quot; tabindex=&quot;-1&quot;&gt;\n                    &lt;i class=&quot;las la-trash&quot;&gt;&lt;/i&gt;\n                &lt;/button&gt;\n                &lt;button type=&quot;button&quot; class=&quot;js-down btn-down&quot; tabindex=&quot;-1&quot;&gt;\n                    &lt;i class=&quot;las la-minus&quot;&gt;&lt;/i&gt;\n                &lt;/button&gt;\n                 \n                &lt;label class=&quot;js-quantity&quot;&gt;1&lt;/label&gt;\n                \n                &lt;button type=&quot;button&quot; class=&quot;js-up btn-up&quot; tabindex=&quot;-1&quot;&gt;\n                    &lt;i class=&quot;las la-plus&quot;&gt;&lt;/i&gt; \n                &lt;/button&gt;\n            &lt;/div&gt;\n        &lt;/div&gt;\n\n  \n    &lt;!--/ Actions --&gt;\n&lt;/div&gt;&lt;/div&gt;&lt;/div&gt;&lt;div class=&quot;slick-slide slick-cloned&quot; data-slick-index=&quot;-1&quot; aria-hidden=&quot;true&quot; style=&quot;width: 202px;&quot; tabindex=&quot;-1&quot;&gt;&lt;div&gt;&lt;div class=&quot; product-list-item prod-layout-classic height-2 lazyLoad &quot; data-product=&quot;88786&quot; style=&quot;width: 100%; display: inline-block;&quot;&gt;\n\n\n\n&lt;div class=&quot;promotion_container&quot;&gt;\n\n    &lt;div class=&quot;promotion_label dis_10&quot;&gt;\n\n        &lt;div class=&quot;promotion_label-short &quot; style=&quot;color:white;background:#2950a3;&quot;&gt;\n\n            &lt;span class=&quot;promotion_label-short-title&quot;&gt;\n                \n                -10%\n                \n            &lt;/span&gt;\n\n\n        &lt;/div&gt;\n\n    &lt;/div&gt;\n\n&lt;/div&gt;\n\n\n&lt;!-- Product container link --&gt;\n    &lt;a href=&quot;/shop/product/desodorante-antitranspirante-nivea-femenino-protect-care-roll-on-x-50-ml-WS88786&quot; tabindex=&quot;-1&quot;&gt;\n        &lt;!-- Image wrapper --&gt;\n        &lt;span class=&quot;image kw-prodimage&quot;&gt;\n\n            &lt;!-- Primary image --&gt;\n                &lt;img class=&quot;kw-prodimage-img ls-is-cached lazyloaded&quot; data-src=&quot;https://cdn.batitienda.com/baticloud/images/product_793e5d0d9fc74b3a9713d7fe8aafd659_637436526864833123_0_m.webp&quot; alt=&quot;Desodorante Antitranspirante Nivea Femenino Protect &amp;amp; Care Roll On x 50 ml&quot; title=&quot;Desodorante Antitranspirante Nivea Femenino Protect &amp;amp; Care Roll On x 50 ml&quot; src=&quot;https://cdn.batitienda.com/baticloud/images/product_793e5d0d9fc74b3a9713d7fe8aafd659_637436526864833123_0_m.webp&quot;&gt;\n\n\n        &lt;/span&gt;\n\n        &lt;!-- Details --&gt;\n        \n        &lt;div class=&quot;details kw-details fixclear&quot;&gt;\n        \n        \n\n            &lt;span class=&quot;price&quot;&gt;\n                &lt;del&gt;\n                    &lt;span class=&quot;amount&quot;&gt;  \n                        \n                     \n$716 &lt;sup&gt;21&lt;/sup&gt;                    &lt;/span&gt;\n                &lt;/del&gt;\n                &lt;span class=&quot;amount&quot;&gt;\n                    \n                    \n$644 &lt;sup&gt;59&lt;/sup&gt;                &lt;/span&gt;\n            &lt;/span&gt;\n\n\n\n        &lt;!--/ Price --&gt;\n        &lt;!-- Title --&gt;\n        &lt;h3 class=&quot;kw-details-title&quot;&gt;\n            &lt;span class=&quot;child-top&quot;&gt;\n                \n\n                Desodorante Antitranspirante Nivea Femenino Protect &amp;amp; Care Roll On x 50 ml\n\n            &lt;/span&gt;\n\n        &lt;/h3&gt;\n\n            &lt;!-- Badge container --&gt;\n            &lt;div class=&quot;new_badge-container&quot;&gt;\n            &lt;/div&gt;\n    &lt;/div&gt;\n        &lt;!--/ details fixclear --&gt;\n    &lt;/a&gt;\n    &lt;!-- Product container link --&gt;\n    &lt;!-- Actions --&gt;\n        &lt;div class=&quot;add-to-cart-buttons on-list js-add-to-cart-list --not-in-cart&quot; data-product=&quot;88786&quot; data-cartitem=&quot;&quot;&gt;\n            \n            &lt;div class=&quot;js-form-product-add&quot; manual=&quot;&quot; ajaxpost=&quot;/shop/cart/item/add&quot; callbackfunctionname=&quot;AddToCartList_callback&quot;&gt;\n                &lt;input type=&quot;hidden&quot; name=&quot;ProductId&quot; value=&quot;88786&quot; tabindex=&quot;-1&quot;&gt;\n                &lt;input type=&quot;hidden&quot; name=&quot;Quantity&quot; value=&quot;1&quot; tabindex=&quot;-1&quot;&gt;\n            &lt;/div&gt;\n\n            &lt;div class=&quot;not-in-cart_actions&quot;&gt;\n                &lt;button type=&quot;button&quot; class=&quot;js-product-add btn-add-first alt&quot; data-product_id=&quot;4005900130785&quot; data-product_name=&quot;Desodorante Antitranspirante Nivea Femenino Protect &amp;amp; Care Roll On x 50 ml&quot; data-product_brand=&quot;Nivea&quot; data-product_category=&quot;Desodorante Mujer&quot; data-product_price=&quot;644.59&quot; tabindex=&quot;-1&quot;&gt;\n                    &lt;i class=&quot;las la-shopping-bag&quot;&gt;&lt;/i&gt;\n                    Agregar\n                &lt;/button&gt;\n            &lt;/div&gt;\n\n            &lt;div class=&quot;js-form-cart-add&quot; manual=&quot;&quot; ajaxpost=&quot;/cart/item/add&quot; callbackfunctionname=&quot;AddToCartList_callback&quot;&gt;\n                &lt;input type=&quot;hidden&quot; name=&quot;cartItemId&quot; value=&quot;&quot; tabindex=&quot;-1&quot;&gt;\n            &lt;/div&gt;\n            \n            &lt;div class=&quot;js-form-cart-remove&quot; manual=&quot;&quot; ajaxpost=&quot;/cart/item/substract&quot; callbackfunctionname=&quot;AddToCartList_callback&quot;&gt;\n                &lt;input type=&quot;hidden&quot; name=&quot;cartItemId&quot; value=&quot;&quot; tabindex=&quot;-1&quot;&gt;\n            &lt;/div&gt;\n\n            &lt;div class=&quot;in-cart_actions&quot;&gt;\n                &lt;button type=&quot;button&quot; class=&quot;js-remove btn-remove&quot; tabindex=&quot;-1&quot;&gt;\n                    &lt;i class=&quot;las la-trash&quot;&gt;&lt;/i&gt;\n                &lt;/button&gt;\n                &lt;button type=&quot;button&quot; class=&quot;js-down btn-down&quot; tabindex=&quot;-1&quot;&gt;\n                    &lt;i class=&quot;las la-minus&quot;&gt;&lt;/i&gt;\n                &lt;/button&gt;\n                 \n                &lt;label class=&quot;js-quantity&quot;&gt;1&lt;/label&gt;\n                \n                &lt;button type=&quot;button&quot; class=&quot;js-up btn-up&quot; tabindex=&quot;-1&quot;&gt;\n                    &lt;i class=&quot;las la-plus&quot;&gt;&lt;/i&gt; \n                &lt;/button&gt;\n            &lt;/div&gt;\n        &lt;/div&gt;\n\n  \n    &lt;!--/ Actions --&gt;\n&lt;/div&gt;&lt;/div&gt;&lt;/div&gt;&lt;div class=&quot;slick-slide slick-current slick-active&quot; data-slick-index=&quot;0&quot; aria-hidden=&quot;false&quot; style=&quot;width: 202px;&quot;&gt;&lt;div&gt;&lt;div class=&quot; product-list-item prod-layout-classic height-2 lazyLoad &quot; data-product=&quot;1177283&quot; style=&quot;width: 100%; display: inline-block;&quot;&gt;\n\n\n\n&lt;div class=&quot;promotion_container&quot;&gt;\n\n    &lt;div class=&quot;promotion_label dis_25&quot;&gt;\n\n        &lt;div class=&quot;promotion_label-short &quot; style=&quot;color:white;background:#2950a3;&quot;&gt;\n\n            &lt;span class=&quot;promotion_label-short-title&quot;&gt;\n                \n                -25%\n                \n            &lt;/span&gt;\n\n\n        &lt;/div&gt;\n\n    &lt;/div&gt;\n\n&lt;/div&gt;\n\n\n&lt;!-- Product container link --&gt;\n    &lt;a href=&quot;/shop/product/gel-limpieza-aveno-x-250gr-WS1177283&quot; tabindex=&quot;0&quot;&gt;\n        &lt;!-- Image wrapper --&gt;\n        &lt;span class=&quot;image kw-prodimage&quot;&gt;\n\n            &lt;!-- Primary image --&gt;\n                &lt;img class=&quot;kw-prodimage-img lazyloaded&quot; data-src=&quot;https://cdn.batitienda.com/baticloud/images/product_picture_d9dbea61cd214c5bb8959cb36c94a79a_638133233065899894_0_m.webp&quot; alt=&quot;Gel Limpieza Aveno x 250gr&quot; title=&quot;Gel Limpieza Aveno x 250gr&quot; src=&quot;https://cdn.batitienda.com/baticloud/images/product_picture_d9dbea61cd214c5bb8959cb36c94a79a_638133233065899894_0_m.webp&quot;&gt;\n\n                &lt;!-- Secondary image --&gt;\n                &lt;img class=&quot;kw-prodimage-img-secondary lazyloaded&quot; data-src=&quot;https://cdn.batitienda.com/baticloud/images/product_picture_04278ca1c9ae46eba0ae6dd7a223f91f_638133233228149278_0_m.webp&quot; alt=&quot;Gel Limpieza Aveno x 250gr alt&quot; title=&quot;Gel Limpieza Aveno x 250gr alt&quot; src=&quot;https://cdn.batitienda.com/baticloud/images/product_picture_04278ca1c9ae46eba0ae6dd7a223f91f_638133233228149278_0_m.webp&quot;&gt;\n\n        &lt;/span&gt;\n\n        &lt;!-- Details --&gt;\n        \n        &lt;div class=&quot;details kw-details fixclear&quot;&gt;\n        \n        \n\n            &lt;span class=&quot;price&quot;&gt;\n                &lt;del&gt;\n                    &lt;span class=&quot;amount&quot;&gt;  \n                        \n                     \n$7.176 &lt;sup&gt;85&lt;/sup&gt;                    &lt;/span&gt;\n                &lt;/del&gt;\n                &lt;span class=&quot;amount&quot;&gt;\n                    \n                    \n$5.382 &lt;sup&gt;64&lt;/sup&gt;                &lt;/span&gt;\n            &lt;/span&gt;\n\n\n\n        &lt;!--/ Price --&gt;\n        &lt;!-- Title --&gt;\n        &lt;h3 class=&quot;kw-details-title&quot;&gt;\n            &lt;span class=&quot;child-top&quot;&gt;\n                \n\n                Gel Limpieza Aveno x 250gr\n\n            &lt;/span&gt;\n\n        &lt;/h3&gt;\n\n            &lt;!-- Badge container --&gt;\n            &lt;div class=&quot;new_badge-container&quot;&gt;\n            &lt;/div&gt;\n    &lt;/div&gt;\n        &lt;!--/ details fixclear --&gt;\n    &lt;/a&gt;\n    &lt;!-- Product container link --&gt;\n    &lt;!-- Actions --&gt;\n        &lt;div class=&quot;add-to-cart-buttons on-list js-add-to-cart-list --not-in-cart&quot; data-product=&quot;1177283&quot; data-cartitem=&quot;&quot;&gt;\n            \n            &lt;div class=&quot;js-form-product-add&quot; manual=&quot;&quot; ajaxpost=&quot;/shop/cart/item/add&quot; callbackfunctionname=&quot;AddToCartList_callback&quot;&gt;\n                &lt;input type=&quot;hidden&quot; name=&quot;ProductId&quot; value=&quot;1177283&quot; tabindex=&quot;0&quot;&gt;\n                &lt;input type=&quot;hidden&quot; name=&quot;Quantity&quot; value=&quot;1&quot; tabindex=&quot;0&quot;&gt;\n            &lt;/div&gt;\n\n            &lt;div class=&quot;not-in-cart_actions&quot;&gt;\n                &lt;button type=&quot;button&quot; class=&quot;js-product-add btn-add-first alt&quot; data-product_id=&quot;7793742005459&quot; data-product_name=&quot;Gel Limpieza Aveno x 250gr&quot; data-product_brand=&quot;Aveno&quot; data-product_category=&quot;Cuidado Corporal&quot; data-product_price=&quot;5382.64&quot; tabindex=&quot;0&quot;&gt;\n                    &lt;i class=&quot;las la-shopping-bag&quot;&gt;&lt;/i&gt;\n                    Agregar\n                &lt;/button&gt;\n            &lt;/div&gt;\n\n            &lt;div class=&quot;js-form-cart-add&quot; manual=&quot;&quot; ajaxpost=&quot;/cart/item/add&quot; callbackfunctionname=&quot;AddToCartList_callback&quot;&gt;\n                &lt;input type=&quot;hidden&quot; name=&quot;cartItemId&quot; value=&quot;&quot; tabindex=&quot;0&quot;&gt;\n            &lt;/div&gt;\n            \n            &lt;div class=&quot;js-form-cart-remove&quot; manual=&quot;&quot; ajaxpost=&quot;/cart/item/substract&quot; callbackfunctionname=&quot;AddToCartList_callback&quot;&gt;\n                &lt;input type=&quot;hidden&quot; name=&quot;cartItemId&quot; value=&quot;&quot; tabindex=&quot;0&quot;&gt;\n            &lt;/div&gt;\n\n            &lt;div class=&quot;in-cart_actions&quot;&gt;\n                &lt;button type=&quot;button&quot; class=&quot;js-remove btn-remove&quot; tabindex=&quot;0&quot;&gt;\n                    &lt;i class=&quot;las la-trash&quot;&gt;&lt;/i&gt;\n                &lt;/button&gt;\n                &lt;button type=&quot;button&quot; class=&quot;js-down btn-down&quot; tabindex=&quot;0&quot;&gt;\n                    &lt;i class=&quot;las la-minus&quot;&gt;&lt;/i&gt;\n                &lt;/button&gt;\n                 \n                &lt;label class=&quot;js-quantity&quot;&gt;1&lt;/label&gt;\n                \n                &lt;button type=&quot;button&quot; class=&quot;js-up btn-up&quot; tabindex=&quot;0&quot;&gt;\n                    &lt;i class=&quot;las la-plus&quot;&gt;&lt;/i&gt; \n                &lt;/button&gt;\n            &lt;/div&gt;\n        &lt;/div&gt;\n\n  \n    &lt;!--/ Actions --&gt;\n&lt;/div&gt;&lt;/div&gt;&lt;/div&gt;&lt;div class=&quot;slick-slide slick-active&quot; data-slick-index=&quot;1&quot; aria-hidden=&quot;false&quot; style=&quot;width: 202px;&quot;&gt;&lt;div&gt;&lt;div class=&quot; product-list-item prod-layout-classic height-2 lazyLoad &quot; data-product=&quot;8604&quot; style=&quot;width: 100%; display: inline-block;&quot;&gt;\n\n\n\n&lt;div class=&quot;promotion_container&quot;&gt;\n\n    &lt;div class=&quot;promotion_label dis_30&quot;&gt;\n\n        &lt;div class=&quot;promotion_label-short &quot; style=&quot;color:white;background:#2950a3;&quot;&gt;\n\n            &lt;span class=&quot;promotion_label-short-title&quot;&gt;\n                \n                -30%\n                \n            &lt;/span&gt;\n\n\n        &lt;/div&gt;\n\n    &lt;/div&gt;\n\n&lt;/div&gt;\n\n\n&lt;!-- Product container link --&gt;\n    &lt;a href=&quot;/shop/product/crema-corporal-dermaglos-hidratacion-profunda-x-200-gr-WS8604&quot; tabindex=&quot;0&quot;&gt;\n        &lt;!-- Image wrapper --&gt;\n        &lt;span class=&quot;image kw-prodimage&quot;&gt;\n\n            &lt;!-- Primary image --&gt;\n                &lt;img class=&quot;kw-prodimage-img lazyloaded&quot; data-src=&quot;https://cdn.batitienda.com/baticloud/images/product_picture_fb7c7e61e81c4db19430f601ef0f3c10_637734422228372632_0_m.webp&quot; alt=&quot;Crema Corporal Dermaglos Hidratación Profunda x 200 gr&quot; title=&quot;Crema Corporal Dermaglos Hidratación Profunda x 200 gr&quot; src=&quot;https://cdn.batitienda.com/baticloud/images/product_picture_fb7c7e61e81c4db19430f601ef0f3c10_637734422228372632_0_m.webp&quot;&gt;\n\n\n        &lt;/span&gt;\n\n        &lt;!-- Details --&gt;\n        \n        &lt;div class=&quot;details kw-details fixclear&quot;&gt;\n        \n        \n\n            &lt;span class=&quot;price&quot;&gt;\n                &lt;del&gt;\n                    &lt;span class=&quot;amount&quot;&gt;  \n                        \n                     \n$6.951 &lt;sup&gt;93&lt;/sup&gt;                    &lt;/span&gt;\n                &lt;/del&gt;\n                &lt;span class=&quot;amount&quot;&gt;\n                    \n                    \n$4.866 &lt;sup&gt;35&lt;/sup&gt;                &lt;/span&gt;\n            &lt;/span&gt;\n\n\n\n        &lt;!--/ Price --&gt;\n        &lt;!-- Title --&gt;\n        &lt;h3 class=&quot;kw-details-title&quot;&gt;\n            &lt;span class=&quot;child-top&quot;&gt;\n                \n\n                Crema Corporal Dermaglos Hidratación Profunda x 200 gr\n\n            &lt;/span&gt;\n\n        &lt;/h3&gt;\n\n            &lt;!-- Badge container --&gt;\n            &lt;div class=&quot;new_badge-container&quot;&gt;\n            &lt;/div&gt;\n    &lt;/div&gt;\n        &lt;!--/ details fixclear --&gt;\n    &lt;/a&gt;\n    &lt;!-- Product container link --&gt;\n    &lt;!-- Actions --&gt;\n        &lt;div class=&quot;add-to-cart-buttons on-list js-add-to-cart-list --not-in-cart&quot; data-product=&quot;8604&quot; data-cartitem=&quot;&quot;&gt;\n            \n            &lt;div class=&quot;js-form-product-add&quot; manual=&quot;&quot; ajaxpost=&quot;/shop/cart/item/add&quot; callbackfunctionname=&quot;AddToCartList_callback&quot;&gt;\n                &lt;input type=&quot;hidden&quot; name=&quot;ProductId&quot; value=&quot;8604&quot; tabindex=&quot;0&quot;&gt;\n                &lt;input type=&quot;hidden&quot; name=&quot;Quantity&quot; value=&quot;1&quot; tabindex=&quot;0&quot;&gt;\n            &lt;/div&gt;\n\n            &lt;div class=&quot;not-in-cart_actions&quot;&gt;\n                &lt;button type=&quot;button&quot; class=&quot;js-product-add btn-add-first alt&quot; data-product_id=&quot;7793742007774&quot; data-product_name=&quot;Crema Corporal Dermaglos Hidratación Profunda x 200 gr&quot; data-product_brand=&quot;Dermaglós&quot; data-product_category=&quot;Cuidado Corporal&quot; data-product_price=&quot;4866.35&quot; tabindex=&quot;0&quot;&gt;\n                    &lt;i class=&quot;las la-shopping-bag&quot;&gt;&lt;/i&gt;\n                    Agregar\n                &lt;/button&gt;\n            &lt;/div&gt;\n\n            &lt;div class=&quot;js-form-cart-add&quot; manual=&quot;&quot; ajaxpost=&quot;/cart/item/add&quot; callbackfunctionname=&quot;AddToCartList_callback&quot;&gt;\n                &lt;input type=&quot;hidden&quot; name=&quot;cartItemId&quot; value=&quot;&quot; tabindex=&quot;0&quot;&gt;\n            &lt;/div&gt;\n            \n            &lt;div class=&quot;js-form-cart-remove&quot; manual=&quot;&quot; ajaxpost=&quot;/cart/item/substract&quot; callbackfunctionname=&quot;AddToCartList_callback&quot;&gt;\n                &lt;input type=&quot;hidden&quot; name=&quot;cartItemId&quot; value=&quot;&quot; tabindex=&quot;0&quot;&gt;\n            &lt;/div&gt;\n\n            &lt;div class=&quot;in-cart_actions&quot;&gt;\n                &lt;button type=&quot;button&quot; class=&quot;js-remove btn-remove&quot; tabindex=&quot;0&quot;&gt;\n                    &lt;i class=&quot;las la-trash&quot;&gt;&lt;/i&gt;\n                &lt;/button&gt;\n                &lt;button type=&quot;button&quot; class=&quot;js-down btn-down&quot; tabindex=&quot;0&quot;&gt;\n                    &lt;i class=&quot;las la-minus&quot;&gt;&lt;/i&gt;\n                &lt;/button&gt;\n                 \n                &lt;label class=&quot;js-quantity&quot;&gt;1&lt;/label&gt;\n                \n                &lt;button type=&quot;button&quot; class=&quot;js-up btn-up&quot; tabindex=&quot;0&quot;&gt;\n                    &lt;i class=&quot;las la-plus&quot;&gt;&lt;/i&gt; \n                &lt;/button&gt;\n            &lt;/div&gt;\n        &lt;/div&gt;\n\n  \n    &lt;!--/ Actions --&gt;\n&lt;/div&gt;&lt;/div&gt;&lt;/div&gt;&lt;div class=&quot;slick-slide slick-active&quot; data-slick-index=&quot;2&quot; aria-hidden=&quot;false&quot; style=&quot;width: 202px;&quot;&gt;&lt;div&gt;&lt;div class=&quot; product-list-item prod-layout-classic height-2 lazyLoad &quot; data-product=&quot;88780&quot; style=&quot;width: 100%; display: inline-block;&quot;&gt;\n\n\n\n&lt;div class=&quot;promotion_container&quot;&gt;\n\n    &lt;div class=&quot;promotion_label dis_10&quot;&gt;\n\n        &lt;div class=&quot;promotion_label-short &quot; style=&quot;color:white;background:#2950a3;&quot;&gt;\n\n            &lt;span class=&quot;promotion_label-short-title&quot;&gt;\n                \n                -10%\n                \n            &lt;/span&gt;\n\n\n        &lt;/div&gt;\n\n    &lt;/div&gt;\n\n&lt;/div&gt;\n\n\n&lt;!-- Product container link --&gt;\n    &lt;a href=&quot;/shop/product/crema-hidratante-intensiva-nivea-soft-para-todo-tipo-de-piel-x-100-ml-WS88780&quot; tabindex=&quot;0&quot;&gt;\n        &lt;!-- Image wrapper --&gt;\n        &lt;span class=&quot;image kw-prodimage&quot;&gt;\n\n            &lt;!-- Primary image --&gt;\n                &lt;img class=&quot;kw-prodimage-img lazyloaded&quot; data-src=&quot;https://cdn.batitienda.com/baticloud/images/product_ee24eb3101224b3ea87d004948cbb9f3_637436487035635130_0_m.webp&quot; alt=&quot;Crema Hidratante Intensiva Nivea Soft Para Todo Tipo de Piel x 100 ml&quot; title=&quot;Crema Hidratante Intensiva Nivea Soft Para Todo Tipo de Piel x 100 ml&quot; src=&quot;https://cdn.batitienda.com/baticloud/images/product_ee24eb3101224b3ea87d004948cbb9f3_637436487035635130_0_m.webp&quot;&gt;\n\n\n        &lt;/span&gt;\n\n        &lt;!-- Details --&gt;\n        \n        &lt;div class=&quot;details kw-details fixclear&quot;&gt;\n        \n        \n\n            &lt;span class=&quot;price&quot;&gt;\n                &lt;del&gt;\n                    &lt;span class=&quot;amount&quot;&gt;  \n                        \n                     \n$1.290 &lt;sup&gt;95&lt;/sup&gt;                    &lt;/span&gt;\n                &lt;/del&gt;\n                &lt;span class=&quot;amount&quot;&gt;\n                    \n                    \n$1.161 &lt;sup&gt;86&lt;/sup&gt;                &lt;/span&gt;\n            &lt;/span&gt;\n\n\n\n        &lt;!--/ Price --&gt;\n        &lt;!-- Title --&gt;\n        &lt;h3 class=&quot;kw-details-title&quot;&gt;\n            &lt;span class=&quot;child-top&quot;&gt;\n                \n\n                Crema Hidratante Intensiva Nivea Soft Para Todo Tipo de Piel x 100 ml\n\n            &lt;/span&gt;\n\n        &lt;/h3&gt;\n\n            &lt;!-- Badge container --&gt;\n            &lt;div class=&quot;new_badge-container&quot;&gt;\n            &lt;/div&gt;\n    &lt;/div&gt;\n        &lt;!--/ details fixclear --&gt;\n    &lt;/a&gt;\n    &lt;!-- Product container link --&gt;\n    &lt;!-- Actions --&gt;\n        &lt;div class=&quot;add-to-cart-buttons on-list js-add-to-cart-list --not-in-cart&quot; data-product=&quot;88780&quot; data-cartitem=&quot;&quot;&gt;\n            \n            &lt;div class=&quot;js-form-product-add&quot; manual=&quot;&quot; ajaxpost=&quot;/shop/cart/item/add&quot; callbackfunctionname=&quot;AddToCartList_callback&quot;&gt;\n                &lt;input type=&quot;hidden&quot; name=&quot;ProductId&quot; value=&quot;88780&quot; tabindex=&quot;0&quot;&gt;\n                &lt;input type=&quot;hidden&quot; name=&quot;Quantity&quot; value=&quot;1&quot; tabindex=&quot;0&quot;&gt;\n            &lt;/div&gt;\n\n            &lt;div class=&quot;not-in-cart_actions&quot;&gt;\n                &lt;button type=&quot;button&quot; class=&quot;js-product-add btn-add-first alt&quot; data-product_id=&quot;4005808890590&quot; data-product_name=&quot;Crema Hidratante Intensiva Nivea Soft Para Todo Tipo de Piel x 100 ml&quot; data-product_brand=&quot;Nivea&quot; data-product_category=&quot;Cuidado Corporal&quot; data-product_price=&quot;1161.86&quot; tabindex=&quot;0&quot;&gt;\n                    &lt;i class=&quot;las la-shopping-bag&quot;&gt;&lt;/i&gt;\n                    Agregar\n                &lt;/button&gt;\n            &lt;/div&gt;\n\n            &lt;div class=&quot;js-form-cart-add&quot; manual=&quot;&quot; ajaxpost=&quot;/cart/item/add&quot; callbackfunctionname=&quot;AddToCartList_callback&quot;&gt;\n                &lt;input type=&quot;hidden&quot; name=&quot;cartItemId&quot; value=&quot;&quot; tabindex=&quot;0&quot;&gt;\n            &lt;/div&gt;\n            \n            &lt;div class=&quot;js-form-cart-remove&quot; manual=&quot;&quot; ajaxpost=&quot;/cart/item/substract&quot; callbackfunctionname=&quot;AddToCartList_callback&quot;&gt;\n                &lt;input type=&quot;hidden&quot; name=&quot;cartItemId&quot; value=&quot;&quot; tabindex=&quot;0&quot;&gt;\n            &lt;/div&gt;\n\n            &lt;div class=&quot;in-cart_actions&quot;&gt;\n                &lt;button type=&quot;button&quot; class=&quot;js-remove btn-remove&quot; tabindex=&quot;0&quot;&gt;\n                    &lt;i class=&quot;las la-trash&quot;&gt;&lt;/i&gt;\n                &lt;/button&gt;\n                &lt;button type=&quot;button&quot; class=&quot;js-down btn-down&quot; tabindex=&quot;0&quot;&gt;\n                    &lt;i class=&quot;las la-minus&quot;&gt;&lt;/i&gt;\n                &lt;/button&gt;\n                 \n                &lt;label class=&quot;js-quantity&quot;&gt;1&lt;/label&gt;\n                \n                &lt;button type=&quot;button&quot; class=&quot;js-up btn-up&quot; tabindex=&quot;0&quot;&gt;\n                    &lt;i class=&quot;las la-plus&quot;&gt;&lt;/i&gt; \n                &lt;/button&gt;\n            &lt;/div&gt;\n        &lt;/div&gt;\n\n  \n    &lt;!--/ Actions --&gt;\n&lt;/div&gt;&lt;/div&gt;&lt;/div&gt;&lt;div class=&quot;slick-slide&quot; data-slick-index=&quot;3&quot; aria-hidden=&quot;true&quot; style=&quot;width: 202px;&quot; tabindex=&quot;-1&quot;&gt;&lt;div&gt;&lt;div class=&quot; product-list-item prod-layout-classic height-2 lazyLoad &quot; data-product=&quot;93303&quot; style=&quot;width: 100%; display: inline-block;&quot;&gt;\n\n\n\n&lt;div class=&quot;promotion_container&quot;&gt;\n\n    &lt;div class=&quot;promotion_label dis_10&quot;&gt;\n\n        &lt;div class=&quot;promotion_label-short &quot; style=&quot;color:white;background:#2950a3;&quot;&gt;\n\n            &lt;span class=&quot;promotion_label-short-title&quot;&gt;\n                \n                -10%\n                \n            &lt;/span&gt;\n\n\n        &lt;/div&gt;\n\n    &lt;/div&gt;\n\n&lt;/div&gt;\n\n\n&lt;!-- Product container link --&gt;\n    &lt;a href=&quot;/shop/product/locion-corporal-nivea-vainilla-y-aceite-de-almendras-piel-normal-a-seca-x-400-ml-WS93303&quot; tabindex=&quot;-1&quot;&gt;\n        &lt;!-- Image wrapper --&gt;\n        &lt;span class=&quot;image kw-prodimage&quot;&gt;\n\n            &lt;!-- Primary image --&gt;\n                &lt;img class=&quot;kw-prodimage-img ls-is-cached lazyloaded&quot; data-src=&quot;https://cdn.batitienda.com/baticloud/images/product_9d318a71f80a41869f2b2dd13660fe98_637439146958013209_0_m.webp&quot; alt=&quot;Loción Corporal Nivea Vainilla Y Aceite de Almendras Piel Normal a Seca x 400 ml&quot; title=&quot;Loción Corporal Nivea Vainilla Y Aceite de Almendras Piel Normal a Seca x 400 ml&quot; src=&quot;https://cdn.batitienda.com/baticloud/images/product_9d318a71f80a41869f2b2dd13660fe98_637439146958013209_0_m.webp&quot;&gt;\n\n\n        &lt;/span&gt;\n\n        &lt;!-- Details --&gt;\n        \n        &lt;div class=&quot;details kw-details fixclear&quot;&gt;\n        \n        \n\n            &lt;span class=&quot;price&quot;&gt;\n                &lt;del&gt;\n                    &lt;span class=&quot;amount&quot;&gt;  \n                        \n                     \n$1.960 &lt;sup&gt;72&lt;/sup&gt;                    &lt;/span&gt;\n                &lt;/del&gt;\n                &lt;span class=&quot;amount&quot;&gt;\n                    \n                    \n$1.764 &lt;sup&gt;65&lt;/sup&gt;                &lt;/span&gt;\n            &lt;/span&gt;\n\n\n\n        &lt;!--/ Price --&gt;\n        &lt;!-- Title --&gt;\n        &lt;h3 class=&quot;kw-details-title&quot;&gt;\n            &lt;span class=&quot;child-top&quot;&gt;\n                \n\n                Loción Corporal Nivea Vainilla Y Aceite de Almendras Piel Normal a Seca x 400 ml\n\n            &lt;/span&gt;\n\n        &lt;/h3&gt;\n\n            &lt;!-- Badge container --&gt;\n            &lt;div class=&quot;new_badge-container&quot;&gt;\n            &lt;/div&gt;\n    &lt;/div&gt;\n        &lt;!--/ details fixclear --&gt;\n    &lt;/a&gt;\n    &lt;!-- Product container link --&gt;\n    &lt;!-- Actions --&gt;\n        &lt;div class=&quot;add-to-cart-buttons on-list js-add-to-cart-list --not-in-cart&quot; data-product=&quot;93303&quot; data-cartitem=&quot;&quot;&gt;\n            \n            &lt;div class=&quot;js-form-product-add&quot; manual=&quot;&quot; ajaxpost=&quot;/shop/cart/item/add&quot; callbackfunctionname=&quot;AddToCartList_callback&quot;&gt;\n                &lt;input type=&quot;hidden&quot; name=&quot;ProductId&quot; value=&quot;93303&quot; tabindex=&quot;-1&quot;&gt;\n                &lt;input type=&quot;hidden&quot; name=&quot;Quantity&quot; value=&quot;1&quot; tabindex=&quot;-1&quot;&gt;\n            &lt;/div&gt;\n\n            &lt;div class=&quot;not-in-cart_actions&quot;&gt;\n                &lt;button type=&quot;button&quot; class=&quot;js-product-add btn-add-first alt&quot; data-product_id=&quot;4005900399946&quot; data-product_name=&quot;Loción Corporal Nivea Vainilla Y Aceite de Almendras Piel Normal a Seca x 400 ml&quot; data-product_brand=&quot;Nivea&quot; data-product_category=&quot;Cuidado Corporal&quot; data-product_price=&quot;1764.65&quot; tabindex=&quot;-1&quot;&gt;\n                    &lt;i class=&quot;las la-shopping-bag&quot;&gt;&lt;/i&gt;\n                    Agregar\n                &lt;/button&gt;\n            &lt;/div&gt;\n\n            &lt;div class=&quot;js-form-cart-add&quot; manual=&quot;&quot; ajaxpost=&quot;/cart/item/add&quot; callbackfunctionname=&quot;AddToCartList_callback&quot;&gt;\n                &lt;input type=&quot;hidden&quot; name=&quot;cartItemId&quot; value=&quot;&quot; tabindex=&quot;-1&quot;&gt;\n            &lt;/div&gt;\n            \n            &lt;div class=&quot;js-form-cart-remove&quot; manual=&quot;&quot; ajaxpost=&quot;/cart/item/substract&quot; callbackfunctionname=&quot;AddToCartList_callback&quot;&gt;\n                &lt;input type=&quot;hidden&quot; name=&quot;cartItemId&quot; value=&quot;&quot; tabindex=&quot;-1&quot;&gt;\n            &lt;/div&gt;\n\n            &lt;div class=&quot;in-cart_actions&quot;&gt;\n                &lt;button type=&quot;button&quot; class=&quot;js-remove btn-remove&quot; tabindex=&quot;-1&quot;&gt;\n                    &lt;i class=&quot;las la-trash&quot;&gt;&lt;/i&gt;\n                &lt;/button&gt;\n                &lt;button type=&quot;button&quot; class=&quot;js-down btn-down&quot; tabindex=&quot;-1&quot;&gt;\n                    &lt;i class=&quot;las la-minus&quot;&gt;&lt;/i&gt;\n                &lt;/button&gt;\n                 \n                &lt;label class=&quot;js-quantity&quot;&gt;1&lt;/label&gt;\n                \n                &lt;button type=&quot;button&quot; class=&quot;js-up btn-up&quot; tabindex=&quot;-1&quot;&gt;\n                    &lt;i class=&quot;las la-plus&quot;&gt;&lt;/i&gt; \n                &lt;/button&gt;\n            &lt;/div&gt;\n        &lt;/div&gt;\n\n  \n    &lt;!--/ Actions --&gt;\n&lt;/div&gt;&lt;/div&gt;&lt;/div&gt;&lt;div class=&quot;slick-slide&quot; data-slick-index=&quot;4&quot; aria-hidden=&quot;true&quot; style=&quot;width: 202px;&quot; tabindex=&quot;-1&quot;&gt;&lt;div&gt;&lt;div class=&quot; product-list-item prod-layout-classic height-2 lazyLoad &quot; data-product=&quot;43893&quot; style=&quot;width: 100%; display: inline-block;&quot;&gt;\n\n\n\n&lt;div class=&quot;promotion_container&quot;&gt;\n\n    &lt;div class=&quot;promotion_label dis_20&quot;&gt;\n\n        &lt;div class=&quot;promotion_label-short &quot; style=&quot;color:white;background:#2950a3;&quot;&gt;\n\n            &lt;span class=&quot;promotion_label-short-title&quot;&gt;\n                \n                -20%\n                \n            &lt;/span&gt;\n\n\n        &lt;/div&gt;\n\n    &lt;/div&gt;\n\n&lt;/div&gt;\n\n\n&lt;!-- Product container link --&gt;\n    &lt;a href=&quot;/shop/product/emulsion-corporal-perpiel-absorcion-inmediata-con-fragancia-x-400-gr-WS43893&quot; tabindex=&quot;-1&quot;&gt;\n        &lt;!-- Image wrapper --&gt;\n        &lt;span class=&quot;image kw-prodimage&quot;&gt;\n\n            &lt;!-- Primary image --&gt;\n                &lt;img class=&quot;kw-prodimage-img ls-is-cached lazyloaded&quot; data-src=&quot;https://cdn.batitienda.com/baticloud/images/product_picture_d3ebf3db099f40adbc4b2acc582dc5ac_638175873827205854_0_m.webp&quot; alt=&quot;Emulsión Corporal Perpiel Absorción Inmediata Con Fragancia x 400 gr&quot; title=&quot;Emulsión Corporal Perpiel Absorción Inmediata Con Fragancia x 400 gr&quot; src=&quot;https://cdn.batitienda.com/baticloud/images/product_picture_d3ebf3db099f40adbc4b2acc582dc5ac_638175873827205854_0_m.webp&quot;&gt;\n\n\n        &lt;/span&gt;\n\n        &lt;!-- Details --&gt;\n        \n        &lt;div class=&quot;details kw-details fixclear&quot;&gt;\n        \n        \n\n            &lt;span class=&quot;price&quot;&gt;\n                &lt;del&gt;\n                    &lt;span class=&quot;amount&quot;&gt;  \n                        \n                     \n$5.629 &lt;sup&gt;27&lt;/sup&gt;                    &lt;/span&gt;\n                &lt;/del&gt;\n                &lt;span class=&quot;amount&quot;&gt;\n                    \n                    \n$4.503 &lt;sup&gt;42&lt;/sup&gt;                &lt;/span&gt;\n            &lt;/span&gt;\n\n\n\n        &lt;!--/ Price --&gt;\n        &lt;!-- Title --&gt;\n        &lt;h3 class=&quot;kw-details-title&quot;&gt;\n            &lt;span class=&quot;child-top&quot;&gt;\n                \n\n                Emulsión Corporal Perpiel Absorción Inmediata Con Fragancia x 400 gr\n\n            &lt;/span&gt;\n\n        &lt;/h3&gt;\n\n            &lt;!-- Badge container --&gt;\n            &lt;div class=&quot;new_badge-container&quot;&gt;\n            &lt;/div&gt;\n    &lt;/div&gt;\n        &lt;!--/ details fixclear --&gt;\n    &lt;/a&gt;\n    &lt;!-- Product container link --&gt;\n    &lt;!-- Actions --&gt;\n        &lt;div class=&quot;add-to-cart-buttons on-list js-add-to-cart-list --not-in-cart&quot; data-product=&quot;43893&quot; data-cartitem=&quot;&quot;&gt;\n            \n            &lt;div class=&quot;js-form-product-add&quot; manual=&quot;&quot; ajaxpost=&quot;/shop/cart/item/add&quot; callbackfunctionname=&quot;AddToCartList_callback&quot;&gt;\n                &lt;input type=&quot;hidden&quot; name=&quot;ProductId&quot; value=&quot;43893&quot; tabindex=&quot;-1&quot;&gt;\n                &lt;input type=&quot;hidden&quot; name=&quot;Quantity&quot; value=&quot;1&quot; tabindex=&quot;-1&quot;&gt;\n            &lt;/div&gt;\n\n            &lt;div class=&quot;not-in-cart_actions&quot;&gt;\n                &lt;button type=&quot;button&quot; class=&quot;js-product-add btn-add-first alt&quot; data-product_id=&quot;7792175009775&quot; data-product_name=&quot;Emulsión Corporal Perpiel Absorción Inmediata Con Fragancia x 400 gr&quot; data-product_brand=&quot;PerPiel&quot; data-product_category=&quot;Cuidado Corporal&quot; data-product_price=&quot;4503.42&quot; tabindex=&quot;-1&quot;&gt;\n                    &lt;i class=&quot;las la-shopping-bag&quot;&gt;&lt;/i&gt;\n                    Agregar\n                &lt;/button&gt;\n            &lt;/div&gt;\n\n            &lt;div class=&quot;js-form-cart-add&quot; manual=&quot;&quot; ajaxpost=&quot;/cart/item/add&quot; callbackfunctionname=&quot;AddToCartList_callback&quot;&gt;\n                &lt;input type=&quot;hidden&quot; name=&quot;cartItemId&quot; value=&quot;&quot; tabindex=&quot;-1&quot;&gt;\n            &lt;/div&gt;\n            \n            &lt;div class=&quot;js-form-cart-remove&quot; manual=&quot;&quot; ajaxpost=&quot;/cart/item/substract&quot; callbackfunctionname=&quot;AddToCartList_callback&quot;&gt;\n                &lt;input type=&quot;hidden&quot; name=&quot;cartItemId&quot; value=&quot;&quot; tabindex=&quot;-1&quot;&gt;\n            &lt;/div&gt;\n\n            &lt;div class=&quot;in-cart_actions&quot;&gt;\n                &lt;button type=&quot;button&quot; class=&quot;js-remove btn-remove&quot; tabindex=&quot;-1&quot;&gt;\n                    &lt;i class=&quot;las la-trash&quot;&gt;&lt;/i&gt;\n                &lt;/button&gt;\n                &lt;button type=&quot;button&quot; class=&quot;js-down btn-down&quot; tabindex=&quot;-1&quot;&gt;\n                    &lt;i class=&quot;las la-minus&quot;&gt;&lt;/i&gt;\n                &lt;/button&gt;\n                 \n                &lt;label class=&quot;js-quantity&quot;&gt;1&lt;/label&gt;\n                \n                &lt;button type=&quot;button&quot; class=&quot;js-up btn-up&quot; tabindex=&quot;-1&quot;&gt;\n                    &lt;i class=&quot;las la-plus&quot;&gt;&lt;/i&gt; \n                &lt;/button&gt;\n            &lt;/div&gt;\n        &lt;/div&gt;\n\n  \n    &lt;!--/ Actions --&gt;\n&lt;/div&gt;&lt;/div&gt;&lt;/div&gt;&lt;div class=&quot;slick-slide&quot; data-slick-index=&quot;5&quot; aria-hidden=&quot;true&quot; style=&quot;width: 202px;&quot; tabindex=&quot;-1&quot;&gt;&lt;div&gt;&lt;div class=&quot; product-list-item prod-layout-classic height-2 lazyLoad &quot; data-product=&quot;125763&quot; style=&quot;width: 100%; display: inline-block;&quot;&gt;\n\n\n\n&lt;div class=&quot;promotion_container&quot;&gt;\n\n    &lt;div class=&quot;promotion_label dis_25&quot;&gt;\n\n        &lt;div class=&quot;promotion_label-short &quot; style=&quot;color:white;background:#2950a3;&quot;&gt;\n\n            &lt;span class=&quot;promotion_label-short-title&quot;&gt;\n                \n                -25%\n                \n            &lt;/span&gt;\n\n\n        &lt;/div&gt;\n\n    &lt;/div&gt;\n\n&lt;/div&gt;\n\n\n&lt;!-- Product container link --&gt;\n    &lt;a href=&quot;/shop/product/voltaren-emulgel-analgesico-antiinflamatorio-pomo-x-30gr-WS125763&quot; tabindex=&quot;-1&quot;&gt;\n        &lt;!-- Image wrapper --&gt;\n        &lt;span class=&quot;image kw-prodimage&quot;&gt;\n\n            &lt;!-- Primary image --&gt;\n                &lt;img class=&quot;kw-prodimage-img ls-is-cached lazyloaded&quot; data-src=&quot;https://cdn.batitienda.com/baticloud/images/product_5d2918e96c644185b9f62f0c475bcb7f_637528867769465180_0_m.webp&quot; alt=&quot;Voltaren Emulgel Analgésico Antiinflamatorio Pomo x 30gr&quot; title=&quot;Voltaren Emulgel Analgésico Antiinflamatorio Pomo x 30gr&quot; src=&quot;https://cdn.batitienda.com/baticloud/images/product_5d2918e96c644185b9f62f0c475bcb7f_637528867769465180_0_m.webp&quot;&gt;\n\n\n        &lt;/span&gt;\n\n        &lt;!-- Details --&gt;\n        \n        &lt;div class=&quot;details kw-details fixclear&quot;&gt;\n        \n        \n\n            &lt;span class=&quot;price&quot;&gt;\n                &lt;del&gt;\n                    &lt;span class=&quot;amount&quot;&gt;  \n                        \n                     \n$3.140 &lt;sup&gt;86&lt;/sup&gt;                    &lt;/span&gt;\n                &lt;/del&gt;\n                &lt;span class=&quot;amount&quot;&gt;\n                    \n                    \n$2.355 &lt;sup&gt;65&lt;/sup&gt;                &lt;/span&gt;\n            &lt;/span&gt;\n\n\n\n        &lt;!--/ Price --&gt;\n        &lt;!-- Title --&gt;\n        &lt;h3 class=&quot;kw-details-title&quot;&gt;\n            &lt;span class=&quot;child-top&quot;&gt;\n                \n\n                Voltaren Emulgel Analgésico Antiinflamatorio Pomo x 30gr\n\n            &lt;/span&gt;\n\n        &lt;/h3&gt;\n\n            &lt;!-- Badge container --&gt;\n            &lt;div class=&quot;new_badge-container&quot;&gt;\n            &lt;/div&gt;\n    &lt;/div&gt;\n        &lt;!--/ details fixclear --&gt;\n    &lt;/a&gt;\n    &lt;!-- Product container link --&gt;\n    &lt;!-- Actions --&gt;\n        &lt;div class=&quot;add-to-cart-buttons on-list js-add-to-cart-list --not-in-cart&quot; data-product=&quot;125763&quot; data-cartitem=&quot;&quot;&gt;\n            \n            &lt;div class=&quot;js-form-product-add&quot; manual=&quot;&quot; ajaxpost=&quot;/shop/cart/item/add&quot; callbackfunctionname=&quot;AddToCartList_callback&quot;&gt;\n                &lt;input type=&quot;hidden&quot; name=&quot;ProductId&quot; value=&quot;125763&quot; tabindex=&quot;-1&quot;&gt;\n                &lt;input type=&quot;hidden&quot; name=&quot;Quantity&quot; value=&quot;1&quot; tabindex=&quot;-1&quot;&gt;\n            &lt;/div&gt;\n\n            &lt;div class=&quot;not-in-cart_actions&quot;&gt;\n                &lt;button type=&quot;button&quot; class=&quot;js-product-add btn-add-first alt&quot; data-product_id=&quot;7794640172168&quot; data-product_name=&quot;Voltaren Emulgel Analgésico Antiinflamatorio Pomo x 30gr&quot; data-product_brand=&quot;voltaren&quot; data-product_category=&quot;Cuidado Corporal&quot; data-product_price=&quot;2355.65&quot; tabindex=&quot;-1&quot;&gt;\n                    &lt;i class=&quot;las la-shopping-bag&quot;&gt;&lt;/i&gt;\n                    Agregar\n                &lt;/button&gt;\n            &lt;/div&gt;\n\n            &lt;div class=&quot;js-form-cart-add&quot; manual=&quot;&quot; ajaxpost=&quot;/cart/item/add&quot; callbackfunctionname=&quot;AddToCartList_callback&quot;&gt;\n                &lt;input type=&quot;hidden&quot; name=&quot;cartItemId&quot; value=&quot;&quot; tabindex=&quot;-1&quot;&gt;\n            &lt;/div&gt;\n            \n            &lt;div class=&quot;js-form-cart-remove&quot; manual=&quot;&quot; ajaxpost=&quot;/cart/item/substract&quot; callbackfunctionname=&quot;AddToCartList_callback&quot;&gt;\n                &lt;input type=&quot;hidden&quot; name=&quot;cartItemId&quot; value=&quot;&quot; tabindex=&quot;-1&quot;&gt;\n            &lt;/div&gt;\n\n            &lt;div class=&quot;in-cart_actions&quot;&gt;\n                &lt;button type=&quot;button&quot; class=&quot;js-remove btn-remove&quot; tabindex=&quot;-1&quot;&gt;\n                    &lt;i class=&quot;las la-trash&quot;&gt;&lt;/i&gt;\n                &lt;/button&gt;\n                &lt;button type=&quot;button&quot; class=&quot;js-down btn-down&quot; tabindex=&quot;-1&quot;&gt;\n                    &lt;i class=&quot;las la-minus&quot;&gt;&lt;/i&gt;\n                &lt;/button&gt;\n                 \n                &lt;label class=&quot;js-quantity&quot;&gt;1&lt;/label&gt;\n                \n                &lt;button type=&quot;button&quot; class=&quot;js-up btn-up&quot; tabindex=&quot;-1&quot;&gt;\n                    &lt;i class=&quot;las la-plus&quot;&gt;&lt;/i&gt; \n                &lt;/button&gt;\n            &lt;/div&gt;\n        &lt;/div&gt;\n\n  \n    &lt;!--/ Actions --&gt;\n&lt;/div&gt;&lt;/div&gt;&lt;/div&gt;&lt;div class=&quot;slick-slide&quot; data-slick-index=&quot;6&quot; aria-hidden=&quot;true&quot; style=&quot;width: 202px;&quot; tabindex=&quot;-1&quot;&gt;&lt;div&gt;&lt;div class=&quot; product-list-item prod-layout-classic height-2 lazyLoad &quot; data-product=&quot;88721&quot; style=&quot;width: 100%; display: inline-block;&quot;&gt;\n\n\n\n&lt;div class=&quot;promotion_container&quot;&gt;\n\n    &lt;div class=&quot;promotion_label dis_10&quot;&gt;\n\n        &lt;div class=&quot;promotion_label-short &quot; style=&quot;color:white;background:#2950a3;&quot;&gt;\n\n            &lt;span class=&quot;promotion_label-short-title&quot;&gt;\n                \n                -10%\n                \n            &lt;/span&gt;\n\n\n        &lt;/div&gt;\n\n    &lt;/div&gt;\n\n&lt;/div&gt;\n\n\n&lt;!-- Product container link --&gt;\n    &lt;a href=&quot;/shop/product/toallitas-desmaquillantes-nivea-3-en-1-para-piel-seca-x-25-unid-WS88721&quot; tabindex=&quot;-1&quot;&gt;\n        &lt;!-- Image wrapper --&gt;\n        &lt;span class=&quot;image kw-prodimage&quot;&gt;\n\n            &lt;!-- Primary image --&gt;\n                &lt;img class=&quot;kw-prodimage-img lazyload&quot; data-src=&quot;https://cdn.batitienda.com/baticloud/images/product_picture_2499adc17d9d4697807d573a9bbd512e_637648082989563524_0_m.webp&quot; alt=&quot;Toallitas Desmaquillantes Nivea 3 en 1  Para Piel Seca x 25 unid&quot; title=&quot;Toallitas Desmaquillantes Nivea 3 en 1  Para Piel Seca x 25 unid&quot;&gt;\n\n\n        &lt;/span&gt;\n\n        &lt;!-- Details --&gt;\n        \n        &lt;div class=&quot;details kw-details fixclear&quot;&gt;\n        \n        \n\n            &lt;span class=&quot;price&quot;&gt;\n                &lt;del&gt;\n                    &lt;span class=&quot;amount&quot;&gt;  \n                        \n                     \n$1.523 &lt;sup&gt;31&lt;/sup&gt;                    &lt;/span&gt;\n                &lt;/del&gt;\n                &lt;span class=&quot;amount&quot;&gt;\n                    \n                    \n$1.370 &lt;sup&gt;98&lt;/sup&gt;                &lt;/span&gt;\n            &lt;/span&gt;\n\n\n\n        &lt;!--/ Price --&gt;\n        &lt;!-- Title --&gt;\n        &lt;h3 class=&quot;kw-details-title&quot;&gt;\n            &lt;span class=&quot;child-top&quot;&gt;\n                \n\n                Toallitas Desmaquillantes Nivea 3 en 1  Para Piel Seca x 25 unid\n\n            &lt;/span&gt;\n\n        &lt;/h3&gt;\n\n            &lt;!-- Badge container --&gt;\n            &lt;div class=&quot;new_badge-container&quot;&gt;\n            &lt;/div&gt;\n    &lt;/div&gt;\n        &lt;!--/ details fixclear --&gt;\n    &lt;/a&gt;\n    &lt;!-- Product container link --&gt;\n    &lt;!-- Actions --&gt;\n        &lt;div class=&quot;add-to-cart-buttons on-list js-add-to-cart-list --not-in-cart&quot; data-product=&quot;88721&quot; data-cartitem=&quot;&quot;&gt;\n            \n            &lt;div class=&quot;js-form-product-add&quot; manual=&quot;&quot; ajaxpost=&quot;/shop/cart/item/add&quot; callbackfunctionname=&quot;AddToCartList_callback&quot;&gt;\n                &lt;input type=&quot;hidden&quot; name=&quot;ProductId&quot; value=&quot;88721&quot; tabindex=&quot;-1&quot;&gt;\n                &lt;input type=&quot;hidden&quot; name=&quot;Quantity&quot; value=&quot;1&quot; tabindex=&quot;-1&quot;&gt;\n            &lt;/div&gt;\n\n            &lt;div class=&quot;not-in-cart_actions&quot;&gt;\n                &lt;button type=&quot;button&quot; class=&quot;js-product-add btn-add-first alt&quot; data-product_id=&quot;4005808185276,4005900985811&quot; data-product_name=&quot;Toallitas Desmaquillantes Nivea 3 en 1  Para Piel Seca x 25 unid&quot; data-product_brand=&quot;Nivea&quot; data-product_category=&quot;Cuidado Facial&quot; data-product_price=&quot;1370.98&quot; tabindex=&quot;-1&quot;&gt;\n                    &lt;i class=&quot;las la-shopping-bag&quot;&gt;&lt;/i&gt;\n                    Agregar\n                &lt;/button&gt;\n            &lt;/div&gt;\n\n            &lt;div class=&quot;js-form-cart-add&quot; manual=&quot;&quot; ajaxpost=&quot;/cart/item/add&quot; callbackfunctionname=&quot;AddToCartList_callback&quot;&gt;\n                &lt;input type=&quot;hidden&quot; name=&quot;cartItemId&quot; value=&quot;&quot; tabindex=&quot;-1&quot;&gt;\n            &lt;/div&gt;\n            \n            &lt;div class=&quot;js-form-cart-remove&quot; manual=&quot;&quot; ajaxpost=&quot;/cart/item/substract&quot; callbackfunctionname=&quot;AddToCartList_callback&quot;&gt;\n                &lt;input type=&quot;hidden&quot; name=&quot;cartItemId&quot; value=&quot;&quot; tabindex=&quot;-1&quot;&gt;\n            &lt;/div&gt;\n\n            &lt;div class=&quot;in-cart_actions&quot;&gt;\n                &lt;button type=&quot;button&quot; class=&quot;js-remove btn-remove&quot; tabindex=&quot;-1&quot;&gt;\n                    &lt;i class=&quot;las la-trash&quot;&gt;&lt;/i&gt;\n                &lt;/button&gt;\n                &lt;button type=&quot;button&quot; class=&quot;js-down btn-down&quot; tabindex=&quot;-1&quot;&gt;\n                    &lt;i class=&quot;las la-minus&quot;&gt;&lt;/i&gt;\n                &lt;/button&gt;\n                 \n                &lt;label class=&quot;js-quantity&quot;&gt;1&lt;/label&gt;\n                \n                &lt;button type=&quot;button&quot; class=&quot;js-up btn-up&quot; tabindex=&quot;-1&quot;&gt;\n                    &lt;i class=&quot;las la-plus&quot;&gt;&lt;/i&gt; \n                &lt;/button&gt;\n            &lt;/div&gt;\n        &lt;/div&gt;\n\n  \n    &lt;!--/ Actions --&gt;\n&lt;/div&gt;&lt;/div&gt;&lt;/div&gt;&lt;div class=&quot;slick-slide&quot; data-slick-index=&quot;7&quot; aria-hidden=&quot;true&quot; style=&quot;width: 202px;&quot; tabindex=&quot;-1&quot;&gt;&lt;div&gt;&lt;div class=&quot; product-list-item prod-layout-classic height-2 lazyLoad &quot; data-product=&quot;8670&quot; style=&quot;width: 100%; display: inline-block;&quot;&gt;\n\n\n\n&lt;div class=&quot;promotion_container&quot;&gt;\n\n    &lt;div class=&quot;promotion_label dis_10&quot;&gt;\n\n        &lt;div class=&quot;promotion_label-short &quot; style=&quot;color:white;background:#2950a3;&quot;&gt;\n\n            &lt;span class=&quot;promotion_label-short-title&quot;&gt;\n                \n                -10%\n                \n            &lt;/span&gt;\n\n\n        &lt;/div&gt;\n\n    &lt;/div&gt;\n\n&lt;/div&gt;\n\n\n&lt;!-- Product container link --&gt;\n    &lt;a href=&quot;/shop/product/crema-facial-5-en-1-nivea-cuidado-nutritivo-para-todo-tipo-de-piel-x-100-ml-WS8670&quot; tabindex=&quot;-1&quot;&gt;\n        &lt;!-- Image wrapper --&gt;\n        &lt;span class=&quot;image kw-prodimage&quot;&gt;\n\n            &lt;!-- Primary image --&gt;\n                &lt;img class=&quot;kw-prodimage-img lazyload&quot; data-src=&quot;https://cdn.batitienda.com/baticloud/images/product_picture_162daa97fbd945e7976216ecbfaba08c_637724500568116843_0_m.webp&quot; alt=&quot;Crema Facial 5 en 1  Nivea Cuidado Nutritivo Para Todo Tipo de Piel x 100 ml&quot; title=&quot;Crema Facial 5 en 1  Nivea Cuidado Nutritivo Para Todo Tipo de Piel x 100 ml&quot;&gt;\n\n\n        &lt;/span&gt;\n\n        &lt;!-- Details --&gt;\n        \n        &lt;div class=&quot;details kw-details fixclear&quot;&gt;\n        \n        \n\n            &lt;span class=&quot;price&quot;&gt;\n                &lt;del&gt;\n                    &lt;span class=&quot;amount&quot;&gt;  \n                        \n                     \n$1.219 &lt;sup&gt;53&lt;/sup&gt;                    &lt;/span&gt;\n                &lt;/del&gt;\n                &lt;span class=&quot;amount&quot;&gt;\n                    \n                    \n$1.097 &lt;sup&gt;58&lt;/sup&gt;                &lt;/span&gt;\n            &lt;/span&gt;\n\n\n\n        &lt;!--/ Price --&gt;\n        &lt;!-- Title --&gt;\n        &lt;h3 class=&quot;kw-details-title&quot;&gt;\n            &lt;span class=&quot;child-top&quot;&gt;\n                \n\n                Crema Facial 5 en 1  Nivea Cuidado Nutritivo Para Todo Tipo de Piel x 100 ml\n\n            &lt;/span&gt;\n\n        &lt;/h3&gt;\n\n            &lt;!-- Badge container --&gt;\n            &lt;div class=&quot;new_badge-container&quot;&gt;\n            &lt;/div&gt;\n    &lt;/div&gt;\n        &lt;!--/ details fixclear --&gt;\n    &lt;/a&gt;\n    &lt;!-- Product container link --&gt;\n    &lt;!-- Actions --&gt;\n        &lt;div class=&quot;add-to-cart-buttons on-list js-add-to-cart-list --not-in-cart&quot; data-product=&quot;8670&quot; data-cartitem=&quot;&quot;&gt;\n            \n            &lt;div class=&quot;js-form-product-add&quot; manual=&quot;&quot; ajaxpost=&quot;/shop/cart/item/add&quot; callbackfunctionname=&quot;AddToCartList_callback&quot;&gt;\n                &lt;input type=&quot;hidden&quot; name=&quot;ProductId&quot; value=&quot;8670&quot; tabindex=&quot;-1&quot;&gt;\n                &lt;input type=&quot;hidden&quot; name=&quot;Quantity&quot; value=&quot;1&quot; tabindex=&quot;-1&quot;&gt;\n            &lt;/div&gt;\n\n            &lt;div class=&quot;not-in-cart_actions&quot;&gt;\n                &lt;button type=&quot;button&quot; class=&quot;js-product-add btn-add-first alt&quot; data-product_id=&quot;42300083&quot; data-product_name=&quot;Crema Facial 5 en 1  Nivea Cuidado Nutritivo Para Todo Tipo de Piel x 100 ml&quot; data-product_brand=&quot;Nivea&quot; data-product_category=&quot;Cuidado Facial&quot; data-product_price=&quot;1097.58&quot; tabindex=&quot;-1&quot;&gt;\n                    &lt;i class=&quot;las la-shopping-bag&quot;&gt;&lt;/i&gt;\n                    Agregar\n                &lt;/button&gt;\n            &lt;/div&gt;\n\n            &lt;div class=&quot;js-form-cart-add&quot; manual=&quot;&quot; ajaxpost=&quot;/cart/item/add&quot; callbackfunctionname=&quot;AddToCartList_callback&quot;&gt;\n                &lt;input type=&quot;hidden&quot; name=&quot;cartItemId&quot; value=&quot;&quot; tabindex=&quot;-1&quot;&gt;\n            &lt;/div&gt;\n            \n            &lt;div class=&quot;js-form-cart-remove&quot; manual=&quot;&quot; ajaxpost=&quot;/cart/item/substract&quot; callbackfunctionname=&quot;AddToCartList_callback&quot;&gt;\n                &lt;input type=&quot;hidden&quot; name=&quot;cartItemId&quot; value=&quot;&quot; tabindex=&quot;-1&quot;&gt;\n            &lt;/div&gt;\n\n            &lt;div class=&quot;in-cart_actions&quot;&gt;\n                &lt;button type=&quot;button&quot; class=&quot;js-remove btn-remove&quot; tabindex=&quot;-1&quot;&gt;\n                    &lt;i class=&quot;las la-trash&quot;&gt;&lt;/i&gt;\n                &lt;/button&gt;\n                &lt;button type=&quot;button&quot; class=&quot;js-down btn-down&quot; tabindex=&quot;-1&quot;&gt;\n                    &lt;i class=&quot;las la-minus&quot;&gt;&lt;/i&gt;\n                &lt;/button&gt;\n                 \n                &lt;label class=&quot;js-quantity&quot;&gt;1&lt;/label&gt;\n                \n                &lt;button type=&quot;button&quot; class=&quot;js-up btn-up&quot; tabindex=&quot;-1&quot;&gt;\n                    &lt;i class=&quot;las la-plus&quot;&gt;&lt;/i&gt; \n                &lt;/button&gt;\n            &lt;/div&gt;\n        &lt;/div&gt;\n\n  \n    &lt;!--/ Actions --&gt;\n&lt;/div&gt;&lt;/div&gt;&lt;/div&gt;&lt;div class=&quot;slick-slide&quot; data-slick-index=&quot;8&quot; aria-hidden=&quot;true&quot; style=&quot;width: 202px;&quot; tabindex=&quot;-1&quot;&gt;&lt;div&gt;&lt;div class=&quot; product-list-item prod-layout-classic height-2 lazyLoad &quot; data-product=&quot;8666&quot; style=&quot;width: 100%; display: inline-block;&quot;&gt;\n\n\n\n&lt;div class=&quot;promotion_container&quot;&gt;\n\n    &lt;div class=&quot;promotion_label dis_10&quot;&gt;\n\n        &lt;div class=&quot;promotion_label-short &quot; style=&quot;color:white;background:#2950a3;&quot;&gt;\n\n            &lt;span class=&quot;promotion_label-short-title&quot;&gt;\n                \n                -10%\n                \n            &lt;/span&gt;\n\n\n        &lt;/div&gt;\n\n    &lt;/div&gt;\n\n&lt;/div&gt;\n\n\n&lt;!-- Product container link --&gt;\n    &lt;a href=&quot;/shop/product/crema-facial-nivea-revitalizante-antiarrugas-con-aceite-de-argan-45-x-50-ml-WS8666&quot; tabindex=&quot;-1&quot;&gt;\n        &lt;!-- Image wrapper --&gt;\n        &lt;span class=&quot;image kw-prodimage&quot;&gt;\n\n            &lt;!-- Primary image --&gt;\n                &lt;img class=&quot;kw-prodimage-img lazyload&quot; data-src=&quot;https://cdn.batitienda.com/baticloud/images/product_34133a19d9b84a02a42038f9e35bb8f3_636979240986891461_0_m.webp&quot; alt=&quot;Crema Facial Nivea Revitalizante  antiarrugas Con Aceite de Argán 45+ x 50 ml&quot; title=&quot;Crema Facial Nivea Revitalizante  antiarrugas Con Aceite de Argán 45+ x 50 ml&quot;&gt;\n\n                &lt;!-- Secondary image --&gt;\n                &lt;img class=&quot;kw-prodimage-img-secondary lazyload&quot; data-src=&quot;https://cdn.batitienda.com/baticloud/images/product_picture_4df2a64a660848048ba1e653c7c87ae3_637724447451659060_0_m.webp&quot; alt=&quot;Crema Facial Nivea Revitalizante  antiarrugas Con Aceite de Argán 45+ x 50 ml alt&quot; title=&quot;Crema Facial Nivea Revitalizante  antiarrugas Con Aceite de Argán 45+ x 50 ml alt&quot;&gt;\n\n        &lt;/span&gt;\n\n        &lt;!-- Details --&gt;\n        \n        &lt;div class=&quot;details kw-details fixclear&quot;&gt;\n        \n        \n\n            &lt;span class=&quot;price&quot;&gt;\n                &lt;del&gt;\n                    &lt;span class=&quot;amount&quot;&gt;  \n                        \n                     \n$3.366 &lt;sup&gt;76&lt;/sup&gt;                    &lt;/span&gt;\n                &lt;/del&gt;\n                &lt;span class=&quot;amount&quot;&gt;\n                    \n                    \n$3.030 &lt;sup&gt;08&lt;/sup&gt;                &lt;/span&gt;\n            &lt;/span&gt;\n\n\n\n        &lt;!--/ Price --&gt;\n        &lt;!-- Title --&gt;\n        &lt;h3 class=&quot;kw-details-title&quot;&gt;\n            &lt;span class=&quot;child-top&quot;&gt;\n                \n\n                Crema Facial Nivea Revitalizante  antiarrugas Con Aceite de Argán 45+ x 50 ml\n\n            &lt;/span&gt;\n\n        &lt;/h3&gt;\n\n            &lt;!-- Badge container --&gt;\n            &lt;div class=&quot;new_badge-container&quot;&gt;\n            &lt;/div&gt;\n    &lt;/div&gt;\n        &lt;!--/ details fixclear --&gt;\n    &lt;/a&gt;\n    &lt;!-- Product container link --&gt;\n    &lt;!-- Actions --&gt;\n        &lt;div class=&quot;add-to-cart-buttons on-list js-add-to-cart-list --not-in-cart&quot; data-product=&quot;8666&quot; data-cartitem=&quot;&quot;&gt;\n            \n            &lt;div class=&quot;js-form-product-add&quot; manual=&quot;&quot; ajaxpost=&quot;/shop/cart/item/add&quot; callbackfunctionname=&quot;AddToCartList_callback&quot;&gt;\n                &lt;input type=&quot;hidden&quot; name=&quot;ProductId&quot; value=&quot;8666&quot; tabindex=&quot;-1&quot;&gt;\n                &lt;input type=&quot;hidden&quot; name=&quot;Quantity&quot; value=&quot;1&quot; tabindex=&quot;-1&quot;&gt;\n            &lt;/div&gt;\n\n            &lt;div class=&quot;not-in-cart_actions&quot;&gt;\n                &lt;button type=&quot;button&quot; class=&quot;js-product-add btn-add-first alt&quot; data-product_id=&quot;4005900470928&quot; data-product_name=&quot;Crema Facial Nivea Revitalizante  antiarrugas Con Aceite de Argán 45+ x 50 ml&quot; data-product_brand=&quot;Nivea&quot; data-product_category=&quot;Cuidado Facial&quot; data-product_price=&quot;3030.08&quot; tabindex=&quot;-1&quot;&gt;\n                    &lt;i class=&quot;las la-shopping-bag&quot;&gt;&lt;/i&gt;\n                    Agregar\n                &lt;/button&gt;\n            &lt;/div&gt;\n\n            &lt;div class=&quot;js-form-cart-add&quot; manual=&quot;&quot; ajaxpost=&quot;/cart/item/add&quot; callbackfunctionname=&quot;AddToCartList_callback&quot;&gt;\n                &lt;input type=&quot;hidden&quot; name=&quot;cartItemId&quot; value=&quot;&quot; tabindex=&quot;-1&quot;&gt;\n            &lt;/div&gt;\n            \n            &lt;div class=&quot;js-form-cart-remove&quot; manual=&quot;&quot; ajaxpost=&quot;/cart/item/substract&quot; callbackfunctionname=&quot;AddToCartList_callback&quot;&gt;\n                &lt;input type=&quot;hidden&quot; name=&quot;cartItemId&quot; value=&quot;&quot; tabindex=&quot;-1&quot;&gt;\n            &lt;/div&gt;\n\n            &lt;div class=&quot;in-cart_actions&quot;&gt;\n                &lt;button type=&quot;button&quot; class=&quot;js-remove btn-remove&quot; tabindex=&quot;-1&quot;&gt;\n                    &lt;i class=&quot;las la-trash&quot;&gt;&lt;/i&gt;\n                &lt;/button&gt;\n                &lt;button type=&quot;button&quot; class=&quot;js-down btn-down&quot; tabindex=&quot;-1&quot;&gt;\n                    &lt;i class=&quot;las la-minus&quot;&gt;&lt;/i&gt;\n                &lt;/button&gt;\n                 \n                &lt;label class=&quot;js-quantity&quot;&gt;1&lt;/label&gt;\n                \n                &lt;button type=&quot;button&quot; class=&quot;js-up btn-up&quot; tabindex=&quot;-1&quot;&gt;\n                    &lt;i class=&quot;las la-plus&quot;&gt;&lt;/i&gt; \n                &lt;/button&gt;\n            &lt;/div&gt;\n        &lt;/div&gt;\n\n  \n    &lt;!--/ Actions --&gt;\n&lt;/div&gt;&lt;/div&gt;&lt;/div&gt;&lt;div class=&quot;slick-slide&quot; data-slick-index=&quot;9&quot; aria-hidden=&quot;true&quot; style=&quot;width: 202px;&quot; tabindex=&quot;-1&quot;&gt;&lt;div&gt;&lt;div class=&quot; product-list-item prod-layout-classic height-2 lazyLoad &quot; data-product=&quot;93291&quot; style=&quot;width: 100%; display: inline-block;&quot;&gt;\n\n\n\n&lt;div class=&quot;promotion_container&quot;&gt;\n\n    &lt;div class=&quot;promotion_label dis_10&quot;&gt;\n\n        &lt;div class=&quot;promotion_label-short &quot; style=&quot;color:white;background:#2950a3;&quot;&gt;\n\n            &lt;span class=&quot;promotion_label-short-title&quot;&gt;\n                \n                -10%\n                \n            &lt;/span&gt;\n\n\n        &lt;/div&gt;\n\n    &lt;/div&gt;\n\n&lt;/div&gt;\n\n\n&lt;!-- Product container link --&gt;\n    &lt;a href=&quot;/shop/product/desodorante-antitranspirante-nivea-men-fresh-ice-roll-on-x-50-ml-WS93291&quot; tabindex=&quot;-1&quot;&gt;\n        &lt;!-- Image wrapper --&gt;\n        &lt;span class=&quot;image kw-prodimage&quot;&gt;\n\n            &lt;!-- Primary image --&gt;\n                &lt;img class=&quot;kw-prodimage-img lazyload&quot; data-src=&quot;https://cdn.batitienda.com/baticloud/images/product_a310497ad0be4596a2aa6d2e8c26dcec_637439137296084566_0_m.webp&quot; alt=&quot;Desodorante Antitranspirante Nivea Men Fresh Ice Roll On x 50 ml&quot; title=&quot;Desodorante Antitranspirante Nivea Men Fresh Ice Roll On x 50 ml&quot;&gt;\n\n\n        &lt;/span&gt;\n\n        &lt;!-- Details --&gt;\n        \n        &lt;div class=&quot;details kw-details fixclear&quot;&gt;\n        \n        \n\n            &lt;span class=&quot;price&quot;&gt;\n                &lt;del&gt;\n                    &lt;span class=&quot;amount&quot;&gt;  \n                        \n                     \n$672 &lt;sup&gt;64&lt;/sup&gt;                    &lt;/span&gt;\n                &lt;/del&gt;\n                &lt;span class=&quot;amount&quot;&gt;\n                    \n                    \n$605 &lt;sup&gt;38&lt;/sup&gt;                &lt;/span&gt;\n            &lt;/span&gt;\n\n\n\n        &lt;!--/ Price --&gt;\n        &lt;!-- Title --&gt;\n        &lt;h3 class=&quot;kw-details-title&quot;&gt;\n            &lt;span class=&quot;child-top&quot;&gt;\n                \n\n                Desodorante Antitranspirante Nivea Men Fresh Ice Roll On x 50 ml\n\n            &lt;/span&gt;\n\n        &lt;/h3&gt;\n\n            &lt;!-- Badge container --&gt;\n            &lt;div class=&quot;new_badge-container&quot;&gt;\n            &lt;/div&gt;\n    &lt;/div&gt;\n        &lt;!--/ details fixclear --&gt;\n    &lt;/a&gt;\n    &lt;!-- Product container link --&gt;\n    &lt;!-- Actions --&gt;\n        &lt;div class=&quot;add-to-cart-buttons on-list js-add-to-cart-list --not-in-cart&quot; data-product=&quot;93291&quot; data-cartitem=&quot;&quot;&gt;\n            \n            &lt;div class=&quot;js-form-product-add&quot; manual=&quot;&quot; ajaxpost=&quot;/shop/cart/item/add&quot; callbackfunctionname=&quot;AddToCartList_callback&quot;&gt;\n                &lt;input type=&quot;hidden&quot; name=&quot;ProductId&quot; value=&quot;93291&quot; tabindex=&quot;-1&quot;&gt;\n                &lt;input type=&quot;hidden&quot; name=&quot;Quantity&quot; value=&quot;1&quot; tabindex=&quot;-1&quot;&gt;\n            &lt;/div&gt;\n\n            &lt;div class=&quot;not-in-cart_actions&quot;&gt;\n                &lt;button type=&quot;button&quot; class=&quot;js-product-add btn-add-first alt&quot; data-product_id=&quot;4005900517005&quot; data-product_name=&quot;Desodorante Antitranspirante Nivea Men Fresh Ice Roll On x 50 ml&quot; data-product_brand=&quot;Nivea&quot; data-product_category=&quot;Desodorante Hombre&quot; data-product_price=&quot;605.38&quot; tabindex=&quot;-1&quot;&gt;\n                    &lt;i class=&quot;las la-shopping-bag&quot;&gt;&lt;/i&gt;\n                    Agregar\n                &lt;/button&gt;\n            &lt;/div&gt;\n\n            &lt;div class=&quot;js-form-cart-add&quot; manual=&quot;&quot; ajaxpost=&quot;/cart/item/add&quot; callbackfunctionname=&quot;AddToCartList_callback&quot;&gt;\n                &lt;input type=&quot;hidden&quot; name=&quot;cartItemId&quot; value=&quot;&quot; tabindex=&quot;-1&quot;&gt;\n            &lt;/div&gt;\n            \n            &lt;div class=&quot;js-form-cart-remove&quot; manual=&quot;&quot; ajaxpost=&quot;/cart/item/substract&quot; callbackfunctionname=&quot;AddToCartList_callback&quot;&gt;\n                &lt;input type=&quot;hidden&quot; name=&quot;cartItemId&quot; value=&quot;&quot; tabindex=&quot;-1&quot;&gt;\n            &lt;/div&gt;\n\n            &lt;div class=&quot;in-cart_actions&quot;&gt;\n                &lt;button type=&quot;button&quot; class=&quot;js-remove btn-remove&quot; tabindex=&quot;-1&quot;&gt;\n                    &lt;i class=&quot;las la-trash&quot;&gt;&lt;/i&gt;\n                &lt;/button&gt;\n                &lt;button type=&quot;button&quot; class=&quot;js-down btn-down&quot; tabindex=&quot;-1&quot;&gt;\n                    &lt;i class=&quot;las la-minus&quot;&gt;&lt;/i&gt;\n                &lt;/button&gt;\n                 \n                &lt;label class=&quot;js-quantity&quot;&gt;1&lt;/label&gt;\n                \n                &lt;button type=&quot;button&quot; class=&quot;js-up btn-up&quot; tabindex=&quot;-1&quot;&gt;\n                    &lt;i class=&quot;las la-plus&quot;&gt;&lt;/i&gt; \n                &lt;/button&gt;\n            &lt;/div&gt;\n        &lt;/div&gt;\n\n  \n    &lt;!--/ Actions --&gt;\n&lt;/div&gt;&lt;/div&gt;&lt;/div&gt;&lt;div class=&quot;slick-slide&quot; data-slick-index=&quot;10&quot; aria-hidden=&quot;true&quot; style=&quot;width: 202px;&quot; tabindex=&quot;-1&quot;&gt;&lt;div&gt;&lt;div class=&quot; product-list-item prod-layout-classic height-2 lazyLoad &quot; data-product=&quot;426927&quot; style=&quot;width: 100%; display: inline-block;&quot;&gt;\n\n\n\n&lt;div class=&quot;promotion_container&quot;&gt;\n\n    &lt;div class=&quot;promotion_label dis_10&quot;&gt;\n\n        &lt;div class=&quot;promotion_label-short &quot; style=&quot;color:white;background:#2950a3;&quot;&gt;\n\n            &lt;span class=&quot;promotion_label-short-title&quot;&gt;\n                \n                -10%\n                \n            &lt;/span&gt;\n\n\n        &lt;/div&gt;\n\n    &lt;/div&gt;\n\n&lt;/div&gt;\n\n\n&lt;!-- Product container link --&gt;\n    &lt;a href=&quot;/shop/product/desodorante-antitranspirante-nivea-men-antibacterial-spray-x-150-ml-WS426927&quot; tabindex=&quot;-1&quot;&gt;\n        &lt;!-- Image wrapper --&gt;\n        &lt;span class=&quot;image kw-prodimage&quot;&gt;\n\n            &lt;!-- Primary image --&gt;\n                &lt;img class=&quot;kw-prodimage-img lazyload&quot; data-src=&quot;https://cdn.batitienda.com/baticloud/images/product_picture_1538e361d3db493bac765a6315fb6e1c_637724433914525391_0_m.webp&quot; alt=&quot;Desodorante Antitranspirante Nivea Men Antibacterial Spray x 150 ml&quot; title=&quot;Desodorante Antitranspirante Nivea Men Antibacterial Spray x 150 ml&quot;&gt;\n\n\n        &lt;/span&gt;\n\n        &lt;!-- Details --&gt;\n        \n        &lt;div class=&quot;details kw-details fixclear&quot;&gt;\n        \n        \n\n            &lt;span class=&quot;price&quot;&gt;\n                &lt;del&gt;\n                    &lt;span class=&quot;amount&quot;&gt;  \n                        \n                     \n$906 &lt;sup&gt;46&lt;/sup&gt;                    &lt;/span&gt;\n                &lt;/del&gt;\n                &lt;span class=&quot;amount&quot;&gt;\n                    \n                    \n$815 &lt;sup&gt;81&lt;/sup&gt;                &lt;/span&gt;\n            &lt;/span&gt;\n\n\n\n        &lt;!--/ Price --&gt;\n        &lt;!-- Title --&gt;\n        &lt;h3 class=&quot;kw-details-title&quot;&gt;\n            &lt;span class=&quot;child-top&quot;&gt;\n                \n\n                Desodorante Antitranspirante Nivea Men Antibacterial Spray x 150 ml\n\n            &lt;/span&gt;\n\n        &lt;/h3&gt;\n\n            &lt;!-- Badge container --&gt;\n            &lt;div class=&quot;new_badge-container&quot;&gt;\n            &lt;/div&gt;\n    &lt;/div&gt;\n        &lt;!--/ details fixclear --&gt;\n    &lt;/a&gt;\n    &lt;!-- Product container link --&gt;\n    &lt;!-- Actions --&gt;\n        &lt;div class=&quot;add-to-cart-buttons on-list js-add-to-cart-list --not-in-cart&quot; data-product=&quot;426927&quot; data-cartitem=&quot;&quot;&gt;\n            \n            &lt;div class=&quot;js-form-product-add&quot; manual=&quot;&quot; ajaxpost=&quot;/shop/cart/item/add&quot; callbackfunctionname=&quot;AddToCartList_callback&quot;&gt;\n                &lt;input type=&quot;hidden&quot; name=&quot;ProductId&quot; value=&quot;426927&quot; tabindex=&quot;-1&quot;&gt;\n                &lt;input type=&quot;hidden&quot; name=&quot;Quantity&quot; value=&quot;1&quot; tabindex=&quot;-1&quot;&gt;\n            &lt;/div&gt;\n\n            &lt;div class=&quot;not-in-cart_actions&quot;&gt;\n                &lt;button type=&quot;button&quot; class=&quot;js-product-add btn-add-first alt&quot; data-product_id=&quot;4005900907264&quot; data-product_name=&quot;Desodorante Antitranspirante Nivea Men Antibacterial Spray x 150 ml&quot; data-product_brand=&quot;Nivea&quot; data-product_category=&quot;Desodorante Hombre&quot; data-product_price=&quot;815.81&quot; tabindex=&quot;-1&quot;&gt;\n                    &lt;i class=&quot;las la-shopping-bag&quot;&gt;&lt;/i&gt;\n                    Agregar\n                &lt;/button&gt;\n            &lt;/div&gt;\n\n            &lt;div class=&quot;js-form-cart-add&quot; manual=&quot;&quot; ajaxpost=&quot;/cart/item/add&quot; callbackfunctionname=&quot;AddToCartList_callback&quot;&gt;\n                &lt;input type=&quot;hidden&quot; name=&quot;cartItemId&quot; value=&quot;&quot; tabindex=&quot;-1&quot;&gt;\n            &lt;/div&gt;\n            \n            &lt;div class=&quot;js-form-cart-remove&quot; manual=&quot;&quot; ajaxpost=&quot;/cart/item/substract&quot; callbackfunctionname=&quot;AddToCartList_callback&quot;&gt;\n                &lt;input type=&quot;hidden&quot; name=&quot;cartItemId&quot; value=&quot;&quot; tabindex=&quot;-1&quot;&gt;\n            &lt;/div&gt;\n\n            &lt;div class=&quot;in-cart_actions&quot;&gt;\n                &lt;button type=&quot;button&quot; class=&quot;js-remove btn-remove&quot; tabindex=&quot;-1&quot;&gt;\n                    &lt;i class=&quot;las la-trash&quot;&gt;&lt;/i&gt;\n                &lt;/button&gt;\n                &lt;button type=&quot;button&quot; class=&quot;js-down btn-down&quot; tabindex=&quot;-1&quot;&gt;\n                    &lt;i class=&quot;las la-minus&quot;&gt;&lt;/i&gt;\n                &lt;/button&gt;\n                 \n                &lt;label class=&quot;js-quantity&quot;&gt;1&lt;/label&gt;\n                \n                &lt;button type=&quot;button&quot; class=&quot;js-up btn-up&quot; tabindex=&quot;-1&quot;&gt;\n                    &lt;i class=&quot;las la-plus&quot;&gt;&lt;/i&gt; \n                &lt;/button&gt;\n            &lt;/div&gt;\n        &lt;/div&gt;\n\n  \n    &lt;!--/ Actions --&gt;\n&lt;/div&gt;&lt;/div&gt;&lt;/div&gt;&lt;div class=&quot;slick-slide&quot; data-slick-index=&quot;11&quot; aria-hidden=&quot;true&quot; style=&quot;width: 202px;&quot; tabindex=&quot;-1&quot;&gt;&lt;div&gt;&lt;div class=&quot; product-list-item prod-layout-classic height-2 lazyLoad &quot; data-product=&quot;88786&quot; style=&quot;width: 100%; display: inline-block;&quot;&gt;\n\n\n\n&lt;div class=&quot;promotion_container&quot;&gt;\n\n    &lt;div class=&quot;promotion_label dis_10&quot;&gt;\n\n        &lt;div class=&quot;promotion_label-short &quot; style=&quot;color:white;background:#2950a3;&quot;&gt;\n\n            &lt;span class=&quot;promotion_label-short-title&quot;&gt;\n                \n                -10%\n                \n            &lt;/span&gt;\n\n\n        &lt;/div&gt;\n\n    &lt;/div&gt;\n\n&lt;/div&gt;\n\n\n&lt;!-- Product container link --&gt;\n    &lt;a href=&quot;/shop/product/desodorante-antitranspirante-nivea-femenino-protect-care-roll-on-x-50-ml-WS88786&quot; tabindex=&quot;-1&quot;&gt;\n        &lt;!-- Image wrapper --&gt;\n        &lt;span class=&quot;image kw-prodimage&quot;&gt;\n\n            &lt;!-- Primary image --&gt;\n                &lt;img class=&quot;kw-prodimage-img lazyload&quot; data-src=&quot;https://cdn.batitienda.com/baticloud/images/product_793e5d0d9fc74b3a9713d7fe8aafd659_637436526864833123_0_m.webp&quot; alt=&quot;Desodorante Antitranspirante Nivea Femenino Protect &amp;amp; Care Roll On x 50 ml&quot; title=&quot;Desodorante Antitranspirante Nivea Femenino Protect &amp;amp; Care Roll On x 50 ml&quot;&gt;\n\n\n        &lt;/span&gt;\n\n        &lt;!-- Details --&gt;\n        \n        &lt;div class=&quot;details kw-details fixclear&quot;&gt;\n        \n        \n\n            &lt;span class=&quot;price&quot;&gt;\n                &lt;del&gt;\n                    &lt;span class=&quot;amount&quot;&gt;  \n                        \n                     \n$716 &lt;sup&gt;21&lt;/sup&gt;                    &lt;/span&gt;\n                &lt;/del&gt;\n                &lt;span class=&quot;amount&quot;&gt;\n                    \n                    \n$644 &lt;sup&gt;59&lt;/sup&gt;                &lt;/span&gt;\n            &lt;/span&gt;\n\n\n\n        &lt;!--/ Price --&gt;\n        &lt;!-- Title --&gt;\n        &lt;h3 class=&quot;kw-details-title&quot;&gt;\n            &lt;span class=&quot;child-top&quot;&gt;\n                \n\n                Desodorante Antitranspirante Nivea Femenino Protect &amp;amp; Care Roll On x 50 ml\n\n            &lt;/span&gt;\n\n        &lt;/h3&gt;\n\n            &lt;!-- Badge container --&gt;\n            &lt;div class=&quot;new_badge-container&quot;&gt;\n            &lt;/div&gt;\n    &lt;/div&gt;\n        &lt;!--/ details fixclear --&gt;\n    &lt;/a&gt;\n    &lt;!-- Product container link --&gt;\n    &lt;!-- Actions --&gt;\n        &lt;div class=&quot;add-to-cart-buttons on-list js-add-to-cart-list --not-in-cart&quot; data-product=&quot;88786&quot; data-cartitem=&quot;&quot;&gt;\n            \n            &lt;div class=&quot;js-form-product-add&quot; manual=&quot;&quot; ajaxpost=&quot;/shop/cart/item/add&quot; callbackfunctionname=&quot;AddToCartList_callback&quot;&gt;\n                &lt;input type=&quot;hidden&quot; name=&quot;ProductId&quot; value=&quot;88786&quot; tabindex=&quot;-1&quot;&gt;\n                &lt;input type=&quot;hidden&quot; name=&quot;Quantity&quot; value=&quot;1&quot; tabindex=&quot;-1&quot;&gt;\n            &lt;/div&gt;\n\n            &lt;div class=&quot;not-in-cart_actions&quot;&gt;\n                &lt;button type=&quot;button&quot; class=&quot;js-product-add btn-add-first alt&quot; data-product_id=&quot;4005900130785&quot; data-product_name=&quot;Desodorante Antitranspirante Nivea Femenino Protect &amp;amp; Care Roll On x 50 ml&quot; data-product_brand=&quot;Nivea&quot; data-product_category=&quot;Desodorante Mujer&quot; data-product_price=&quot;644.59&quot; tabindex=&quot;-1&quot;&gt;\n                    &lt;i class=&quot;las la-shopping-bag&quot;&gt;&lt;/i&gt;\n                    Agregar\n                &lt;/button&gt;\n            &lt;/div&gt;\n\n            &lt;div class=&quot;js-form-cart-add&quot; manual=&quot;&quot; ajaxpost=&quot;/cart/item/add&quot; callbackfunctionname=&quot;AddToCartList_callback&quot;&gt;\n                &lt;input type=&quot;hidden&quot; name=&quot;cartItemId&quot; value=&quot;&quot; tabindex=&quot;-1&quot;&gt;\n            &lt;/div&gt;\n            \n            &lt;div class=&quot;js-form-cart-remove&quot; manual=&quot;&quot; ajaxpost=&quot;/cart/item/substract&quot; callbackfunctionname=&quot;AddToCartList_callback&quot;&gt;\n                &lt;input type=&quot;hidden&quot; name=&quot;cartItemId&quot; value=&quot;&quot; tabindex=&quot;-1&quot;&gt;\n            &lt;/div&gt;\n\n            &lt;div class=&quot;in-cart_actions&quot;&gt;\n                &lt;button type=&quot;button&quot; class=&quot;js-remove btn-remove&quot; tabindex=&quot;-1&quot;&gt;\n                    &lt;i class=&quot;las la-trash&quot;&gt;&lt;/i&gt;\n                &lt;/button&gt;\n                &lt;button type=&quot;button&quot; class=&quot;js-down btn-down&quot; tabindex=&quot;-1&quot;&gt;\n                    &lt;i class=&quot;las la-minus&quot;&gt;&lt;/i&gt;\n                &lt;/button&gt;\n                 \n                &lt;label class=&quot;js-quantity&quot;&gt;1&lt;/label&gt;\n                \n                &lt;button type=&quot;button&quot; class=&quot;js-up btn-up&quot; tabindex=&quot;-1&quot;&gt;\n                    &lt;i class=&quot;las la-plus&quot;&gt;&lt;/i&gt; \n                &lt;/button&gt;\n            &lt;/div&gt;\n        &lt;/div&gt;\n\n  \n    &lt;!--/ Actions --&gt;\n&lt;/div&gt;&lt;/div&gt;&lt;/div&gt;&lt;div class=&quot;slick-slide slick-cloned&quot; data-slick-index=&quot;12&quot; aria-hidden=&quot;true&quot; style=&quot;width: 202px;&quot; tabindex=&quot;-1&quot;&gt;&lt;div&gt;&lt;div class=&quot; product-list-item prod-layout-classic height-2 lazyLoad &quot; data-product=&quot;1177283&quot; style=&quot;width: 100%; display: inline-block;&quot;&gt;\n\n\n\n&lt;div class=&quot;promotion_container&quot;&gt;\n\n    &lt;div class=&quot;promotion_label dis_25&quot;&gt;\n\n        &lt;div class=&quot;promotion_label-short &quot; style=&quot;color:white;background:#2950a3;&quot;&gt;\n\n            &lt;span class=&quot;promotion_label-short-title&quot;&gt;\n                \n                -25%\n                \n            &lt;/span&gt;\n\n\n        &lt;/div&gt;\n\n    &lt;/div&gt;\n\n&lt;/div&gt;\n\n\n&lt;!-- Product container link --&gt;\n    &lt;a href=&quot;/shop/product/gel-limpieza-aveno-x-250gr-WS1177283&quot; tabindex=&quot;-1&quot;&gt;\n        &lt;!-- Image wrapper --&gt;\n        &lt;span class=&quot;image kw-prodimage&quot;&gt;\n\n            &lt;!-- Primary image --&gt;\n                &lt;img class=&quot;kw-prodimage-img lazyload&quot; data-src=&quot;https://cdn.batitienda.com/baticloud/images/product_picture_d9dbea61cd214c5bb8959cb36c94a79a_638133233065899894_0_m.webp&quot; alt=&quot;Gel Limpieza Aveno x 250gr&quot; title=&quot;Gel Limpieza Aveno x 250gr&quot;&gt;\n\n                &lt;!-- Secondary image --&gt;\n                &lt;img class=&quot;kw-prodimage-img-secondary lazyload&quot; data-src=&quot;https://cdn.batitienda.com/baticloud/images/product_picture_04278ca1c9ae46eba0ae6dd7a223f91f_638133233228149278_0_m.webp&quot; alt=&quot;Gel Limpieza Aveno x 250gr alt&quot; title=&quot;Gel Limpieza Aveno x 250gr alt&quot;&gt;\n\n        &lt;/span&gt;\n\n        &lt;!-- Details --&gt;\n        \n        &lt;div class=&quot;details kw-details fixclear&quot;&gt;\n        \n        \n\n            &lt;span class=&quot;price&quot;&gt;\n                &lt;del&gt;\n                    &lt;span class=&quot;amount&quot;&gt;  \n                        \n                     \n$7.176 &lt;sup&gt;85&lt;/sup&gt;                    &lt;/span&gt;\n                &lt;/del&gt;\n                &lt;span class=&quot;amount&quot;&gt;\n                    \n                    \n$5.382 &lt;sup&gt;64&lt;/sup&gt;                &lt;/span&gt;\n            &lt;/span&gt;\n\n\n\n        &lt;!--/ Price --&gt;\n        &lt;!-- Title --&gt;\n        &lt;h3 class=&quot;kw-details-title&quot;&gt;\n            &lt;span class=&quot;child-top&quot;&gt;\n                \n\n                Gel Limpieza Aveno x 250gr\n\n            &lt;/span&gt;\n\n        &lt;/h3&gt;\n\n            &lt;!-- Badge container --&gt;\n            &lt;div class=&quot;new_badge-container&quot;&gt;\n            &lt;/div&gt;\n    &lt;/div&gt;\n        &lt;!--/ details fixclear --&gt;\n    &lt;/a&gt;\n    &lt;!-- Product container link --&gt;\n    &lt;!-- Actions --&gt;\n        &lt;div class=&quot;add-to-cart-buttons on-list js-add-to-cart-list --not-in-cart&quot; data-product=&quot;1177283&quot; data-cartitem=&quot;&quot;&gt;\n            \n            &lt;div class=&quot;js-form-product-add&quot; manual=&quot;&quot; ajaxpost=&quot;/shop/cart/item/add&quot; callbackfunctionname=&quot;AddToCartList_callback&quot;&gt;\n                &lt;input type=&quot;hidden&quot; name=&quot;ProductId&quot; value=&quot;1177283&quot; tabindex=&quot;-1&quot;&gt;\n                &lt;input type=&quot;hidden&quot; name=&quot;Quantity&quot; value=&quot;1&quot; tabindex=&quot;-1&quot;&gt;\n            &lt;/div&gt;\n\n            &lt;div class=&quot;not-in-cart_actions&quot;&gt;\n                &lt;button type=&quot;button&quot; class=&quot;js-product-add btn-add-first alt&quot; data-product_id=&quot;7793742005459&quot; data-product_name=&quot;Gel Limpieza Aveno x 250gr&quot; data-product_brand=&quot;Aveno&quot; data-product_category=&quot;Cuidado Corporal&quot; data-product_price=&quot;5382.64&quot; tabindex=&quot;-1&quot;&gt;\n                    &lt;i class=&quot;las la-shopping-bag&quot;&gt;&lt;/i&gt;\n                    Agregar\n                &lt;/button&gt;\n            &lt;/div&gt;\n\n            &lt;div class=&quot;js-form-cart-add&quot; manual=&quot;&quot; ajaxpost=&quot;/cart/item/add&quot; callbackfunctionname=&quot;AddToCartList_callback&quot;&gt;\n                &lt;input type=&quot;hidden&quot; name=&quot;cartItemId&quot; value=&quot;&quot; tabindex=&quot;-1&quot;&gt;\n            &lt;/div&gt;\n            \n            &lt;div class=&quot;js-form-cart-remove&quot; manual=&quot;&quot; ajaxpost=&quot;/cart/item/substract&quot; callbackfunctionname=&quot;AddToCartList_callback&quot;&gt;\n                &lt;input type=&quot;hidden&quot; name=&quot;cartItemId&quot; value=&quot;&quot; tabindex=&quot;-1&quot;&gt;\n            &lt;/div&gt;\n\n            &lt;div class=&quot;in-cart_actions&quot;&gt;\n                &lt;button type=&quot;button&quot; class=&quot;js-remove btn-remove&quot; tabindex=&quot;-1&quot;&gt;\n                    &lt;i class=&quot;las la-trash&quot;&gt;&lt;/i&gt;\n                &lt;/button&gt;\n                &lt;button type=&quot;button&quot; class=&quot;js-down btn-down&quot; tabindex=&quot;-1&quot;&gt;\n                    &lt;i class=&quot;las la-minus&quot;&gt;&lt;/i&gt;\n                &lt;/button&gt;\n                 \n                &lt;label class=&quot;js-quantity&quot;&gt;1&lt;/label&gt;\n                \n                &lt;button type=&quot;button&quot; class=&quot;js-up btn-up&quot; tabindex=&quot;-1&quot;&gt;\n                    &lt;i class=&quot;las la-plus&quot;&gt;&lt;/i&gt; \n                &lt;/button&gt;\n            &lt;/div&gt;\n        &lt;/div&gt;\n\n  \n    &lt;!--/ Actions --&gt;\n&lt;/div&gt;&lt;/div&gt;&lt;/div&gt;&lt;div class=&quot;slick-slide slick-cloned&quot; data-slick-index=&quot;13&quot; aria-hidden=&quot;true&quot; style=&quot;width: 202px;&quot; tabindex=&quot;-1&quot;&gt;&lt;div&gt;&lt;div class=&quot; product-list-item prod-layout-classic height-2 lazyLoad &quot; data-product=&quot;8604&quot; style=&quot;width: 100%; display: inline-block;&quot;&gt;\n\n\n\n&lt;div class=&quot;promotion_container&quot;&gt;\n\n    &lt;div class=&quot;promotion_label dis_30&quot;&gt;\n\n        &lt;div class=&quot;promotion_label-short &quot; style=&quot;color:white;background:#2950a3;&quot;&gt;\n\n            &lt;span class=&quot;promotion_label-short-title&quot;&gt;\n                \n                -30%\n                \n            &lt;/span&gt;\n\n\n        &lt;/div&gt;\n\n    &lt;/div&gt;\n\n&lt;/div&gt;\n\n\n&lt;!-- Product container link --&gt;\n    &lt;a href=&quot;/shop/product/crema-corporal-dermaglos-hidratacion-profunda-x-200-gr-WS8604&quot; tabindex=&quot;-1&quot;&gt;\n        &lt;!-- Image wrapper --&gt;\n        &lt;span class=&quot;image kw-prodimage&quot;&gt;\n\n            &lt;!-- Primary image --&gt;\n                &lt;img class=&quot;kw-prodimage-img lazyload&quot; data-src=&quot;https://cdn.batitienda.com/baticloud/images/product_picture_fb7c7e61e81c4db19430f601ef0f3c10_637734422228372632_0_m.webp&quot; alt=&quot;Crema Corporal Dermaglos Hidratación Profunda x 200 gr&quot; title=&quot;Crema Corporal Dermaglos Hidratación Profunda x 200 gr&quot;&gt;\n\n\n        &lt;/span&gt;\n\n        &lt;!-- Details --&gt;\n        \n        &lt;div class=&quot;details kw-details fixclear&quot;&gt;\n        \n        \n\n            &lt;span class=&quot;price&quot;&gt;\n                &lt;del&gt;\n                    &lt;span class=&quot;amount&quot;&gt;  \n                        \n                     \n$6.951 &lt;sup&gt;93&lt;/sup&gt;                    &lt;/span&gt;\n                &lt;/del&gt;\n                &lt;span class=&quot;amount&quot;&gt;\n                    \n                    \n$4.866 &lt;sup&gt;35&lt;/sup&gt;                &lt;/span&gt;\n            &lt;/span&gt;\n\n\n\n        &lt;!--/ Price --&gt;\n        &lt;!-- Title --&gt;\n        &lt;h3 class=&quot;kw-details-title&quot;&gt;\n            &lt;span class=&quot;child-top&quot;&gt;\n                \n\n                Crema Corporal Dermaglos Hidratación Profunda x 200 gr\n\n            &lt;/span&gt;\n\n        &lt;/h3&gt;\n\n            &lt;!-- Badge container --&gt;\n            &lt;div class=&quot;new_badge-container&quot;&gt;\n            &lt;/div&gt;\n    &lt;/div&gt;\n        &lt;!--/ details fixclear --&gt;\n    &lt;/a&gt;\n    &lt;!-- Product container link --&gt;\n    &lt;!-- Actions --&gt;\n        &lt;div class=&quot;add-to-cart-buttons on-list js-add-to-cart-list --not-in-cart&quot; data-product=&quot;8604&quot; data-cartitem=&quot;&quot;&gt;\n            \n            &lt;div class=&quot;js-form-product-add&quot; manual=&quot;&quot; ajaxpost=&quot;/shop/cart/item/add&quot; callbackfunctionname=&quot;AddToCartList_callback&quot;&gt;\n                &lt;input type=&quot;hidden&quot; name=&quot;ProductId&quot; value=&quot;8604&quot; tabindex=&quot;-1&quot;&gt;\n                &lt;input type=&quot;hidden&quot; name=&quot;Quantity&quot; value=&quot;1&quot; tabindex=&quot;-1&quot;&gt;\n            &lt;/div&gt;\n\n            &lt;div class=&quot;not-in-cart_actions&quot;&gt;\n                &lt;button type=&quot;button&quot; class=&quot;js-product-add btn-add-first alt&quot; data-product_id=&quot;7793742007774&quot; data-product_name=&quot;Crema Corporal Dermaglos Hidratación Profunda x 200 gr&quot; data-product_brand=&quot;Dermaglós&quot; data-product_category=&quot;Cuidado Corporal&quot; data-product_price=&quot;4866.35&quot; tabindex=&quot;-1&quot;&gt;\n                    &lt;i class=&quot;las la-shopping-bag&quot;&gt;&lt;/i&gt;\n                    Agregar\n                &lt;/button&gt;\n            &lt;/div&gt;\n\n            &lt;div class=&quot;js-form-cart-add&quot; manual=&quot;&quot; ajaxpost=&quot;/cart/item/add&quot; callbackfunctionname=&quot;AddToCartList_callback&quot;&gt;\n                &lt;input type=&quot;hidden&quot; name=&quot;cartItemId&quot; value=&quot;&quot; tabindex=&quot;-1&quot;&gt;\n            &lt;/div&gt;\n            \n            &lt;div class=&quot;js-form-cart-remove&quot; manual=&quot;&quot; ajaxpost=&quot;/cart/item/substract&quot; callbackfunctionname=&quot;AddToCartList_callback&quot;&gt;\n                &lt;input type=&quot;hidden&quot; name=&quot;cartItemId&quot; value=&quot;&quot; tabindex=&quot;-1&quot;&gt;\n            &lt;/div&gt;\n\n            &lt;div class=&quot;in-cart_actions&quot;&gt;\n                &lt;button type=&quot;button&quot; class=&quot;js-remove btn-remove&quot; tabindex=&quot;-1&quot;&gt;\n                    &lt;i class=&quot;las la-trash&quot;&gt;&lt;/i&gt;\n                &lt;/button&gt;\n                &lt;button type=&quot;button&quot; class=&quot;js-down btn-down&quot; tabindex=&quot;-1&quot;&gt;\n                    &lt;i class=&quot;las la-minus&quot;&gt;&lt;/i&gt;\n                &lt;/button&gt;\n                 \n                &lt;label class=&quot;js-quantity&quot;&gt;1&lt;/label&gt;\n                \n                &lt;button type=&quot;button&quot; class=&quot;js-up btn-up&quot; tabindex=&quot;-1&quot;&gt;\n                    &lt;i class=&quot;las la-plus&quot;&gt;&lt;/i&gt; \n                &lt;/button&gt;\n            &lt;/div&gt;\n        &lt;/div&gt;\n\n  \n    &lt;!--/ Actions --&gt;\n&lt;/div&gt;&lt;/div&gt;&lt;/div&gt;&lt;div class=&quot;slick-slide slick-cloned&quot; data-slick-index=&quot;14&quot; aria-hidden=&quot;true&quot; style=&quot;width: 202px;&quot; tabindex=&quot;-1&quot;&gt;&lt;div&gt;&lt;div class=&quot; product-list-item prod-layout-classic height-2 lazyLoad &quot; data-product=&quot;88780&quot; style=&quot;width: 100%; display: inline-block;&quot;&gt;\n\n\n\n&lt;div class=&quot;promotion_container&quot;&gt;\n\n    &lt;div class=&quot;promotion_label dis_10&quot;&gt;\n\n        &lt;div class=&quot;promotion_label-short &quot; style=&quot;color:white;background:#2950a3;&quot;&gt;\n\n            &lt;span class=&quot;promotion_label-short-title&quot;&gt;\n                \n                -10%\n                \n            &lt;/span&gt;\n\n\n        &lt;/div&gt;\n\n    &lt;/div&gt;\n\n&lt;/div&gt;\n\n\n&lt;!-- Product container link --&gt;\n    &lt;a href=&quot;/shop/product/crema-hidratante-intensiva-nivea-soft-para-todo-tipo-de-piel-x-100-ml-WS88780&quot; tabindex=&quot;-1&quot;&gt;\n        &lt;!-- Image wrapper --&gt;\n        &lt;span class=&quot;image kw-prodimage&quot;&gt;\n\n            &lt;!-- Primary image --&gt;\n                &lt;img class=&quot;kw-prodimage-img lazyload&quot; data-src=&quot;https://cdn.batitienda.com/baticloud/images/product_ee24eb3101224b3ea87d004948cbb9f3_637436487035635130_0_m.webp&quot; alt=&quot;Crema Hidratante Intensiva Nivea Soft Para Todo Tipo de Piel x 100 ml&quot; title=&quot;Crema Hidratante Intensiva Nivea Soft Para Todo Tipo de Piel x 100 ml&quot;&gt;\n\n\n        &lt;/span&gt;\n\n        &lt;!-- Details --&gt;\n        \n        &lt;div class=&quot;details kw-details fixclear&quot;&gt;\n        \n        \n\n            &lt;span class=&quot;price&quot;&gt;\n                &lt;del&gt;\n                    &lt;span class=&quot;amount&quot;&gt;  \n                        \n                     \n$1.290 &lt;sup&gt;95&lt;/sup&gt;                    &lt;/span&gt;\n                &lt;/del&gt;\n                &lt;span class=&quot;amount&quot;&gt;\n                    \n                    \n$1.161 &lt;sup&gt;86&lt;/sup&gt;                &lt;/span&gt;\n            &lt;/span&gt;\n\n\n\n        &lt;!--/ Price --&gt;\n        &lt;!-- Title --&gt;\n        &lt;h3 class=&quot;kw-details-title&quot;&gt;\n            &lt;span class=&quot;child-top&quot;&gt;\n                \n\n                Crema Hidratante Intensiva Nivea Soft Para Todo Tipo de Piel x 100 ml\n\n            &lt;/span&gt;\n\n        &lt;/h3&gt;\n\n            &lt;!-- Badge container --&gt;\n            &lt;div class=&quot;new_badge-container&quot;&gt;\n            &lt;/div&gt;\n    &lt;/div&gt;\n        &lt;!--/ details fixclear --&gt;\n    &lt;/a&gt;\n    &lt;!-- Product container link --&gt;\n    &lt;!-- Actions --&gt;\n        &lt;div class=&quot;add-to-cart-buttons on-list js-add-to-cart-list --not-in-cart&quot; data-product=&quot;88780&quot; data-cartitem=&quot;&quot;&gt;\n            \n            &lt;div class=&quot;js-form-product-add&quot; manual=&quot;&quot; ajaxpost=&quot;/shop/cart/item/add&quot; callbackfunctionname=&quot;AddToCartList_callback&quot;&gt;\n                &lt;input type=&quot;hidden&quot; name=&quot;ProductId&quot; value=&quot;88780&quot; tabindex=&quot;-1&quot;&gt;\n                &lt;input type=&quot;hidden&quot; name=&quot;Quantity&quot; value=&quot;1&quot; tabindex=&quot;-1&quot;&gt;\n            &lt;/div&gt;\n\n            &lt;div class=&quot;not-in-cart_actions&quot;&gt;\n                &lt;button type=&quot;button&quot; class=&quot;js-product-add btn-add-first alt&quot; data-product_id=&quot;4005808890590&quot; data-product_name=&quot;Crema Hidratante Intensiva Nivea Soft Para Todo Tipo de Piel x 100 ml&quot; data-product_brand=&quot;Nivea&quot; data-product_category=&quot;Cuidado Corporal&quot; data-product_price=&quot;1161.86&quot; tabindex=&quot;-1&quot;&gt;\n                    &lt;i class=&quot;las la-shopping-bag&quot;&gt;&lt;/i&gt;\n                    Agregar\n                &lt;/button&gt;\n            &lt;/div&gt;\n\n            &lt;div class=&quot;js-form-cart-add&quot; manual=&quot;&quot; ajaxpost=&quot;/cart/item/add&quot; callbackfunctionname=&quot;AddToCartList_callback&quot;&gt;\n                &lt;input type=&quot;hidden&quot; name=&quot;cartItemId&quot; value=&quot;&quot; tabindex=&quot;-1&quot;&gt;\n            &lt;/div&gt;\n            \n            &lt;div class=&quot;js-form-cart-remove&quot; manual=&quot;&quot; ajaxpost=&quot;/cart/item/substract&quot; callbackfunctionname=&quot;AddToCartList_callback&quot;&gt;\n                &lt;input type=&quot;hidden&quot; name=&quot;cartItemId&quot; value=&quot;&quot; tabindex=&quot;-1&quot;&gt;\n            &lt;/div&gt;\n\n            &lt;div class=&quot;in-cart_actions&quot;&gt;\n                &lt;button type=&quot;button&quot; class=&quot;js-remove btn-remove&quot; tabindex=&quot;-1&quot;&gt;\n                    &lt;i class=&quot;las la-trash&quot;&gt;&lt;/i&gt;\n                &lt;/button&gt;\n                &lt;button type=&quot;button&quot; class=&quot;js-down btn-down&quot; tabindex=&quot;-1&quot;&gt;\n                    &lt;i class=&quot;las la-minus&quot;&gt;&lt;/i&gt;\n                &lt;/button&gt;\n                 \n                &lt;label class=&quot;js-quantity&quot;&gt;1&lt;/label&gt;\n                \n                &lt;button type=&quot;button&quot; class=&quot;js-up btn-up&quot; tabindex=&quot;-1&quot;&gt;\n                    &lt;i class=&quot;las la-plus&quot;&gt;&lt;/i&gt; \n                &lt;/button&gt;\n            &lt;/div&gt;\n        &lt;/div&gt;\n\n  \n    &lt;!--/ Actions --&gt;\n&lt;/div&gt;&lt;/div&gt;&lt;/div&gt;&lt;div class=&quot;slick-slide slick-cloned&quot; data-slick-index=&quot;15&quot; aria-hidden=&quot;true&quot; style=&quot;width: 202px;&quot; tabindex=&quot;-1&quot;&gt;&lt;div&gt;&lt;div class=&quot; product-list-item prod-layout-classic height-2 lazyLoad &quot; data-product=&quot;93303&quot; style=&quot;width: 100%; display: inline-block;&quot;&gt;\n\n\n\n&lt;div class=&quot;promotion_container&quot;&gt;\n\n    &lt;div class=&quot;promotion_label dis_10&quot;&gt;\n\n        &lt;div class=&quot;promotion_label-short &quot; style=&quot;color:white;background:#2950a3;&quot;&gt;\n\n            &lt;span class=&quot;promotion_label-short-title&quot;&gt;\n                \n                -10%\n                \n            &lt;/span&gt;\n\n\n        &lt;/div&gt;\n\n    &lt;/div&gt;\n\n&lt;/div&gt;\n\n\n&lt;!-- Product container link --&gt;\n    &lt;a href=&quot;/shop/product/locion-corporal-nivea-vainilla-y-aceite-de-almendras-piel-normal-a-seca-x-400-ml-WS93303&quot; tabindex=&quot;-1&quot;&gt;\n        &lt;!-- Image wrapper --&gt;\n        &lt;span class=&quot;image kw-prodimage&quot;&gt;\n\n            &lt;!-- Primary image --&gt;\n                &lt;img class=&quot;kw-prodimage-img lazyload&quot; data-src=&quot;https://cdn.batitienda.com/baticloud/images/product_9d318a71f80a41869f2b2dd13660fe98_637439146958013209_0_m.webp&quot; alt=&quot;Loción Corporal Nivea Vainilla Y Aceite de Almendras Piel Normal a Seca x 400 ml&quot; title=&quot;Loción Corporal Nivea Vainilla Y Aceite de Almendras Piel Normal a Seca x 400 ml&quot;&gt;\n\n\n        &lt;/span&gt;\n\n        &lt;!-- Details --&gt;\n        \n        &lt;div class=&quot;details kw-details fixclear&quot;&gt;\n        \n        \n\n            &lt;span class=&quot;price&quot;&gt;\n                &lt;del&gt;\n                    &lt;span class=&quot;amount&quot;&gt;  \n                        \n                     \n$1.960 &lt;sup&gt;72&lt;/sup&gt;                    &lt;/span&gt;\n                &lt;/del&gt;\n                &lt;span class=&quot;amount&quot;&gt;\n                    \n                    \n$1.764 &lt;sup&gt;65&lt;/sup&gt;                &lt;/span&gt;\n            &lt;/span&gt;\n\n\n\n        &lt;!--/ Price --&gt;\n        &lt;!-- Title --&gt;\n        &lt;h3 class=&quot;kw-details-title&quot;&gt;\n            &lt;span class=&quot;child-top&quot;&gt;\n                \n\n                Loción Corporal Nivea Vainilla Y Aceite de Almendras Piel Normal a Seca x 400 ml\n\n            &lt;/span&gt;\n\n        &lt;/h3&gt;\n\n            &lt;!-- Badge container --&gt;\n            &lt;div class=&quot;new_badge-container&quot;&gt;\n            &lt;/div&gt;\n    &lt;/div&gt;\n        &lt;!--/ details fixclear --&gt;\n    &lt;/a&gt;\n    &lt;!-- Product container link --&gt;\n    &lt;!-- Actions --&gt;\n        &lt;div class=&quot;add-to-cart-buttons on-list js-add-to-cart-list --not-in-cart&quot; data-product=&quot;93303&quot; data-cartitem=&quot;&quot;&gt;\n            \n            &lt;div class=&quot;js-form-product-add&quot; manual=&quot;&quot; ajaxpost=&quot;/shop/cart/item/add&quot; callbackfunctionname=&quot;AddToCartList_callback&quot;&gt;\n                &lt;input type=&quot;hidden&quot; name=&quot;ProductId&quot; value=&quot;93303&quot; tabindex=&quot;-1&quot;&gt;\n                &lt;input type=&quot;hidden&quot; name=&quot;Quantity&quot; value=&quot;1&quot; tabindex=&quot;-1&quot;&gt;\n            &lt;/div&gt;\n\n            &lt;div class=&quot;not-in-cart_actions&quot;&gt;\n                &lt;button type=&quot;button&quot; class=&quot;js-product-add btn-add-first alt&quot; data-product_id=&quot;4005900399946&quot; data-product_name=&quot;Loción Corporal Nivea Vainilla Y Aceite de Almendras Piel Normal a Seca x 400 ml&quot; data-product_brand=&quot;Nivea&quot; data-product_category=&quot;Cuidado Corporal&quot; data-product_price=&quot;1764.65&quot; tabindex=&quot;-1&quot;&gt;\n                    &lt;i class=&quot;las la-shopping-bag&quot;&gt;&lt;/i&gt;\n                    Agregar\n                &lt;/button&gt;\n            &lt;/div&gt;\n\n            &lt;div class=&quot;js-form-cart-add&quot; manual=&quot;&quot; ajaxpost=&quot;/cart/item/add&quot; callbackfunctionname=&quot;AddToCartList_callback&quot;&gt;\n                &lt;input type=&quot;hidden&quot; name=&quot;cartItemId&quot; value=&quot;&quot; tabindex=&quot;-1&quot;&gt;\n            &lt;/div&gt;\n            \n            &lt;div class=&quot;js-form-cart-remove&quot; manual=&quot;&quot; ajaxpost=&quot;/cart/item/substract&quot; callbackfunctionname=&quot;AddToCartList_callback&quot;&gt;\n                &lt;input type=&quot;hidden&quot; name=&quot;cartItemId&quot; value=&quot;&quot; tabindex=&quot;-1&quot;&gt;\n            &lt;/div&gt;\n\n            &lt;div class=&quot;in-cart_actions&quot;&gt;\n                &lt;button type=&quot;button&quot; class=&quot;js-remove btn-remove&quot; tabindex=&quot;-1&quot;&gt;\n                    &lt;i class=&quot;las la-trash&quot;&gt;&lt;/i&gt;\n                &lt;/button&gt;\n                &lt;button type=&quot;button&quot; class=&quot;js-down btn-down&quot; tabindex=&quot;-1&quot;&gt;\n                    &lt;i class=&quot;las la-minus&quot;&gt;&lt;/i&gt;\n                &lt;/button&gt;\n                 \n                &lt;label class=&quot;js-quantity&quot;&gt;1&lt;/label&gt;\n                \n                &lt;button type=&quot;button&quot; class=&quot;js-up btn-up&quot; tabindex=&quot;-1&quot;&gt;\n                    &lt;i class=&quot;las la-plus&quot;&gt;&lt;/i&gt; \n                &lt;/button&gt;\n            &lt;/div&gt;\n        &lt;/div&gt;\n\n  \n    &lt;!--/ Actions --&gt;\n&lt;/div&gt;&lt;/div&gt;&lt;/div&gt;&lt;div class=&quot;slick-slide slick-cloned&quot; data-slick-index=&quot;16&quot; aria-hidden=&quot;true&quot; style=&quot;width: 202px;&quot; tabindex=&quot;-1&quot;&gt;&lt;div&gt;&lt;div class=&quot; product-list-item prod-layout-classic height-2 lazyLoad &quot; data-product=&quot;43893&quot; style=&quot;width: 100%; display: inline-block;&quot;&gt;\n\n\n\n&lt;div class=&quot;promotion_container&quot;&gt;\n\n    &lt;div class=&quot;promotion_label dis_20&quot;&gt;\n\n        &lt;div class=&quot;promotion_label-short &quot; style=&quot;color:white;background:#2950a3;&quot;&gt;\n\n            &lt;span class=&quot;promotion_label-short-title&quot;&gt;\n                \n                -20%\n                \n            &lt;/span&gt;\n\n\n        &lt;/div&gt;\n\n    &lt;/div&gt;\n\n&lt;/div&gt;\n\n\n&lt;!-- Product container link --&gt;\n    &lt;a href=&quot;/shop/product/emulsion-corporal-perpiel-absorcion-inmediata-con-fragancia-x-400-gr-WS43893&quot; tabindex=&quot;-1&quot;&gt;\n        &lt;!-- Image wrapper --&gt;\n        &lt;span class=&quot;image kw-prodimage&quot;&gt;\n\n            &lt;!-- Primary image --&gt;\n                &lt;img class=&quot;kw-prodimage-img lazyload&quot; data-src=&quot;https://cdn.batitienda.com/baticloud/images/product_picture_d3ebf3db099f40adbc4b2acc582dc5ac_638175873827205854_0_m.webp&quot; alt=&quot;Emulsión Corporal Perpiel Absorción Inmediata Con Fragancia x 400 gr&quot; title=&quot;Emulsión Corporal Perpiel Absorción Inmediata Con Fragancia x 400 gr&quot;&gt;\n\n\n        &lt;/span&gt;\n\n        &lt;!-- Details --&gt;\n        \n        &lt;div class=&quot;details kw-details fixclear&quot;&gt;\n        \n        \n\n            &lt;span class=&quot;price&quot;&gt;\n                &lt;del&gt;\n                    &lt;span class=&quot;amount&quot;&gt;  \n                        \n                     \n$5.629 &lt;sup&gt;27&lt;/sup&gt;                    &lt;/span&gt;\n                &lt;/del&gt;\n                &lt;span class=&quot;amount&quot;&gt;\n                    \n                    \n$4.503 &lt;sup&gt;42&lt;/sup&gt;                &lt;/span&gt;\n            &lt;/span&gt;\n\n\n\n        &lt;!--/ Price --&gt;\n        &lt;!-- Title --&gt;\n        &lt;h3 class=&quot;kw-details-title&quot;&gt;\n            &lt;span class=&quot;child-top&quot;&gt;\n                \n\n                Emulsión Corporal Perpiel Absorción Inmediata Con Fragancia x 400 gr\n\n            &lt;/span&gt;\n\n        &lt;/h3&gt;\n\n            &lt;!-- Badge container --&gt;\n            &lt;div class=&quot;new_badge-container&quot;&gt;\n            &lt;/div&gt;\n    &lt;/div&gt;\n        &lt;!--/ details fixclear --&gt;\n    &lt;/a&gt;\n    &lt;!-- Product container link --&gt;\n    &lt;!-- Actions --&gt;\n        &lt;div class=&quot;add-to-cart-buttons on-list js-add-to-cart-list --not-in-cart&quot; data-product=&quot;43893&quot; data-cartitem=&quot;&quot;&gt;\n            \n            &lt;div class=&quot;js-form-product-add&quot; manual=&quot;&quot; ajaxpost=&quot;/shop/cart/item/add&quot; callbackfunctionname=&quot;AddToCartList_callback&quot;&gt;\n                &lt;input type=&quot;hidden&quot; name=&quot;ProductId&quot; value=&quot;43893&quot; tabindex=&quot;-1&quot;&gt;\n                &lt;input type=&quot;hidden&quot; name=&quot;Quantity&quot; value=&quot;1&quot; tabindex=&quot;-1&quot;&gt;\n            &lt;/div&gt;\n\n            &lt;div class=&quot;not-in-cart_actions&quot;&gt;\n                &lt;button type=&quot;button&quot; class=&quot;js-product-add btn-add-first alt&quot; data-product_id=&quot;7792175009775&quot; data-product_name=&quot;Emulsión Corporal Perpiel Absorción Inmediata Con Fragancia x 400 gr&quot; data-product_brand=&quot;PerPiel&quot; data-product_category=&quot;Cuidado Corporal&quot; data-product_price=&quot;4503.42&quot; tabindex=&quot;-1&quot;&gt;\n                    &lt;i class=&quot;las la-shopping-bag&quot;&gt;&lt;/i&gt;\n                    Agregar\n                &lt;/button&gt;\n            &lt;/div&gt;\n\n            &lt;div class=&quot;js-form-cart-add&quot; manual=&quot;&quot; ajaxpost=&quot;/cart/item/add&quot; callbackfunctionname=&quot;AddToCartList_callback&quot;&gt;\n                &lt;input type=&quot;hidden&quot; name=&quot;cartItemId&quot; value=&quot;&quot; tabindex=&quot;-1&quot;&gt;\n            &lt;/div&gt;\n            \n            &lt;div class=&quot;js-form-cart-remove&quot; manual=&quot;&quot; ajaxpost=&quot;/cart/item/substract&quot; callbackfunctionname=&quot;AddToCartList_callback&quot;&gt;\n                &lt;input type=&quot;hidden&quot; name=&quot;cartItemId&quot; value=&quot;&quot; tabindex=&quot;-1&quot;&gt;\n            &lt;/div&gt;\n\n            &lt;div class=&quot;in-cart_actions&quot;&gt;\n                &lt;button type=&quot;button&quot; class=&quot;js-remove btn-remove&quot; tabindex=&quot;-1&quot;&gt;\n                    &lt;i class=&quot;las la-trash&quot;&gt;&lt;/i&gt;\n                &lt;/button&gt;\n                &lt;button type=&quot;button&quot; class=&quot;js-down btn-down&quot; tabindex=&quot;-1&quot;&gt;\n                    &lt;i class=&quot;las la-minus&quot;&gt;&lt;/i&gt;\n                &lt;/button&gt;\n                 \n                &lt;label class=&quot;js-quantity&quot;&gt;1&lt;/label&gt;\n                \n                &lt;button type=&quot;button&quot; class=&quot;js-up btn-up&quot; tabindex=&quot;-1&quot;&gt;\n                    &lt;i class=&quot;las la-plus&quot;&gt;&lt;/i&gt; \n                &lt;/button&gt;\n            &lt;/div&gt;\n        &lt;/div&gt;\n\n  \n    &lt;!--/ Actions --&gt;\n&lt;/div&gt;&lt;/div&gt;&lt;/div&gt;&lt;div class=&quot;slick-slide slick-cloned&quot; data-slick-index=&quot;17&quot; aria-hidden=&quot;true&quot; style=&quot;width: 202px;&quot; tabindex=&quot;-1&quot;&gt;&lt;div&gt;&lt;div class=&quot; product-list-item prod-layout-classic height-2 lazyLoad &quot; data-product=&quot;125763&quot; style=&quot;width: 100%; display: inline-block;&quot;&gt;\n\n\n\n&lt;div class=&quot;promotion_container&quot;&gt;\n\n    &lt;div class=&quot;promotion_label dis_25&quot;&gt;\n\n        &lt;div class=&quot;promotion_label-short &quot; style=&quot;color:white;background:#2950a3;&quot;&gt;\n\n            &lt;span class=&quot;promotion_label-short-title&quot;&gt;\n                \n                -25%\n                \n            &lt;/span&gt;\n\n\n        &lt;/div&gt;\n\n    &lt;/div&gt;\n\n&lt;/div&gt;\n\n\n&lt;!-- Product container link --&gt;\n    &lt;a href=&quot;/shop/product/voltaren-emulgel-analgesico-antiinflamatorio-pomo-x-30gr-WS125763&quot; tabindex=&quot;-1&quot;&gt;\n        &lt;!-- Image wrapper --&gt;\n        &lt;span class=&quot;image kw-prodimage&quot;&gt;\n\n            &lt;!-- Primary image --&gt;\n                &lt;img class=&quot;kw-prodimage-img lazyload&quot; data-src=&quot;https://cdn.batitienda.com/baticloud/images/product_5d2918e96c644185b9f62f0c475bcb7f_637528867769465180_0_m.webp&quot; alt=&quot;Voltaren Emulgel Analgésico Antiinflamatorio Pomo x 30gr&quot; title=&quot;Voltaren Emulgel Analgésico Antiinflamatorio Pomo x 30gr&quot;&gt;\n\n\n        &lt;/span&gt;\n\n        &lt;!-- Details --&gt;\n        \n        &lt;div class=&quot;details kw-details fixclear&quot;&gt;\n        \n        \n\n            &lt;span class=&quot;price&quot;&gt;\n                &lt;del&gt;\n                    &lt;span class=&quot;amount&quot;&gt;  \n                        \n                     \n$3.140 &lt;sup&gt;86&lt;/sup&gt;                    &lt;/span&gt;\n                &lt;/del&gt;\n                &lt;span class=&quot;amount&quot;&gt;\n                    \n                    \n$2.355 &lt;sup&gt;65&lt;/sup&gt;                &lt;/span&gt;\n            &lt;/span&gt;\n\n\n\n        &lt;!--/ Price --&gt;\n        &lt;!-- Title --&gt;\n        &lt;h3 class=&quot;kw-details-title&quot;&gt;\n            &lt;span class=&quot;child-top&quot;&gt;\n                \n\n                Voltaren Emulgel Analgésico Antiinflamatorio Pomo x 30gr\n\n            &lt;/span&gt;\n\n        &lt;/h3&gt;\n\n            &lt;!-- Badge container --&gt;\n            &lt;div class=&quot;new_badge-container&quot;&gt;\n            &lt;/div&gt;\n    &lt;/div&gt;\n        &lt;!--/ details fixclear --&gt;\n    &lt;/a&gt;\n    &lt;!-- Product container link --&gt;\n    &lt;!-- Actions --&gt;\n        &lt;div class=&quot;add-to-cart-buttons on-list js-add-to-cart-list --not-in-cart&quot; data-product=&quot;125763&quot; data-cartitem=&quot;&quot;&gt;\n            \n            &lt;div class=&quot;js-form-product-add&quot; manual=&quot;&quot; ajaxpost=&quot;/shop/cart/item/add&quot; callbackfunctionname=&quot;AddToCartList_callback&quot;&gt;\n                &lt;input type=&quot;hidden&quot; name=&quot;ProductId&quot; value=&quot;125763&quot; tabindex=&quot;-1&quot;&gt;\n                &lt;input type=&quot;hidden&quot; name=&quot;Quantity&quot; value=&quot;1&quot; tabindex=&quot;-1&quot;&gt;\n            &lt;/div&gt;\n\n            &lt;div class=&quot;not-in-cart_actions&quot;&gt;\n                &lt;button type=&quot;button&quot; class=&quot;js-product-add btn-add-first alt&quot; data-product_id=&quot;7794640172168&quot; data-product_name=&quot;Voltaren Emulgel Analgésico Antiinflamatorio Pomo x 30gr&quot; data-product_brand=&quot;voltaren&quot; data-product_category=&quot;Cuidado Corporal&quot; data-product_price=&quot;2355.65&quot; tabindex=&quot;-1&quot;&gt;\n                    &lt;i class=&quot;las la-shopping-bag&quot;&gt;&lt;/i&gt;\n                    Agregar\n                &lt;/button&gt;\n            &lt;/div&gt;\n\n            &lt;div class=&quot;js-form-cart-add&quot; manual=&quot;&quot; ajaxpost=&quot;/cart/item/add&quot; callbackfunctionname=&quot;AddToCartList_callback&quot;&gt;\n                &lt;input type=&quot;hidden&quot; name=&quot;cartItemId&quot; value=&quot;&quot; tabindex=&quot;-1&quot;&gt;\n            &lt;/div&gt;\n            \n            &lt;div class=&quot;js-form-cart-remove&quot; manual=&quot;&quot; ajaxpost=&quot;/cart/item/substract&quot; callbackfunctionname=&quot;AddToCartList_callback&quot;&gt;\n                &lt;input type=&quot;hidden&quot; name=&quot;cartItemId&quot; value=&quot;&quot; tabindex=&quot;-1&quot;&gt;\n            &lt;/div&gt;\n\n            &lt;div class=&quot;in-cart_actions&quot;&gt;\n                &lt;button type=&quot;button&quot; class=&quot;js-remove btn-remove&quot; tabindex=&quot;-1&quot;&gt;\n                    &lt;i class=&quot;las la-trash&quot;&gt;&lt;/i&gt;\n                &lt;/button&gt;\n                &lt;button type=&quot;button&quot; class=&quot;js-down btn-down&quot; tabindex=&quot;-1&quot;&gt;\n                    &lt;i class=&quot;las la-minus&quot;&gt;&lt;/i&gt;\n                &lt;/button&gt;\n                 \n                &lt;label class=&quot;js-quantity&quot;&gt;1&lt;/label&gt;\n                \n                &lt;button type=&quot;button&quot; class=&quot;js-up btn-up&quot; tabindex=&quot;-1&quot;&gt;\n                    &lt;i class=&quot;las la-plus&quot;&gt;&lt;/i&gt; \n                &lt;/button&gt;\n            &lt;/div&gt;\n        &lt;/div&gt;\n\n  \n    &lt;!--/ Actions --&gt;\n&lt;/div&gt;&lt;/div&gt;&lt;/div&gt;&lt;div class=&quot;slick-slide slick-cloned&quot; data-slick-index=&quot;18&quot; aria-hidden=&quot;true&quot; style=&quot;width: 202px;&quot; tabindex=&quot;-1&quot;&gt;&lt;div&gt;&lt;div class=&quot; product-list-item prod-layout-classic height-2 lazyLoad &quot; data-product=&quot;88721&quot; style=&quot;width: 100%; display: inline-block;&quot;&gt;\n\n\n\n&lt;div class=&quot;promotion_container&quot;&gt;\n\n    &lt;div class=&quot;promotion_label dis_10&quot;&gt;\n\n        &lt;div class=&quot;promotion_label-short &quot; style=&quot;color:white;background:#2950a3;&quot;&gt;\n\n            &lt;span class=&quot;promotion_label-short-title&quot;&gt;\n                \n                -10%\n                \n            &lt;/span&gt;\n\n\n        &lt;/div&gt;\n\n    &lt;/div&gt;\n\n&lt;/div&gt;\n\n\n&lt;!-- Product container link --&gt;\n    &lt;a href=&quot;/shop/product/toallitas-desmaquillantes-nivea-3-en-1-para-piel-seca-x-25-unid-WS88721&quot; tabindex=&quot;-1&quot;&gt;\n        &lt;!-- Image wrapper --&gt;\n        &lt;span class=&quot;image kw-prodimage&quot;&gt;\n\n            &lt;!-- Primary image --&gt;\n                &lt;img class=&quot;kw-prodimage-img lazyload&quot; data-src=&quot;https://cdn.batitienda.com/baticloud/images/product_picture_2499adc17d9d4697807d573a9bbd512e_637648082989563524_0_m.webp&quot; alt=&quot;Toallitas Desmaquillantes Nivea 3 en 1  Para Piel Seca x 25 unid&quot; title=&quot;Toallitas Desmaquillantes Nivea 3 en 1  Para Piel Seca x 25 unid&quot;&gt;\n\n\n        &lt;/span&gt;\n\n        &lt;!-- Details --&gt;\n        \n        &lt;div class=&quot;details kw-details fixclear&quot;&gt;\n        \n        \n\n            &lt;span class=&quot;price&quot;&gt;\n                &lt;del&gt;\n                    &lt;span class=&quot;amount&quot;&gt;  \n                        \n                     \n$1.523 &lt;sup&gt;31&lt;/sup&gt;                    &lt;/span&gt;\n                &lt;/del&gt;\n                &lt;span class=&quot;amount&quot;&gt;\n                    \n                    \n$1.370 &lt;sup&gt;98&lt;/sup&gt;                &lt;/span&gt;\n            &lt;/span&gt;\n\n\n\n        &lt;!--/ Price --&gt;\n        &lt;!-- Title --&gt;\n        &lt;h3 class=&quot;kw-details-title&quot;&gt;\n            &lt;span class=&quot;child-top&quot;&gt;\n                \n\n                Toallitas Desmaquillantes Nivea 3 en 1  Para Piel Seca x 25 unid\n\n            &lt;/span&gt;\n\n        &lt;/h3&gt;\n\n            &lt;!-- Badge container --&gt;\n            &lt;div class=&quot;new_badge-container&quot;&gt;\n            &lt;/div&gt;\n    &lt;/div&gt;\n        &lt;!--/ details fixclear --&gt;\n    &lt;/a&gt;\n    &lt;!-- Product container link --&gt;\n    &lt;!-- Actions --&gt;\n        &lt;div class=&quot;add-to-cart-buttons on-list js-add-to-cart-list --not-in-cart&quot; data-product=&quot;88721&quot; data-cartitem=&quot;&quot;&gt;\n            \n            &lt;div class=&quot;js-form-product-add&quot; manual=&quot;&quot; ajaxpost=&quot;/shop/cart/item/add&quot; callbackfunctionname=&quot;AddToCartList_callback&quot;&gt;\n                &lt;input type=&quot;hidden&quot; name=&quot;ProductId&quot; value=&quot;88721&quot; tabindex=&quot;-1&quot;&gt;\n                &lt;input type=&quot;hidden&quot; name=&quot;Quantity&quot; value=&quot;1&quot; tabindex=&quot;-1&quot;&gt;\n            &lt;/div&gt;\n\n            &lt;div class=&quot;not-in-cart_actions&quot;&gt;\n                &lt;button type=&quot;button&quot; class=&quot;js-product-add btn-add-first alt&quot; data-product_id=&quot;4005808185276,4005900985811&quot; data-product_name=&quot;Toallitas Desmaquillantes Nivea 3 en 1  Para Piel Seca x 25 unid&quot; data-product_brand=&quot;Nivea&quot; data-product_category=&quot;Cuidado Facial&quot; data-product_price=&quot;1370.98&quot; tabindex=&quot;-1&quot;&gt;\n                    &lt;i class=&quot;las la-shopping-bag&quot;&gt;&lt;/i&gt;\n                    Agregar\n                &lt;/button&gt;\n            &lt;/div&gt;\n\n            &lt;div class=&quot;js-form-cart-add&quot; manual=&quot;&quot; ajaxpost=&quot;/cart/item/add&quot; callbackfunctionname=&quot;AddToCartList_callback&quot;&gt;\n                &lt;input type=&quot;hidden&quot; name=&quot;cartItemId&quot; value=&quot;&quot; tabindex=&quot;-1&quot;&gt;\n            &lt;/div&gt;\n            \n            &lt;div class=&quot;js-form-cart-remove&quot; manual=&quot;&quot; ajaxpost=&quot;/cart/item/substract&quot; callbackfunctionname=&quot;AddToCartList_callback&quot;&gt;\n                &lt;input type=&quot;hidden&quot; name=&quot;cartItemId&quot; value=&quot;&quot; tabindex=&quot;-1&quot;&gt;\n            &lt;/div&gt;\n\n            &lt;div class=&quot;in-cart_actions&quot;&gt;\n                &lt;button type=&quot;button&quot; class=&quot;js-remove btn-remove&quot; tabindex=&quot;-1&quot;&gt;\n                    &lt;i class=&quot;las la-trash&quot;&gt;&lt;/i&gt;\n                &lt;/button&gt;\n                &lt;button type=&quot;button&quot; class=&quot;js-down btn-down&quot; tabindex=&quot;-1&quot;&gt;\n                    &lt;i class=&quot;las la-minus&quot;&gt;&lt;/i&gt;\n                &lt;/button&gt;\n                 \n                &lt;label class=&quot;js-quantity&quot;&gt;1&lt;/label&gt;\n                \n                &lt;button type=&quot;button&quot; class=&quot;js-up btn-up&quot; tabindex=&quot;-1&quot;&gt;\n                    &lt;i class=&quot;las la-plus&quot;&gt;&lt;/i&gt; \n                &lt;/button&gt;\n            &lt;/div&gt;\n        &lt;/div&gt;\n\n  \n    &lt;!--/ Actions --&gt;\n&lt;/div&gt;&lt;/div&gt;&lt;/div&gt;&lt;div class=&quot;slick-slide slick-cloned&quot; data-slick-index=&quot;19&quot; aria-hidden=&quot;true&quot; style=&quot;width: 202px;&quot; tabindex=&quot;-1&quot;&gt;&lt;div&gt;&lt;div class=&quot; product-list-item prod-layout-classic height-2 lazyLoad &quot; data-product=&quot;8670&quot; style=&quot;width: 100%; display: inline-block;&quot;&gt;\n\n\n\n&lt;div class=&quot;promotion_container&quot;&gt;\n\n    &lt;div class=&quot;promotion_label dis_10&quot;&gt;\n\n        &lt;div class=&quot;promotion_label-short &quot; style=&quot;color:white;background:#2950a3;&quot;&gt;\n\n            &lt;span class=&quot;promotion_label-short-title&quot;&gt;\n                \n                -10%\n                \n            &lt;/span&gt;\n\n\n        &lt;/div&gt;\n\n    &lt;/div&gt;\n\n&lt;/div&gt;\n\n\n&lt;!-- Product container link --&gt;\n    &lt;a href=&quot;/shop/product/crema-facial-5-en-1-nivea-cuidado-nutritivo-para-todo-tipo-de-piel-x-100-ml-WS8670&quot; tabindex=&quot;-1&quot;&gt;\n        &lt;!-- Image wrapper --&gt;\n        &lt;span class=&quot;image kw-prodimage&quot;&gt;\n\n            &lt;!-- Primary image --&gt;\n                &lt;img class=&quot;kw-prodimage-img lazyload&quot; data-src=&quot;https://cdn.batitienda.com/baticloud/images/product_picture_162daa97fbd945e7976216ecbfaba08c_637724500568116843_0_m.webp&quot; alt=&quot;Crema Facial 5 en 1  Nivea Cuidado Nutritivo Para Todo Tipo de Piel x 100 ml&quot; title=&quot;Crema Facial 5 en 1  Nivea Cuidado Nutritivo Para Todo Tipo de Piel x 100 ml&quot;&gt;\n\n\n        &lt;/span&gt;\n\n        &lt;!-- Details --&gt;\n        \n        &lt;div class=&quot;details kw-details fixclear&quot;&gt;\n        \n        \n\n            &lt;span class=&quot;price&quot;&gt;\n                &lt;del&gt;\n                    &lt;span class=&quot;amount&quot;&gt;  \n                        \n                     \n$1.219 &lt;sup&gt;53&lt;/sup&gt;                    &lt;/span&gt;\n                &lt;/del&gt;\n                &lt;span class=&quot;amount&quot;&gt;\n                    \n                    \n$1.097 &lt;sup&gt;58&lt;/sup&gt;                &lt;/span&gt;\n            &lt;/span&gt;\n\n\n\n        &lt;!--/ Price --&gt;\n        &lt;!-- Title --&gt;\n        &lt;h3 class=&quot;kw-details-title&quot;&gt;\n            &lt;span class=&quot;child-top&quot;&gt;\n                \n\n                Crema Facial 5 en 1  Nivea Cuidado Nutritivo Para Todo Tipo de Piel x 100 ml\n\n            &lt;/span&gt;\n\n        &lt;/h3&gt;\n\n            &lt;!-- Badge container --&gt;\n            &lt;div class=&quot;new_badge-container&quot;&gt;\n            &lt;/div&gt;\n    &lt;/div&gt;\n        &lt;!--/ details fixclear --&gt;\n    &lt;/a&gt;\n    &lt;!-- Product container link --&gt;\n    &lt;!-- Actions --&gt;\n        &lt;div class=&quot;add-to-cart-buttons on-list js-add-to-cart-list --not-in-cart&quot; data-product=&quot;8670&quot; data-cartitem=&quot;&quot;&gt;\n            \n            &lt;div class=&quot;js-form-product-add&quot; manual=&quot;&quot; ajaxpost=&quot;/shop/cart/item/add&quot; callbackfunctionname=&quot;AddToCartList_callback&quot;&gt;\n                &lt;input type=&quot;hidden&quot; name=&quot;ProductId&quot; value=&quot;8670&quot; tabindex=&quot;-1&quot;&gt;\n                &lt;input type=&quot;hidden&quot; name=&quot;Quantity&quot; value=&quot;1&quot; tabindex=&quot;-1&quot;&gt;\n            &lt;/div&gt;\n\n            &lt;div class=&quot;not-in-cart_actions&quot;&gt;\n                &lt;button type=&quot;button&quot; class=&quot;js-product-add btn-add-first alt&quot; data-product_id=&quot;42300083&quot; data-product_name=&quot;Crema Facial 5 en 1  Nivea Cuidado Nutritivo Para Todo Tipo de Piel x 100 ml&quot; data-product_brand=&quot;Nivea&quot; data-product_category=&quot;Cuidado Facial&quot; data-product_price=&quot;1097.58&quot; tabindex=&quot;-1&quot;&gt;\n                    &lt;i class=&quot;las la-shopping-bag&quot;&gt;&lt;/i&gt;\n                    Agregar\n                &lt;/button&gt;\n            &lt;/div&gt;\n\n            &lt;div class=&quot;js-form-cart-add&quot; manual=&quot;&quot; ajaxpost=&quot;/cart/item/add&quot; callbackfunctionname=&quot;AddToCartList_callback&quot;&gt;\n                &lt;input type=&quot;hidden&quot; name=&quot;cartItemId&quot; value=&quot;&quot; tabindex=&quot;-1&quot;&gt;\n            &lt;/div&gt;\n            \n            &lt;div class=&quot;js-form-cart-remove&quot; manual=&quot;&quot; ajaxpost=&quot;/cart/item/substract&quot; callbackfunctionname=&quot;AddToCartList_callback&quot;&gt;\n                &lt;input type=&quot;hidden&quot; name=&quot;cartItemId&quot; value=&quot;&quot; tabindex=&quot;-1&quot;&gt;\n            &lt;/div&gt;\n\n            &lt;div class=&quot;in-cart_actions&quot;&gt;\n                &lt;button type=&quot;button&quot; class=&quot;js-remove btn-remove&quot; tabindex=&quot;-1&quot;&gt;\n                    &lt;i class=&quot;las la-trash&quot;&gt;&lt;/i&gt;\n                &lt;/button&gt;\n                &lt;button type=&quot;button&quot; class=&quot;js-down btn-down&quot; tabindex=&quot;-1&quot;&gt;\n                    &lt;i class=&quot;las la-minus&quot;&gt;&lt;/i&gt;\n                &lt;/button&gt;\n                 \n                &lt;label class=&quot;js-quantity&quot;&gt;1&lt;/label&gt;\n                \n                &lt;button type=&quot;button&quot; class=&quot;js-up btn-up&quot; tabindex=&quot;-1&quot;&gt;\n                    &lt;i class=&quot;las la-plus&quot;&gt;&lt;/i&gt; \n                &lt;/button&gt;\n            &lt;/div&gt;\n        &lt;/div&gt;\n\n  \n    &lt;!--/ Actions --&gt;\n&lt;/div&gt;&lt;/div&gt;&lt;/div&gt;&lt;div class=&quot;slick-slide slick-cloned&quot; data-slick-index=&quot;20&quot; aria-hidden=&quot;true&quot; style=&quot;width: 202px;&quot; tabindex=&quot;-1&quot;&gt;&lt;div&gt;&lt;div class=&quot; product-list-item prod-layout-classic height-2 lazyLoad &quot; data-product=&quot;8666&quot; style=&quot;width: 100%; display: inline-block;&quot;&gt;\n\n\n\n&lt;div class=&quot;promotion_container&quot;&gt;\n\n    &lt;div class=&quot;promotion_label dis_10&quot;&gt;\n\n        &lt;div class=&quot;promotion_label-short &quot; style=&quot;color:white;background:#2950a3;&quot;&gt;\n\n            &lt;span class=&quot;promotion_label-short-title&quot;&gt;\n                \n                -10%\n                \n            &lt;/span&gt;\n\n\n        &lt;/div&gt;\n\n    &lt;/div&gt;\n\n&lt;/div&gt;\n\n\n&lt;!-- Product container link --&gt;\n    &lt;a href=&quot;/shop/product/crema-facial-nivea-revitalizante-antiarrugas-con-aceite-de-argan-45-x-50-ml-WS8666&quot; tabindex=&quot;-1&quot;&gt;\n        &lt;!-- Image wrapper --&gt;\n        &lt;span class=&quot;image kw-prodimage&quot;&gt;\n\n            &lt;!-- Primary image --&gt;\n                &lt;img class=&quot;kw-prodimage-img lazyload&quot; data-src=&quot;https://cdn.batitienda.com/baticloud/images/product_34133a19d9b84a02a42038f9e35bb8f3_636979240986891461_0_m.webp&quot; alt=&quot;Crema Facial Nivea Revitalizante  antiarrugas Con Aceite de Argán 45+ x 50 ml&quot; title=&quot;Crema Facial Nivea Revitalizante  antiarrugas Con Aceite de Argán 45+ x 50 ml&quot;&gt;\n\n                &lt;!-- Secondary image --&gt;\n                &lt;img class=&quot;kw-prodimage-img-secondary lazyload&quot; data-src=&quot;https://cdn.batitienda.com/baticloud/images/product_picture_4df2a64a660848048ba1e653c7c87ae3_637724447451659060_0_m.webp&quot; alt=&quot;Crema Facial Nivea Revitalizante  antiarrugas Con Aceite de Argán 45+ x 50 ml alt&quot; title=&quot;Crema Facial Nivea Revitalizante  antiarrugas Con Aceite de Argán 45+ x 50 ml alt&quot;&gt;\n\n        &lt;/span&gt;\n\n        &lt;!-- Details --&gt;\n        \n        &lt;div class=&quot;details kw-details fixclear&quot;&gt;\n        \n        \n\n            &lt;span class=&quot;price&quot;&gt;\n                &lt;del&gt;\n                    &lt;span class=&quot;amount&quot;&gt;  \n                        \n                     \n$3.366 &lt;sup&gt;76&lt;/sup&gt;                    &lt;/span&gt;\n                &lt;/del&gt;\n                &lt;span class=&quot;amount&quot;&gt;\n                    \n                    \n$3.030 &lt;sup&gt;08&lt;/sup&gt;                &lt;/span&gt;\n            &lt;/span&gt;\n\n\n\n        &lt;!--/ Price --&gt;\n        &lt;!-- Title --&gt;\n        &lt;h3 class=&quot;kw-details-title&quot;&gt;\n            &lt;span class=&quot;child-top&quot;&gt;\n                \n\n                Crema Facial Nivea Revitalizante  antiarrugas Con Aceite de Argán 45+ x 50 ml\n\n            &lt;/span&gt;\n\n        &lt;/h3&gt;\n\n            &lt;!-- Badge container --&gt;\n            &lt;div class=&quot;new_badge-container&quot;&gt;\n            &lt;/div&gt;\n    &lt;/div&gt;\n        &lt;!--/ details fixclear --&gt;\n    &lt;/a&gt;\n    &lt;!-- Product container link --&gt;\n    &lt;!-- Actions --&gt;\n        &lt;div class=&quot;add-to-cart-buttons on-list js-add-to-cart-list --not-in-cart&quot; data-product=&quot;8666&quot; data-cartitem=&quot;&quot;&gt;\n            \n            &lt;div class=&quot;js-form-product-add&quot; manual=&quot;&quot; ajaxpost=&quot;/shop/cart/item/add&quot; callbackfunctionname=&quot;AddToCartList_callback&quot;&gt;\n                &lt;input type=&quot;hidden&quot; name=&quot;ProductId&quot; value=&quot;8666&quot; tabindex=&quot;-1&quot;&gt;\n                &lt;input type=&quot;hidden&quot; name=&quot;Quantity&quot; value=&quot;1&quot; tabindex=&quot;-1&quot;&gt;\n            &lt;/div&gt;\n\n            &lt;div class=&quot;not-in-cart_actions&quot;&gt;\n                &lt;button type=&quot;button&quot; class=&quot;js-product-add btn-add-first alt&quot; data-product_id=&quot;4005900470928&quot; data-product_name=&quot;Crema Facial Nivea Revitalizante  antiarrugas Con Aceite de Argán 45+ x 50 ml&quot; data-product_brand=&quot;Nivea&quot; data-product_category=&quot;Cuidado Facial&quot; data-product_price=&quot;3030.08&quot; tabindex=&quot;-1&quot;&gt;\n                    &lt;i class=&quot;las la-shopping-bag&quot;&gt;&lt;/i&gt;\n                    Agregar\n                &lt;/button&gt;\n            &lt;/div&gt;\n\n            &lt;div class=&quot;js-form-cart-add&quot; manual=&quot;&quot; ajaxpost=&quot;/cart/item/add&quot; callbackfunctionname=&quot;AddToCartList_callback&quot;&gt;\n                &lt;input type=&quot;hidden&quot; name=&quot;cartItemId&quot; value=&quot;&quot; tabindex=&quot;-1&quot;&gt;\n            &lt;/div&gt;\n            \n            &lt;div class=&quot;js-form-cart-remove&quot; manual=&quot;&quot; ajaxpost=&quot;/cart/item/substract&quot; callbackfunctionname=&quot;AddToCartList_callback&quot;&gt;\n                &lt;input type=&quot;hidden&quot; name=&quot;cartItemId&quot; value=&quot;&quot; tabindex=&quot;-1&quot;&gt;\n            &lt;/div&gt;\n\n            &lt;div class=&quot;in-cart_actions&quot;&gt;\n                &lt;button type=&quot;button&quot; class=&quot;js-remove btn-remove&quot; tabindex=&quot;-1&quot;&gt;\n                    &lt;i class=&quot;las la-trash&quot;&gt;&lt;/i&gt;\n                &lt;/button&gt;\n                &lt;button type=&quot;button&quot; class=&quot;js-down btn-down&quot; tabindex=&quot;-1&quot;&gt;\n                    &lt;i class=&quot;las la-minus&quot;&gt;&lt;/i&gt;\n                &lt;/button&gt;\n                 \n                &lt;label class=&quot;js-quantity&quot;&gt;1&lt;/label&gt;\n                \n                &lt;button type=&quot;button&quot; class=&quot;js-up btn-up&quot; tabindex=&quot;-1&quot;&gt;\n                    &lt;i class=&quot;las la-plus&quot;&gt;&lt;/i&gt; \n                &lt;/button&gt;\n            &lt;/div&gt;\n        &lt;/div&gt;\n\n  \n    &lt;!--/ Actions --&gt;\n&lt;/div&gt;&lt;/div&gt;&lt;/div&gt;&lt;div class=&quot;slick-slide slick-cloned&quot; data-slick-index=&quot;21&quot; aria-hidden=&quot;true&quot; style=&quot;width: 202px;&quot; tabindex=&quot;-1&quot;&gt;&lt;div&gt;&lt;div class=&quot; product-list-item prod-layout-classic height-2 lazyLoad &quot; data-product=&quot;93291&quot; style=&quot;width: 100%; display: inline-block;&quot;&gt;\n\n\n\n&lt;div class=&quot;promotion_container&quot;&gt;\n\n    &lt;div class=&quot;promotion_label dis_10&quot;&gt;\n\n        &lt;div class=&quot;promotion_label-short &quot; style=&quot;color:white;background:#2950a3;&quot;&gt;\n\n            &lt;span class=&quot;promotion_label-short-title&quot;&gt;\n                \n                -10%\n                \n            &lt;/span&gt;\n\n\n        &lt;/div&gt;\n\n    &lt;/div&gt;\n\n&lt;/div&gt;\n\n\n&lt;!-- Product container link --&gt;\n    &lt;a href=&quot;/shop/product/desodorante-antitranspirante-nivea-men-fresh-ice-roll-on-x-50-ml-WS93291&quot; tabindex=&quot;-1&quot;&gt;\n        &lt;!-- Image wrapper --&gt;\n        &lt;span class=&quot;image kw-prodimage&quot;&gt;\n\n            &lt;!-- Primary image --&gt;\n                &lt;img class=&quot;kw-prodimage-img lazyload&quot; data-src=&quot;https://cdn.batitienda.com/baticloud/images/product_a310497ad0be4596a2aa6d2e8c26dcec_637439137296084566_0_m.webp&quot; alt=&quot;Desodorante Antitranspirante Nivea Men Fresh Ice Roll On x 50 ml&quot; title=&quot;Desodorante Antitranspirante Nivea Men Fresh Ice Roll On x 50 ml&quot;&gt;\n\n\n        &lt;/span&gt;\n\n        &lt;!-- Details --&gt;\n        \n        &lt;div class=&quot;details kw-details fixclear&quot;&gt;\n        \n        \n\n            &lt;span class=&quot;price&quot;&gt;\n                &lt;del&gt;\n                    &lt;span class=&quot;amount&quot;&gt;  \n                        \n                     \n$672 &lt;sup&gt;64&lt;/sup&gt;                    &lt;/span&gt;\n                &lt;/del&gt;\n                &lt;span class=&quot;amount&quot;&gt;\n                    \n                    \n$605 &lt;sup&gt;38&lt;/sup&gt;                &lt;/span&gt;\n            &lt;/span&gt;\n\n\n\n        &lt;!--/ Price --&gt;\n        &lt;!-- Title --&gt;\n        &lt;h3 class=&quot;kw-details-title&quot;&gt;\n            &lt;span class=&quot;child-top&quot;&gt;\n                \n\n                Desodorante Antitranspirante Nivea Men Fresh Ice Roll On x 50 ml\n\n            &lt;/span&gt;\n\n        &lt;/h3&gt;\n\n            &lt;!-- Badge container --&gt;\n            &lt;div class=&quot;new_badge-container&quot;&gt;\n            &lt;/div&gt;\n    &lt;/div&gt;\n        &lt;!--/ details fixclear --&gt;\n    &lt;/a&gt;\n    &lt;!-- Product container link --&gt;\n    &lt;!-- Actions --&gt;\n        &lt;div class=&quot;add-to-cart-buttons on-list js-add-to-cart-list --not-in-cart&quot; data-product=&quot;93291&quot; data-cartitem=&quot;&quot;&gt;\n            \n            &lt;div class=&quot;js-form-product-add&quot; manual=&quot;&quot; ajaxpost=&quot;/shop/cart/item/add&quot; callbackfunctionname=&quot;AddToCartList_callback&quot;&gt;\n                &lt;input type=&quot;hidden&quot; name=&quot;ProductId&quot; value=&quot;93291&quot; tabindex=&quot;-1&quot;&gt;\n                &lt;input type=&quot;hidden&quot; name=&quot;Quantity&quot; value=&quot;1&quot; tabindex=&quot;-1&quot;&gt;\n            &lt;/div&gt;\n\n            &lt;div class=&quot;not-in-cart_actions&quot;&gt;\n                &lt;button type=&quot;button&quot; class=&quot;js-product-add btn-add-first alt&quot; data-product_id=&quot;4005900517005&quot; data-product_name=&quot;Desodorante Antitranspirante Nivea Men Fresh Ice Roll On x 50 ml&quot; data-product_brand=&quot;Nivea&quot; data-product_category=&quot;Desodorante Hombre&quot; data-product_price=&quot;605.38&quot; tabindex=&quot;-1&quot;&gt;\n                    &lt;i class=&quot;las la-shopping-bag&quot;&gt;&lt;/i&gt;\n                    Agregar\n                &lt;/button&gt;\n            &lt;/div&gt;\n\n            &lt;div class=&quot;js-form-cart-add&quot; manual=&quot;&quot; ajaxpost=&quot;/cart/item/add&quot; callbackfunctionname=&quot;AddToCartList_callback&quot;&gt;\n                &lt;input type=&quot;hidden&quot; name=&quot;cartItemId&quot; value=&quot;&quot; tabindex=&quot;-1&quot;&gt;\n            &lt;/div&gt;\n            \n            &lt;div class=&quot;js-form-cart-remove&quot; manual=&quot;&quot; ajaxpost=&quot;/cart/item/substract&quot; callbackfunctionname=&quot;AddToCartList_callback&quot;&gt;\n                &lt;input type=&quot;hidden&quot; name=&quot;cartItemId&quot; value=&quot;&quot; tabindex=&quot;-1&quot;&gt;\n            &lt;/div&gt;\n\n            &lt;div class=&quot;in-cart_actions&quot;&gt;\n                &lt;button type=&quot;button&quot; class=&quot;js-remove btn-remove&quot; tabindex=&quot;-1&quot;&gt;\n                    &lt;i class=&quot;las la-trash&quot;&gt;&lt;/i&gt;\n                &lt;/button&gt;\n                &lt;button type=&quot;button&quot; class=&quot;js-down btn-down&quot; tabindex=&quot;-1&quot;&gt;\n                    &lt;i class=&quot;las la-minus&quot;&gt;&lt;/i&gt;\n                &lt;/button&gt;\n                 \n                &lt;label class=&quot;js-quantity&quot;&gt;1&lt;/label&gt;\n                \n                &lt;button type=&quot;button&quot; class=&quot;js-up btn-up&quot; tabindex=&quot;-1&quot;&gt;\n                    &lt;i class=&quot;las la-plus&quot;&gt;&lt;/i&gt; \n                &lt;/button&gt;\n            &lt;/div&gt;\n        &lt;/div&gt;\n\n  \n    &lt;!--/ Actions --&gt;\n&lt;/div&gt;&lt;/div&gt;&lt;/div&gt;&lt;div class=&quot;slick-slide slick-cloned&quot; data-slick-index=&quot;22&quot; aria-hidden=&quot;true&quot; style=&quot;width: 202px;&quot; tabindex=&quot;-1&quot;&gt;&lt;div&gt;&lt;div class=&quot; product-list-item prod-layout-classic height-2 lazyLoad &quot; data-product=&quot;426927&quot; style=&quot;width: 100%; display: inline-block;&quot;&gt;\n\n\n\n&lt;div class=&quot;promotion_container&quot;&gt;\n\n    &lt;div class=&quot;promotion_label dis_10&quot;&gt;\n\n        &lt;div class=&quot;promotion_label-short &quot; style=&quot;color:white;background:#2950a3;&quot;&gt;\n\n            &lt;span class=&quot;promotion_label-short-title&quot;&gt;\n                \n                -10%\n                \n            &lt;/span&gt;\n\n\n        &lt;/div&gt;\n\n    &lt;/div&gt;\n\n&lt;/div&gt;\n\n\n&lt;!-- Product container link --&gt;\n    &lt;a href=&quot;/shop/product/desodorante-antitranspirante-nivea-men-antibacterial-spray-x-150-ml-WS426927&quot; tabindex=&quot;-1&quot;&gt;\n        &lt;!-- Image wrapper --&gt;\n        &lt;span class=&quot;image kw-prodimage&quot;&gt;\n\n            &lt;!-- Primary image --&gt;\n                &lt;img class=&quot;kw-prodimage-img lazyload&quot; data-src=&quot;https://cdn.batitienda.com/baticloud/images/product_picture_1538e361d3db493bac765a6315fb6e1c_637724433914525391_0_m.webp&quot; alt=&quot;Desodorante Antitranspirante Nivea Men Antibacterial Spray x 150 ml&quot; title=&quot;Desodorante Antitranspirante Nivea Men Antibacterial Spray x 150 ml&quot;&gt;\n\n\n        &lt;/span&gt;\n\n        &lt;!-- Details --&gt;\n        \n        &lt;div class=&quot;details kw-details fixclear&quot;&gt;\n        \n        \n\n            &lt;span class=&quot;price&quot;&gt;\n                &lt;del&gt;\n                    &lt;span class=&quot;amount&quot;&gt;  \n                        \n                     \n$906 &lt;sup&gt;46&lt;/sup&gt;                    &lt;/span&gt;\n                &lt;/del&gt;\n                &lt;span class=&quot;amount&quot;&gt;\n                    \n                    \n$815 &lt;sup&gt;81&lt;/sup&gt;                &lt;/span&gt;\n            &lt;/span&gt;\n\n\n\n        &lt;!--/ Price --&gt;\n        &lt;!-- Title --&gt;\n        &lt;h3 class=&quot;kw-details-title&quot;&gt;\n            &lt;span class=&quot;child-top&quot;&gt;\n                \n\n                Desodorante Antitranspirante Nivea Men Antibacterial Spray x 150 ml\n\n            &lt;/span&gt;\n\n        &lt;/h3&gt;\n\n            &lt;!-- Badge container --&gt;\n            &lt;div class=&quot;new_badge-container&quot;&gt;\n            &lt;/div&gt;\n    &lt;/div&gt;\n        &lt;!--/ details fixclear --&gt;\n    &lt;/a&gt;\n    &lt;!-- Product container link --&gt;\n    &lt;!-- Actions --&gt;\n        &lt;div class=&quot;add-to-cart-buttons on-list js-add-to-cart-list --not-in-cart&quot; data-product=&quot;426927&quot; data-cartitem=&quot;&quot;&gt;\n            \n            &lt;div class=&quot;js-form-product-add&quot; manual=&quot;&quot; ajaxpost=&quot;/shop/cart/item/add&quot; callbackfunctionname=&quot;AddToCartList_callback&quot;&gt;\n                &lt;input type=&quot;hidden&quot; name=&quot;ProductId&quot; value=&quot;426927&quot; tabindex=&quot;-1&quot;&gt;\n                &lt;input type=&quot;hidden&quot; name=&quot;Quantity&quot; value=&quot;1&quot; tabindex=&quot;-1&quot;&gt;\n            &lt;/div&gt;\n\n            &lt;div class=&quot;not-in-cart_actions&quot;&gt;\n                &lt;button type=&quot;button&quot; class=&quot;js-product-add btn-add-first alt&quot; data-product_id=&quot;4005900907264&quot; data-product_name=&quot;Desodorante Antitranspirante Nivea Men Antibacterial Spray x 150 ml&quot; data-product_brand=&quot;Nivea&quot; data-product_category=&quot;Desodorante Hombre&quot; data-product_price=&quot;815.81&quot; tabindex=&quot;-1&quot;&gt;\n                    &lt;i class=&quot;las la-shopping-bag&quot;&gt;&lt;/i&gt;\n                    Agregar\n                &lt;/button&gt;\n            &lt;/div&gt;\n\n            &lt;div class=&quot;js-form-cart-add&quot; manual=&quot;&quot; ajaxpost=&quot;/cart/item/add&quot; callbackfunctionname=&quot;AddToCartList_callback&quot;&gt;\n                &lt;input type=&quot;hidden&quot; name=&quot;cartItemId&quot; value=&quot;&quot; tabindex=&quot;-1&quot;&gt;\n            &lt;/div&gt;\n            \n            &lt;div class=&quot;js-form-cart-remove&quot; manual=&quot;&quot; ajaxpost=&quot;/cart/item/substract&quot; callbackfunctionname=&quot;AddToCartList_callback&quot;&gt;\n                &lt;input type=&quot;hidden&quot; name=&quot;cartItemId&quot; value=&quot;&quot; tabindex=&quot;-1&quot;&gt;\n            &lt;/div&gt;\n\n            &lt;div class=&quot;in-cart_actions&quot;&gt;\n                &lt;button type=&quot;button&quot; class=&quot;js-remove btn-remove&quot; tabindex=&quot;-1&quot;&gt;\n                    &lt;i class=&quot;las la-trash&quot;&gt;&lt;/i&gt;\n                &lt;/button&gt;\n                &lt;button type=&quot;button&quot; class=&quot;js-down btn-down&quot; tabindex=&quot;-1&quot;&gt;\n                    &lt;i class=&quot;las la-minus&quot;&gt;&lt;/i&gt;\n                &lt;/button&gt;\n                 \n                &lt;label class=&quot;js-quantity&quot;&gt;1&lt;/label&gt;\n                \n                &lt;button type=&quot;button&quot; class=&quot;js-up btn-up&quot; tabindex=&quot;-1&quot;&gt;\n                    &lt;i class=&quot;las la-plus&quot;&gt;&lt;/i&gt; \n                &lt;/button&gt;\n            &lt;/div&gt;\n        &lt;/div&gt;\n\n  \n    &lt;!--/ Actions --&gt;\n&lt;/div&gt;&lt;/div&gt;&lt;/div&gt;&lt;div class=&quot;slick-slide slick-cloned&quot; data-slick-index=&quot;23&quot; aria-hidden=&quot;true&quot; style=&quot;width: 202px;&quot; tabindex=&quot;-1&quot;&gt;&lt;div&gt;&lt;div class=&quot; product-list-item prod-layout-classic height-2 lazyLoad &quot; data-product=&quot;88786&quot; style=&quot;width: 100%; display: inline-block;&quot;&gt;\n\n\n\n&lt;div class=&quot;promotion_container&quot;&gt;\n\n    &lt;div class=&quot;promotion_label dis_10&quot;&gt;\n\n        &lt;div class=&quot;promotion_label-short &quot; style=&quot;color:white;background:#2950a3;&quot;&gt;\n\n            &lt;span class=&quot;promotion_label-short-title&quot;&gt;\n                \n                -10%\n                \n            &lt;/span&gt;\n\n\n        &lt;/div&gt;\n\n    &lt;/div&gt;\n\n&lt;/div&gt;\n\n\n&lt;!-- Product container link --&gt;\n    &lt;a href=&quot;/shop/product/desodorante-antitranspirante-nivea-femenino-protect-care-roll-on-x-50-ml-WS88786&quot; tabindex=&quot;-1&quot;&gt;\n        &lt;!-- Image wrapper --&gt;\n        &lt;span class=&quot;image kw-prodimage&quot;&gt;\n\n            &lt;!-- Primary image --&gt;\n                &lt;img class=&quot;kw-prodimage-img lazyload&quot; data-src=&quot;https://cdn.batitienda.com/baticloud/images/product_793e5d0d9fc74b3a9713d7fe8aafd659_637436526864833123_0_m.webp&quot; alt=&quot;Desodorante Antitranspirante Nivea Femenino Protect &amp;amp; Care Roll On x 50 ml&quot; title=&quot;Desodorante Antitranspirante Nivea Femenino Protect &amp;amp; Care Roll On x 50 ml&quot;&gt;\n\n\n        &lt;/span&gt;\n\n        &lt;!-- Details --&gt;\n        \n        &lt;div class=&quot;details kw-details fixclear&quot;&gt;\n        \n        \n\n            &lt;span class=&quot;price&quot;&gt;\n                &lt;del&gt;\n                    &lt;span class=&quot;amount&quot;&gt;  \n                        \n                     \n$716 &lt;sup&gt;21&lt;/sup&gt;                    &lt;/span&gt;\n                &lt;/del&gt;\n                &lt;span class=&quot;amount&quot;&gt;\n                    \n                    \n$644 &lt;sup&gt;59&lt;/sup&gt;                &lt;/span&gt;\n            &lt;/span&gt;\n\n\n\n        &lt;!--/ Price --&gt;\n        &lt;!-- Title --&gt;\n        &lt;h3 class=&quot;kw-details-title&quot;&gt;\n            &lt;span class=&quot;child-top&quot;&gt;\n                \n\n                Desodorante Antitranspirante Nivea Femenino Protect &amp;amp; Care Roll On x 50 ml\n\n            &lt;/span&gt;\n\n        &lt;/h3&gt;\n\n            &lt;!-- Badge container --&gt;\n            &lt;div class=&quot;new_badge-container&quot;&gt;\n            &lt;/div&gt;\n    &lt;/div&gt;\n        &lt;!--/ details fixclear --&gt;\n    &lt;/a&gt;\n    &lt;!-- Product container link --&gt;\n    &lt;!-- Actions --&gt;\n        &lt;div class=&quot;add-to-cart-buttons on-list js-add-to-cart-list --not-in-cart&quot; data-product=&quot;88786&quot; data-cartitem=&quot;&quot;&gt;\n            \n            &lt;div class=&quot;js-form-product-add&quot; manual=&quot;&quot; ajaxpost=&quot;/shop/cart/item/add&quot; callbackfunctionname=&quot;AddToCartList_callback&quot;&gt;\n                &lt;input type=&quot;hidden&quot; name=&quot;ProductId&quot; value=&quot;88786&quot; tabindex=&quot;-1&quot;&gt;\n                &lt;input type=&quot;hidden&quot; name=&quot;Quantity&quot; value=&quot;1&quot; tabindex=&quot;-1&quot;&gt;\n            &lt;/div&gt;\n\n            &lt;div class=&quot;not-in-cart_actions&quot;&gt;\n                &lt;button type=&quot;button&quot; class=&quot;js-product-add btn-add-first alt&quot; data-product_id=&quot;4005900130785&quot; data-product_name=&quot;Desodorante Antitranspirante Nivea Femenino Protect &amp;amp; Care Roll On x 50 ml&quot; data-product_brand=&quot;Nivea&quot; data-product_category=&quot;Desodorante Mujer&quot; data-product_price=&quot;644.59&quot; tabindex=&quot;-1&quot;&gt;\n                    &lt;i class=&quot;las la-shopping-bag&quot;&gt;&lt;/i&gt;\n                    Agregar\n                &lt;/button&gt;\n            &lt;/div&gt;\n\n            &lt;div class=&quot;js-form-cart-add&quot; manual=&quot;&quot; ajaxpost=&quot;/cart/item/add&quot; callbackfunctionname=&quot;AddToCartList_callback&quot;&gt;\n                &lt;input type=&quot;hidden&quot; name=&quot;cartItemId&quot; value=&quot;&quot; tabindex=&quot;-1&quot;&gt;\n            &lt;/div&gt;\n            \n            &lt;div class=&quot;js-form-cart-remove&quot; manual=&quot;&quot; ajaxpost=&quot;/cart/item/substract&quot; callbackfunctionname=&quot;AddToCartList_callback&quot;&gt;\n                &lt;input type=&quot;hidden&quot; name=&quot;cartItemId&quot; value=&quot;&quot; tabindex=&quot;-1&quot;&gt;\n            &lt;/div&gt;\n\n            &lt;div class=&quot;in-cart_actions&quot;&gt;\n                &lt;button type=&quot;button&quot; class=&quot;js-remove btn-remove&quot; tabindex=&quot;-1&quot;&gt;\n                    &lt;i class=&quot;las la-trash&quot;&gt;&lt;/i&gt;\n                &lt;/button&gt;\n                &lt;button type=&quot;button&quot; class=&quot;js-down btn-down&quot; tabindex=&quot;-1&quot;&gt;\n                    &lt;i class=&quot;las la-minus&quot;&gt;&lt;/i&gt;\n                &lt;/button&gt;\n                 \n                &lt;label class=&quot;js-quantity&quot;&gt;1&lt;/label&gt;\n                \n                &lt;button type=&quot;button&quot; class=&quot;js-up btn-up&quot; tabindex=&quot;-1&quot;&gt;\n                    &lt;i class=&quot;las la-plus&quot;&gt;&lt;/i&gt; \n                &lt;/button&gt;\n            &lt;/div&gt;\n        &lt;/div&gt;\n\n  \n    &lt;!--/ Actions --&gt;\n&lt;/div&gt;&lt;/div&gt;&lt;/div&gt;&lt;/div&gt;&lt;/div&gt;&lt;button class=&quot;slick-next slick-arrow&quot; aria-label=&quot;Next&quot; type=&quot;button&quot; style=&quot;display: inline-block;&quot;&gt;Next&lt;/button&gt;&lt;/div&gt;\n    &lt;/div&gt;\n&lt;/div&gt;\n    &lt;script type=&quot;text/javascript&quot;&gt;\n\n        initProductRotator(\'RelatedProducts\', 3, 1, true, 2000, 1);\n\n    &lt;/script&gt;\n&lt;/div&gt;\n\n                &lt;div class=&quot;detailsproducts-container&quot;&gt;\n\n                    &lt;h3 class=&quot;mb-10&quot;&gt;\n                        Detalles de Crema Corporal Nivea Aloe Vera 5 En 1 Piel Normal a Seca x 125 ml\n                    &lt;/h3&gt;\n\n                    &lt;div class=&quot;tabbable&quot;&gt;\n\n                        &lt;div class=&quot;tab-content&quot;&gt;\n\n                            &lt;div class=&quot;tab-pane active&quot; id=&quot;tab-description&quot;&gt;\n\n\n                                &lt;h3&gt;Descripción&lt;/h3&gt;&lt;p&gt;La Crema corporal NIVEA Aloe Vera está enriquecida con Aloe Vera y Minerales Marinos, ingredientes que humectan la piel desde la primera aplicación. Además, ofrece 5 beneficios en 1: 48 horas de humectación profunda; cuidado refrescante; deja la piel suave, sin sensación grasosa y visiblemente más saludable. Está probada en pieles normales a secas y es ideal para uso diario.&lt;/p&gt; \n &lt;h3&gt;Beneficios&lt;/h3&gt;\n&lt;p&gt;- 48 hs de humectación profunda&lt;/p&gt;\t\n&lt;p&gt;- Cuidado refrescante.&lt;/p&gt;\t\n&lt;p&gt;- Piel visiblemente más suave.&lt;/p&gt;\t\n&lt;p&gt;- Rápida absorción.&lt;/p&gt;\t\n&lt;p&gt;- Ideal para piel normal a seca.&lt;/p&gt;\n&lt;h3&gt;&lt;br&gt;&lt;/h3&gt;\n\n                                &lt;div class=&quot;product_meta mt-20&quot;&gt;\n\n                                        &lt;span class=&quot;posted_in&quot;&gt;\n                                            Marca: \n                                             &lt;a href=&quot;/shop?brand=nivea&quot;&gt;\n                                                NIVEA\n                                            &lt;/a&gt;\n                                        &lt;/span&gt;\n                                    \n                                        &lt;span class=&quot;posted_in&quot;&gt;\n                                            Categoría:\n                                            &lt;a href=&quot;/shop/cuidado-corporal-PC1419&quot;&gt;\n                                                CUIDADO CORPORAL\n                                            &lt;/a&gt;\n                                        &lt;/span&gt;\n                                    \n                                        &lt;span class=&quot;sku_wrapper&quot;&gt;SKU/Barcode: &lt;span class=&quot;sku&quot;&gt;4005900985088&lt;/span&gt;&lt;/span&gt;\n                                &lt;/div&gt;\n                            &lt;/div&gt;\n\n\n                        &lt;/div&gt;\n\n                    &lt;/div&gt;\n                &lt;/div&gt;\n\n            &lt;/div&gt;\n\n            &lt;div id=&quot;AltColumn&quot;&gt;\n\n                &lt;div class=&quot;main-data&quot;&gt;\n                    &lt;div class=&quot;summary entry-summary brand-logo&quot;&gt;\n\n                        \n\n\n&lt;div class=&quot;promotion_container&quot;&gt;\n\n    &lt;div class=&quot;promotion_label dis_10&quot;&gt;\n\n        &lt;div class=&quot;promotion_label-short &quot; style=&quot;color:white;background:#2950a3;&quot;&gt;\n\n            &lt;span class=&quot;promotion_label-short-title&quot;&gt;\n                \n                -10%\n                \n            &lt;/span&gt;\n\n\n        &lt;/div&gt;\n\n    &lt;/div&gt;\n\n&lt;/div&gt;\n                        \n                            &lt;a class=&quot;page-subtitle brand nivea&quot; href=&quot;/shop?brand=nivea&quot;&gt;\nNIVEA                            &lt;/a&gt;\n\n                        &lt;h2 class=&quot;product_title entry-title&quot;&gt;Crema Corporal Nivea Aloe Vera 5 En 1 Piel Normal a Seca x 125 ml&lt;/h2&gt;\n\n\n                        &lt;div id=&quot;variantselector-container&quot; class=&quot;pb-10&quot; data-product=&quot;1174008&quot; data-discount-individual=&quot;228&quot; data-discount-collective=&quot;&quot; data-route=&quot;/Products_Detail/VariantSelector&quot; data-loading=&quot;loading-this alt&quot; data-product_name=&quot;Crema Corporal Nivea Aloe Vera 5 En 1 Piel Normal a Seca x 125 ml&quot; data-product_brand=&quot;Nivea&quot; data-product_category=&quot;Cuidado Corporal&quot;&gt;\n\n\n\n&lt;div&gt;\n    &lt;input type=&quot;hidden&quot; id=&quot;variant_selector-selected_product&quot; value=&quot;1174008&quot;&gt;\n    &lt;input type=&quot;hidden&quot; id=&quot;variant_selector-selected_variant&quot;&gt;\n    &lt;input type=&quot;hidden&quot; id=&quot;variant_selector-selected_variant-orderedAssetIdList&quot;&gt;\n    \n\n&lt;div class=&quot;product-pricing&quot;&gt;\n\n        &lt;div class=&quot;price-tag price-tag__del&quot;&gt;\n            &lt;del&gt;\n                &lt;span class=&quot;price-tag-symbol&quot;&gt;$&lt;/span&gt;\n                &lt;span class=&quot;price-tag-fraction&quot;&gt;1.040&lt;/span&gt;\n                        &lt;span class=&quot;price-tag-cents-visible&quot;&gt;51 &lt;/span&gt;\n\n            &lt;/del&gt;\n        &lt;/div&gt;\n\n        &lt;span class=&quot;price-tag&quot;&gt;\n            &lt;span class=&quot;price-tag-symbol&quot;&gt;$&lt;/span&gt;\n            &lt;span class=&quot;price-tag-fraction&quot;&gt;936&lt;/span&gt;\n\n                    &lt;span class=&quot;price-tag-decimal-separator&quot;&gt;,&lt;/span&gt;\n                    &lt;span class=&quot;price-tag-cents&quot;&gt;46&lt;/span&gt;\n\n\n        &lt;/span&gt;\n\n        &lt;div class=&quot;price-tag-discount&quot;&gt;\n            &lt;span class=&quot;price-tag-discount-display&quot;&gt;10% OFF&lt;/span&gt;\n        &lt;/div&gt;\n\n&lt;/div&gt;&lt;div class=&quot;pb-5 payment-method mercadopago-cards-small&quot;&gt;\n\n    &lt;p class=&quot;title&quot;&gt;\n        &lt;img src=&quot;/Custom/images/pay.svg&quot;&gt;\n        &lt;span&gt;Pagá en hasta 12 cuotas&lt;/span&gt;\n    &lt;/p&gt;\n\n    &lt;ul class=&quot;mercadopago-cards-small_list pl-20 payment-card-list&quot;&gt;\n        &lt;li class=&quot;_visa-small&quot;&gt;&lt;/li&gt;\n        &lt;li class=&quot;_master-small&quot;&gt;&lt;/li&gt;\n        &lt;li class=&quot;_cabal-small&quot;&gt;&lt;/li&gt;\n        &lt;li class=&quot;_amex-small&quot;&gt;&lt;/li&gt;\n    &lt;/ul&gt;\n \n    &lt;a data-route=&quot;/Checkout/GetPaymentMethods&quot; data-title=&quot;Medios de pago&quot; data-customcssclass=&quot;productdetailalert mw-700&quot; class=&quot;alertAjaxOnClick blue pl-30&quot;&gt;\n        Ver todos los medios de pago\n    &lt;/a&gt;\n\n&lt;/div&gt;\n\n\n&lt;div class=&quot;pb-5 shipping-method shipping-pickup&quot;&gt;\n\n    &lt;p class=&quot;title&quot;&gt;\n        &lt;img src=&quot;/Custom/images/place.svg&quot; width=&quot;50&quot;&gt;\n        &lt;span&gt;Puntos de retiro gratis&lt;/span&gt;\n    &lt;/p&gt;\n    &lt;a href=&quot;#pickupFinder&quot; data-source=&quot;/Delivery_Options/GetPickupPlaceList?t=27%2F10%2F2023%2019%3A54%3A35&quot; data-apikey=&quot;&quot; class=&quot;pickupFinder_fire blue pl-30&quot;&gt;\n        Encontrar el lugar más cercano\n    &lt;/a&gt;\n\n&lt;/div&gt;\n\n&lt;div class=&quot;pb-5 shipping-method shipping-delivery&quot;&gt;\n\n    &lt;p class=&quot;title&quot;&gt;\n        &lt;img src=&quot;/Custom/images/truck.svg&quot; width=&quot;50&quot;&gt;\n        &lt;span&gt;Envíos a todo el país&lt;/span&gt;\n    &lt;/p&gt;\n\n    &lt;a data-route=&quot;/delivery/options&quot; data-query=&quot;?ProductIdIncluded=1174008&amp;amp;VariantIdIncluded=&amp;amp;QuantityIncluded=1)&quot; data-title=&quot;Cotizar envío de mi carrito&quot; data-customcssclass=&quot;productdetailalert&quot; data-prefunction=&quot;updateRouteForShippingCostInit_params&quot; class=&quot;shippingCost_onProduct_fire alertAjaxOnClick blue pl-30&quot;&gt;\n        Cotizador de envíos\n    &lt;/a&gt;\n\n&lt;/div&gt;\n\n\n\n&lt;div class=&quot;quantity-selector&quot;&gt;\n\n        &lt;p class=&quot;qs_display&quot;&gt;\n            &lt;span class=&quot;qs_name&quot;&gt;Cantidad:&lt;/span&gt;\n            &lt;strong class=&quot;qs_value&quot;&gt;\n                    3  unidades\n                &lt;/strong&gt;\n            &lt;i class=&quot;fa fa-angle-down&quot;&gt;&lt;/i&gt;\n        &lt;/p&gt;\n\n        &lt;select class=&quot;qs_select&quot; data-variant=&quot;&quot; onchange=&quot;jQuery(\'.qs_value\').text(jQuery(this).find(\'option:selected\').text())&quot;&gt;\n\n                &lt;option value=&quot;1&quot; selected=&quot;&quot;&gt;\n                    1  unidad\n                &lt;/option&gt;\n                &lt;option value=&quot;2&quot;&gt;\n                    2  unidades\n                &lt;/option&gt;\n                &lt;option value=&quot;3&quot;&gt;\n                    3  unidades\n                &lt;/option&gt;\n                &lt;option value=&quot;4&quot;&gt;\n                    4  unidades\n                &lt;/option&gt;\n                &lt;option value=&quot;5&quot;&gt;\n                    5  unidades\n                &lt;/option&gt;\n                &lt;option value=&quot;6&quot;&gt;\n                    6  unidades\n                &lt;/option&gt;\n                &lt;option value=&quot;7&quot;&gt;\n                    7  unidades\n                &lt;/option&gt;\n                &lt;option value=&quot;8&quot;&gt;\n                    8  unidades\n                &lt;/option&gt;\n                &lt;option value=&quot;9&quot;&gt;\n                    9  unidades\n                &lt;/option&gt;\n                &lt;option value=&quot;10&quot;&gt;\n                    10  unidades\n                &lt;/option&gt;\n                &lt;option value=&quot;11&quot;&gt;\n                    11  unidades\n                &lt;/option&gt;\n                &lt;option value=&quot;12&quot;&gt;\n                    12  unidades\n                &lt;/option&gt;\n                &lt;option value=&quot;13&quot;&gt;\n                    13  unidades\n                &lt;/option&gt;\n                &lt;option value=&quot;14&quot;&gt;\n                    14  unidades\n                &lt;/option&gt;\n                &lt;option value=&quot;15&quot;&gt;\n                    15  unidades\n                &lt;/option&gt;\n                &lt;option value=&quot;16&quot;&gt;\n                    16  unidades\n                &lt;/option&gt;\n                &lt;option value=&quot;17&quot;&gt;\n                    17  unidades\n                &lt;/option&gt;\n                &lt;option value=&quot;18&quot;&gt;\n                    18  unidades\n                &lt;/option&gt;\n                &lt;option value=&quot;19&quot;&gt;\n                    19  unidades\n                &lt;/option&gt;\n                &lt;option value=&quot;20&quot;&gt;\n                    20  unidades\n                &lt;/option&gt;\n                &lt;option value=&quot;21&quot;&gt;\n                    21  unidades\n                &lt;/option&gt;\n                &lt;option value=&quot;22&quot;&gt;\n                    22  unidades\n                &lt;/option&gt;\n                &lt;option value=&quot;23&quot;&gt;\n                    23  unidades\n                &lt;/option&gt;\n                &lt;option value=&quot;24&quot;&gt;\n                    24  unidades\n                &lt;/option&gt;\n                &lt;option value=&quot;25&quot;&gt;\n                    25  unidades\n                &lt;/option&gt;\n                &lt;option value=&quot;26&quot;&gt;\n                    26  unidades\n                &lt;/option&gt;\n                &lt;option value=&quot;27&quot;&gt;\n                    27  unidades\n                &lt;/option&gt;\n                &lt;option value=&quot;28&quot;&gt;\n                    28  unidades\n                &lt;/option&gt;\n                &lt;option value=&quot;29&quot;&gt;\n                    29  unidades\n                &lt;/option&gt;\n                &lt;option value=&quot;30&quot;&gt;\n                    30  unidades\n                &lt;/option&gt;\n                &lt;option value=&quot;31&quot;&gt;\n                    31  unidades\n                &lt;/option&gt;\n                &lt;option value=&quot;32&quot;&gt;\n                    32  unidades\n                &lt;/option&gt;\n                &lt;option value=&quot;33&quot;&gt;\n                    33  unidades\n                &lt;/option&gt;\n                &lt;option value=&quot;34&quot;&gt;\n                    34  unidades\n                &lt;/option&gt;\n                &lt;option value=&quot;35&quot;&gt;\n                    35  unidades\n                &lt;/option&gt;\n                &lt;option value=&quot;36&quot;&gt;\n                    36  unidades\n                &lt;/option&gt;\n                &lt;option value=&quot;37&quot;&gt;\n                    37  unidades\n                &lt;/option&gt;\n                &lt;option value=&quot;38&quot;&gt;\n                    38  unidades\n                &lt;/option&gt;\n                &lt;option value=&quot;39&quot;&gt;\n                    39  unidades\n                &lt;/option&gt;\n                &lt;option value=&quot;40&quot;&gt;\n                    40  unidades\n                &lt;/option&gt;\n\n        &lt;/select&gt;\n    &lt;/div&gt;        &lt;div class=&quot;add-to-cart-buttons&quot;&gt;\n            &lt;form&gt;\n                &lt;input type=&quot;hidden&quot; id=&quot;cart_item_id&quot; value=&quot;1174008&quot;&gt;\n                &lt;input type=&quot;hidden&quot; id=&quot;cart_variant_id&quot; value=&quot;&quot;&gt;\n                &lt;input type=&quot;hidden&quot; id=&quot;cart_item_quantity&quot; value=&quot;1&quot;&gt;\n\n                &lt;button type=&quot;button&quot; class=&quot;single_add_to_cart_button alt checkout-addtocart&quot; data-product_id=&quot;4005900985088&quot; data-product_price=&quot;936.46&quot; disabled=&quot;disabled&quot;&gt;\n                    Agregar al carrito\n                &lt;/button&gt;\n\n                &lt;button type=&quot;button&quot; class=&quot;single_end_checkout_button checkout-finish&quot; data-product_id=&quot;4005900985088&quot; data-product_price=&quot;936.46&quot;&gt;\n                    Comprar ahora\n                &lt;/button&gt;\n\n            &lt;/form&gt;\n        &lt;/div&gt;\n\n&lt;/div&gt;\n\n                        &lt;/div&gt;\n\n                    &lt;/div&gt;\n                    &lt;hr&gt;\n                    &lt;div class=&quot;summary entry-summary&quot;&gt;\n                    &lt;/div&gt;\n                &lt;/div&gt;\n            &lt;/div&gt;\n        &lt;/div&gt;\n    &lt;/div&gt;\n\n    \n    \n    \n    \n    \n    \n\n&lt;/section&gt;\n\n&lt;form id=&quot;AddToCartAndFinishForm&quot; method=&quot;post&quot; action=&quot;/cart/add/finish&quot;&gt;\n    &lt;input type=&quot;hidden&quot; name=&quot;ProductId&quot; value=&quot;1174008&quot;&gt;\n    &lt;input type=&quot;hidden&quot; name=&quot;VariantId&quot;&gt;\n    &lt;input type=&quot;hidden&quot; name=&quot;Quantity&quot; value=&quot;1&quot;&gt;\n&lt;/form&gt;\n\n\n&lt;link href=&quot;/Custom/plugins/pickupFinder/pickupFinder.css&quot; rel=&quot;stylesheet&quot;&gt;\n&lt;script src=&quot;/Custom/plugins/pickupFinder/pickupFinder.js&quot;&gt;&lt;/script&gt;\n\n&lt;section id=&quot;pickupFinder&quot;&gt;\n    &lt;div class=&quot;pickupFinderContent&quot;&gt;\n        &lt;div class=&quot;main-container&quot;&gt;\n            &lt;div class=&quot;map-header&quot;&gt;\n                &lt;svg class=&quot;pickupFinder-close&quot; xmlns=&quot;http://www.w3.org/2000/svg&quot; width=&quot;24&quot; height=&quot;24&quot; viewBox=&quot;0 0 24 24&quot; fill=&quot;none&quot; stroke=&quot;currentColor&quot; stroke-width=&quot;2&quot; stroke-linecap=&quot;round&quot; stroke-linejoin=&quot;round&quot;&gt;\n                    &lt;line x1=&quot;18&quot; y1=&quot;6&quot; x2=&quot;6&quot; y2=&quot;18&quot;&gt;&lt;/line&gt;\n                    &lt;line x1=&quot;6&quot; y1=&quot;6&quot; x2=&quot;18&quot; y2=&quot;18&quot;&gt;&lt;/line&gt;\n                &lt;/svg&gt;\n                &lt;h2&gt;\n                    Puntos de retiro\n                &lt;/h2&gt;\n                &lt;p&gt;Encontrá el más cercano&lt;/p&gt;\n            &lt;/div&gt;\n\n            &lt;div class=&quot;map-container&quot;&gt;\n                &lt;div id=&quot;googlemap&quot;&gt;&lt;/div&gt;\n                &lt;div class=&quot;map-container-content&quot;&gt;\n                    &lt;div class=&quot;map-content&quot;&gt;\n                        &lt;div class=&quot;map-container-search&quot;&gt;\n                            &lt;input class=&quot;map-search&quot; type=&quot;text&quot; placeholder=&quot;Ingresa una dirección o click para más cercanos a tí&quot;&gt;\n\n                            &lt;button class=&quot;map-search-button&quot;&gt;\n                                &lt;svg xmlns=&quot;http://www.w3.org/2000/svg&quot; width=&quot;22&quot; height=&quot;22&quot; viewBox=&quot;0 0 24 24&quot; fill=&quot;none&quot; stroke=&quot;currentColor&quot; stroke-width=&quot;2&quot; stroke-linecap=&quot;round&quot; stroke-linejoin=&quot;round&quot; class=&quot;feather feather-navigation&quot;&gt;\n                                    &lt;polygon points=&quot;3 11 22 2 13 21 11 13 3 11&quot;&gt;&lt;/polygon&gt;\n                                &lt;/svg&gt;\n                            &lt;/button&gt;\n\n                        &lt;/div&gt;\n\n                        &lt;div class=&quot;container-sucursal&quot;&gt;\n                            &lt;div class=&quot;sucursal-header&quot;&gt;\n                                &lt;div&gt;\n                                    &lt;button class=&quot;toggle-map toggle-off&quot;&gt;\n                                        &lt;svg xmlns=&quot;http://www.w3.org/2000/svg&quot; viewBox=&quot;0 0 506.4 506.4&quot; class=&quot;undefined&quot;&gt;&lt;path d=&quot;M254 37.1c-36.3 0-68.3 10.7-98.1 27.7l29.9 29.9c19.2-10.7 42.7-17.1 68.3-17.1 78.9 0 145.1 66.1 145.1 147.2 0 17.1-8.5 40.5-19.2 64l29.9 29.9c19.2-32 32-66.1 32-93.9C441.7 120.3 358.5 37.1 254 37.1z&quot; class=&quot;undefined&quot;&gt;&lt;/path&gt;&lt;path d=&quot;M345.7 344.3c-27.7 36.3-59.7 74.7-91.7 106.7 -68.3-70.4-145.1-168.5-145.1-226.1 0-32 10.7-64 29.9-87.5l-29.9-29.9c-25.6 32-42.7 72.5-42.7 117.3 0 110.9 187.7 281.6 187.7 281.6s66.1-59.7 119.5-132.3L345.7 344.3z&quot; class=&quot;undefined&quot;&gt;&lt;/path&gt;&lt;rect x=&quot;231.9&quot; y=&quot;-82.1&quot; transform=&quot;matrix(0.7071 -0.7071 0.7071 0.7071 -102.3681 252.1685)&quot; width=&quot;42.7&quot; height=&quot;663.5&quot; class=&quot;undefined&quot;&gt;&lt;/rect&gt;&lt;/svg&gt;\n                                        Ocultar Mapa\n                                    &lt;/button&gt;\n\n                                    &lt;button class=&quot;toggle-map toggle-on&quot; style=&quot;display:none;&quot;&gt;\n                                        &lt;svg xmlns=&quot;http://www.w3.org/2000/svg&quot; viewBox=&quot;0 0 512 512&quot; class=&quot;undefined&quot;&gt;&lt;path d=&quot;M426 89C386.9 32.5 324.9 0 256 0S125.1 32.5 86.1 89c-38.9 56.3-47.9 127.5-24.1 190.5 6.4 17.2 16.5 33.9 30 49.5l150.4 176.6c3.4 4 8.4 6.3 13.6 6.3 5.2 0 10.2-2.3 13.6-6.3l150.3-176.6c13.6-15.7 23.7-32.4 30-49.5C473.8 216.6 464.8 145.3 426 89zM416.5 267.1c-4.9 13.2-12.8 26.2-23.6 38.7 0 0-0.1 0.1-0.1 0.1L256 466.5 119.2 305.8c-10.8-12.5-18.7-25.5-23.7-38.8 -19.7-52.1-12.2-111 20-157.6 32.3-46.8 83.5-73.6 140.5-73.6 57 0 108.2 26.8 140.5 73.6C428.7 156 436.2 214.9 416.5 267.1z&quot; class=&quot;undefined&quot;&gt;&lt;/path&gt;&lt;path d=&quot;M256 106.2c-55.3 0-100.3 45-100.3 100.3s45 100.3 100.3 100.3 100.3-45 100.3-100.3C356.3 151.2 311.3 106.2 256 106.2zM256 270.9c-35.5 0-64.4-28.9-64.4-64.4 0-35.5 28.9-64.4 64.4-64.4 35.5 0 64.4 28.9 64.4 64.4S291.5 270.9 256 270.9z&quot; class=&quot;undefined&quot;&gt;&lt;/path&gt;&lt;/svg&gt;\n                                        Mostrar Mapa\n                                    &lt;/button&gt;\n\n                                &lt;/div&gt;\n                                \n                                &lt;div class=&quot;sucursal-header-filter&quot;&gt;\n                                    &lt;svg xmlns=&quot;http://www.w3.org/2000/svg&quot; width=&quot;24&quot; height=&quot;24&quot; viewBox=&quot;0 0 24 24&quot; fill=&quot;none&quot; stroke=&quot;currentColor&quot; stroke-width=&quot;2&quot; stroke-linecap=&quot;round&quot; stroke-linejoin=&quot;round&quot; class=&quot;feather feather-filter&quot;&gt;\n                                        &lt;polygon points=&quot;22 3 2 3 10 12.46 10 19 14 21 14 12.46 22 3&quot;&gt;&lt;/polygon&gt;\n                                    &lt;/svg&gt; \n                                    Filtros\n                                &lt;/div&gt;\n                            &lt;/div&gt;\n                            &lt;div class=&quot;sucursal-filter sucursal-filter-actives&quot;&gt;\n                                Filtros aplicados:\n                                &lt;span class=&quot;sucursal-open24-filter&quot;&gt;\n                                    Abierto 24hs\n                                    &lt;svg xmlns=&quot;http://www.w3.org/2000/svg&quot; width=&quot;24&quot; height=&quot;24&quot; viewBox=&quot;0 0 24 24&quot; fill=&quot;none&quot; stroke=&quot;currentColor&quot; stroke-width=&quot;2&quot; stroke-linecap=&quot;round&quot; stroke-linejoin=&quot;round&quot; class=&quot;feather feather-x&quot;&gt;\n                                        &lt;line x1=&quot;18&quot; y1=&quot;6&quot; x2=&quot;6&quot; y2=&quot;18&quot;&gt;&lt;/line&gt;\n                                        &lt;line x1=&quot;6&quot; y1=&quot;6&quot; x2=&quot;18&quot; y2=&quot;18&quot;&gt;&lt;/line&gt;\n                                    &lt;/svg&gt;\n                                &lt;/span&gt;\n                            &lt;/div&gt;\n                            &lt;div class=&quot;sucursal-loader&quot;&gt;\n                                &lt;div class=&quot;sucursal-loader-spin&quot;&gt;\n                                    &lt;div&gt;&lt;/div&gt;\n                                    &lt;div&gt;&lt;/div&gt;\n                                    &lt;div&gt;&lt;/div&gt;\n                                    &lt;div&gt;&lt;/div&gt;\n                                &lt;/div&gt;\n                            &lt;/div&gt;\n                            &lt;div class=&quot;sucursal-items&quot;&gt;\n                                &lt;div class=&quot;sucursal-item-empty&quot;&gt;\n                                    No hay sucursales para esta ubicación\n                                &lt;/div&gt;\n                            &lt;/div&gt;\n                        &lt;/div&gt;\n                    &lt;/div&gt;\n                &lt;/div&gt;\n                &lt;div class=&quot;detail hide&quot;&gt;\n                    &lt;div class=&quot;body-detail&quot;&gt;\n                        &lt;div class=&quot;detail-returned&quot;&gt;\n                            &lt;svg xmlns=&quot;http://www.w3.org/2000/svg&quot; width=&quot;22&quot; height=&quot;22&quot; viewBox=&quot;0 0 24 24&quot; fill=&quot;none&quot; stroke=&quot;currentColor&quot; stroke-width=&quot;2&quot; stroke-linecap=&quot;round&quot; stroke-linejoin=&quot;round&quot; class=&quot;feather feather-arrow-left&quot;&gt;\n                                &lt;line x1=&quot;19&quot; y1=&quot;12&quot; x2=&quot;5&quot; y2=&quot;12&quot;&gt;&lt;/line&gt;\n                                &lt;polyline points=&quot;12 19 5 12 12 5&quot;&gt;&lt;/polyline&gt;\n                            &lt;/svg&gt;&lt;span&gt;Volver&lt;/span&gt;\n                        &lt;/div&gt;\n                        &lt;div class=&quot;general-data&quot;&gt;\n                            &lt;div class=&quot;detail-data&quot;&gt;\n                                &lt;div class=&quot;data-address&quot;&gt;\n                                &lt;/div&gt;\n                                &lt;div class=&quot;data-hours&quot;&gt;\n                                &lt;/div&gt;\n                            &lt;/div&gt;\n                        &lt;/div&gt;\n                        &lt;div id=&quot;googlemapdetail&quot;&gt;&lt;/div&gt;\n                    &lt;/div&gt;\n                &lt;/div&gt;\n            &lt;/div&gt;\n\n            &lt;input type=&quot;hidden&quot; id=&quot;dataLocals&quot; value=&quot;&quot;&gt;\n        &lt;/div&gt;\n\n        &lt;div class=&quot;filter-modal&quot;&gt;\n            &lt;div class=&quot;filter-modal-header&quot;&gt;\n                &lt;h2&gt;Filtros&lt;/h2&gt;\n                &lt;svg xmlns=&quot;http://www.w3.org/2000/svg&quot; width=&quot;24&quot; height=&quot;24&quot; viewBox=&quot;0 0 24 24&quot; fill=&quot;none&quot; stroke=&quot;currentColor&quot; stroke-width=&quot;2&quot; stroke-linecap=&quot;round&quot; stroke-linejoin=&quot;round&quot; class=&quot;feather feather-x&quot;&gt;\n                    &lt;line x1=&quot;18&quot; y1=&quot;6&quot; x2=&quot;6&quot; y2=&quot;18&quot;&gt;&lt;/line&gt;\n                    &lt;line x1=&quot;6&quot; y1=&quot;6&quot; x2=&quot;18&quot; y2=&quot;18&quot;&gt;&lt;/line&gt;\n                &lt;/svg&gt;\n            &lt;/div&gt;\n            &lt;div class=&quot;checkbox&quot;&gt;\n                &lt;input type=&quot;checkbox&quot; id=&quot;open24&quot; class=&quot;open24&quot; name=&quot;open24&quot;&gt;\n                &lt;label for=&quot;open24&quot;&gt;Abierto 24 hs.&lt;/label&gt;\n            &lt;/div&gt;\n            &lt;button class=&quot;filter-modal-apply&quot;&gt;Aplicar&lt;/button&gt;\n        &lt;/div&gt;\n\n        &lt;div class=&quot;filter-modal-background&quot;&gt;&lt;/div&gt;\n    &lt;/div&gt;\n&lt;/section&gt;\n\n\n\n\n\n\n\n\n        \n\n        \n\n        \n        \n\n        &lt;div class=&quot;form-newsletter-section_container horizontal&quot;&gt;\n  &lt;div class=&quot;container&quot;&gt;\n\t&lt;div class=&quot;row&quot;&gt;\n      &lt;div class=&quot;col-md-12&quot;&gt;\n        &lt;div class=&quot;kl-title-block clearfix&quot;&gt;\n          &lt;h2 class=&quot;tbk__title fs-32 mt-35 mb-35 grey&quot;&gt;\n            Recibí nuestras promociones\n          &lt;/h2&gt;\n        &lt;/div&gt;\n      &lt;/div&gt;\n\t&lt;/div&gt;\n    &lt;div class=&quot;form-newsletter-section&quot;&gt;\n      &lt;form class=&quot;form-newsletter-section__form&quot;&gt;\n        &lt;input type=&quot;text&quot; placeholder=&quot;Tu nombre&quot; class=&quot;form-newsletter-section__input-name form-control&quot; required=&quot;&quot;&gt;\n        &lt;input type=&quot;email&quot; placeholder=&quot;Tu e-mail&quot; class=&quot;form-newsletter-section__input-email form-control&quot; required=&quot;&quot;&gt;\n        &lt;button type=&quot;button&quot; class=&quot;form-newsletter-section__btn-submit btn btn-primary&quot;&gt;\n          &lt;i class=&quot;fas fa-paper-plane&quot;&gt;&lt;/i&gt;\n        &lt;/button&gt;\n\n        &lt;input type=&quot;hidden&quot; id=&quot;EmBluEmail_Active&quot; value=&quot;false&quot;&gt;\n        &lt;!--&lt;input type=&quot;hidden&quot; id=&quot;EmBluEmail_Target&quot; value=&quot;https://app.embluemail.com//Online/TriggerUrlExterna.aspx&quot;&gt;\n        &lt;input type=&quot;hidden&quot; id=&quot;EmBluEmail_Key&quot; value=&quot;37b91767-cd9a-4fc7-add5-9b43bad0bd01&quot;&gt;\n        &lt;input type=&quot;hidden&quot; id=&quot;EmBluEmail_FormId&quot; value=&quot;934663&quot;&gt;--&gt;\n      &lt;/form&gt;\n      &lt;p style=&quot;display: none&quot; class=&quot;form-newsletter-section__error&quot;&gt;Debes completar todos los datos para poder suscribirte&lt;/p&gt;\n    &lt;/div&gt;\n  &lt;/div&gt;\n&lt;/div&gt;\n\n\n        &lt;div id=&quot;dp-js-footer-helper&quot; style=&quot;height:0 !important; display:none !important;&quot;&gt;&lt;/div&gt;\n\n        \n        &lt;div manual=&quot;&quot; ajaxget=&quot;/design/get/footer&quot; preajaxcode=&quot;scrollBodyTo(\'#footerContainer\');&quot; class=&quot;footer_Fixed&quot; id=&quot;footerContainer&quot;&gt;\n\n\n&lt;!-- Footer - Default Style --&gt;\n\n\n&lt;input type=&quot;hidden&quot; name=&quot;IsLanding&quot; id=&quot;isLanding&quot; value=&quot;false&quot;&gt;\n&lt;input type=&quot;hidden&quot; name=&quot;PageDraft_Id&quot; id=&quot;PageDraft_Id&quot;&gt;\n\n&lt;style&gt;\n\n\n\n    #footer {\n        background-color: #1e3457;\n        border-top-color: #2f4c6f;\n    }\n\n    #footer .footer-bottom-row {\n        border-top-color: #2f4c6f;\n    }\n\n    #footer,\n     #footer .bottom,\n     #footer .m_title,\n     #footer a {\n         color: #ffffff;\n     }\n    #footer .elm-social-icons li a {\n        color: #fff;\n    }\n\n    \n    \n&lt;/style&gt;\n\n&lt;footer id=&quot;footer&quot; class=&quot;clearfix batifooter-white&quot;&gt;\n\n\n\n    &lt;div class=&quot;container&quot;&gt;\n        &lt;div class=&quot;footer-flex items-align-top justify-left&quot;&gt;\n\n                &lt;div class=&quot;footer-item-text&quot;&gt;\n                    &lt;h3 class=&quot;title m_title&quot;&gt;HORARIO DE ATENCIÓN&lt;/h3&gt;\n                    &lt;div class=&quot;&quot;&gt;\n\n\n24 de Septiembre 802 (General Paz): &lt;br&gt;Lunes a Viernes de 8 a 22 hs.&lt;br&gt;Sábados de 9 a 13 hs. y 17 a 21 hs.&lt;br&gt;+54 351 5425470&lt;br&gt;&lt;br&gt;Tucuman 496 (Centro): &lt;br&gt;Lunes a Viernes de 8 a 20 hs.&lt;br&gt;Sábados de 8:30 a 13:30 hs.&lt;br&gt;+54 351 5425474&lt;br&gt;&lt;br&gt;Colon 745 (Centro): &lt;br&gt;Lunes a Viernes de 7:30 a 23 hs&lt;br&gt;Sábados de 8 a 22 hs&lt;br&gt;+54 351 5413231&lt;br&gt;&lt;br&gt;Chacabuco 787 (Nva. Cordoba): &lt;br&gt;Lunes a Viernes de 8 a 21 hs&lt;br&gt;Sábados de 9 a 13 y 17 a 21 hs&lt;br&gt;+54 351 5425512&lt;br&gt;&lt;br&gt;Roma 557 (General Paz): &lt;br&gt;Lunes a Sábados de 7 a 22 hs. &lt;br&gt;+54 351 5425472&lt;br&gt;&lt;br&gt;Libertad 2077 (Pueyrredon):&lt;br&gt;Lunes a Viernes de 8 a 20 hs.&lt;br&gt;Sábados de 8:30 a 13:30 hs.&lt;br&gt;+54 351 2893136&lt;br&gt;&lt;br&gt;Sarmiento 436 (La Falda) : &lt;br&gt;Lunes a Sábados de 8 a 22 hs.&lt;br&gt;Domingos y feriados de 9 a 14 hs&lt;br&gt;+54 351 5411999      &lt;br&gt;        &lt;br&gt;Av. T. Quaranta 3598:&lt;br&gt;Lunes a Domingo de 9 a 22 hs.&lt;br&gt;+54 376 4776037&lt;br&gt;(Posadas, Misiones)\n\n                    &lt;/div&gt;\n                &lt;/div&gt;\n\n            &lt;div class=&quot;hidden-xs footer-item-text&quot;&gt;\n                &lt;h3 class=&quot;title m_title&quot;&gt;NAVEGACIÓN&lt;/h3&gt;\n                &lt;div class=&quot;&quot;&gt;\n\n&lt;ul class=&quot;menu&quot;&gt;\n        &lt;li&gt;&lt;a href=&quot;/&quot;&gt;Inicio&lt;/a&gt;&lt;/li&gt;\n        &lt;li&gt;&lt;a href=&quot;/shop&quot;&gt;Shop&lt;/a&gt;&lt;/li&gt;\n            &lt;li&gt;&lt;a href=&quot;/contact&quot;&gt;Contacto&lt;/a&gt;&lt;/li&gt;\n&lt;/ul&gt;\n                &lt;/div&gt;\n            &lt;/div&gt;\n\n            \n\n                &lt;div class=&quot;footer-item-text&quot;&gt;\n                    &lt;h3 class=&quot;title m_title&quot;&gt;CONTACTO&lt;/h3&gt;\n                    &lt;div class=&quot;&quot;&gt;\n\n&lt;p class=&quot;footer-col-info&quot;&gt;\n    &lt;span&gt;0800-444-7257&lt;/span&gt;\n\n    &lt;span&gt;+54 9 351 223-4386&lt;/span&gt;\n    \n    &lt;span&gt;info@farmaciageneralpaz.com&lt;/span&gt;\n\n    &lt;span&gt;tiendaonline@farmaciasgeneralpaz.com&lt;/span&gt;\n&lt;/p&gt;\n\n                    &lt;/div&gt;\n                &lt;/div&gt;\n\n                &lt;div class=&quot;footer-item-text&quot;&gt;\n                    &lt;h3 class=&quot;title m_title&quot;&gt;VISITANOS&lt;/h3&gt;\n                    &lt;div class=&quot;&quot;&gt;\n\n&lt;p&gt;\n    24 de Septiembre 802 &lt;br&gt;\n    Córdoba\n    (5000)\n    &lt;br&gt;\n    &lt;span&gt;\n        Córdoba\n        , Argentina\n    &lt;/span&gt;\n&lt;/p&gt;\n\n                    &lt;/div&gt;\n                &lt;/div&gt;\n\n                &lt;div class=&quot;footer-item-text&quot;&gt;\n                    &lt;h3 class=&quot;title m_title&quot;&gt;SEGUINOS&lt;/h3&gt;\n                    &lt;div class=&quot;&quot;&gt;\n                        &lt;ul class=&quot;social-icons&quot;&gt;\n\n\n\n        &lt;li&gt;&lt;a href=&quot;https://www.facebook.com/farmaciageneralpaz/&quot; target=&quot;_blank&quot; class=&quot;icon-facebook&quot; title=&quot;Facebook&quot;&gt;&lt;/a&gt;&lt;/li&gt;\n        &lt;li&gt;&lt;a href=&quot;https://www.instagram.com/farmaciageneralpaz/&quot; target=&quot;_blank&quot; class=&quot;icon-instagram&quot; title=&quot;Instagram&quot;&gt;&lt;/a&gt;&lt;/li&gt;\n        &lt;li&gt;&lt;a href=&quot;https://www.youtube.com/channel/UCNJ2wUrY78hPR2Wm34rCskw&quot; target=&quot;_blank&quot; class=&quot;icon-youtube&quot; title=&quot;YouTube&quot;&gt;&lt;/a&gt;&lt;/li&gt;\n        &lt;li&gt;&lt;a href=&quot;https://www.linkedin.com/company/farmacias-general-paz&quot; target=&quot;_blank&quot; class=&quot;icon-linkedin&quot; title=&quot;Linkedin&quot;&gt;&lt;/a&gt;&lt;/li&gt;\n\n\n                        &lt;/ul&gt;\n                    &lt;/div&gt;\n                &lt;/div&gt;\n        &lt;/div&gt;\n\n        &lt;div class=&quot;footer-flex footer-bottom-row&quot;&gt;\n\n            &lt;div class=&quot;footer-flex&quot;&gt;\n\n\n\n\n\n\n\n\n\n&lt;span class=&quot;footer-copyright-flex&quot;&gt;\n© 2023 Farmacias General Paz. \n    &lt;a href=&quot;/terms&quot;&gt;Términos y Condiciones&lt;/a&gt;. \n&lt;/span&gt;\n    \n            &lt;/div&gt;\n\n            &lt;div class=&quot;footer-flex&quot;&gt;\n\n\n\n\n\n&lt;div class=&quot;footer-seals-row&quot;&gt;\n    &lt;a class=&quot;footer-seals_item&quot; href=&quot;https://www.argentina.gob.ar/produccion/defensadelconsumidor/formulario&quot; target=&quot;_blank&quot;&gt;Defensa del Consumidor&lt;/a&gt;\n    &lt;a class=&quot;footer-seals_item repentance_button&quot; href=&quot;/home/contact&quot; style=&quot;border: 1px solid;padding: 3px 8px;border-radius: 8px;box-shadow: 1px 2px 2px rgb(0 0 0 / 10%);&quot;&gt;\n            Botón de arrepentimiento\n        &lt;/a&gt;\n    &lt;a class=&quot;footer-seals_item batitienda&quot; target=&quot;_blank&quot; href=&quot;https://www.tiendastic.com&quot;&gt;\n        &lt;img src=&quot;/Custom/assets/logo/tiendastic-batitienda-logo.svg&quot;&gt;\n    &lt;/a&gt;\n\n    \n\n\n                &lt;a href=&quot;http://qr.afip.gob.ar/?qr=aOUFf8KJXo4Iw0PkbZBa0Q,,&quot; target=&quot;blank&quot; class=&quot;footer-seals_item img-container-link&quot;&gt;\n                    &lt;img src=&quot;https://cdn.batitienda.com/baticloud/images/sectionimages_991e1f9b485e45ba87125ceb62d02284_637540772472220003_0_t.webp&quot;&gt;\n                &lt;/a&gt;\n                &lt;a target=&quot;_self&quot; class=&quot;footer-seals_item img-container-link&quot;&gt;\n                    &lt;img src=&quot;https://cdn.batitienda.com/baticloud/images/sectionimages_60b59672d5774f5a8f4b08d1fba2e085_637540772938593618_0_t.webp&quot;&gt;\n                &lt;/a&gt;\n                &lt;a href=&quot;https://www.cace.org.ar/&quot; target=&quot;blank&quot; class=&quot;footer-seals_item img-container-link&quot;&gt;\n                    &lt;img src=&quot;https://cdn.batitienda.com/baticloud/images/sectionimages_23517c385b064893ae515eeee2440eb3_637540774089206000_0_t.webp&quot;&gt;\n                &lt;/a&gt;\n                &lt;a href=&quot;https://www.cybermonday.com.ar/&quot; target=&quot;blank&quot; class=&quot;footer-seals_item img-container-link&quot;&gt;\n                    &lt;img src=&quot;https://cdn.batitienda.com/baticloud/images/sectionimages_1421135471cf461592937336dbeb5a71_637540774195226100_0_t.webp&quot;&gt;\n                &lt;/a&gt;\n                &lt;a href=&quot;https://www.hotsale.com.ar/&quot; target=&quot;blank&quot; class=&quot;footer-seals_item img-container-link&quot;&gt;\n                    &lt;img src=&quot;https://cdn.batitienda.com/baticloud/images/sectionimages_568945c128444a40988e0393af092a88_637540774324502998_0_t.webp&quot;&gt;\n                &lt;/a&gt;\n                &lt;a target=&quot;_self&quot; class=&quot;footer-seals_item img-container-link&quot;&gt;\n                    &lt;img src=&quot;https://cdn.batitienda.com/baticloud/images/sectionimages_5ce5980f95f4493da3aaedcde0aa7982_637889919961391878_0_t.webp&quot;&gt;\n                &lt;/a&gt;\n&lt;/div&gt;\n\n            &lt;/div&gt;\n\n        &lt;/div&gt;\n\n    &lt;/div&gt;\n    &lt;!--/ container --&gt;\n&lt;/footer&gt;\n&lt;!--/ Footer - Default Style --&gt;\n\n        &lt;/div&gt;\n\n\n    &lt;/div&gt;\n\n&lt;!-- ToTop trigger --&gt;\n    &lt;a href=&quot;#&quot; id=&quot;totop&quot; class=&quot;show&quot;&gt;&lt;/a&gt;\n    &lt;!--/ ToTop trigger --&gt; \n\n    \n\n    \n\n    &lt;script src=&quot;/Custom/js/wSharp.Client.ShopDetails.js?v=1.1&quot;&gt;&lt;/script&gt;\n    &lt;script src=&quot;/Custom/js/shippingCost.js&quot;&gt;&lt;/script&gt;\n    &lt;script src=&quot;/Content/js2/plugins/swipe/swipe.js&quot;&gt;&lt;/script&gt;\n    &lt;script&gt;\n        (function ($) {\n\n            $(document).ready(function () {\n                \n                $(\'.kl-store-main-image\').swipeDetector({useOnlyTouch: true}).on(&quot;swipeLeft.sd swipeRight.sd&quot;, function(event) {\n                        if (event.type === &quot;swipeLeft&quot;) {\n                            nextThumbnail();\n                \n                        } else if (event.type === &quot;swipeRight&quot;) {\n                            \n                            previousThumbnail();\n                        }\n                    });\n                \n                $(\'.kl-store-main-image\').click(function () {\n                \n                    let pictures = [];\n                    let startIndex = 0;\n                    let currentSrc = $(\'img\',this)[0].currentSrc;\n                    \n                    $(\'.thumbnails a:visible\').each(function (i,o){\n                        let imageSrc = $(\'img\', o)[0].currentSrc;\n                        pictures.push(new picture(imageSrc));\n\n                        if (currentSrc === imageSrc) startIndex = i;\n                    });\n                    \n                    Fancybox.show(pictures,                      \n                    {\n                        mainClass: &quot;custom-Fancybox&quot;,\n                        startIndex: startIndex\n                    });\n                    \n                });\n\n            });\n            \n        })(jQuery);\n        \n         function picture(src)\n         {\n             this.src = src;\n             this.type = \'image\';\n         }\n         \n    &lt;/script&gt;\n\n\n\n\n    \n\n\n\n    &lt;script type=&quot;text/javascript&quot;&gt;\n    \n    \n    \n    var __json_b = {&quot;a&quot;:null};\n    \n    \n    \n            var CLIENT_DEBUG_MODE = true;\n\n\n            var DESGIN_ISDRAFT = false;\n        \n        jQuery(function () {\n            jQuery.ajaxSetup({\n                complete: function(xhr, textStatus) {\n\n                    if (xhr.status &gt;= 200 &amp;&amp; xhr.status &lt; 300 &amp;&amp; DESGIN_ISDRAFT === false) {\n                        if (this.url.indexOf(\'/Notification/Get\') !== 0)\n                        {\n                            notificationIterationsCount = notificationIterationsCount +1;\n                            setCheckInterval(notificationIterationsCount);\n                        }\n                    }\n                    \n                    if (xhr.status === 301 &amp;&amp; DESGIN_ISDRAFT === false) {\n                        default_redirect(xhr);\n                    }\n                    if (xhr.status === 500 &amp;&amp; DESGIN_ISDRAFT === false)\n                    {\n\n                        if (typeof ajaxError == \'function\')\n                        {\n                            ajaxError(xhr, textStatus);\n                        }\n                        else\n                        {\n                            default_ajaxError(xhr, textStatus);\n                        }\n                    }\n                    \n                    //Draft options\n                    if (xhr.status === 401 &amp;&amp; DESGIN_ISDRAFT === true) {\n                        window.parent.sessionExpired();\n                    }\n                    \n                    if (xhr.status === 500 &amp;&amp; DESGIN_ISDRAFT === true) {\n                        window.parent.design_ajaxError(textStatus);\n                    }\n                    \n                }\n            });\n        });\n        \n\n        function default_ajaxError(xhr, textStatus) {\n\n            console.error(\'AJAX ERROR: \' + textStatus + xhr.responseText);\n\n            var errorMessage = \'Ha ocurrido un error. Por favor, intente nuevamente.\';\n\n            if (xhr.responseJSON != null &amp;&amp; xhr.responseJSON.LogEventId != null) {\n                errorMessage = errorMessage + \'&lt;br/&gt; Identificación del error: &lt;strong&gt;\' + xhr.responseJSON.LogEventId + \'&lt;/strong&gt;\';\n            }\n\n            this.showNotification(errorMessage, 0);\n        }\n\n        function default_redirect(xhr, textStatus) {\n\n            if (xhr.responseJSON != null &amp;&amp; xhr.responseJSON.LoginRequired == true) {\n                window.location = xhr.responseJSON.RedirectTo;\n            }\n        }\n\n        var notificationIterationsCount = 0;\n        function setCheckInterval(iteration)\n        {\n            setTimeout(function () {\n                if (iteration === notificationIterationsCount){\n                    checkForNotifications();\n                }\n            }, 600);\n        }\n        \n        \n        function checkForNotifications()\n        {\n                notificationIterationsCount = 0;\n                jQuery.ajax({\n                    url: \'/Notification/Get\',\n                    cache: false})\n                 .done(function (results){\n                    if (results != null &amp;&amp; typeof(results) != \'undefined\')\n                    {\n                        jQuery.each(results,  function (i,o) {\n                            addNotification(o.Text, o.NotificationType);\n                        });\n                        \n                        if (results.length &gt; 0){\n                            showNotifications();\n                        }\n                    }\n                });\n            }\n            \n        // fillHeight();\n        \n        jQuery(function (){\n            setCheckInterval(0);\n        });\n    &lt;/script&gt;\n\n \n\n\n\n\n    &lt;script&gt;\n        function MandingaHitter() {\n            var gaIds = [];\n            var fbId = null;\n\n            var currency = \'ARS\';\n            var debug = false;\n\n            var googleGtmInit = false;\n            var googleCheckoutHitted = false;\n\n            //helpers\n            var isGoogleReady = function () {\n                if (!(typeof gtag == \'undefined\' || !gtag || !gaIds.length)) {\n                    return true;\n                }\n\n                console.error(\'MandingaHitter Warning: GoogleAnalytics is not ready.\');\n\n                return false;\n            };\n\n            var isFacebookReady = function () {\n                if (!(typeof fbq == \'undefined\' || !fbq || fbId == null)) {\n                    return true;\n                }\n\n                console.error(\'MandingaHitter Warning: FacebookPixel is not ready.\');\n\n                return false;\n            };\n\n            var initGtmGoogle = function (googleId) {\n                if (googleGtmInit) return;\n\n                googleGtmInit = true;\n\n                if (!(\'dataLayer\' in window)) {\n                    window.dataLayer = window.dataLayer || [];\n                }\n\n                window.dataLayer.push({\n                    \'gtm.start\': new Date().getTime(),\n                    event: \'gtm.js\',\n                });\n\n                var script = document.createElement(\'script\');\n\n                script.async = true;\n                script.src = \'https://www.googletagmanager.com/gtm.js?id=\' + googleId;\n\n                document.head.appendChild(script);\n\n                if (debug) {\n                    console.log(\'Google GTM Init\');\n                }\n            };\n\n            //google hitters\n            var pageViewToGoogle = function() {\n                if (!isGoogleReady()) return;\n\n                gaIds.forEach(function(googleId) {\n                    if (!/^UA-/.test(googleId)) {\n                        return;\n                    }\n\n                    var params = {\n                        send_to: googleId,\n                    };\n\n                    window.gtag(\'event\', \'page_view\', params);\n\n                    if (debug) {\n                        console.log(\'Hit -&gt; Google PageView\');\n                        console.log(params);\n                    }\n                });\n            };\n\n            var viewItemToGoogle = function (payload) {\n                if (!isGoogleReady()) return;\n\n                gaIds.forEach(function (googleId) {\n                    var id = payload.id;\n                    var name = payload.name;\n                    var brand = payload.brand;\n                    var category = payload.category;\n                    var price = parseFloat(payload.price || 0);\n                    var quantity = parseInt(payload.quantity || 1);\n\n                    var params = {\n                        send_to: googleId,\n                        currency: currency,\n                        value: price,\n                        items: [\n                            {\n                                item_id: id,\n                                item_name: name,\n                                item_brand: brand,\n                                item_category: category,\n                                price: price,\n                                quantity: quantity,\n                            },\n                        ],\n                    };\n\n                    window.gtag(\'event\', \'view_item\', params);\n\n                    if (debug) {\n                        console.log(\'Hit -&gt; Google ViewItem\');\n                        console.log(params);\n                    }\n                });\n            };\n\n            var addToCartToGoogle = function (payload) {\n                if (!isGoogleReady()) return;\n\n                gaIds.forEach(function (googleId) {\n                    var id = payload.id;\n                    var name = payload.name;\n                    var brand = payload.brand;\n                    var category = payload.category;\n                    var price = parseFloat(payload.price || 0);\n                    var quantity = parseInt(payload.quantity || 1);\n\n                    var params = {\n                        send_to: googleId,\n                        currency: currency,\n                        value: price,\n                        items: [\n                            {\n                                item_id: id,\n                                item_name: name,\n                                item_brand: brand,\n                                item_category: category,\n                                price: price,\n                                quantity: quantity,\n                            },\n                        ],\n                    };\n\n                    window.gtag(\'event\', \'add_to_cart\', params);\n\n                    if (debug) {\n                        console.log(\'Hit -&gt; Google AddToCart\');\n                        console.log(params);\n                    }\n                });\n            };\n\n            var checkoutToGoogle = function (payload) {\n                if (googleCheckoutHitted) return;\n\n                if (!isGoogleReady()) return;\n\n                googleCheckoutHitted = true;\n\n                gaIds.forEach(function (googleId) {\n                    var items = [];\n\n                    if (payload.items) {\n                        payload.items.forEach(function (item) {\n                            items.push({\n                                item_id: item.id,\n                                item_name: item.name,\n                                item_brand: item.brand,\n                                item_category: item.category,\n                                price: parseFloat(item.price || 0),\n                                quantity: parseInt(item.quantity || 1),\n                            });\n                        });\n                    }\n\n                    var params = {\n                        send_to: googleId,\n                        currency: currency,\n                        value: payload.price,\n                        shipping: payload.shipping,\n                        items: items,\n                    };\n\n                    window.gtag(\'event\', \'begin_checkout\', params);\n\n                    if (debug) {\n                        console.log(\'Hit -&gt; Google BeginCheckout\');\n                        console.log(params);\n                    }\n                });\n            };\n\n            var purchaseToGoogle = function (payload) {\n                if (!isGoogleReady()) return;\n\n                gaIds.forEach(function (googleId) {\n                    var items = [];\n\n                    if (payload.items) {\n                        payload.items.forEach(function (item) {\n                            items.push({\n                                item_id: item.id,\n                                item_name: item.name,\n                                item_brand: item.brand,\n                                item_category: item.category,\n                                price: parseFloat(item.price || 0),\n                                quantity: parseInt(item.quantity || 1),\n                            });\n                        });\n                    }\n\n                    var params = {\n                        send_to: googleId,\n                        transaction_id: payload.transaction_id,\n                        currency: currency,\n                        value: payload.price,\n                        shipping: payload.shipping,\n                        items: items,\n                    };\n\n                    window.gtag(\'event\', \'purchase\', params);\n\n                    if (debug) {\n                        console.log(\'Hit -&gt; Google Purchase\');\n                        console.log(params);\n                    }\n                });\n            };\n\n            //public methods\n            this.SetDebugMode = function (flag) {\n                debug = flag;\n            };\n\n            this.SetCurrency = function (currencyName) {\n                currency = currencyName;\n            };\n\n            this.GetCurrency = function () {\n                return currency;\n            };\n\n            this.GoogleInit = function (googleId) {\n                if (/^GTM-/.test(googleId)) {\n                    initGtmGoogle(googleId);\n                    return;\n                }\n\n                gaIds.push(googleId);\n\n                window.gtag(\'config\', googleId);\n            };\n\n            this.HitPageView = function () {\n                pageViewToGoogle();\n            };\n\n            this.HitViewItem = function (payload) {\n                viewItemToGoogle(payload);\n            };\n\n            this.HitAddToCart = function (payload) {\n                addToCartToGoogle(payload);\n            };\n\n            this.HitCheckout = function (payload) {\n                checkoutToGoogle(payload);\n            };\n\n            this.HitPurchase = function (payload) {\n                purchaseToGoogle(payload);\n            };\n\n            this.MapToFacebookProductItem = function (item) {\n                if (typeof item != \'object\') return;\n\n                return {\n                    id: item.id,\n                    quantity: parseInt(item.quantity || 0),\n                    name: item.name,\n                };\n            };\n        }\n    &lt;/script&gt;\n    &lt;script&gt;\n        TheMandingaHitter = new MandingaHitter();\n\n        TheMandingaHitter.SetCurrency(\'ARS\');\n\n        if (/[?&amp;]debug=on/.test(window.location.search))\n            TheMandingaHitter.SetDebugMode(true);\n    &lt;/script&gt;\n    &lt;!-- Google Analytics --&gt;\n    &lt;script async=&quot;&quot; src=&quot;https://www.googletagmanager.com/gtag/js&quot;&gt;&lt;/script&gt;\n    &lt;script&gt;\n        window.dataLayer = window.dataLayer || [];\n\n        window.gtag = function () {\n            window.dataLayer.push(arguments);\n        };\n\n        window.gtag(\'js\', new Date());\n\n        TheMandingaHitter.GoogleInit(\'G-HNCYQD4R26\');\n\n                TheMandingaHitter.GoogleInit(\'G-7FXF32ENWK\');\n    &lt;/script&gt;\n        &lt;!-- Facebook Pixel Code --&gt;\n        &lt;script&gt;\n            !function(f,b,e,v,n,t,s)\n            {if(f.fbq)return;n=f.fbq=function(){n.callMethod?\n            n.callMethod.apply(n,arguments):n.queue.push(arguments)};\n            if(!f._fbq)f._fbq=n;n.push=n;n.loaded=!0;n.version=\'2.0\';\n            n.queue=[];t=b.createElement(e);t.async=!0;\n            t.src=v;s=b.getElementsByTagName(e)[0];\n            s.parentNode.insertBefore(t,s)}(window, document,\'script\',\n            \'https://connect.facebook.net/es_LA/fbevents.js\');\n\n                fbq(\'init\', \'2839562683014023\');\n\n            fbq(\'track\', \'PageView\');\n        &lt;/script&gt;\n    &lt;script&gt;\n        //hit page view\n        TheMandingaHitter.HitPageView();\n\n        //attach to AddToCart events\n        // var encodedProductStr = encodeURIComponent(JSON.stringify(payload))\n        // JSON.parse(decodeURIComponent(encodedProductStr))\n\n        jQuery(document).on(\'click\', \'.cdl-item_quantity-control .btn-upQuantityItem\', function () {\n            var container = jQuery(this).closest(\'.cdl-item_quantity-control\');\n\n            var payload = {\n                id: container.attr(\'data-product_id\'),\n                price: container.attr(\'data-product_price\') || 0,\n                quantity: parseInt(container.attr(\'data-product_quantity\') || 1) + 1,\n                name: container.attr(\'data-product_name\'),\n                brand: container.attr(\'data-product_brand\'),\n                category: container.attr(\'data-product_category\'),\n            };\n\n            TheMandingaHitter.HitAddToCart(payload);\n\n            if (\'fbq\' in window) {\n                var params = {};\n\n                params.content_name = payload.name;\n                params.content_ids = payload.id.toString();\n                params.content_type = \'product\';\n                params.currency = TheMandingaHitter.GetCurrency();\n                params.num_items = parseInt(payload.quantity || 1);\n                params.value = parseFloat(payload.price || 0);\n\n                fbq(\'track\', \'AddToCart\', params);\n            }\n        });\n\n        jQuery(document).on(\'click\', \'.js-add-to-cart-list .js-product-add\', function () {\n            var $this = jQuery(this);\n\n            var payload = {\n                id: $this.attr(\'data-product_id\'),\n                price: $this.attr(\'data-product_price\') || 0,\n                quantity: 1,\n                name: $this.attr(\'data-product_name\'),\n                brand: $this.attr(\'data-product_brand\'),\n                category: $this.attr(\'data-product_category\'),\n            };\n\n            TheMandingaHitter.HitAddToCart(payload);\n\n            if (\'fbq\' in window) {\n                var params = {};\n\n                params.content_name = payload.name;\n                params.content_ids = payload.id.toString();\n                params.content_type = \'product\';\n                params.currency = TheMandingaHitter.GetCurrency();\n                params.num_items = parseInt(payload.quantity || 1);\n                params.value = parseFloat(payload.price || 0);\n\n                fbq(\'track\', \'AddToCart\', params);\n            }\n        });\n\n        jQuery(document).on(\'click\', \'.single_add_to_cart_button, .single_end_checkout_button\', function () {\n            var $this = jQuery(this);\n            var card = $this.closest(\'#variantselector-container\');\n\n            var payload = {\n                id: $this.attr(\'data-product_id\'),\n                price: $this.attr(\'data-product_price\') || 0,\n                quantity: card.find(\'.qs_select\').val() || 1,\n                name: card.attr(\'data-product_name\'),\n                brand: card.attr(\'data-product_brand\'),\n                category: card.attr(\'data-product_category\'),\n            };\n\n            TheMandingaHitter.HitAddToCart(payload);\n\n            if (\'fbq\' in window) {\n                var params = {};\n\n                params.content_name = payload.name;\n                params.content_ids = payload.id.toString();\n                params.content_type = \'product\';\n                params.currency = TheMandingaHitter.GetCurrency();\n                params.num_items = parseInt(payload.quantity || 1);\n                params.value = parseFloat(payload.price || 0);\n\n                fbq(\'track\', \'AddToCart\', params);\n            }\n        });\n\n        jQuery(document).on(\'click\', \'#Checkout .init-checkout-analytics\', function () {\n            var $this = jQuery(this);\n\n            var payload = {};\n\n            payload.items = [];\n\n            jQuery(\'#Checkout .cdl-item_quantity-control\').each(function () {\n                var cartItemElement = jQuery(this);\n\n                var cartItem = {\n                    id: cartItemElement.attr(\'data-product_id\'),\n                    price: cartItemElement.attr(\'data-product_price\') || 0,\n                    quantity: cartItemElement.attr(\'data-product_quantity\') || 1,\n                    name: cartItemElement.attr(\'data-product_name\'),\n                    brand: cartItemElement.attr(\'data-product_brand\'),\n                    category: cartItemElement.attr(\'data-product_category\'),\n                };\n\n                payload.items.push(cartItem);\n            });\n\n            payload.quantity = payload.items.length;\n            payload.price = $this.attr(\'data-totalprice\');\n            payload.shipping = $this.attr(\'data-shipping\');\n\n            TheMandingaHitter.HitCheckout(payload);\n\n            if (\'fbq\' in window) {\n                var params = {};\n\n                params.contents = [];\n\n                payload.items.forEach(function (item) {\n                    params.contents.push(\n                        TheMandingaHitter.MapToFacebookProductItem(item)\n                    );\n                });\n\n                params.content_type = \'product\';\n                params.currency = TheMandingaHitter.GetCurrency();\n                params.num_items = parseInt(payload.quantity || 1);\n                params.value = parseFloat(payload.price);\n\n                fbq(\'track\', \'InitiateCheckout\', params);\n            }\n        });\n    &lt;/script&gt;\n\n    \n    \n    &lt;script&gt;\n        var payload = {\n            id: \'4005900985088\',\n            name: \'Crema Corporal Nivea Aloe Vera 5 En 1 Piel Normal a Seca x 125 ml\',\n            quantity: 1,\n            price: 936.46,\n            brand: \'Nivea\',\n            category: \'Cuidado Corporal\'\n        };\n        TheMandingaHitter.HitViewItem(payload);\n    &lt;/script&gt;\n\n\n    &lt;div id=&quot;fb-root&quot;&gt;&lt;/div&gt;\n\n\n\n\n\n    &lt;input type=&quot;hidden&quot; name=&quot;ReCaptchaGlobal&quot; value=&quot;03AFcWeA4H_ZpoaqlQcW1cZ9u8VkipEJ9dPw5dIfmoj7CJiwCyMiZ9Awrb7zTcN15vreU2H_GQXww4AqUIJL4E6wqxE20xtBQmmw6jxlPO8hG7bghVqD9nZbM8bZpH7HN9xjx-IeXNq_am4FkrAzSCUgwC6pkSefBo4hlAd4DVF-c5ptnWRwoT784wKroQFxuZclwcNgePJRIZe7v0EjC1C5R7XZMlJqouXIP7XvSpyUeT8ac_IaFpKY9-Fsw5zXMf3Sj2am2DCMfF8ud0xkUmP5xvdFRTMszVBqJpRfh4r1fphq6bEZn98HKwDPmaS5BoeU041JfajM2X2CWoB2-bcpPFnCoSsvk7UXi8MV1X2h5J2msBC4scXHwVVrrHLEUj8IJdHnSOGckC925Q9Brkyz6YU_mWMoOEznOqOB6rTrM8-EbBbM5-8CCZXNi_he7sS3a8GbKj5KOYZhkmhIUp5G46uz1xzcHrx3JPP5nsvkC7UWkfMCFGD5uRDApG5hbCauvlF07w6sHq5LAuEev3ZzWHraPJe_pALO1HNq8ea_IFdO-Pt-QL2Rq2gcilNHaZPjWtI1WsN5zj&quot;&gt;\n\n    &lt;script src=&quot;https://www.google.com/recaptcha/api.js?render=6LeHoNMUAAAAAF3IvtxaAtOgwz_IkIUUQnwsvr15&quot;&gt;&lt;/script&gt;\n    &lt;script&gt;\n        grecaptcha.ready(function () {\n            /**/\n            grecaptcha.execute(\'6LeHoNMUAAAAAF3IvtxaAtOgwz_IkIUUQnwsvr15\', { action: \'homepage\' })\n                /**/\n                .then(function (token) {\n                    jQuery(\'input[name=&quot;ReCaptchaGlobal&quot;]\').val(token);\n                });\n        });\n    &lt;/script&gt;\n\n&lt;script&gt;\n  \tfunction updateContainerClass(){\n  \t\tjQuery(\'[containerclass]\').each(function(i,e){\n        \tvar containerClass = jQuery(this).attr(\'containerclass\');\n  \t\t\tjQuery(this).closest(\'.sectionContainer\').addClass(containerClass);\n        });\n\t}\n&lt;/script&gt;\n\n&lt;!-- ******* PRE-HEADER scripts start ******************************** --&gt;\n&lt;script&gt;jQuery(document).ready(function(){\n  if(jQuery(\'.pre-header\').length &amp;&amp; jQuery().slick){jQuery(\'.pre-header\').slick({slidesToShow:4,slidesToScroll:1,autoplay:true,autoplaySpeed:2000,arrows:false,responsive:[{breakpoint:1199,settings:{slidesToShow: 1,}}]});}});&lt;/script&gt;\n&lt;!-- ******* PRE-HEADER scripts end ********************************** --&gt;\n\n&lt;!-- ======= Embluemail ======= --&gt;\n&lt;!--&lt;script src=&quot;https://cdn.embluemail.com/pixeltracking/pixeltracking.js?code=955c6aadabdf369fdb97d8ed8a2c84a5&quot;&gt;&lt;/script&gt;--&gt;\n&lt;script src=&quot;https://toolkit.batitienda.gsharp.com.ar/storefront/fgp/embluemail_local.js?code=955c6aadabdf369fdb97d8ed8a2c84a5&quot;&gt;&lt;/script&gt;\n&lt;script&gt;\n // TODO: quitar cuando el script de embluemail este corregido.\n try {\n    navigator.serviceWorker\n        .getRegistrations()\n        .then(function (registrations) {\n            registrations.forEach(function (r) {\n                var workerUrl = r.active.scriptURL;\n                var isEmblue = workerUrl.includes(\'emblue-sdk-worker.js\');\n                var emblueUrl = \'https://www.farmaciageneralpaz.com/emblue-sdk-worker.js\';\n\n                if (isEmblue &amp;&amp; workerUrl != emblueUrl) r.unregister();\n            });\n        })\n        .catch(function () {});\n} catch (err) {}\n// End TOOD\n  \n(function(d,t,u,s,c,f){f=function(m){m=new Date();return m.getFullYear()+\'\'+(m.getMonth()+1)+\'\'+m.getDate()+\'T\'+m.getHours()+\'\'+m.getMinutes()+\'\'+m.getSeconds()};\nu=\'https://widgets-static.embluemail.com/accounts/9375F9AD30C84348/scripts/sw_937.js?ts=\'+f();s=d.createElement(t);\ns.async=1;s.src=u;c=d.getElementsByTagName(t)[0];c.parentNode.insertBefore(s,c);})(document,\'script\');\n&lt;/script&gt;\n\n&lt;script&gt;\n    jQuery(document).on(\'click\', \'[href*=&quot;wa.me&quot;], [href*=&quot;api.whatsapp.com/send&quot;]\', function () {\n        gtag(\'event\', \'Chat\', {\n                event_category: \'Consultas\',\n                event_label: \'Chat\'\n            }\n        );\n    });\n    \n&lt;/script&gt;\n\n\n&lt;script defer=&quot;&quot; src=&quot;/Custom/js/newsletter.js&quot;&gt;&lt;/script&gt;\n\n\n&lt;script&gt;\nfunction toolkitLoaded_callback(){\n    try {\n        window.ToolKit.init({\n            debug: false,\n            website_id: \'399391150B348012175B435099225B452487575B315449950B290576100\',\n        });\n    } catch (e) {\n        console.log(e);\n    }\n}\n\nfunction loadToolkit()\n{\n\tlet toolkitScript = document.createElement(\'script\');\n\n\ttoolkitScript.setAttribute(\'src\',\'https://cdn.batitienda.com/static/Toolkit/tool-kit@1.0.9.js\');\n\ttoolkitScript.setAttribute(\'onload\',\'toolkitLoaded_callback();\');\n\t\n    document.body.appendChild(toolkitScript);\n}\n\nif(typeof(AVOID_TOOLKIT) === \'undefined\')\n{\n\tloadToolkit();\n}\n\n&lt;/script&gt;&lt;script src=&quot;https://cdn.batitienda.com/static/Toolkit/tool-kit@1.0.9.js&quot; onload=&quot;toolkitLoaded_callback();&quot;&gt;&lt;/script&gt;\n\n\n\n\n&lt;img style=&quot;display:none&quot; src=&quot;data:image/webp;base64,UklGRjIAAABXRUJQVlA4ICYAAACyAgCdASoCAAEALmk0mk0iIiIiIgBoSygABc6zbAAA/v56QAAAAA==&quot;&gt;&lt;div&gt;&lt;div class=&quot;grecaptcha-badge&quot; data-style=&quot;bottomright&quot; style=&quot;width: 256px; height: 60px; display: block; transition: right 0.3s ease 0s; position: fixed; bottom: 14px; right: -186px; box-shadow: gray 0px 0px 5px; border-radius: 2px; overflow: hidden;&quot;&gt;&lt;div class=&quot;grecaptcha-logo&quot;&gt;&lt;iframe title=&quot;reCAPTCHA&quot; width=&quot;256&quot; height=&quot;60&quot; role=&quot;presentation&quot; name=&quot;a-mjwx1h4ksvp5&quot; frameborder=&quot;0&quot; scrolling=&quot;no&quot; sandbox=&quot;allow-forms allow-popups allow-same-origin allow-scripts allow-top-navigation allow-modals allow-popups-to-escape-sandbox&quot; src=&quot;https://www.google.com/recaptcha/api2/anchor?ar=1&amp;amp;k=6LeHoNMUAAAAAF3IvtxaAtOgwz_IkIUUQnwsvr15&amp;amp;co=aHR0cHM6Ly93d3cuZmFybWFjaWFnZW5lcmFscGF6LmNvbTo0NDM.&amp;amp;hl=es&amp;amp;v=vm_YDiq1BiI3a8zfbIPZjtF2&amp;amp;size=invisible&amp;amp;cb=ujsjw8c2cg2b&quot;&gt;&lt;/iframe&gt;&lt;/div&gt;&lt;div class=&quot;grecaptcha-error&quot;&gt;&lt;/div&gt;&lt;textarea id=&quot;g-recaptcha-response-100000&quot; name=&quot;g-recaptcha-response&quot; class=&quot;g-recaptcha-response&quot; style=&quot;width: 250px; height: 40px; border: 1px solid rgb(193, 193, 193); margin: 10px 25px; padding: 0px; resize: none; display: none;&quot;&gt;&lt;/textarea&gt;&lt;/div&gt;&lt;iframe style=&quot;display: none;&quot;&gt;&lt;/iframe&gt;&lt;/div&gt;&lt;iframe id=&quot;c0904655-7adb-4f70-a6b3-7653adee966c&quot; title=&quot;button&quot; width=&quot;56&quot; height=&quot;56&quot; style=&quot;border: 0px; position: fixed; bottom: 20px; cursor: pointer; transition: opacity 0.15s ease 0s, visibility 0.15s ease 0s; visibility: visible; opacity: 1; border-radius: 50px; box-shadow: rgba(0, 0, 0, 0.4) 0px 2px 14px 0px; z-index: 2147483635; right: 15px;&quot;&gt;&lt;/iframe&gt;&lt;/body&gt;&lt;/html&gt;'"><![CDATA[Traceback (most recent call last):
  File "C:\Users\dario\Desktop\Farmacia\Farmacia.py", line 34, in test_seleccionar_producto
    self.assertIn("Producto añadido al carrito", self.driver.page_source)
AssertionError: 'Producto añadido al carrito' not found in '<html lang="es" class=" js flexbox no-touch rgba backgroundsize cssanimations csscolumns csstransforms csstransforms3d csstransitions video audio svg inlinesvg svgclippaths csscalc scriptasync formvalidation no-stylescoped svgfilters" style=""><head><meta http-equiv="origin-trial" content="Az520Inasey3TAyqLyojQa8MnmCALSEU29yQFW8dePZ7xQTvSt73pHazLFTK5f7SyLUJSo2uKLesEtEa9aUYcgMAAACPeyJvcmlnaW4iOiJodHRwczovL2dvb2dsZS5jb206NDQzIiwiZmVhdHVyZSI6IkRpc2FibGVUaGlyZFBhcnR5U3RvcmFnZVBhcnRpdGlvbmluZyIsImV4cGlyeSI6MTcyNTQwNzk5OSwiaXNTdWJkb21haW4iOnRydWUsImlzVGhpcmRQYXJ0eSI6dHJ1ZX0=">\n    \n    <meta http-equiv="content-type" content="text/html; charset=utf-8">\n    <!--[if IE]><meta http-equiv=\'X-UA-Compatible\' content=\'IE=edge,chrome=1\'><![endif]-->\n    <meta name="viewport" content="width=device-width,initial-scale=1.0,maximum-scale=1">\n\n    <title>Crema Corporal Nivea Aloe Vera 5 En 1 Piel Normal a Seca x 125 ml, Nivea Cuidado Corporal - Farmacias General Paz</title>\n    <meta name="theme-color" content="#2980b9">\n    <meta itemprop="name" content="Crema Corporal Nivea Aloe Vera 5 En 1 Piel Normal a Seca x 125 ml, Nivea Cuidado Corporal - Farmacias General Paz">\n    <meta property="og:title" content="Crema Corporal Nivea Aloe Vera 5 En 1 Piel Normal a Seca x 125 ml, Nivea Cuidado Corporal - Farmacias General Paz">\n\n\n        <meta name="description" content="Aprovechá nuestras ofertas en Crema Corporal Nivea Aloe Vera 5 En 1 Piel Normal a Seca x 125 ml, Nivea y muchas marcas más en Cuidado Corporal con Farmacias General Paz. Comprá desde tu casa online!">\n        <meta itemprop="description" content="Aprovechá nuestras ofertas en Crema Corporal Nivea Aloe Vera 5 En 1 Piel Normal a Seca x 125 ml, Nivea y muchas marcas más en Cuidado Corporal con Farmacias General Paz. Comprá desde tu casa online!">\n        <meta property="og:description" content="Aprovechá nuestras ofertas en Crema Corporal Nivea Aloe Vera 5 En 1 Piel Normal a Seca x 125 ml, Nivea y muchas marcas más en Cuidado Corporal con Farmacias General Paz. Comprá desde tu casa online!">\n\n    <link rel="author" href="https://www.farmaciageneralpaz.com">\n\n    <meta property="og:locale" content="es">\n    <meta property="og:type" content="website">\n    <meta property="og:site_name" content="Farmacias General Paz">\n    <meta property="og:url" content="https://www.farmaciageneralpaz.com/shop/product/crema-corporal-nivea-aloe-vera-5-en-1-piel-normal-a-seca-x-125-ml-WS1174008">\n\n    \n\n    \n\n    \n\n    \n    \n\n    <link rel="icon" type="image/png" href="https://cdn.batitienda.com/baticloud/images/favicon_f0c307b96e4d42899daa6fab56658309_637006236275577080_0_t.jpg" sizes="16x16">\n    <!-- reuse same icon for Safari -->\n    <link rel="apple-touch-icon" sizes="72x72" href="https://cdn.batitienda.com/baticloud/images/favicon_f0c307b96e4d42899daa6fab56658309_637006236275577080_0_m.jpg">\n    <link rel="apple-touch-icon" sizes="144x144" href="https://cdn.batitienda.com/baticloud/images/favicon_f0c307b96e4d42899daa6fab56658309_637006236275577080_0_m.jpg">\n\n        <meta property="og:image" content="https://cdn.batitienda.com/baticloud/images/product_picture_052b1a8c4537498b87e99f5afe037bf2_638181219219574205_0_m.png">\n        <meta itemprop="image" content="https://cdn.batitienda.com/baticloud/images/product_picture_052b1a8c4537498b87e99f5afe037bf2_638181219219574205_0_m.png">\n\n   \n    \n    <link rel="dns-prefetch" href="//fonts.gstatic.com">\n    <link rel="dns-prefetch" href="//cdn.batitienda.com">\n    \n    \n    \n    \n    \n    <link rel="stylesheet" href="/content/styles/critical?v=g0hyRvW3oO2ue4uvIjk1d-fz8DXWF4mvZUUrsmQnW8c1" type="text/css"> \n    <link rel="stylesheet" href="/content/styles/important?v=4yK8BJT30gpS3JN5HJ7ZohBUH0a8zMrFFbmjRwLezlI1" type="text/css">\n    <link rel="stylesheet" href="/Custom/css/custom-belizehole.css?v=v1.0" type="text/css">\n    <link rel="stylesheet" href="/Custom/css/custom-post.css?v=v1.0" type="text/css">\n    \n    <link rel="stylesheet" href="/content/fonts/deferred?v=7kHJPoOPypk1fvYBt_-E9k_h1_bFQUX0ql1jAhN2bxI1" type="text/css" as="style" media="all" onload="if (media != \'all\')media = \'all\'">\n        \n    \n        <link rel="stylesheet" href="/content/styles/plugin/layout_Sliders?v=CWV5hpQzWJ8mYuI9AV5e4B2e1FevKJczQt1JIA8rkpI1" type="text/css" as="style" media="all" onload="if (media != \'all\')media = \'all\'">\n    \n        <link rel="stylesheet" href="/Content/js2/plugins/fancybox/fancybox.css" type="text/css" as="style" media="all" onload="if (media != \'all\')media = \'all\'">\n    \n    <link rel="stylesheet" href="/fonts/line-awesome-1.3.0/css/line-awesome.min.css" type="text/css" as="style" media="all" onload="if (media != \'all\')media = \'all\'">\n    <link rel="stylesheet" href="https://maxst.icons8.com/vue-static/landings/line-awesome/font-awesome-line-awesome/css/all.min.css" type="text/css" as="style" media="all" onload="if (media != \'all\')media = \'all\'">\n    <link href="https://fonts.googleapis.com/css2?family=Roboto:ital,wght@0,300;0,400;0,700;1,300;1,400;1,700&amp;display=swap" rel="stylesheet" type="text/css" as="style" media="all" onload="if (media != \'all\')media = \'all\'">\n\n    \n\n    \n\n\n    \n    <script type="text/javascript" async="" src="https://widgets-api.embluemail.com/library/2.12.3"></script><script type="text/javascript" async="" src="https://www.googletagmanager.com/gtag/js?id=G-7FXF32ENWK&amp;l=dataLayer&amp;cx=c"></script><script type="text/javascript" async="" src="https://www.googletagmanager.com/gtag/js?id=G-HNCYQD4R26&amp;l=dataLayer&amp;cx=c"></script><script async="" src="https://widgets-static.embluemail.com/accounts/9375F9AD30C84348/scripts/sw_937.js?ts=20231027T195434"></script><script type="text/javascript" async="" src="https://www.gstatic.com/recaptcha/releases/vm_YDiq1BiI3a8zfbIPZjtF2/recaptcha__es.js" crossorigin="anonymous" integrity="sha384-HyoAa7dVDwFQc/s3sdiJos2xzZleKaELjSHX9RiOwyHNLXzTQGGWZKdnSa8HL/1F"></script><script src="https://connect.facebook.net/signals/config/2839562683014023?v=2.9.136&amp;r=stable&amp;domain=www.farmaciageneralpaz.com" async=""></script><script async="" src="https://connect.facebook.net/es_LA/fbevents.js"></script><script src="/scripts/critical?v=jGt4vSFSVi40prPkiVHeRHmEFrQZXBDxE02TPhk_vdo1"></script>\n    \n    <script defer="" src="/scripts/plugins/critical?v=j_DMk1y-iahhexf6lLL5aKIOFiY_-HB8XX_oBG8uNvg1"></script>\n    \n    \n    <script src="/scripts/skynet?v=zwyJ8l478BGNzm-57HcX9wj04v8xzzvQwWK53sYq7EQ1"></script>\n    \n        <script defer="" src="/scripts/plugins/sliders?v=DAxONL2H5l-EFrkRD98isTGGvVQJ2QUSRvg6sWZN5L41"></script>\n        \n        <script src="/Content/js2/plugins/fancybox/fancybox.umd.js"></script>\n        <script src="/scripts/plugins/validation?v=5CUH8b-_pmTPV_4Rbcu3rN0CZRyaeJ91JpiIzY0k86w1"></script>\n    \n    \n    \n    <script src="/scripts/init?v=UUX_50gLnFsn6YyjFGPgr5wwsYvwY2iuvt5CUcJo5TA1"></script>\n\n\n<link href="https://fonts.googleapis.com/css2?family=Roboto:ital,wght@0,300;0,400;0,700;1,300;1,400;1,700&amp;display=swap" rel="stylesheet">\n<meta name="google-site-verification" content="HQ4g23iTF4lHkV_9ZNAJntOMPS_8m9vFLdnrQxeVm6Y">\n<meta name="facebook-domain-verification" content="k94eoub5wxdmltq8bcwou9rouxbpvr"><style>body:not(.kl-store-page){ \n    background-color: #FFFFFF;\n  }\n\n.site-header.style2 .kl-header-toptext > a.phone2 i:before{\n    content: "\\f232";\n  font-family: \'Line Awesome Brands\';\n}\n.shipping-pickup a {\n  display: block;\n}\n.click-to-chat-container .click-to-chat-box .click-to-chat-title{\n  font-size:17px;\n}\nhtml,body,h1,h2,h3,h4,h5,h6,span,div,a,b,\nstrong,input,button,select,textarea,small,pre,\n.main-nav ul li a,.main-nav>ul>li>a,.tbk__title{\n  font-family: \'Roboto\', sans-serif;\n}\n\n\n.discount-circle.range-1 {background: #2950a3;}\n.discount-circle.range-2 {background: #2950a3;}\n.discount-circle.range-3 {background: #2950a3;}\n.discount-circle.range-4 {background: #2950a3;}\n.discount-circle.range-5 {background: #2950a3;}\n.discount_on_second .promotion_label-short, \n.discount_on_quantity .promotion_label-short,\n.get_x_pay_y .promotion_label-short,\n.get_x_pay_y.get_3 .promotion_label-short {\n  background: #2950a3;\n    color:white;\n}\n#my-signin2{\n  border-color:#ea4335;\n}\n\n/*********** PRE-HEADER styles - start **********************************/\n.pre-header{background: #4775ca;color:#fff;padding:0;line-height:normal;}\n.pre-header span{font-size:13px;padding:5px;background:none;}\n@media(max-width:1199px){.pre-header .slick-track{display:flex;justify-content:center;align-items:center;}}\n/*********** PRE-HEADER styles - end ************************************/\n\n.tbk__title {\n  font-size: 35px;\n  color: #0179BE;\n  line-height: 35pt;\n  font-style: normal;\n  font-weight: 700;\n  text-align: left;\n}\n@media (max-width:768px)\n{\n.tbk__title {font-size: 25px}\n}\n\n.tbk__title.custom-html{\n  color: #000;\n  line-height: 45pt;\n  font-style: normal;\n  font-weight: 600; \n  display:inline-block;\n  text-align: left;\n}\n.show-more{\n  font-size: 17px;\n  color: #1e41b1;\n  display:inline-block;\n    margin-left:20px;\n}\n@media (max-width:767px){\n .tbk__title.custom-html{\n         font-size: 30px;\n         line-height: 35pt;\n       margin-bottom: 0;\n }\n  .show-more{\n      display:block;\n      margin: -5px 0 10px 0;\n  }\n}\n\n\n\n\n\n.sectionContainer.grid-5 .flex-center .col-md-offset-1{\n  margin-left:20px;\n}\n.sectionContainer.grid-5 .flex-center .col-md-offset-1:last-child{\n  margin-right:20px;\n}\n@media (max-width:768px)\n{\n.sectionContainer.grid-5 .flex-center .col-md-offset-1 {\n      margin:0 !important;\n}\n}\n\n\n.sectionContainer.boxed-1 .hg_section{\n    background: #f5f5f5;\n  width: 1220px;\n  margin: 20px auto;\n  border-radius: 20px;\n}\n.sectionContainer.boxed-1 {\n  padding:20px 0px;\n}\n.sectionContainer.boxed-1.bg-1 {\n  background:#ffffff;\n}\n.sectionContainer.boxed-1.bg-transparent {\n  background:transparent;\n}\n.sectionContainer.featured-products-style-2 .featured-products_title{\n  position:absolute;\n    display:flex;\n    flex-direction:column;\n    justify-content:center;\n    height:350px;\n    z-index:1;\n}\n.sectionContainer.featured-products-style-2 .featured-products_title h3{\n  font-size:45px;\n    font-weight:600;\n    line-height:1.1;\n    width: 340px;\n  margin-bottom:20px;\n    display:block;\n    color:#000;\n}\n.sectionContainer.featured-products-style-2 .featured-products_title a{\n  font-size:16px;\n    font-weight:400;\n    color:#202781;\n    display:block;\n}\n.sectionContainer.featured-products-style-2 .shop-latest{\n  width: 800px;\n  margin: 0 0 0 auto;\n}\n@media (max-width:1199px){\n.sectionContainer.boxed-1 .hg_section{\n    width:auto;\n  border-radius:0;\n}\n.sectionContainer.featured-products-style-2 .featured-products_title{\n        position:static;\n        height:auto;\n         margin-bottom:20px;\n}\n.sectionContainer.featured-products-style-2 .shop-latest{\n        width:100%;\n}\n}\n@media (min-width:1200px){\n  .sectionContainer.featured-products-style-2 .shop-latest .shop-latest-carousel .slick-slide{\n      margin:0 10px;\n    }\n    .sectionContainer.featured-products-style-2 .shop-latest-carousel .slick-list{\n        min-height:465px;\n      height:auto;\n      max-height: 500px\n    }\n}\n.slick-slider .slick-track, .slick-slider .slick-list{\n  display: flex;\n  align-items: center;\n}\n\n.main-nav>ul>li>a {\n  line-height: 1.4;\n  font-size: 13px;\n  font-weight: 400;\n  padding: 6px 8px;\n}\n@media screen and (min-width: 992px){\n.main-nav .hg_mega_container li a.zn_mega_title, \n.main-nav div.hg_mega_container ul li:last-child>a.zn_mega_title {\n  font-size: 13px;\n  padding-left: 0;\n  padding-right: 0;\n  border-bottom-width: 1px;\n  border-bottom-style: solid;\n  padding: 7px 0;\n  margin-bottom: 5px;\n  font-weight: 400;\n  text-transform: uppercase;\n  border-bottom-color: rgba(0,0,0,.1);\n}\n}\n@media (min-width:1200px){\n  .sectionContainer.slider-no-blur .slick-slide img,\n  .sectionContainer.slider-no-blur .img-container-link img{\n        object-fit: none;\n    }\n}\n\n.site-header.style2 .header-search .inputbox{\n  font-weight:300;\n\n}\n\n.shipping-pickup a {\n  display: block;\n}\n/*******************************/\n/*Footer width fix             */\n/*******************************/\n.footer-item-text{\nwidth:auto;\n}\n.footer-flex.justify-left{\n    justify-content: space-between;\n}\n.footer-item-text:first-child{\n  display:none;\n}\n\n/*Start GRID-5 Style           */\n/*******************************/\n.sectionContainer.grid-5 .flex-center .col-md-offset-1{\n  margin-left:20px;\n}\n.sectionContainer.grid-5 .flex-center .col-md-offset-1:last-child{\n  margin-right:20px;\n}\n/*.sectionContainer.grid-8 .flex-center .col-sm-12{\n   margin:0 0 10px 0;\n    padding:0;\n}*/\n.sectionContainer.grid-2 .flex-center .col-md-6{\n  width: 340px;\n}\n@media (max-width:768px)\n{\n    .sectionContainer.grid-2 .flex-center .col-md-6{\n      width: 100%;\n  }\n .sectionContainer.grid-5 .flex-center{\n          display: flex;\n          flex-wrap: wrap;\n  }\n    .sectionContainer.grid-5 .flex-center .col-md-offset-1 {\n          margin:0 0 0 10px !important;\n          width: calc(50% - 15px);\n    }\n.sectionContainer.grid-5 .flex-center .col-md-offset-1:last-child {\n          margin:0 10px 0 10px !important;\n          width: calc(100% - 15px);\n    }\n    .sectionContainer.grid-5 .flex-center .img-container-link img{\n         margin-bottom:5px !important;\n  }\n    .sectionContainer.grid-5 .flex-center{\n          display: flex;\n          flex-wrap: wrap;\n  }\n    .sectionContainer.grid-6 .flex-center > div {\n        margin:0 10px 0 10px !important;\n        width: calc(100% - 15px);\n    }\n    .sectionContainer.grid-8 .flex-center{\n        display: flex;\n        flex-wrap: wrap;\n  }\n    .sectionContainer.grid-8 .flex-center > div {\n      margin:0 0 0 15px !important;\n      width: calc(50% - 23px);\n    }\n    .sectionContainer.grid-8 .flex-center .col-sm-12{\n        margin:0;\n      padding:0;\n    }\n}\n\n/*******************************/\n/*End GRID-5 Style             */\n\n.main-nav>ul>li>a{\n\ttext-transform:uppercase;\n}\n\n/*Dermocosmética*/\n.main-nav>ul>li:nth-child(2)>a{\n  padding-left:28px;\n}\n.main-nav>ul>li:nth-child(2)>a:before{\n  position: absolute;\n  margin: 0;\n  font-family: \'Font Awesome 5 Free\';\n  -moz-osx-font-smoothing: grayscale;\n  -webkit-font-smoothing: antialiased;\n  display: block;\n  font-style: normal;\n  font-variant: normal;\n  text-rendering: auto;\n  line-height: 1;\n  font-size: 22px;\n  background: none !important;\n  opacity: 1;\n  height: auto;\n  width: auto;\n  z-index: 5;\n  transform: none;\n  top: 6px;\n  left:3px;\n  bottom:auto;\n  margin:0 !important;\n  content: "\\f004";\n}\n.main-nav>ul>li:nth-child(2)>a,\n.main-nav>ul>li:nth-child(2)>a:hover,\n.main-nav>ul>li:nth-child(2)>a:focus,\n.main-nav>ul>li:nth-child(2)>a:active,\n.main-nav>ul>li:nth-child(2):hover>a{\n  color: #fcabbe !important;\n  font-weight:600;\n}\n.main-nav>ul>li:nth-child(2)>a:before,\n.main-nav>ul>li:nth-child(2)>a:hover:before,\n.main-nav>ul>li:nth-child(2)>a:focus:before,\n.main-nav>ul>li:nth-child(2)>a:active:before{\n    background: none !important;\n}\n/*.main-nav ul li:nth-child(2):hover>.hg_mega_container,\n.main-nav ul li:nth-child(2):hover>.hg_mega_container li a.zn_mega_title{\n\tbackground-color: #fcabbe !important;\n}*/\n/*call-to-action nav button*/\n.main-nav>ul>li:last-child{\n    padding-bottom:5px;\n}\n.main-nav>ul>li:last-child>a:before{\n  position: absolute;\n  margin: 0;\n  font-family: \'Font Awesome 5 Free\';\n  -moz-osx-font-smoothing: grayscale;\n  -webkit-font-smoothing: antialiased;\n  display: block;\n  font-style: normal;\n  font-variant: normal;\n  text-rendering: auto;\n  line-height: 1;\n  font-size: 22px;\n  background: none !important;\n  opacity: 1;\n  height: auto;\n  width: auto;\n  z-index: 5;\n  transform: none;\n  bottom:auto;\n  top: 7px;\n    left:5px;\n    margin:0 !important;\n  content: "\\f1e2";\n}\n\n.main-nav>ul>li:last-child >a,\n.main-nav>ul>li:last-child >a:hover,\n.main-nav>ul>li:last-child:hover >a{\n  color: #ffffff !important;\n    font-weight:600;\n  text-transform: uppercase;\n  background: #FF0000;\n  border-radius: 6px;\n  border: 1px solid #FF0000;\n  padding-left: 30px;\n  padding-bottom: 7px !important;\n}\n\n/* search icon nav bar*/\n.site-header.style2 .header-search .inputbox{\n  font-size:14px;\n    font-weight:300;\n    color:#333 !important;\n}\n.site-header.style2 .header-search .inputbox:before{\n  font-family: \'Font Awesome 5 Free\';\n  position: absolute;\n  -moz-osx-font-smoothing: grayscale;\n  -webkit-font-smoothing: antialiased;\n  font-style: normal;\n  font-variant: normal;\n  text-rendering: auto;\n  height: auto;\n  width: auto;\n  transform: none;\n  line-height: 1;\n  font-size: 22px;\n  content: "\\f002";\n}\n.site-header.style2 .header-search .searchsubmit{\n  color:#ddd;\n}\n\n/*colores de las cucardas - inicio*/\n.promotion_label.dis_10 .promotion_label-short,\n.promotion_label.dis_10 .promotion_label-long,\n.promotion_label.dis_15 .promotion_label-short,\n.promotion_label.dis_15 .promotion_label-long,\n.discount-circle.range-1  {\n  color:#ffffff;\n  background: #2950a3;\n}\n.promotion_label.dis_20 .promotion_label-short,\n.promotion_label.dis_20 .promotion_label-long,\n.promotion_label.dis_25 .promotion_label-short,\n.promotion_label.dis_25 .promotion_label-long,\n.discount-circle.range-2 {\n  color:#ffffff;\n  background: #2950a3;\n}\n.promotion_label.dis_30 .promotion_label-short,\n.promotion_label.dis_30 .promotion_label-long,\n.promotion_label.dis_35 .promotion_label-short,\n.promotion_label.dis_35 .promotion_label-long,\n.discount-circle.range-3 {\n  color:#ffffff;\n  background: #2950a3;\n}\n.promotion_label.dis_40 .promotion_label-short,\n.promotion_label.dis_40 .promotion_label-long,\n.promotion_label.dis_45 .promotion_label-short,\n.promotion_label.dis_45 .promotion_label-long,\n.discount-circle.range-4 {\n  color:#ffffff;\n  background: #2950a3;\n}\n.promotion_label.dis_50 .promotion_label-short,\n.promotion_label.dis_50 .promotion_label-long,\n.discount-circle.range-5 {\n  color:#ffffff;\n  background: #2950a3;\n}\n.promotion_label.get_x_pay_y.get_2 .promotion_label-short,\n.promotion_label.get_x_pay_y.get_2 .promotion_label-long {\n  color:#ffffff;\n  background: #2950a3;\n}\n.promotion_label.get_x_pay_y.get_3 .promotion_label-short,\n.promotion_label.get_x_pay_y.get_3 .promotion_label-long {\n  color:#ffffff;\n  background: #2950a3;\n}\n/*colores de las cucardas - fin*/\n\n/* NEWSLETTER FOOTER */\n.form-newsletter-section_container.horizontal{\n  padding:40px 0;\n  border-top: 2px solid #f2f2f2;\n  background: #ffffff;\n}\n.form-newsletter-section_container.horizontal h2.tbk__title{\n  font-size:30px;\n    font-weight:500;\n    max-width:400px;\n    line-height:30px;\n    text-align:left !important;\n  color: #757575!important; \n}\n.form-newsletter-section_container .form-newsletter-section__form .form-newsletter-section__btn-submit,\n.form-newsletter-section_container .form-newsletter-section__form .form-newsletter-section__btn-submit:active,\n.form-newsletter-section_container .form-newsletter-section__form .form-newsletter-section__btn-submit:hover,\n.form-newsletter-section_container .form-newsletter-section__form .form-newsletter-section__btn-submit:visited{\n  background:#2f4c6f;\n    border-color:#2f4c6f;\n  margin-left: 10px;\n  border-radius: 8px;\n}\n.form-newsletter-section__input-name, \n.form-newsletter-section__input-email {\n  margin-left: 10px;\n  border-radius: 8px;\n    font-weight: normal;\n}\n@media (max-width: 768px){\n  .form-newsletter-section_container .form-newsletter-section__form .form-newsletter-section__btn-submit,\n  .form-newsletter-section_container .form-newsletter-section__form .form-newsletter-section__btn-submit:active,\n  .form-newsletter-section_container .form-newsletter-section__form .form-newsletter-section__btn-submit:hover,\n  .form-newsletter-section_container .form-newsletter-section__form .form-newsletter-section__btn-submit:visited{\n      margin-left: 0;\n  }\n  .form-newsletter-section__input-name, \n  .form-newsletter-section__input-email {\n      margin-left: 0;\n  }\n}\n/* END NEWSLETTER FOOTER */\n.delivery-options .delivery-options_list #paymentType_b21bdfa6-1dc8-4495-b9ee-adc101286fd3.delivery-options_row .payment-card_title h4 {\n    visibility: hidden !important;\n}\n.delivery-options .delivery-options_list #paymentType_b21bdfa6-1dc8-4495-b9ee-adc101286fd3.delivery-options_row .payment-card_title h4:before {\n    visibility: visible;\n    width: 120%;\n    content: "Tarjetas de Crédito y Débito";\n}\n.delivery-options .delivery-options_list #paymentType_b160a027-9081-4a62-97bf-ad430084c9a3.delivery-options_row .payment-card_title h4{\n    background-image: url(https://www.farmaciageneralpaz.com/Custom/images/mercado_credito.png);\n    background-size: 130px;\n    background-repeat: no-repeat;\n    background-position: 110px;\n}\n</style>\n\n    <style>\n        \n        .site-header {\n            position: relative\n        }\n        \n        #zn-res-menu.zn-menu-visible  ul.hg_mega_container\n        {\n            overflow-y: scroll !important;\n        }\n        \n        img.lazyload:not([src]) {\n            visibility: hidden; \n            /*background-image: url(\'data:image/gif;base64,R0lGODlhAQABAIAAAAAAAP///yH5BAEAAAAALAAAAAABAAEAAAIBRAA7\');*/\n        }\n        \n                    \n    </style>\n    \n    \n<meta http-equiv="origin-trial" content="AymqwRC7u88Y4JPvfIF2F37QKylC04248hLCdJAsh8xgOfe/dVJPV3XS3wLFca1ZMVOtnBfVjaCMTVudWM//5g4AAAB7eyJvcmlnaW4iOiJodHRwczovL3d3dy5nb29nbGV0YWdtYW5hZ2VyLmNvbTo0NDMiLCJmZWF0dXJlIjoiUHJpdmFjeVNhbmRib3hBZHNBUElzIiwiZXhwaXJ5IjoxNjk1MTY3OTk5LCJpc1RoaXJkUGFydHkiOnRydWV9"><meta http-equiv="origin-trial" content="AymqwRC7u88Y4JPvfIF2F37QKylC04248hLCdJAsh8xgOfe/dVJPV3XS3wLFca1ZMVOtnBfVjaCMTVudWM//5g4AAAB7eyJvcmlnaW4iOiJodHRwczovL3d3dy5nb29nbGV0YWdtYW5hZ2VyLmNvbTo0NDMiLCJmZWF0dXJlIjoiUHJpdmFjeVNhbmRib3hBZHNBUElzIiwiZXhwaXJ5IjoxNjk1MTY3OTk5LCJpc1RoaXJkUGFydHkiOnRydWV9"><style type="text/css">@font-face{font-family:onsite;src:url(\'data:application/octet-stream;base64,AAEAAAAPAIAAAwBwR1NVQiCLJXoAAAD8AAAAVE9TLzI+KUp7AAABUAAAAGBjbWFwuqoYmQAAAbAAAAKmY3Z0IAAAAAAAABuAAAAADmZwZ21iLvl6AAAbkAAADgxnYXNwAAAAEAAAG3gAAAAIZ2x5ZlqpgzsAAARYAAASnGhlYWQklJP0AAAW9AAAADZoaGVhCVsFvgAAFywAAAAkaG10eEa5/7QAABdQAAAATGxvY2Ejrie2AAAXnAAAAChtYXhwAWgPDgAAF8QAAAAgbmFtZc2dGRoAABfkAAACzXBvc3TSrjtkAAAatAAAAMRwcmVwfrY7tgAAKZwAAACcAAEAAAAKADAAPgACREZMVAAObGF0bgAaAAQAAAAAAAAAAQAAAAQAAAAAAAAAAQAAAAFsaWdhAAgAAAABAAAAAQAEAAQAAAABAAgAAQAGAAAAAQAAAAQDuAGQAAUAAAJ6ArwAAACMAnoCvAAAAeAAMQECAAACAAUDAAAAAAAAAAAAAAAAAAAAAAAAAAAAAFBmRWQAwOgE6FgDUv9qAFoDrACYAAAAAQAAAAAAAAAAAAAAAAACAAAABQAAAAMAAAAsAAAABAAAAb4AAQAAAAAAuAADAAEAAAAsAAMACgAAAb4ABACMAAAAFgAQAAMABugE6AroGegc6CDoIugm6CzoUuhY//8AAOgE6AroGegb6B/oIugm6CnoUuhV//8AAAAAAAAAAAAAAAAAAAAAAAAAAAABABYAFgAWABYAGAAaABoAGgAgACAAAAABAAIAAwAEAAUABgAHAAgACQAKAAsADAANAA4ADwAQABEAEgAAAQYAAAAAAAAAAAAAAAAAAAAAAAAAAAAAAAAAAAAAAAAAAAAAAAAAAAAAAAAAAAAAAAAAAAAAAAAAAAAAAAAAAAAAAAAAAAAAAAAAAAAAAAAAAAAAAAAAAAAAAAAAAAAAAAAAAAAAAAAAAAAAAAAAAAAAAAAAAAAAAAAAAAAAAAAAAAAAAAAAAAAAAAAAAAAAAAAAAAAAAAAAAAAAAAAAAAAAAAAAAAAAAAAAAAAAAAAAAAAAAAAAAAAAAAAAAAAAAAAAAAAAAAAAAAAAAAAAAAAAAAAAAAAAAAAAAAAAAAAAAAAAAAAAAAAAAAAAAAAAAAAAAAAAAAAAAAAAAAAAAAAAAAAADAAAAAAA6AAAAAAAAAASAADoBAAA6AQAAAABAADoCgAA6AoAAAACAADoGQAA6BkAAAADAADoGwAA6BsAAAAEAADoHAAA6BwAAAAFAADoHwAA6B8AAAAGAADoIAAA6CAAAAAHAADoIgAA6CIAAAAIAADoJgAA6CYAAAAJAADoKQAA6CkAAAAKAADoKgAA6CoAAAALAADoKwAA6CsAAAAMAADoLAAA6CwAAAANAADoUgAA6FIAAAAOAADoVQAA6FUAAAAPAADoVgAA6FYAAAAQAADoVwAA6FcAAAARAADoWAAA6FgAAAASAAAABP///2kEcANSABoALgA6AEYAd0B0IgEJBSoBBAgcAQABA0wACQUKBQkKgAAIBwQHCASACwEAAQCGAAIABQkCBWcACg0BBwgKB2cMAQYDAQZXAAQAAwEEA2cMAQYGAV8AAQYBTzEvGxsBAEJBPDs3NC86MTobLhssJiQeHRgWEQ4HBQAaARoOBhYrBSIuAT0BIyImJwM0Nz4BNyUyFhUTFAYHBQcGAxc3JTI2NQM0JgcFIgYVEx4BMzElISIGFBYzITI2NCY3IQ4BFBYXIT4BNCYBDREiFl8lNgEJGgwiEwOwJjUJNCb+Bt8UFQLpAhcFBgkGBfxPBQYJAQYEAiz+dg0SEg0Big0SEs39nAsPDwsCZAsPD5YOIBOFNCUCYiUaDg8BCjUm/Z8mNgEFuREBGcPEBQcFAmIFBwELBgX9ngQG9xIaEhIaEswCEhcSAgISFxIAAAX//v9pBaEDUwAkADIAQQBEAEcAQkA/R0VEOColBgIDRkMfDgQFBAJMAAAAAwIAA2cAAgAEBQIEaQAFAQEFVwAFBQFfAAEFAU8+OzY1MC0oJz8yBgYYKwEuASMhIgYHMQ4BFREUFQYXFhceATMhMjY3MTc2NzYnNDURNCYHAQYiJwE1NDYXITIWFQEXFjI/AQEHBiMhJicmJwEFESERJQV5EjEb+2wbMhMTFAIFCBsSMhsElhgtEgcaCQUCE0P9owwgDP2jHBQElBQa/IaxI1ojsgFuBA0S+2oTDQICAST+0ATy/tEDKhMVFRQUMhv9LAUECwsmHBQVEhAHGyULDAUFAtQbM4X+IgoKAd43FB0BHRP+MIwcHIz+3wUNAQ4CAwFY8AHf/iHwAAAAAAYAAP9pBHEDUwA+AEgAVQBkAGsAdgFfS7AJUFhAG2sBAgFoRAIMAmcBCwhFAQMLGQEGA2YBCQUGTBtLsApQWEAbawECAWhEAgwCZwELCEUBAwsZAQcDZgEJBQZMG0AbawECAWhEAgwCZwELCEUBAwsZAQYDZgEJBQZMWVlLsAlQWEBAAAECAYUAAgAMAAIMZwAAAA4NAA5nAA0ACAsNCGkPAQsKBwIDBgsDZwAGAAUJBgVpAAkEBAlZAAkJBGEABAkEURtLsApQWEBHAAECAYUAAwsHCwMHgAACAAwAAgxnAAAADg0ADmcADQAICw0IaQ8BCwoBBwYLB2cABgAFCQYFaQAJBAQJWQAJCQRhAAQJBFEbQEAAAQIBhQACAAwAAgxnAAAADg0ADmcADQAICw0IaQ8BCwoHAgMGCwNnAAYABQkGBWkACQQECVkACQkEYQAECQRRWVlAHFdWdHNybGFbVmRXZFVUT0wpESMjNycyIyIQBh8rATEmKwERNCYjIgcFFSEiDgEdARQeATsBFjMVFBcxFjsBMjY9ATMyNjQmKwE1MzY3BRY2NzY3ETMyNzE2PQE0BTU0PgE3ES4CARUUBisBIicxJj0BMzcrATQ1ETQ1MTYXMzIzEQERJREwMSUTFgcxBicjNTMWBwRcFBw9Ew4JB/5G/vFDcEJCcUIOAwQYGSIzIjEMCw8PCwwhCQgBrAwYBgMBPRwUFPu+LlAxMVAuAYESDTMNCglyU/ICAQHyAQEBqv6LAXWBAQEBAj0/AQECARQBHA4TBMUEQnBDB0JwQgLWIhkYMSJxDxYPMAEDwQUJCwcHAR0UExx/HGQHMlU4Bv5vBjhV/vGLDRMJCg3VNAEBAYcBAQEB/nYBLv4wpwGLqP5SAgEBAYcBAgAAAAAB//MAAANvAlQADQAGswgDATIrEwkBNhcWBwEGJwEmNzY/AXIBdBYaGhr+dBYa/nQaGhgCOv6cAWQaGhYa/ngWFgGIGhYYAAABAAD/1wMfAuUACwAGswcBATIrJQcnByc3JzcXNxcHAx+c6uuc6uqc6+qc6nSd6+ud6uqd6+ud6gAAAAAB//QAAANsAlQADAAGswcDATIrJQkBBiY3ATYXARYHBgMk/oz+jhowGAGMGhYBjBgYGoIBZv6aFi4aAYYaGv56GhgWAAH//QAAAp8CwAATABVAEgkBAEoBAQAAdgEAABMBEgIGFiszIi8BJj4BFh8BAT4BFx4BBwEGI/kiFrQQCCw6EnYBKBA2GhgMDv6iFCQc7Bg4JAgYmgHaGAwOEDYa/dAgAAH//f+xA18DCwAMABFADgABAAGFAAAAdhUTAgYYKwEUDgEiLgI+ATIeAQNZcsboyG4Gerz0un4BXnXEdHTE6sR0dMQAAQAAAAADpQKYABUAHUAaDwEAAQFMAAIBAoUAAQABhQAAAHYUFxQDBhkrARQHAQYiJwEmND8BNjIfAQE2Mh8BFgOlEP4gECwQ/uoPD0wQLBCkAW4QLBBMEAIWFhD+IA8PARYQLBBMEBClAW8QEEwPAAH/9P+iAd4DHAANAAazCQMBMisFFgcGJwEmNwE2FxYHAQHEGhoaFv54GBgBiBYaGhr+mhQaFhoaAYoYGgGKGhoWGv6MAAAAAAH/8/+iAd0DHAANAAazCwUBMisXCQEmNzYXARYHAQYnJg0BZv6aGhoaFgGIGBj+eBYaGhQBcgF0GhYaGv52Ghj+dhoaFgAAAAL/9f9+A9wDMgAdADQAJUAiMi4qJiIaCQMIAAEBTAABAAGFAgEAAHYBABMRAB0BHQMGFisFIi8BBwYnJj8BLwEmNj8CNjMyHwIeAQ8BFxYGAQ4BDwE3Nh8BJyY/AScmLwEHBg8BFxYC5RMU1dcsKCkKMlRjJSAy9GYWMi8YZfUwIia3Mgcu/jIBDAsUvhsZviwGFqHZHgtaWg0e2KEVdgx5eRgbHTLzS1ojXgca4S8v4RsEYCOm8iM6AVYEQDRcaw4Oa9UdFJQXBBrHxxoEF5QTAAAAAf/8/7oDaQL9ABoAEUAOFhALAwBJAAAAdhMBBhcrATY3NjIfAQUeAQ8BExYGLwEGBwYmNxMnJjY3ASlFLQYkBXIBEg8MDMw3AxoO8JBgDxoCOMwMDA8B8phkDw/8HgMeDLv+8g8UCIhRNwkWDgEOuwseBAADAAD/bQPbA1IAIgBCAIIATUBKfSwrKg0FAgQPAQECAkwOAQFJAAQDAgMEAoAFAQAAAwQAA2kGAQIBAQJZBgECAgFhAAECAVEkIwEASEY5OCNCJEIXFQAiASIHBhYrASIHBgcGFRQXFhcWHwEDJRcWFxYXFjMyNz4BNzYmJy4BJyYDIicmJyYvAQc3JyYnJicmNTQ3Njc2MhcWFxYUBwYHBgE2NzY7ARcWHwEWFxYPAQYUFxYXFhcWFxYXFjc2PwI+ARcWHwEWHQEWBwYHDgEnJicmJy4BJyYnJjUmNzY3NgH0hXFuQUILCBAKDQtSAQoSFholJTAuYlpYhyUnASclh1daYistJCMZFxGaMQwPDBIKDDc2XGDdX102ODg2XV/+2gQDCQQnBgYEKQMBAQYgAgQIDxUWGBwaEgsHBAYlAwQKBgsrLwUBAwQRFkoXKidCKDBGEQ0EAwIDAwkMA1JCQW5xhS0yKCkdGxX+/1YJCwkNCAkmJYZYWsVaV4YlJvyFCwgQCg0LMpQTGRsnJzEubl9cNzg3Nlxg4GBcNzcCagMCBQMEBl4IBgkIJgMJBg8UHBMVEg8GAwMCCCsDAwEEBBUYBAYEEgwXExYWCAoRGyYuVSIeGQ4QCBIVEhYAAAAE//7/aAPqA1UARQCGAJ4AtwBAQD2rKQIEAwFMAAQDBQMEBYAABQIDBQJ+AAAAAwQAA2kAAgEBAlkAAgIBYQABAgFRp6abmmJhTkw7OCAfBgYWKyUvASYnJgYHBgcOAScmJyYnNSYnJjQ/ATY3NiYnJicuAQcGDwEGBw4BFzEUFhUWFxYXFhcWFxYXFhczMjc2PwI+AicmBwYHBgcGJzEmJyYnJicmLwEmJyY3Nj8BNjc2NxYfAhYUBwYPAg4BFxYXFhcWFxYXFjY/AjY3NhYfARYXFhQTLgInJg4BFhcxFx4BFxYXHgE3MjYnJiUWFx4BFx4BOwE+ATUxNCcmJy4BJyYOARYDYSJMDREcPBUSKAIGAi4nPzEWEAQEFB0OGwIcOT0bSx0MFhoVCBISAQICBRc0IyxXcldkQkcIMCYRDwoNHBoLAwVGGDIJChYYNzRyYHpUCxMLHQ8PBwUREyASCxARC08hCwsdDhUGDAYGEBksNz9QDQ4KEwcgJgQFCRcHGDwfDIEjdJZUDRcFDw0gT4UvPBECEwwPEwMK/kAkIDZJCgISDAMNEQICBBiIWw0VBhBwI0sNCQ0MFxEoAwECFyIzQQIcIAUDAxQdDxxOGzs7GwMZChYaFQwXOB0DDAMVFWFWPDduUT8oHAEdDhEJDhweJRMnSRoyBwULAgIVLUxhgxEkEzU7LjAXERMhEQwCAQ1QIAkeCR0NFQUKHw4oIz4zPygHAwIHCCAlBQMIAgkYOyEJHwIOUH5TDgIOGhYDBxNbQlRlDBABFg4+agYQG2E8Cw8CEw0GAw0NWXsPAg4bFwACAAD/cAOnA0wAIgA7AC5AKzonJSMEAgEBTCIBAgBJAAECAYUAAgAAAlcAAgIAYQAAAgBRNzQvLBQDBhcrBTU0JiMuAScmJyYnJjc+ATc+ATc2FhceARcWBgcGBwYHBgcBMREnBzU0Jy4BIyEiBhcVFBY3ITI2JzUXAfsBA1SaO0weCgMEBAUoIi+IT02aQ05nEAsLFSE8WHYtMAEBAWwCBR0S/ucXIQEiGAESGCIBH5CYAwIBQTtHZCAhJyc5ai5CVg8QHCkuk1k7dzhaSmxKHRkBlAEsA25ACgkSFyMX2hgiASIYQh4ABgAAAAAGEwH5ABAAHQAsADsAUgCAAPlLsAlQWEAWcm0CBQBPAQMFY1Y/AwEDA0xEAQUBSxtLsApQWEAWcm0CBwBPAQMFY1Y/AwEDA0xEAQUBSxtAFnJtAgUATwEDBWNWPwMBAwNMRAEFAUtZWUuwCVBYQCIKCQQDAAwHAgUDAAVpAAMBAQNXAAMDAWELCAYNAgUBAwFRG0uwClBYQCkABwAFAAcFgAoJBAMADAEFAwAFaQADAQEDVwADAwFhCwgGDQIFAQMBURtAIgoJBAMADAcCBQMABWkAAwEBA1cAAwMBYQsIBg0CBQEDAVFZWUAfPjx+fXd1dHNxb2dlX15aWE5MSUdDQTxSPlIWMg4GGCsBLgEjMSIOAh4CPgMmBw4BLgI+AhYXFhQlLgEOAh4CNjc+ATQmBw4BLgI+AhYXHgEUBgU7ATUuASsBNzU0JiMhFR4BFzMHFR4BJRYdAR4BOwE1ND4BMh4BHQEeATsBNS4CBgcuAQciByYjETMyNj0BND4BMhYXApgYPiEoRTAPFTNJTkMsChlLEzQ0Jw4OJzQ0Ex0BdCFWV0EXF0FXViEYGhpIEzQ0Jw4OJzQ0Ew4QEPykEvwCHRSoyh0V/vIBHRSpygEdBJUIAh0UEREfJCARAh4VEAEvTlEcFDYdKSIaIhEVHRIeJB4KAcIYGSM+TUw6HgUnQk1KoxMODic0MycODhMeU6EgFxdBV1dBFxcgGD5EPqcTDg4nNDMnDg4TDiUpJWwRFBvLERUdERQdAcoRFBzqEBOXFBzKEh8TEiASmhUbyCpEHRMfFhgBFxf+sB0VmBIfEREPAAMAAP96A6oDQwAcAFcAdADmQBxaAQILDAEGAW8TAgQHYQUCBQQbAQMJaAENAAZMS7AMUFhASQAHCAQIBwSAAAQFBQRwDwEKAAIBCgJpAAsAAQYLAWkABgAIBwYIaQAFAAkDBQlqDgEADQwAWQADAA0MAw1pDgEAAAxhAAwADFEbQEoABwgECAcEgAAEBQgEBX4PAQoAAgEKAmkACwABBgsBaQAGAAgHBghpAAUACQMFCWoOAQANDABZAAMADQwDDWkOAQAADGEADAAMUVlAJ1lYAQBraWdlXVtYdFl0VVNHRUE/OjgnJSEfGhgPDQsJABwBHBAGFisFMjY3NCc2NTQmIyIHJiMiBgcUFwYVFBcWMzI3FgE0NhcyFxYXFjMyNjc0LgIvASYjJicuATc0NjMyFxYVFAYHIiYvASYjIgYVFBcWFxYXFhUUBiciJyYTMhc2MzIAFRQHFhUUBiMiJwYjIgA1NDcmNTQ3NgJ5UnYBFQfJkR8dMjtUdAEdCGdlkREvKv7IHBYkDwUQFzgnOAEIHAoVGBQDNCgiMAFuUlg0LB4UDhQEDRdCITJpCkNLGQxyWII1FiVEOhwPuwEIBRKzfj4zExu8/vYEGFhaH3xULTEnJZXRByF6VDswJSKTa2kGGQEVFBwBKwUgHyAgDhQMCAUGBgsSDjorRUQpKSYUHgEMBhU2HBUsEQISGy0aJUtQAVAjAmscA/7uvRQtNDV/uBUDARG+Gh03RH9aXQAAAQAAAAEAAJ6TSOtfDzz1AA8D6AAAAADftagpAAAAAN+1qCn/8/9oBhMDVQAAAAgAAgAAAAAAAAABAAADUv9qAAAGTf/z//MGEwABAAAAAAAAAAAAAAAAAAAAEwPoAAAEcP//BaD//gRwAAADYv/zAzEAAANg//QCm//9A1n//QPoAAAB0f/0AdH/8wPQ//UDZf/8A9gAAAPp//4D6QAABk0AAAOqAAAAAAAAAKoBQAKSArYC1AL2AyYDSAOAA6QDyAQyBGwFXAaOBwIINglOAAEAAAATALgABgAAAAAAAgAgAEgAjQAAAKEODAAAAAAAAAASAN4AAQAAAAAAAAA1AAAAAQAAAAAAAQAIADUAAQAAAAAAAgAHAD0AAQAAAAAAAwAIAEQAAQAAAAAABAAIAEwAAQAAAAAABQALAFQAAQAAAAAABgAIAF8AAQAAAAAACgArAGcAAQAAAAAACwATAJIAAwABBAkAAABqAKUAAwABBAkAAQAQAQ8AAwABBAkAAgAOAR8AAwABBAkAAwAQAS0AAwABBAkABAAQAT0AAwABBAkABQAWAU0AAwABBAkABgAQAWMAAwABBAkACgBWAXMAAwABBAkACwAmAclDb3B5cmlnaHQgKEMpIDIwMjIgYnkgb3JpZ2luYWwgYXV0aG9ycyBAIGZvbnRlbGxvLmNvbWZvbnRlbGxvUmVndWxhcmZvbnRlbGxvZm9udGVsbG9WZXJzaW9uIDEuMGZvbnRlbGxvR2VuZXJhdGVkIGJ5IHN2ZzJ0dGYgZnJvbSBGb250ZWxsbyBwcm9qZWN0Lmh0dHA6Ly9mb250ZWxsby5jb20AQwBvAHAAeQByAGkAZwBoAHQAIAAoAEMAKQAgADIAMAAyADIAIABiAHkAIABvAHIAaQBnAGkAbgBhAGwAIABhAHUAdABoAG8AcgBzACAAQAAgAGYAbwBuAHQAZQBsAGwAbwAuAGMAbwBtAGYAbwBuAHQAZQBsAGwAbwBSAGUAZwB1AGwAYQByAGYAbwBuAHQAZQBsAGwAbwBmAG8AbgB0AGUAbABsAG8AVgBlAHIAcwBpAG8AbgAgADEALgAwAGYAbwBuAHQAZQBsAGwAbwBHAGUAbgBlAHIAYQB0AGUAZAAgAGIAeQAgAHMAdgBnADIAdAB0AGYAIABmAHIAbwBtACAARgBvAG4AdABlAGwAbABvACAAcAByAG8AagBlAGMAdAAuAGgAdAB0AHAAOgAvAC8AZgBvAG4AdABlAGwAbABvAC4AYwBvAG0AAAAAAgAAAAAAAAAKAAAAAAAAAAAAAAAAAAAAAAAAAAAAAAATAQIBAwEEAQUBBgEHAQgBCQEKAQsBDAENAQ4BDwEQAREBEgETARQAB21lc3NhZ2UJc3Vic2NyaWJlBXByb21vBGRvd24GY2FuY2VsAnVwBWNoZWNrBmNpcmNsZQpjaGVjay13aWRlBGxlZnQFcmlnaHQEc3RhcgtzdGFyLWZpbGxlZAh3aGF0c2FwcARjYWxsBG1lZXQEem9vbQVza3lwZQAAAAEAAf//AA8AAAAAAAAAAAAAAAAAAAAAsAAsILAAVVhFWSAgS7gADlFLsAZTWliwNBuwKFlgZiCKVViwAiVhuQgACABjYyNiGyEhsABZsABDI0SyAAEAQ2BCLbABLLAgYGYtsAIsIyEjIS2wAywgZLMDFBUAQkOwE0MgYGBCsQIUQ0KxJQNDsAJDVHggsAwjsAJDQ2FksARQeLICAgJDYEKwIWUcIbACQ0OyDhUBQhwgsAJDI0KyEwETQ2BCI7AAUFhlWbIWAQJDYEItsAQssAMrsBVDWCMhIyGwFkNDI7AAUFhlWRsgZCCwwFCwBCZasigBDUNFY0WwBkVYIbADJVlSW1ghIyEbilggsFBQWCGwQFkbILA4UFghsDhZWSCxAQ1DRWNFYWSwKFBYIbEBDUNFY0UgsDBQWCGwMFkbILDAUFggZiCKimEgsApQWGAbILAgUFghsApgGyCwNlBYIbA2YBtgWVlZG7ACJbAMQ2OwAFJYsABLsApQWCGwDEMbS7AeUFghsB5LYbgQAGOwDENjuAUAYllZZGFZsAErWVkjsABQWGVZWSBksBZDI0JZLbAFLCBFILAEJWFkILAHQ1BYsAcjQrAII0IbISFZsAFgLbAGLCMhIyGwAysgZLEHYkIgsAgjQrAGRVgbsQENQ0VjsQENQ7AAYEVjsAUqISCwCEMgiiCKsAErsTAFJbAEJlFYYFAbYVJZWCNZIVkgsEBTWLABKxshsEBZI7AAUFhlWS2wByywCUMrsgACAENgQi2wCCywCSNCIyCwACNCYbACYmawAWOwAWCwByotsAksICBFILAOQ2O4BABiILAAUFiwQGBZZrABY2BEsAFgLbAKLLIJDgBDRUIqIbIAAQBDYEItsAsssABDI0SyAAEAQ2BCLbAMLCAgRSCwASsjsABDsAQlYCBFiiNhIGQgsCBQWCGwABuwMFBYsCAbsEBZWSOwAFBYZVmwAyUjYUREsAFgLbANLCAgRSCwASsjsABDsAQlYCBFiiNhIGSwJFBYsAAbsEBZI7AAUFhlWbADJSNhRESwAWAtsA4sILAAI0KzDQwAA0VQWCEbIyFZKiEtsA8ssQICRbBkYUQtsBAssAFgICCwD0NKsABQWCCwDyNCWbAQQ0qwAFJYILAQI0JZLbARLCCwEGJmsAFjILgEAGOKI2GwEUNgIIpgILARI0IjLbASLEtUWLEEZERZJLANZSN4LbATLEtRWEtTWLEEZERZGyFZJLATZSN4LbAULLEAEkNVWLESEkOwAWFCsBErWbAAQ7ACJUKxDwIlQrEQAiVCsAEWIyCwAyVQWLEBAENgsAQlQoqKIIojYbAQKiEjsAFhIIojYbAQKiEbsQEAQ2CwAiVCsAIlYbAQKiFZsA9DR7AQQ0dgsAJiILAAUFiwQGBZZrABYyCwDkNjuAQAYiCwAFBYsEBgWWawAWNgsQAAEyNEsAFDsAA+sgEBAUNgQi2wFSwAsQACRVRYsBIjQiBFsA4jQrANI7AAYEIgYLcYGAEAEQATAEJCQopgILAUI0KwAWGxFAgrsIsrGyJZLbAWLLEAFSstsBcssQEVKy2wGCyxAhUrLbAZLLEDFSstsBossQQVKy2wGyyxBRUrLbAcLLEGFSstsB0ssQcVKy2wHiyxCBUrLbAfLLEJFSstsCssIyCwEGJmsAFjsAZgS1RYIyAusAFdGyEhWS2wLCwjILAQYmawAWOwFmBLVFgjIC6wAXEbISFZLbAtLCMgsBBiZrABY7AmYEtUWCMgLrABchshIVktsCAsALAPK7EAAkVUWLASI0IgRbAOI0KwDSOwAGBCIGCwAWG1GBgBABEAQkKKYLEUCCuwiysbIlktsCEssQAgKy2wIiyxASArLbAjLLECICstsCQssQMgKy2wJSyxBCArLbAmLLEFICstsCcssQYgKy2wKCyxByArLbApLLEIICstsCossQkgKy2wLiwgPLABYC2wLywgYLAYYCBDI7ABYEOwAiVhsAFgsC4qIS2wMCywLyuwLyotsDEsICBHICCwDkNjuAQAYiCwAFBYsEBgWWawAWNgI2E4IyCKVVggRyAgsA5DY7gEAGIgsABQWLBAYFlmsAFjYCNhOBshWS2wMiwAsQACRVRYsQ4GRUKwARawMSqxBQEVRVgwWRsiWS2wMywAsA8rsQACRVRYsQ4GRUKwARawMSqxBQEVRVgwWRsiWS2wNCwgNbABYC2wNSwAsQ4GRUKwAUVjuAQAYiCwAFBYsEBgWWawAWOwASuwDkNjuAQAYiCwAFBYsEBgWWawAWOwASuwABa0AAAAAABEPiM4sTQBFSohLbA2LCA8IEcgsA5DY7gEAGIgsABQWLBAYFlmsAFjYLAAQ2E4LbA3LC4XPC2wOCwgPCBHILAOQ2O4BABiILAAUFiwQGBZZrABY2CwAENhsAFDYzgtsDkssQIAFiUgLiBHsAAjQrACJUmKikcjRyNhIFhiGyFZsAEjQrI4AQEVFCotsDossAAWsBcjQrAEJbAEJUcjRyNhsQwAQrALQytlii4jICA8ijgtsDsssAAWsBcjQrAEJbAEJSAuRyNHI2EgsAYjQrEMAEKwC0MrILBgUFggsEBRWLMEIAUgG7MEJgUaWUJCIyCwCkMgiiNHI0cjYSNGYLAGQ7ACYiCwAFBYsEBgWWawAWNgILABKyCKimEgsARDYGQjsAVDYWRQWLAEQ2EbsAVDYFmwAyWwAmIgsABQWLBAYFlmsAFjYSMgILAEJiNGYTgbI7AKQ0awAiWwCkNHI0cjYWAgsAZDsAJiILAAUFiwQGBZZrABY2AjILABKyOwBkNgsAErsAUlYbAFJbACYiCwAFBYsEBgWWawAWOwBCZhILAEJWBkI7ADJWBkUFghGyMhWSMgILAEJiNGYThZLbA8LLAAFrAXI0IgICCwBSYgLkcjRyNhIzw4LbA9LLAAFrAXI0IgsAojQiAgIEYjR7ABKyNhOC2wPiywABawFyNCsAMlsAIlRyNHI2GwAFRYLiA8IyEbsAIlsAIlRyNHI2EgsAUlsAQlRyNHI2GwBiWwBSVJsAIlYbkIAAgAY2MjIFhiGyFZY7gEAGIgsABQWLBAYFlmsAFjYCMuIyAgPIo4IyFZLbA/LLAAFrAXI0IgsApDIC5HI0cjYSBgsCBgZrACYiCwAFBYsEBgWWawAWMjICA8ijgtsEAsIyAuRrACJUawF0NYUBtSWVggPFkusTABFCstsEEsIyAuRrACJUawF0NYUhtQWVggPFkusTABFCstsEIsIyAuRrACJUawF0NYUBtSWVggPFkjIC5GsAIlRrAXQ1hSG1BZWCA8WS6xMAEUKy2wQyywOisjIC5GsAIlRrAXQ1hQG1JZWCA8WS6xMAEUKy2wRCywOyuKICA8sAYjQoo4IyAuRrACJUawF0NYUBtSWVggPFkusTABFCuwBkMusDArLbBFLLAAFrAEJbAEJiAgIEYjR2GwDCNCLkcjRyNhsAtDKyMgPCAuIzixMAEUKy2wRiyxCgQlQrAAFrAEJbAEJSAuRyNHI2EgsAYjQrEMAEKwC0MrILBgUFggsEBRWLMEIAUgG7MEJgUaWUJCIyBHsAZDsAJiILAAUFiwQGBZZrABY2AgsAErIIqKYSCwBENgZCOwBUNhZFBYsARDYRuwBUNgWbADJbACYiCwAFBYsEBgWWawAWNhsAIlRmE4IyA8IzgbISAgRiNHsAErI2E4IVmxMAEUKy2wRyyxADorLrEwARQrLbBILLEAOyshIyAgPLAGI0IjOLEwARQrsAZDLrAwKy2wSSywABUgR7AAI0KyAAEBFRQTLrA2Ki2wSiywABUgR7AAI0KyAAEBFRQTLrA2Ki2wSyyxAAEUE7A3Ki2wTCywOSotsE0ssAAWRSMgLiBGiiNhOLEwARQrLbBOLLAKI0KwTSstsE8ssgAARistsFAssgABRistsFEssgEARistsFIssgEBRistsFMssgAARystsFQssgABRystsFUssgEARystsFYssgEBRystsFcsswAAAEMrLbBYLLMAAQBDKy2wWSyzAQAAQystsFosswEBAEMrLbBbLLMAAAFDKy2wXCyzAAEBQystsF0sswEAAUMrLbBeLLMBAQFDKy2wXyyyAABFKy2wYCyyAAFFKy2wYSyyAQBFKy2wYiyyAQFFKy2wYyyyAABIKy2wZCyyAAFIKy2wZSyyAQBIKy2wZiyyAQFIKy2wZyyzAAAARCstsGgsswABAEQrLbBpLLMBAABEKy2waiyzAQEARCstsGssswAAAUQrLbBsLLMAAQFEKy2wbSyzAQABRCstsG4sswEBAUQrLbBvLLEAPCsusTABFCstsHAssQA8K7BAKy2wcSyxADwrsEErLbByLLAAFrEAPCuwQistsHMssQE8K7BAKy2wdCyxATwrsEErLbB1LLAAFrEBPCuwQistsHYssQA9Ky6xMAEUKy2wdyyxAD0rsEArLbB4LLEAPSuwQSstsHkssQA9K7BCKy2weiyxAT0rsEArLbB7LLEBPSuwQSstsHwssQE9K7BCKy2wfSyxAD4rLrEwARQrLbB+LLEAPiuwQCstsH8ssQA+K7BBKy2wgCyxAD4rsEIrLbCBLLEBPiuwQCstsIIssQE+K7BBKy2wgyyxAT4rsEIrLbCELLEAPysusTABFCstsIUssQA/K7BAKy2whiyxAD8rsEErLbCHLLEAPyuwQistsIgssQE/K7BAKy2wiSyxAT8rsEErLbCKLLEBPyuwQistsIsssgsAA0VQWLAGG7IEAgNFWCMhGyFZWUIrsAhlsAMkUHixBQEVRVgwWS0AS7gAyFJYsQEBjlmwAbkIAAgAY3CxAAdCsQAAKrEAB0KxAAoqsQAHQrEACiqxAAdCuQAAAAsqsQAHQrkAAAALKrkAAwAARLEkAYhRWLBAiFi5AAMAZESxKAGIUVi4CACIWLkAAwAARFkbsScBiFFYugiAAAEEQIhjVFi5AAMAAERZWVlZWbEADiq4Af+FsASNsQIARLMFZAYAREQ=\') format(\'truetype\');font-weight:400;font-style:normal}@-webkit-keyframes wsew-bounceInLeft{0%,100%,40%,65%,90%{-webkit-transition-timing-function:cubic-bezier(.215,.61,.355,1);transition-timing-function:cubic-bezier(.215,.61,.355,1)}0%{opacity:0;-webkit-transform:translate(-3000px,0);transform:translate(-3000px,0)}40%{opacity:1;-webkit-transform:translate(35px,0);transform:translate(35px,0)}65%{-webkit-transform:translate(-15px,0);transform:translate(-15px,0)}90%{-webkit-transform:translate(5px,0);transform:translate(5px,0)}100%{-webkit-transform:none;transform:none}}@keyframes wsew-bounceInLeft{0%,100%,40%,65%,90%{-webkit-transition-timing-function:cubic-bezier(.215,.61,.355,1);transition-timing-function:cubic-bezier(.215,.61,.355,1)}0%{opacity:0;-webkit-transform:translate(-3000px,0);transform:translate(-3000px,0)}40%{opacity:1;-webkit-transform:translate(35px,0);transform:translate(35px,0)}65%{-webkit-transform:translate(-15px,0);transform:translate(-15px,0)}90%{-webkit-transform:translate(5px,0);transform:translate(5px,0)}100%{-webkit-transform:none;transform:none}}@-webkit-keyframes wsew-bounceInRight{0%,100%,40%,65%,90%{-webkit-transition-timing-function:cubic-bezier(.215,.61,.355,1);transition-timing-function:cubic-bezier(.215,.61,.355,1)}0%{opacity:0;-webkit-transform:translate(3000px,0);transform:translate(3000px,0)}40%{opacity:1;-webkit-transform:translate(-35px,0);transform:translate(-35px,0)}65%{-webkit-transform:translate(15px,0);transform:translate(15px,0)}90%{-webkit-transform:translate(-5px,0);transform:translate(-5px,0)}100%{-webkit-transform:none;transform:none}}@keyframes wsew-bounceInRight{0%,100%,40%,65%,90%{-webkit-transition-timing-function:cubic-bezier(.215,.61,.355,1);transition-timing-function:cubic-bezier(.215,.61,.355,1)}0%{opacity:0;-webkit-transform:translate(3000px,0);transform:translate(3000px,0)}40%{opacity:1;-webkit-transform:translate(-35px,0);transform:translate(-35px,0)}65%{-webkit-transform:translate(15px,0);transform:translate(15px,0)}90%{-webkit-transform:translate(-5px,0);transform:translate(-5px,0)}100%{-webkit-transform:none;transform:none}}@-webkit-keyframes wsew-bounceInUp{0%,100%,40%,65%,90%{-webkit-transition-timing-function:cubic-bezier(.215,.61,.355,1);transition-timing-function:cubic-bezier(.215,.61,.355,1)}0%{opacity:0;-webkit-transform:translate(0,700px);transform:translate(0,700px)}40%{opacity:1;-webkit-transform:translate(0,-35px);transform:translate(0,-35px)}65%{-webkit-transform:translate(0,15px);transform:translate(0,15px)}90%{-webkit-transform:translate(0,-5px);transform:translate(0,-5px)}100%{-webkit-transform:none;transform:none}}@keyframes wsew-bounceInUp{0%,100%,40%,65%,90%{-webkit-transition-timing-function:cubic-bezier(.215,.61,.355,1);transition-timing-function:cubic-bezier(.215,.61,.355,1)}0%{opacity:0;-webkit-transform:translate(0,700px);transform:translate(0,700px)}40%{opacity:1;-webkit-transform:translate(0,-35px);transform:translate(0,-35px)}65%{-webkit-transform:translate(0,15px);transform:translate(0,15px)}90%{-webkit-transform:translate(0,-5px);transform:translate(0,-5px)}100%{-webkit-transform:none;transform:none}}@-webkit-keyframes wsew-bounceInDown{0%,100%,40%,65%,90%{-webkit-transition-timing-function:cubic-bezier(.215,.61,.355,1);transition-timing-function:cubic-bezier(.215,.61,.355,1)}0%{opacity:0;-webkit-transform:translate(0,-700px);transform:translate(0,-700px)}40%{opacity:1;-webkit-transform:translate(0,35px);transform:translate(0,35px)}65%{-webkit-transform:translate(0,-15px);transform:translate(0,-15px)}90%{-webkit-transform:translate(0,5px);transform:translate(0,5px)}100%{-webkit-transform:none;transform:none}}@keyframes wsew-bounceInDown{0%,100%,40%,65%,90%{-webkit-transition-timing-function:cubic-bezier(.215,.61,.355,1);transition-timing-function:cubic-bezier(.215,.61,.355,1)}0%{opacity:0;-webkit-transform:translate(0,-700px);transform:translate(0,-700px)}40%{opacity:1;-webkit-transform:translate(0,35px);transform:translate(0,35px)}65%{-webkit-transform:translate(0,-15px);transform:translate(0,-15px)}90%{-webkit-transform:translate(0,5px);transform:translate(0,5px)}100%{-webkit-transform:none;transform:none}}@-webkit-keyframes wsew-bounceOutLeft{20%{opacity:1;-webkit-transform:translate(20px,0);transform:translate(20px,0)}100%{opacity:0;-webkit-transform:translate(-2000px,0);transform:translate(-2000px,0)}}@keyframes wsew-bounceOutLeft{20%{opacity:1;-webkit-transform:translate(20px,0);transform:translate(20px,0)}100%{opacity:0;-webkit-transform:translate(-2000px,0);transform:translate(-2000px,0)}}@-webkit-keyframes wsew-bounceOutRight{20%{opacity:1;-webkit-transform:translate(-20px,0);transform:translate(-20px,0)}100%{opacity:0;-webkit-transform:translate(2000px,0);transform:translate(2000px,0)}}@keyframes wsew-bounceOutRight{20%{opacity:1;-webkit-transform:translate(-20px,0);transform:translate(-20px,0)}100%{opacity:0;-webkit-transform:translate(2000px,0);transform:translate(2000px,0)}}@-webkit-keyframes wsew-slideOutLeft{100%{-webkit-transform:translate(-100%,0);transform:translate(-100%,0)}}@keyframes wsew-slideOutLeft{100%{-webkit-transform:translate(-100%,0);transform:translate(-100%,0)}}@-webkit-keyframes wsew-slideOutRight{100%{-webkit-transform:translate(100%,0);transform:translate(100%,0)}}@keyframes wsew-slideOutRight{100%{-webkit-transform:translate(100%,0);transform:translate(100%,0)}}@-webkit-keyframes wsew-slideInLeft{0%{-webkit-transform:translate(-100%,0);transform:translate(-100%,0)}100%{-webkit-transform:none;transform:none}}@keyframes wsew-slideInLeft{0%{-webkit-transform:translate(-100%,0);transform:translate(-100%,0)}100%{-webkit-transform:none;transform:none}}@-webkit-keyframes wsew-slideInRight{0%{-webkit-transform:translate(100%,0);transform:translate(100%,0)}100%{-webkit-transform:none;transform:none}}@keyframes wsew-slideInRight{0%{-webkit-transform:translate(100%,0);transform:translate(100%,0)}100%{-webkit-transform:none;transform:none}}@-webkit-keyframes wsew-fadeIn{0%{opacity:0}100%{opacity:1}}@keyframes wsew-fadeIn{0%{opacity:0}100%{opacity:1}}@-webkit-keyframes wsew-fadeInLeft{0%{opacity:0;-webkit-transform:translate(-60%,0);transform:translate(-60%,0)}100%{opacity:1;-webkit-transform:none;transform:none}}@keyframes wsew-fadeInLeft{0%{opacity:0;-webkit-transform:translate(-60%,0);transform:translate(-60%,0)}100%{opacity:1;-webkit-transform:none;transform:none}}@-webkit-keyframes wsew-fadeInRight{0%{opacity:0;-webkit-transform:translate(60%,0);transform:translate(60%,0)}100%{opacity:1;-webkit-transform:none;transform:none}}@keyframes wsew-fadeInRight{0%{opacity:0;-webkit-transform:translate(60%,0);transform:translate(60%,0)}100%{opacity:1;-webkit-transform:none;transform:none}}@-webkit-keyframes wsew-fadeInUp{0%{opacity:0;-webkit-transform:translate(0,60%);transform:translate(0,60%)}100%{opacity:1;-webkit-transform:none;transform:none}}@keyframes wsew-fadeInUp{0%{opacity:0;-webkit-transform:translate(0,60%);transform:translate(0,60%)}100%{opacity:1;-webkit-transform:none;transform:none}}@-webkit-keyframes wsew-fadeInDown{0%{opacity:0;-webkit-transform:translate(0,-60%);transform:translate(0,-60%)}100%{opacity:1;-webkit-transform:none;transform:none}}@keyframes wsew-fadeInDown{0%{opacity:0;-webkit-transform:translate(0,-60%);transform:translate(0,-60%)}100%{opacity:1;-webkit-transform:none;transform:none}}@-webkit-keyframes wsew-fadeOut{0%{opacity:1}100%{opacity:0}}@keyframes wsew-fadeOut{0%{opacity:1}100%{opacity:0}}@-webkit-keyframes wsew-zoomIn{0%{opacity:0;-webkit-transform:scale(.3,.3);transform:scale(.3,.3)}50%{opacity:1}100%{-webkit-transform:none;transform:none}}@keyframes wsew-zoomIn{0%{opacity:0;-webkit-transform:scale(.3,.3);transform:scale(.3,.3)}50%{opacity:1}100%{-webkit-transform:none;transform:none}}@-webkit-keyframes wsew-zoomOut{0%{opacity:1}50%{opacity:0;-webkit-transform:scale(.3,.3);transform:scale(.3,.3)}100%{opacity:0}}@keyframes wsew-zoomOut{0%{opacity:1}50%{opacity:0;-webkit-transform:scale(.3,.3);transform:scale(.3,.3)}100%{opacity:0}}@-webkit-keyframes wsew-swing{0%{opacity:0}20%{-webkit-transform:rotate3d(0,0,1,15deg);transform:rotate3d(0,0,1,15deg)}40%{opacity:1;-webkit-transform:rotate3d(0,0,1,-10deg);transform:rotate3d(0,0,1,-10deg)}60%{-webkit-transform:rotate3d(0,0,1,5deg);transform:rotate3d(0,0,1,5deg)}80%{-webkit-transform:rotate3d(0,0,1,-5deg);transform:rotate3d(0,0,1,-5deg)}100%{-webkit-transform:rotate3d(0,0,1,0deg);transform:rotate3d(0,0,1,0deg)}}@keyframes wsew-swing{0%{opacity:0}20%{-webkit-transform:rotate3d(0,0,1,15deg);transform:rotate3d(0,0,1,15deg)}40%{opacity:1;-webkit-transform:rotate3d(0,0,1,-10deg);transform:rotate3d(0,0,1,-10deg)}60%{-webkit-transform:rotate3d(0,0,1,5deg);transform:rotate3d(0,0,1,5deg)}80%{-webkit-transform:rotate3d(0,0,1,-5deg);transform:rotate3d(0,0,1,-5deg)}100%{-webkit-transform:rotate3d(0,0,1,0deg);transform:rotate3d(0,0,1,0deg)}}@-webkit-keyframes wsew-bounceIn{0%{opacity:0;-webkit-transform:scale(.3,.3);transform:scale(.3,.3)}30%{-webkit-transform:scale(1.3,1.3);transform:scale(1.3,1.3)}55%{opacity:1;-webkit-transform:scale(.8,.8);transform:scale(.8,.8)}72%{-webkit-transform:scale(1.13,1.13);transform:scale(1.13,1.13)}87%{-webkit-transform:scale(.97,.97);transform:scale(.97,.97)}100%{-webkit-transform:none;transform:none}}@keyframes wsew-bounceIn{0%{opacity:0;-webkit-transform:scale(.3,.3);transform:scale(.3,.3)}30%{-webkit-transform:scale(1.3,1.3);transform:scale(1.3,1.3)}55%{opacity:1;-webkit-transform:scale(.8,.8);transform:scale(.8,.8)}72%{-webkit-transform:scale(1.13,1.13);transform:scale(1.13,1.13)}87%{-webkit-transform:scale(.97,.97);transform:scale(.97,.97)}100%{-webkit-transform:none;transform:none}}@-webkit-keyframes wsew-flipTy{0%{-webkit-transition-timing-function:ease-in;transition-timing-function:ease-in;-webkit-transform:rotateY(180deg) scale(.4,.4);transform:rotateY(180deg) scale(.4,.4)}100%{-webkit-transform:rotateY(0) scale(1,1);transform:rotateY(0) scale(1,1)}}@keyframes wsew-flipTy{0%{-webkit-transition-timing-function:ease-in;transition-timing-function:ease-in;-webkit-transform:rotateY(180deg) scale(.4,.4);transform:rotateY(180deg) scale(.4,.4)}100%{-webkit-transform:rotateY(0) scale(1,1);transform:rotateY(0) scale(1,1)}}@-webkit-keyframes wsew-flip{0%{-webkit-transform:rotateY(180deg);transform:rotateY(180deg)}100%{-webkit-transform:rotateY(0);transform:rotateY(0)}}@keyframes wsew-flip{0%{-webkit-transform:rotateY(180deg);transform:rotateY(180deg)}100%{-webkit-transform:rotateY(0);transform:rotateY(0)}}@-webkit-keyframes wsew-revealTouch{0%{margin-top:-200px}100%{margin-top:0}}@keyframes wsew-revealTouch{0%{margin-top:-200px}100%{margin-top:0}}@-webkit-keyframes wsew-typing{0%,100%,80%{opacity:0;-webkit-transform:scale(.8);transform:scale(.8)}40%{opacity:1;-webkit-transform:scale(1);transform:scale(1)}}@keyframes wsew-typing{0%,100%,80%{opacity:0;-webkit-transform:scale(.8);transform:scale(.8)}40%{opacity:1;-webkit-transform:scale(1);transform:scale(1)}}@-webkit-keyframes wsew-notify{0%{-webkit-transform:scale(.1,.1);transform:scale(.1,.1);opacity:.3}100%{opacity:1;-webkit-transform:none;transform:none}}@keyframes wsew-notify{0%{-webkit-transform:scale(.1,.1);transform:scale(.1,.1);opacity:.3}100%{opacity:1;-webkit-transform:none;transform:none}}@-webkit-keyframes wsew-highlight{100%{-webkit-transform:none;transform:none}0%,99%{-webkit-transform:translate(0,0);transform:translate(0,0)}20%{-webkit-transform:translate(-5px,0);transform:translate(-5px,0)}60%{-webkit-transform:translate(-2.5px,0);transform:translate(-2.5px,0)}40%{-webkit-transform:translate(5px,0);transform:translate(5px,0)}80%{-webkit-transform:translate(2.5px,0);transform:translate(2.5px,0)}}@keyframes wsew-highlight{100%{-webkit-transform:none;transform:none}0%,99%{-webkit-transform:translate(0,0);transform:translate(0,0)}20%{-webkit-transform:translate(-5px,0);transform:translate(-5px,0)}60%{-webkit-transform:translate(-2.5px,0);transform:translate(-2.5px,0)}40%{-webkit-transform:translate(5px,0);transform:translate(5px,0)}80%{-webkit-transform:translate(2.5px,0);transform:translate(2.5px,0)}}body.weydzwm{overflow:hidden!important}body.w-9k1rep{overflow:hidden!important}.w-hf3nnm{cursor:pointer}body.w-l5foyj:before{-webkit-transition:height 500ms cubic-bezier(.455,.03,.515,.955);transition:height 500ms cubic-bezier(.455,.03,.515,.955);content:\' \';display:block;visibility:hidden;height:0!important;padding:0;margin:0}.w-lzntdm.w-l5foyj:before{-webkit-transition:none!important;transition:none!important}body.w-l5foyj.w-ggkm9b:before{height:42px!important}body.w-l5foyj.w-8prvjy:before{-webkit-transition:none!important;transition:none!important}w-div{display:block;vertical-align:inherit}.w23nki9,.wv80eyr{-webkit-animation-name:wsew-highlight!important;animation-name:wsew-highlight!important;-webkit-animation-duration:600ms!important;animation-duration:600ms!important;-webkit-font-smoothing:subpixel-antialiased;-webkit-transform-origin:left;-ms-transform-origin:left;transform-origin:left}.wof392l{position:absolute;top:-9999px;width:50px;height:50px;overflow:scroll}.w-8prvjy *{-webkit-transition:none!important;transition:none!important}</style></head>\n\n<body class="\n              kl-store kl-page kl-store-page single-product product-details-page style-2\n              hasPageHeader\n              hasSpecialLinkHeader\n              hasLogoImage\n              _HEADER_STYLE_2">\n\n\n\n    <div class="pre-header slick-initialized slick-slider"><div class="slick-list draggable"><div class="slick-track" style="opacity: 1; width: 5120px; transform: translate3d(-1024px, 0px, 0px);"><div class="slick-slide slick-cloned" data-slick-index="-1" aria-hidden="true" style="width: 1024px;" tabindex="-1"><div><span style="width: 100%; display: inline-block;"><i class="fa fa-shipping-fast"></i> ENVÍOS A TODO EL PAÍS </span></div></div><div class="slick-slide slick-current slick-active" data-slick-index="0" aria-hidden="false" style="width: 1024px;"><div><span style="width: 100%; display: inline-block;"><i class="fa fa-gift"></i><b>SUMÁ PUNTOS</b> CON TUS COMPRAS</span></div></div><div class="slick-slide" data-slick-index="1" aria-hidden="true" style="width: 1024px;" tabindex="-1"><div><span style="width: 100%; display: inline-block;"><i class="fa fa-shipping-fast"></i> ENVÍOS A TODO EL PAÍS </span></div></div><div class="slick-slide slick-cloned" data-slick-index="2" aria-hidden="true" style="width: 1024px;" tabindex="-1"><div><span style="width: 100%; display: inline-block;"><i class="fa fa-gift"></i><b>SUMÁ PUNTOS</b> CON TUS COMPRAS</span></div></div><div class="slick-slide slick-cloned" data-slick-index="3" aria-hidden="true" style="width: 1024px;" tabindex="-1"><div><span style="width: 100%; display: inline-block;"><i class="fa fa-shipping-fast"></i> ENVÍOS A TODO EL PAÍS </span></div></div></div></div></div>\n\n\n\n\n\n    \n\n <!--de aca -->\n<div id="loader-wrapper" class="loaded">\n    <div id="loader"></div>\n    <div class="loader-section section-left"></div>\n    <div class="loader-section section-right"></div>\n</div>\n<!--aca -->\n<!--aca -->\n\n\n    <!-- Page Wrapper -->\n    <div id="page_wrapper" class="zn_res_menu_visible"><ul id="zn-res-menu" class=""><li class="zn_res_menu_go_back"><span class="zn_res_back_icon glyphicon glyphicon-chevron-left"></span><a href="#">Back</a></li>\n\n\n\n\n\n\n\n        <li class="menu-item-has-children menu-item-mega-parent zn_res_has_submenu"><span class="zn_res_submenu_trigger glyphicon glyphicon-chevron-right"></span>\n\n                <a>\n                    Categorías\n                </a>\n                    <ul class="hg_mega_container container clearfix"><li class="zn_res_menu_go_back"><span class="zn_res_back_icon glyphicon glyphicon-chevron-left"></span><a href="#">Back</a></li>\n                        \n                            <li class="menu-item-has-childern col-sm-3 cleft">\n                                \n                                    <a href="/shop/dermocosmetica-PC1155" class="zn_mega_title">\n                                        DERMOCOSMÉTICA\n                                    </a>\n                            </li>\n                            <li class="menu-item-has-childern col-sm-3 cleft">\n                                \n                                    <a href="https://www.farmaciageneralpaz.com/shop?s=%23colagenos" class="zn_mega_title">\n                                        COLÁGENOS\n                                    </a>\n                            </li>\n                            <li class="menu-item-has-childern col-sm-3 ">\n                                \n                                    <a href="/shop/perfumes-PC1156" class="zn_mega_title">\n                                        PERFUMES\n                                    </a>\n                            </li>\n                            <li class="menu-item-has-childern col-sm-3 ">\n                                \n                                    <a href="/shop/maquillajes" class="zn_mega_title">\n                                        MAQUILLAJE\n                                    </a>\n                            </li>\n                            <li class="menu-item-has-childern col-sm-3 ">\n                                \n                                        <a href="/shop/cuidado-personal-PC8877" class="zn_mega_title">CUIDADO PERSONAL</a>\n                            </li>\n                            <li class="menu-item-has-childern col-sm-3 ">\n                                \n                                    <a href="https://www.farmaciageneralpaz.com/shop?s=%23botiquin" class="zn_mega_title">\n                                        BOTIQUIN\n                                    </a>\n                            </li>\n                            <li class="menu-item-has-childern col-sm-3 cleft">\n                                \n                                        <a href="/shop/maternidad-y-bebes" class="zn_mega_title">MATERNIDAD Y BEBÉ</a>\n                            </li>\n                            <li class="menu-item-has-childern col-sm-3 ">\n                                \n                                    <a href="/shop/deportes-y-fitness" class="zn_mega_title">\n                                        DEPORTES Y FITNESS\n                                    </a>\n                            </li>\n                            <li class="menu-item-has-childern col-sm-3 ">\n                                \n                                    <a href="/shop/suplemento-nutricionales" class="zn_mega_title">\n                                        SUPLEMENTOS NUTRICIONALES\n                                    </a>\n                            </li>\n                            <li class="menu-item-has-childern col-sm-3 ">\n                                \n                                    <a href="/shop/electro-belleza-PC1191" class="zn_mega_title">\n                                        ELECTRO BELLEZA\n                                    </a>\n                            </li>\n                            <li class="menu-item-has-childern col-sm-3 cleft">\n                                \n                                    <a href="/shop/electro-salud-PC1154" class="zn_mega_title">\n                                        ELECTRO SALUD\n                                    </a>\n                            </li>\n                            <li class="menu-item-has-childern col-sm-3 ">\n                                \n                                    <a href="/shop/hogar" class="zn_mega_title">\n                                        HOGAR\n                                    </a>\n                            </li>\n                            <li class="menu-item-has-childern col-sm-3 ">\n                                \n                                        <a href="/shop/tecnologia-PC22742" class="zn_mega_title">TECNOLOGÍA</a>\n                            </li>\n                    </ul>\n\n        </li>\n        <li class="menu-item-has-children menu-item-mega-parent zn_res_has_submenu"><span class="zn_res_submenu_trigger glyphicon glyphicon-chevron-right"></span>\n\n                <a>\n                    Dermocosmética\n                </a>\n                    <ul class="hg_mega_container container clearfix"><li class="zn_res_menu_go_back"><span class="zn_res_back_icon glyphicon glyphicon-chevron-left"></span><a href="#">Back</a></li>\n                        \n                            <li class="menu-item-has-childern col-sm-3 ">\n                                \n                                        <a href="/shop/dermocosmetica-PC1155" class="zn_mega_title">Ver Todo</a>\n                            </li>\n                            <li class="menu-item-has-childern col-sm-3 cleft">\n                                \n                                        <a href="/shop/dermocosmetica-facial-PC8865" class="zn_mega_title">Dermo Facial</a>\n                            </li>\n                            <li class="menu-item-has-childern col-sm-3 ">\n                                \n                                        <a href="/shop/dermocosmetica-corporal-PC8866" class="zn_mega_title">Dermo Corporal</a>\n                            </li>\n                            <li class="menu-item-has-childern col-sm-3 ">\n                                \n                                        <a href="/shop/dermocosmetica-capilar-PC8867" class="zn_mega_title">Dermo Capilar</a>\n                            </li>\n                            <li class="menu-item-has-childern col-sm-3 cleft">\n                                \n                                    <a href="https://www.farmaciageneralpaz.com/shop?s=solar" class="zn_mega_title">\n                                        Solares\n                                    </a>\n                            </li>\n                            <li class="menu-item-has-childern col-sm-3 ">\n                                \n                                    <a href="https://www.farmaciageneralpaz.com/p/agenda-dermo" class="zn_mega_title">\n                                        Dermo days\n                                    </a>\n                            </li>\n                    </ul>\n\n        </li>\n        <li class="menu-item-has-children menu-item-mega-parent zn_res_has_submenu"><span class="zn_res_submenu_trigger glyphicon glyphicon-chevron-right"></span>\n\n                <a>\n                    Cuidado personal\n                </a>\n                    <ul class="hg_mega_container container clearfix"><li class="zn_res_menu_go_back"><span class="zn_res_back_icon glyphicon glyphicon-chevron-left"></span><a href="#">Back</a></li>\n                        \n                            <li class="menu-item-has-childern col-sm-3 cleft">\n                                \n                                        <a href="/shop/cuidado-facial-PC1708" class="zn_mega_title">Cuidado Facial</a>\n                            </li>\n                            <li class="menu-item-has-childern col-sm-3 ">\n                                \n                                        <a href="/shop/cuidado-corporal-PC1419" class="zn_mega_title">Cuidado Corporal</a>\n                            </li>\n                            <li class="menu-item-has-childern col-sm-3 ">\n                                \n                                        <a href="/shop/cuidado-capilar-PC2384" class="zn_mega_title">Cuidado Capilar</a>\n                            </li>\n                            <li class="menu-item-has-childern col-sm-3 ">\n                                \n                                        <a href="/shop/cuidado-oral-PC1181" class="zn_mega_title">Cuidado Oral</a>\n                            </li>\n                            <li class="menu-item-has-childern col-sm-3 cleft">\n                                \n                                        <a href="/shop/cuidado-ocular-PC2136" class="zn_mega_title">Cuidado Ocular</a>\n                            </li>\n                            <li class="menu-item-has-childern col-sm-3 ">\n                                \n                                        <a href="/shop/cuidado-sexual-PC2137" class="zn_mega_title">Cuidado Sexual</a>\n                            </li>\n                            <li class="menu-item-has-childern col-sm-3 ">\n                                \n                                        <a href="/shop/cuidado-personal-PC8877" class="zn_mega_title">Ver Todo</a>\n                            </li>\n                    </ul>\n\n        </li>\n        <li class="">\n\n                    <a href="/shop">Tienda</a>\n\n        </li>\n        <li class="">\n\n                    <a href="/p/sucursales-11">Sucursales</a>\n\n        </li>\n        <li class="menu-item-has-children menu-item-mega-parent zn_res_has_submenu"><span class="zn_res_submenu_trigger glyphicon glyphicon-chevron-right"></span>\n\n                <a>\n                    Nosotros\n                </a>\n                    <ul class="hg_mega_container container clearfix"><li class="zn_res_menu_go_back"><span class="zn_res_back_icon glyphicon glyphicon-chevron-left"></span><a href="#">Back</a></li>\n                        \n                            <li class="menu-item-has-childern col-sm-3 ">\n                                \n                                    <a href="https://docs.google.com/forms/d/e/1FAIpQLSeZN8WEsg_vDPuFkTMRfx5QQj9vR8jp9rOF747FXL675X0HrA/viewform" class="zn_mega_title">\n                                        Trabaja con nosotros\n                                    </a>\n                            </li>\n                            <li class="menu-item-has-childern col-sm-3 ">\n                                \n                                    <a href="/home/preguntasfrecuentes" class="zn_mega_title">\n                                        Preguntas Frecuentes\n                                    </a>\n                            </li>\n                            <li class="menu-item-has-childern col-sm-3 ">\n                                \n                                    <a href="/p/terminos-y-condiciones" class="zn_mega_title">\n                                        Términos y Condiciones\n                                    </a>\n                            </li>\n                            <li class="menu-item-has-childern col-sm-3 ">\n                                \n                                    <a href="/p/obras-sociales" class="zn_mega_title">\n                                        Obras sociales\n                                    </a>\n                            </li>\n                            <li class="menu-item-has-childern col-sm-3 cleft">\n                                \n                                    <a href="/p/auditoria" class="zn_mega_title">\n                                        Auditoría y Cadetería\n                                    </a>\n                            </li>\n                            <li class="menu-item-has-childern col-sm-3 cleft">\n                                \n                                    <a href="/p/historia-6" class="zn_mega_title">\n                                        Historia\n                                    </a>\n                            </li>\n                    </ul>\n\n        </li>\n        <li class="">\n\n                    <a href="/p/fidelity-13">Fidelity</a>\n\n        </li>\n        <li class="">\n\n                    <a href="https://www.farmaciageneralpaz.com/shop?s=%23salefgp">SALE</a>\n\n        </li>\n\n                </ul>\n\n\n        \n        \n\n        \n        <div manual="" ajaxget="/design/get/header" preajaxcode="scrollBodyTo(\'#headerContainer\');" id="headerContainer">\n\n    <style>\n\n\n\n    .site-header.style2 .main-nav>ul>li>a\n    {\n        color: #ffffff;\n    }\n\n    .site-header.style2 .kl-main-header {\n        background-color: rgba(37,73,126,1.00) !important;\n        border-bottom-color: rgba(255,255,255,1.00) !important;\n    }\n\n    .site-header.style2 .topnav>li>a.kl-cart-button span,\n    .site-header.style2 .topnav>li>a.kl-cart-button i\n    {\n        color: #25497e !important;\n    }\n\n\n    \n    .site-header.style2 .topnav>li>a.kl-cart-button i:after {\n        background-color: #1268ca;\n        color: #ffffff !important;\n    }\n\n\n    \n    .cart-container .buttons .button.wc-forward:hover {\n        background-color: #1268ca !important;\n        color: #ffffff !important;\n    }\n    .zn-res-trigger::after {\n        background: #ffffff !important;\n        box-shadow: 0 8px 0  #ffffff, 0 16px 0  #ffffff !important;\n    }\n\n    .site-header.style2 .kl-top-header2 {\n        background-color: rgba(255,255,255,1.00) !important;\n        color: #25497e !important;\n    }\n\n    .site-header.style2 .topnav>li>a,\n    .site-header.style2 .kl-header-toptext,\n    .site-header .kl-header-toptext a {\n        color: #25497e !important;\n    }\n\n    .site-header.style2 .header-search .inputbox,\n    .site-header.style2 .header-search .inputbox:focus,\n    .site-header.style2 .header-search .searchsubmit {\n        color: #25497e !important;\n    }\n\n    .main-nav > ul > li:hover > a {\n        color: #1b1d1b !important;\n    }\n\n    .main-nav > ul > li > a:before{\n        background-color: #f5f5f4 !important;\n    }\n\n    .main-nav .hg_mega_container li a.zn_mega_title,\n    .main-nav ul li:hover>.hg_mega_container {\n        color: #1b1d1b !important;\n        background-color: #f5f5f4 !important;\n        font-weight: normal;\n    }\n\n    .site-header.style2 .topnav > li > a .header-cart-button_icon {\n        font-size: 17px;\n    }\n    .site-header.style2 .topnav > li > a .header-cart-button_text {\n        font-size: 15px;\n        font-weight: 400;\n        margin-left: 0px;\n    }\n    .site-header.style2 .topnav > li > a .header-account-button_icon {\n        font-size: 19px;\n    }\n    .site-header.style2 .topnav > li > a .header-account-button_text {\n        font-size: 15px;\n        font-weight: 400;\n        margin: 0 5px 0 4px;\n    }\n    .site-header.style2 .topnav li.drop .inner {\n        color: #242424\n    }\n\n    .topnav>li {\n        margin-left: 10px;\n    }\n    .site-header.style2 .bati-preheader  {\n       background: #ffffff\n    }\n\n\n\n    @media (max-width: 767px) {\n\n        .site-header.style2 .kl-main-header {\n            background-color: #25497e !important;\n            border-bottom-color: #ffffff !important;\n        }\n\n        .site-header.style2 .kl-top-header2 {\n            background-color: #ffffff !important;\n            color: #25497e !important;\n        }\n        .site-header.style2 .header-search .inputbox,\n        .site-header.style2 .header-search .inputbox:focus {\n            color: initial !important;\n        }\n\n        .site-header.style2 .topnav > li > a .header-cart-button_icon {\n\n        }\n        .site-header.style2 .topnav > li > a .header-cart-button_text {\n            display: none;\n        }\n        .site-header.style2 .topnav > li > a .header-account-button_icon {\n            margin-top: 4px;\n        }\n        .site-header.style2 .topnav > li > a .header-account-button_text {\n            display: none;\n        }\n    }\n\n\n    </style>\n    <style>\n        /*Base style header 2*/\n        .site-header.style2 .topnav.social-icons {\n            float: right;\n            top: 5px;\n        }\n\n        .site-header.style2 .zn-res-trigger {\n            margin-left: 10px;\n        }\n\n        .site-header.style2 .zn-res-trigger {\n            margin-bottom: 8px;\n        }\n\n        .hasLogoImage .site-header.style2 .site-logo a {\n            border-color: transparent;\n            border-width: 0;\n            padding: 10px 0;\n        }\n\n        .site-header.style2 .site-logo img {\n            height: auto;\n            width: auto;\n        }\n\n        .site-header.style2 .topnav > li > a > span:last-child {\n            margin-right: 6px;\n        }\n\n        .site-header.style2 .kl-header-toptext {\n            position: relative;\n            top: 10px;\n            float: right;\n            margin-left: 10px;\n            margin-right: 5px;\n        }\n        .site-header.style2 .kl-header-toptext > a {\n            margin-left:10px;\n        }\n        .site-header.style2 .kl-header-toptext > a:first-child {\n            margin-left:0;\n        }\n        .site-header.style2 .kl-header-toptext > a > span > i{\n            font-size: 22px;\n            position: relative;\n            top: 2px;\n            right: -2px;\n        }  \n\n        .site-header.style2 .header-search .search-container {\n            width: 100%;\n        }\n\n        .site-header.style2 .header-search .inputbox {\n            font-size: 15px;\n            text-decoration: none;\n            font-style: normal;\n        }\n\n        .site-header.style2 .header-searchform {\n            padding: 5px 15px;\n            box-shadow: 0 1px 2px 0 rgba(0,0,0,.16);\n            border-radius: 4px;\n        }\n\n        .site-header.style2 .header-search .inputbox:focus ~ .kl-field-bg {\n            width: 100%;\n            left: 0;\n            height: 100%;\n            top: 0;\n        }\n\n        .site-header.style2 .header-search {\n            max-width: 440px;\n            width: 100%;\n        }\n\n        .site-header.style2 .main-nav > ul {\n            margin: 5px 0 0 0;\n        }\n\n        .site-header.style2 .header-search .inputbox,\n        .site-header.style2 .header-search .inputbox:focus {\n            color: #555;\n        }\n\n        .site-header.style2 {\n            display: flex;\n            flex-direction: column;\n            justify-content: space-between;\n        }\n\n            .site-header.style2 .bati-preheader {\n                height: 0;\n                overflow: visible;\n            }\n\n            .site-header.style2 .bati-header .bati-container {\n                display: flex;\n                flex-direction: row;\n                justify-content: space-between;\n                align-items: center;\n                padding-top: 1px;\n            }\n\n                .site-header.style2 .bati-header .bati-container > .logo-container {\n                    order: 1;\n                }\n\n                .site-header.style2 .bati-header .bati-container > .header-search {\n                    order: 2;\n                }\n\n                .site-header.style2 .bati-header .bati-container > .header-rightside-container {\n                    order: 3;\n                }\n\n        @media only screen and (max-width : 480px) {\n            .site-header.style2 .header-search {\n                top: 93px;\n            }\n\n            .site-header.style2 .kl-header-toptext,\n            .site-header .social-icons.topnav~.kl-header-toptext{\n                float: right;\n                width: auto;\n                top: 7px;\n                margin: 0 7px 0 0;\n                /*margin-left: 10px;*/\n            }\n\n            .site-header.style2 .header-search .search-container {\n                width: 100vw;\n                margin: 0;\n                left: 0;\n                right: 0;\n                position: fixed;\n            }\n        }\n\n        @media only screen and (max-width: 767px) {\n\n            /*.site-header.style2 .bati-preheader.fill-mobile {*/\n            /*    padding-bottom: 10px;*/\n            /*}*/\n            .site-header.style2 .bati-preheader {\n                height: auto;\n            }\n\n            .site-header.style2 .bati-header .bati-container > .logo-container {\n                order: 2;\n                overflow: visible;\n            }\n\n            .site-header.style2 .bati-header {\n                margin-top: -1px;\n            }\n\n                .site-header.style2 .bati-header .bati-container > .logo-container > h1.site-logo {\n                    padding: 0;\n                    margin: 0;\n                    max-width: 100%;\n                    width: 100%;\n                    height: auto;\n                }\n\n                .site-header.style2 .bati-header .bati-container > .header-search {\n                    order: 1;\n                    width: auto;\n                    position: static;\n                    margin: 0 10px 0 7px;\n                }\n\n                .site-header.style2 .bati-header .bati-container > .header-rightside-container {\n                    order: 3;\n                    padding: 0;\n                    overflow: visible;\n                    position: static;\n                    margin: 0;\n                    width: 110px;\n                }\n\n                    .site-header.style2 .bati-header .bati-container > .header-rightside-container .topnav {\n                        display: flex !important;\n                        align-content: flex-end !important;\n                        flex-wrap: nowrap !important;\n                        float: right;\n                    }\n\n                        .site-header.style2 .bati-header .bati-container > .header-rightside-container .topnav > li {\n                            float: right;\n                        }\n\n                            .site-header.style2 .bati-header .bati-container > .header-rightside-container .topnav > li:first-child {\n                                margin-left: 0;\n                            }\n\n            .site-header.style2 .topnav.social-icons {\n                margin-right: 0;\n            }\n        }\n\n        @media only screen and (min-width: 768px) {\n            .site-header.style2 .header-shopping-mobile_ul {\n                display: none;\n            }\n            .site-header .social-icons.topnav~.kl-header-toptext {\n                top: 2px;\n            }\n        }\n\n        @media only screen and (min-width: 768px) and (max-width: 991px) {\n            .site-header.style2 .header-search {\n                width: 300px;\n            }\n        }\n\n        #zn-res-menu,\n        #zn-res-menu li ul {\n            -webkit-transition-duration: .2s;\n            -moz-transition-duration: .2s;\n            -ms-transition-duration: .2s;\n            transition-duration: .2s;\n        }\n    </style>\n\n<!-- Header style 2 -->\n\n<input type="hidden" name="IsLanding" id="isLanding" value="false">\n<input type="hidden" name="PageDraft_Id" id="PageDraft_Id">\n\n<header id="header" class="site-header style2 " data-header-style="2" data-header-forch="130" usechaser="false" logoonchaser="true">\n    <div class="bati-preheader not-checkout">\n        <div class="bati-container">\n                <ul class="social-icons sc--clean topnav navRight">\n\n\n\n        <li><a href="https://www.facebook.com/farmaciageneralpaz/" target="_blank" class="icon-facebook" title="Facebook"></a></li>\n        <li><a href="https://www.instagram.com/farmaciageneralpaz/" target="_blank" class="icon-instagram" title="Instagram"></a></li>\n        <li><a href="https://www.youtube.com/channel/UCNJ2wUrY78hPR2Wm34rCskw" target="_blank" class="icon-youtube" title="YouTube"></a></li>\n        <li><a href="https://www.linkedin.com/company/farmacias-general-paz" target="_blank" class="icon-linkedin" title="Linkedin"></a></li>\n\n\n                </ul>\n            <span class="kl-header-toptext">\n                    <a class="fw-bold phone1" href="tel:08004447257">\n                        <span class=""><i class="fa fa-phone"></i></span>\n                        <span class="hidden-xs">0800-444-7257</span>\n                    </a>\n                                    <a class="fw-bold phone2" href="tel:+5493512234386">\n                        <span class=""><i class="fa fa-phone"></i></span>\n                        <span class="hidden-xs">+54 9 351 223-4386</span>\n                    </a>\n                                    <a class="fw-bold email1" href="mailto:info@farmaciageneralpaz.com">\n                        <span class=""><i class="fa fa-envelope"></i></span>\n                        <span class="hidden-xs">info@farmaciageneralpaz.com</span>\n                    </a>\n            </span>\n           \n        </div>\n    </div>\n\n    <div class="kl-top-header2 bati-header">\n        <div class="bati-container">\n\n            <div class="logo-container logosize--yes">\n                <h1 class="site-logo logo " id="logo">\n\n\n\n<a href="/" title="">\n\n        <img src="https://cdn.batitienda.com/baticloud/images/mainlogo_471b5ec52a2644058369e333a5e8dcce_638254654595089138_0_m.webp" class="logo-img" alt="Farmacias General Paz logo" title="Farmacias General Paz">\n</a>\n                </h1>\n            </div>\n\n\n            <div id="search" class="header-search not-checkout">\n                    <a href="#" class="searchBtn">\n                        <span class="glyphicon glyphicon-search icon-white white-icon"></span>\n                    </a>\n                    <div class="search-container" style="display: none;">\n<form id="searchform-header" class="header-searchform" action="/shop" method="get">\n    \n    <input name="s" maxlength="50" class="inputbox" type="text" size="50" value="¿Qué estás buscando?" onblur="if (this.value == \'\') this.value = \'¿Qué estás buscando?\';" onfocus="if (this.value == \'¿Qué estás buscando?\') this.value = \'\';">\n    <button type="submit" id="searchsubmit" class="searchsubmit glyphicon glyphicon-search icon-white"></button>\n    <span class="kl-field-bg"></span>\n</form>\n                    </div>\n                    <div class="backdrop-search-mobile"></div>\n            </div>\n\n\n\n            <div class="header-rightside-container not-checkout">\n\n                    <ul class="topnav navRight topnav">\n                        <li>\n                            <a href="/mi-cuenta/compras" title="Mi Cuenta" class="kl-cart-button">\n                                <i class="far fa-user header-account-button_icon"></i>\n                                <span class="hidden-xs hidden-sm hidden-md header-account-button_text">\n                                    Mi cuenta\n                                </span>\n                            </a>\n                        </li>\n\n    <div id="postForm_addItem" style="display: none" ajaxpost="/shop/cart/item/add" callbackfunctionname="Callback_Cart_Post">\n        <input type="hidden" name="ProductId" value="1174008">\n        <input type="hidden" name="VariantId" value="">\n        <input type="hidden" name="Quantity" value="3">\n    </div>\n    <div id="postForm_removeItem" style="display: none" ajaxpost="/shop/cart/item/remove" callbackfunctionname="Callback_Cart_Post">\n        <input type="hidden" name="CartItemId">\n    </div>\n    <li class="drop" delay="150" id="CartPreview" ajaxget="/layout/cart/preview" callbackfunctionname="Callback_Cart_Get">\n\n\n<input type="hidden" name="ProductId" value="">\n<input type="hidden" name="VariantId" value="">\n<input type="hidden" name="Quantity" value="">\n<input type="hidden" name="Id" value="">\n<input type="hidden" name="Action" value="">\n\n    <a href="/shop/checkout/cart" class="kl-cart-button" title="Carrito de compra">\n        \n        <i class="las la-shopping-bag header-cart-button_icon" data-count="0"></i>\n        <span class="hidden-xs hidden-sm hidden-md header-cart-button_text">\n            Mi pedido\n        </span>\n    </a>\n</li> \n\n                    </ul>\n\n            </div>\n            \n            <div class="header-rightside-container checkout-only">\n                <ul class="topnav navRight topnav">\n                    <li>\n                        <a href="/Home/PreguntasFrecuentes" title="Ayuda" class="kl-cart-button">\n                            <span>\n                                Ayuda\n                            </span>\n                        </a>\n                    </li>\n                </ul>\n            </div>\n        </div>\n\n    </div>\n\n    <div class="kl-main-header clearfix bati-subheader not-checkout">\n\n        <div class="container siteheader-container">\n\n            <div id="zn-res-menuwrapper">\n                <a href="#" class="zn-res-trigger zn-header-icon"></a>\n            </div>\n\n            <div id="main-menu" class="main-nav zn_mega_wrapper ">\n                <ul id="menu-main-menu" class="main-menu zn_mega_menu">\n\n\n\n\n\n\n\n        <li class="menu-item-has-children menu-item-mega-parent">\n\n                <a>\n                    Categorías\n                </a>\n                    <ul class="hg_mega_container container clearfix">\n                        \n                            <li class="menu-item-has-childern col-sm-3 cleft">\n                                \n                                    <a href="/shop/dermocosmetica-PC1155" class="zn_mega_title">\n                                        DERMOCOSMÉTICA\n                                    </a>\n                            </li>\n                            <li class="menu-item-has-childern col-sm-3 cleft">\n                                \n                                    <a href="https://www.farmaciageneralpaz.com/shop?s=%23colagenos" class="zn_mega_title">\n                                        COLÁGENOS\n                                    </a>\n                            </li>\n                            <li class="menu-item-has-childern col-sm-3 ">\n                                \n                                    <a href="/shop/perfumes-PC1156" class="zn_mega_title">\n                                        PERFUMES\n                                    </a>\n                            </li>\n                            <li class="menu-item-has-childern col-sm-3 ">\n                                \n                                    <a href="/shop/maquillajes" class="zn_mega_title">\n                                        MAQUILLAJE\n                                    </a>\n                            </li>\n                            <li class="menu-item-has-childern col-sm-3 ">\n                                \n                                        <a href="/shop/cuidado-personal-PC8877" class="zn_mega_title">CUIDADO PERSONAL</a>\n                            </li>\n                            <li class="menu-item-has-childern col-sm-3 ">\n                                \n                                    <a href="https://www.farmaciageneralpaz.com/shop?s=%23botiquin" class="zn_mega_title">\n                                        BOTIQUIN\n                                    </a>\n                            </li>\n                            <li class="menu-item-has-childern col-sm-3 cleft">\n                                \n                                        <a href="/shop/maternidad-y-bebes" class="zn_mega_title">MATERNIDAD Y BEBÉ</a>\n                            </li>\n                            <li class="menu-item-has-childern col-sm-3 ">\n                                \n                                    <a href="/shop/deportes-y-fitness" class="zn_mega_title">\n                                        DEPORTES Y FITNESS\n                                    </a>\n                            </li>\n                            <li class="menu-item-has-childern col-sm-3 ">\n                                \n                                    <a href="/shop/suplemento-nutricionales" class="zn_mega_title">\n                                        SUPLEMENTOS NUTRICIONALES\n                                    </a>\n                            </li>\n                            <li class="menu-item-has-childern col-sm-3 ">\n                                \n                                    <a href="/shop/electro-belleza-PC1191" class="zn_mega_title">\n                                        ELECTRO BELLEZA\n                                    </a>\n                            </li>\n                            <li class="menu-item-has-childern col-sm-3 cleft">\n                                \n                                    <a href="/shop/electro-salud-PC1154" class="zn_mega_title">\n                                        ELECTRO SALUD\n                                    </a>\n                            </li>\n                            <li class="menu-item-has-childern col-sm-3 ">\n                                \n                                    <a href="/shop/hogar" class="zn_mega_title">\n                                        HOGAR\n                                    </a>\n                            </li>\n                            <li class="menu-item-has-childern col-sm-3 ">\n                                \n                                        <a href="/shop/tecnologia-PC22742" class="zn_mega_title">TECNOLOGÍA</a>\n                            </li>\n                    </ul>\n\n        </li>\n        <li class="menu-item-has-children menu-item-mega-parent">\n\n                <a>\n                    Dermocosmética\n                </a>\n                    <ul class="hg_mega_container container clearfix">\n                        \n                            <li class="menu-item-has-childern col-sm-3 ">\n                                \n                                        <a href="/shop/dermocosmetica-PC1155" class="zn_mega_title">Ver Todo</a>\n                            </li>\n                            <li class="menu-item-has-childern col-sm-3 cleft">\n                                \n                                        <a href="/shop/dermocosmetica-facial-PC8865" class="zn_mega_title">Dermo Facial</a>\n                            </li>\n                            <li class="menu-item-has-childern col-sm-3 ">\n                                \n                                        <a href="/shop/dermocosmetica-corporal-PC8866" class="zn_mega_title">Dermo Corporal</a>\n                            </li>\n                            <li class="menu-item-has-childern col-sm-3 ">\n                                \n                                        <a href="/shop/dermocosmetica-capilar-PC8867" class="zn_mega_title">Dermo Capilar</a>\n                            </li>\n                            <li class="menu-item-has-childern col-sm-3 cleft">\n                                \n                                    <a href="https://www.farmaciageneralpaz.com/shop?s=solar" class="zn_mega_title">\n                                        Solares\n                                    </a>\n                            </li>\n                            <li class="menu-item-has-childern col-sm-3 ">\n                                \n                                    <a href="https://www.farmaciageneralpaz.com/p/agenda-dermo" class="zn_mega_title">\n                                        Dermo days\n                                    </a>\n                            </li>\n                    </ul>\n\n        </li>\n        <li class="menu-item-has-children menu-item-mega-parent">\n\n                <a>\n                    Cuidado personal\n                </a>\n                    <ul class="hg_mega_container container clearfix">\n                        \n                            <li class="menu-item-has-childern col-sm-3 cleft">\n                                \n                                        <a href="/shop/cuidado-facial-PC1708" class="zn_mega_title">Cuidado Facial</a>\n                            </li>\n                            <li class="menu-item-has-childern col-sm-3 ">\n                                \n                                        <a href="/shop/cuidado-corporal-PC1419" class="zn_mega_title">Cuidado Corporal</a>\n                            </li>\n                            <li class="menu-item-has-childern col-sm-3 ">\n                                \n                                        <a href="/shop/cuidado-capilar-PC2384" class="zn_mega_title">Cuidado Capilar</a>\n                            </li>\n                            <li class="menu-item-has-childern col-sm-3 ">\n                                \n                                        <a href="/shop/cuidado-oral-PC1181" class="zn_mega_title">Cuidado Oral</a>\n                            </li>\n                            <li class="menu-item-has-childern col-sm-3 cleft">\n                                \n                                        <a href="/shop/cuidado-ocular-PC2136" class="zn_mega_title">Cuidado Ocular</a>\n                            </li>\n                            <li class="menu-item-has-childern col-sm-3 ">\n                                \n                                        <a href="/shop/cuidado-sexual-PC2137" class="zn_mega_title">Cuidado Sexual</a>\n                            </li>\n                            <li class="menu-item-has-childern col-sm-3 ">\n                                \n                                        <a href="/shop/cuidado-personal-PC8877" class="zn_mega_title">Ver Todo</a>\n                            </li>\n                    </ul>\n\n        </li>\n        <li class="">\n\n                    <a href="/shop">Tienda</a>\n\n        </li>\n        <li class="">\n\n                    <a href="/p/sucursales-11">Sucursales</a>\n\n        </li>\n        <li class="menu-item-has-children menu-item-mega-parent">\n\n                <a>\n                    Nosotros\n                </a>\n                    <ul class="hg_mega_container container clearfix">\n                        \n                            <li class="menu-item-has-childern col-sm-3 ">\n                                \n                                    <a href="https://docs.google.com/forms/d/e/1FAIpQLSeZN8WEsg_vDPuFkTMRfx5QQj9vR8jp9rOF747FXL675X0HrA/viewform" class="zn_mega_title">\n                                        Trabaja con nosotros\n                                    </a>\n                            </li>\n                            <li class="menu-item-has-childern col-sm-3 ">\n                                \n                                    <a href="/home/preguntasfrecuentes" class="zn_mega_title">\n                                        Preguntas Frecuentes\n                                    </a>\n                            </li>\n                            <li class="menu-item-has-childern col-sm-3 ">\n                                \n                                    <a href="/p/terminos-y-condiciones" class="zn_mega_title">\n                                        Términos y Condiciones\n                                    </a>\n                            </li>\n                            <li class="menu-item-has-childern col-sm-3 ">\n                                \n                                    <a href="/p/obras-sociales" class="zn_mega_title">\n                                        Obras sociales\n                                    </a>\n                            </li>\n                            <li class="menu-item-has-childern col-sm-3 cleft">\n                                \n                                    <a href="/p/auditoria" class="zn_mega_title">\n                                        Auditoría y Cadetería\n                                    </a>\n                            </li>\n                            <li class="menu-item-has-childern col-sm-3 cleft">\n                                \n                                    <a href="/p/historia-6" class="zn_mega_title">\n                                        Historia\n                                    </a>\n                            </li>\n                    </ul>\n\n        </li>\n        <li class="">\n\n                    <a href="/p/fidelity-13">Fidelity</a>\n\n        </li>\n        <li class="">\n\n                    <a href="https://www.farmaciageneralpaz.com/shop?s=%23salefgp">SALE</a>\n\n        </li>\n\n                </ul>\n            </div>\n\n        </div>\n\n    </div>\n\n</header>\n\n\n        </div>\n\n\n        \n\n\n\n\n\n<section class="hg_section">\n    <div class="container main-product-container">\n        \n\n        <div id="FullContent" class="style-boxed-white ">\n\n            <div class="product" id="MainColumn">\n\n\n\n<div class="product-page">\n\n    <div class="single_product_main_image">\n\n        <div class="images">\n\n            <div class="thumbnails">\n\n\n                    <a data-assetid="625059" title="Crema Corporal Nivea Aloe Vera 5 En 1 Piel Normal a Seca x 125 ml #1" class="selected">\n                \n\n\n\n<picture>\n        <source type="image/webp" media="(max-width: 300px)" data-srcset="https://cdn.batitienda.com/baticloud/images/product_picture_052b1a8c4537498b87e99f5afe037bf2_638181219219574205_0_m.webp" srcset="https://cdn.batitienda.com/baticloud/images/product_picture_052b1a8c4537498b87e99f5afe037bf2_638181219219574205_0_m.webp">\n        <source type="image/webp" media="(max-width: 600px)" data-srcset="https://cdn.batitienda.com/baticloud/images/product_picture_052b1a8c4537498b87e99f5afe037bf2_638181219219574205_0_l.webp" srcset="https://cdn.batitienda.com/baticloud/images/product_picture_052b1a8c4537498b87e99f5afe037bf2_638181219219574205_0_l.webp">\n        <source type="image/webp" media="(max-width: 1200px)" data-srcset="https://cdn.batitienda.com/baticloud/images/product_picture_052b1a8c4537498b87e99f5afe037bf2_638181219219574205_0_l.webp" srcset="https://cdn.batitienda.com/baticloud/images/product_picture_052b1a8c4537498b87e99f5afe037bf2_638181219219574205_0_l.webp">\n        <source type="image/webp" media="(min-width: 1201px)" data-srcset="https://cdn.batitienda.com/baticloud/images/product_picture_052b1a8c4537498b87e99f5afe037bf2_638181219219574205_0_l.webp" srcset="https://cdn.batitienda.com/baticloud/images/product_picture_052b1a8c4537498b87e99f5afe037bf2_638181219219574205_0_l.webp">\n        <source type="image/png" media="(max-width: 300px)" data-srcset="https://cdn.batitienda.com/baticloud/images/product_picture_052b1a8c4537498b87e99f5afe037bf2_638181219219574205_0_m.png" srcset="https://cdn.batitienda.com/baticloud/images/product_picture_052b1a8c4537498b87e99f5afe037bf2_638181219219574205_0_m.png">\n        <source type="image/png" media="(max-width: 600px)" data-srcset="https://cdn.batitienda.com/baticloud/images/product_picture_052b1a8c4537498b87e99f5afe037bf2_638181219219574205_0_l.png" srcset="https://cdn.batitienda.com/baticloud/images/product_picture_052b1a8c4537498b87e99f5afe037bf2_638181219219574205_0_l.png">\n        <source type="image/png" media="(max-width: 1200px)" data-srcset="https://cdn.batitienda.com/baticloud/images/product_picture_052b1a8c4537498b87e99f5afe037bf2_638181219219574205_0_l.png" srcset="https://cdn.batitienda.com/baticloud/images/product_picture_052b1a8c4537498b87e99f5afe037bf2_638181219219574205_0_l.png">\n        <source type="image/png" media="(min-width: 1201px)" data-srcset="https://cdn.batitienda.com/baticloud/images/product_picture_052b1a8c4537498b87e99f5afe037bf2_638181219219574205_0_l.png" srcset="https://cdn.batitienda.com/baticloud/images/product_picture_052b1a8c4537498b87e99f5afe037bf2_638181219219574205_0_l.png">\n        <img data-src="https://cdn.batitienda.com/baticloud/images/product_picture_052b1a8c4537498b87e99f5afe037bf2_638181219219574205_0_t.png" class="attachment-shop_thumbnail lazyloaded" alt="Crema Corporal Nivea Aloe Vera 5 En 1 Piel Normal a Seca x 125 ml #1" title="Crema Corporal Nivea Aloe Vera 5 En 1 Piel Normal a Seca x 125 ml #1" src="https://cdn.batitienda.com/baticloud/images/product_picture_052b1a8c4537498b87e99f5afe037bf2_638181219219574205_0_t.png">\n\n</picture>\n                    </a>\n                \n                \n            </div>\n\n            <a class="kl-store-main-image zoom" title="Crema Corporal Nivea Aloe Vera 5 En 1 Piel Normal a Seca x 125 ml #1" draggable="false">\n\n\n\n<picture>\n        <source type="image/webp" media="(max-width: 300px)" data-srcset="https://cdn.batitienda.com/baticloud/images/product_picture_052b1a8c4537498b87e99f5afe037bf2_638181219219574205_0_m.webp" srcset="https://cdn.batitienda.com/baticloud/images/product_picture_052b1a8c4537498b87e99f5afe037bf2_638181219219574205_0_m.webp">\n        <source type="image/webp" media="(max-width: 600px)" data-srcset="https://cdn.batitienda.com/baticloud/images/product_picture_052b1a8c4537498b87e99f5afe037bf2_638181219219574205_0_l.webp" srcset="https://cdn.batitienda.com/baticloud/images/product_picture_052b1a8c4537498b87e99f5afe037bf2_638181219219574205_0_l.webp">\n        <source type="image/webp" media="(max-width: 1200px)" data-srcset="https://cdn.batitienda.com/baticloud/images/product_picture_052b1a8c4537498b87e99f5afe037bf2_638181219219574205_0_l.webp" srcset="https://cdn.batitienda.com/baticloud/images/product_picture_052b1a8c4537498b87e99f5afe037bf2_638181219219574205_0_l.webp">\n        <source type="image/webp" media="(min-width: 1201px)" data-srcset="https://cdn.batitienda.com/baticloud/images/product_picture_052b1a8c4537498b87e99f5afe037bf2_638181219219574205_0_l.webp" srcset="https://cdn.batitienda.com/baticloud/images/product_picture_052b1a8c4537498b87e99f5afe037bf2_638181219219574205_0_l.webp">\n        <source type="image/png" media="(max-width: 300px)" data-srcset="https://cdn.batitienda.com/baticloud/images/product_picture_052b1a8c4537498b87e99f5afe037bf2_638181219219574205_0_m.png" srcset="https://cdn.batitienda.com/baticloud/images/product_picture_052b1a8c4537498b87e99f5afe037bf2_638181219219574205_0_m.png">\n        <source type="image/png" media="(max-width: 600px)" data-srcset="https://cdn.batitienda.com/baticloud/images/product_picture_052b1a8c4537498b87e99f5afe037bf2_638181219219574205_0_l.png" srcset="https://cdn.batitienda.com/baticloud/images/product_picture_052b1a8c4537498b87e99f5afe037bf2_638181219219574205_0_l.png">\n        <source type="image/png" media="(max-width: 1200px)" data-srcset="https://cdn.batitienda.com/baticloud/images/product_picture_052b1a8c4537498b87e99f5afe037bf2_638181219219574205_0_l.png" srcset="https://cdn.batitienda.com/baticloud/images/product_picture_052b1a8c4537498b87e99f5afe037bf2_638181219219574205_0_l.png">\n        <source type="image/png" media="(min-width: 1201px)" data-srcset="https://cdn.batitienda.com/baticloud/images/product_picture_052b1a8c4537498b87e99f5afe037bf2_638181219219574205_0_l.png" srcset="https://cdn.batitienda.com/baticloud/images/product_picture_052b1a8c4537498b87e99f5afe037bf2_638181219219574205_0_l.png">\n        <img data-src="https://cdn.batitienda.com/baticloud/images/product_picture_052b1a8c4537498b87e99f5afe037bf2_638181219219574205_0_m.png" class="attachment-shop_single wp-post-image lazyloaded" alt="Crema Corporal Nivea Aloe Vera 5 En 1 Piel Normal a Seca x 125 ml #1" title="Crema Corporal Nivea Aloe Vera 5 En 1 Piel Normal a Seca x 125 ml #1" src="https://cdn.batitienda.com/baticloud/images/product_picture_052b1a8c4537498b87e99f5afe037bf2_638181219219574205_0_m.png">\n\n</picture>\n            </a>\n\n        </div>\n\n    </div>\n\n</div>\n                <div ajaxclass="loading-this alt" delay="15" ajaxget="/Products_RelatedProducts/Get/1174008?brandId=293&amp;categoryId=1419&amp;officialStore=False" class="">\n\n<div class="relatedproducts-container">\n    <div class="related products" id="RelatedProducts">\n\n        <h3 class="mb-10">También te puede interesar</h3>\n\n        <div class="shop-latest-carousel slick-initialized slick-slider"><button class="slick-prev slick-arrow" aria-label="Previous" type="button" style="display: inline-block;">Previous</button><div class="slick-list draggable"><div class="slick-track" style="opacity: 1; width: 5616px; transform: translate3d(-624px, 0px, 0px);"><div class="slick-slide slick-cloned" data-slick-index="-3" aria-hidden="true" style="width: 202px;" tabindex="-1"><div><div class=" product-list-item prod-layout-classic height-2 lazyLoad " data-product="93291" style="width: 100%; display: inline-block;">\n\n\n\n<div class="promotion_container">\n\n    <div class="promotion_label dis_10">\n\n        <div class="promotion_label-short " style="color:white;background:#2950a3;">\n\n            <span class="promotion_label-short-title">\n                \n                -10%\n                \n            </span>\n\n\n        </div>\n\n    </div>\n\n</div>\n\n\n<!-- Product container link -->\n    <a href="/shop/product/desodorante-antitranspirante-nivea-men-fresh-ice-roll-on-x-50-ml-WS93291" tabindex="-1">\n        <!-- Image wrapper -->\n        <span class="image kw-prodimage">\n\n            <!-- Primary image -->\n                <img class="kw-prodimage-img lazyloading" data-src="https://cdn.batitienda.com/baticloud/images/product_a310497ad0be4596a2aa6d2e8c26dcec_637439137296084566_0_m.webp" alt="Desodorante Antitranspirante Nivea Men Fresh Ice Roll On x 50 ml" title="Desodorante Antitranspirante Nivea Men Fresh Ice Roll On x 50 ml" src="https://cdn.batitienda.com/baticloud/images/product_a310497ad0be4596a2aa6d2e8c26dcec_637439137296084566_0_m.webp">\n\n\n        </span>\n\n        <!-- Details -->\n        \n        <div class="details kw-details fixclear">\n        \n        \n\n            <span class="price">\n                <del>\n                    <span class="amount">  \n                        \n                     \n$672 <sup>64</sup>                    </span>\n                </del>\n                <span class="amount">\n                    \n                    \n$605 <sup>38</sup>                </span>\n            </span>\n\n\n\n        <!--/ Price -->\n        <!-- Title -->\n        <h3 class="kw-details-title">\n            <span class="child-top">\n                \n\n                Desodorante Antitranspirante Nivea Men Fresh Ice Roll On x 50 ml\n\n            </span>\n\n        </h3>\n\n            <!-- Badge container -->\n            <div class="new_badge-container">\n            </div>\n    </div>\n        <!--/ details fixclear -->\n    </a>\n    <!-- Product container link -->\n    <!-- Actions -->\n        <div class="add-to-cart-buttons on-list js-add-to-cart-list --not-in-cart" data-product="93291" data-cartitem="">\n            \n            <div class="js-form-product-add" manual="" ajaxpost="/shop/cart/item/add" callbackfunctionname="AddToCartList_callback">\n                <input type="hidden" name="ProductId" value="93291" tabindex="-1">\n                <input type="hidden" name="Quantity" value="1" tabindex="-1">\n            </div>\n\n            <div class="not-in-cart_actions">\n                <button type="button" class="js-product-add btn-add-first alt" data-product_id="4005900517005" data-product_name="Desodorante Antitranspirante Nivea Men Fresh Ice Roll On x 50 ml" data-product_brand="Nivea" data-product_category="Desodorante Hombre" data-product_price="605.38" tabindex="-1">\n                    <i class="las la-shopping-bag"></i>\n                    Agregar\n                </button>\n            </div>\n\n            <div class="js-form-cart-add" manual="" ajaxpost="/cart/item/add" callbackfunctionname="AddToCartList_callback">\n                <input type="hidden" name="cartItemId" value="" tabindex="-1">\n            </div>\n            \n            <div class="js-form-cart-remove" manual="" ajaxpost="/cart/item/substract" callbackfunctionname="AddToCartList_callback">\n                <input type="hidden" name="cartItemId" value="" tabindex="-1">\n            </div>\n\n            <div class="in-cart_actions">\n                <button type="button" class="js-remove btn-remove" tabindex="-1">\n                    <i class="las la-trash"></i>\n                </button>\n                <button type="button" class="js-down btn-down" tabindex="-1">\n                    <i class="las la-minus"></i>\n                </button>\n                 \n                <label class="js-quantity">1</label>\n                \n                <button type="button" class="js-up btn-up" tabindex="-1">\n                    <i class="las la-plus"></i> \n                </button>\n            </div>\n        </div>\n\n  \n    <!--/ Actions -->\n</div></div></div><div class="slick-slide slick-cloned" data-slick-index="-2" aria-hidden="true" style="width: 202px;" tabindex="-1"><div><div class=" product-list-item prod-layout-classic height-2 lazyLoad " data-product="426927" style="width: 100%; display: inline-block;">\n\n\n\n<div class="promotion_container">\n\n    <div class="promotion_label dis_10">\n\n        <div class="promotion_label-short " style="color:white;background:#2950a3;">\n\n            <span class="promotion_label-short-title">\n                \n                -10%\n                \n            </span>\n\n\n        </div>\n\n    </div>\n\n</div>\n\n\n<!-- Product container link -->\n    <a href="/shop/product/desodorante-antitranspirante-nivea-men-antibacterial-spray-x-150-ml-WS426927" tabindex="-1">\n        <!-- Image wrapper -->\n        <span class="image kw-prodimage">\n\n            <!-- Primary image -->\n                <img class="kw-prodimage-img ls-is-cached lazyloaded" data-src="https://cdn.batitienda.com/baticloud/images/product_picture_1538e361d3db493bac765a6315fb6e1c_637724433914525391_0_m.webp" alt="Desodorante Antitranspirante Nivea Men Antibacterial Spray x 150 ml" title="Desodorante Antitranspirante Nivea Men Antibacterial Spray x 150 ml" src="https://cdn.batitienda.com/baticloud/images/product_picture_1538e361d3db493bac765a6315fb6e1c_637724433914525391_0_m.webp">\n\n\n        </span>\n\n        <!-- Details -->\n        \n        <div class="details kw-details fixclear">\n        \n        \n\n            <span class="price">\n                <del>\n                    <span class="amount">  \n                        \n                     \n$906 <sup>46</sup>                    </span>\n                </del>\n                <span class="amount">\n                    \n                    \n$815 <sup>81</sup>                </span>\n            </span>\n\n\n\n        <!--/ Price -->\n        <!-- Title -->\n        <h3 class="kw-details-title">\n            <span class="child-top">\n                \n\n                Desodorante Antitranspirante Nivea Men Antibacterial Spray x 150 ml\n\n            </span>\n\n        </h3>\n\n            <!-- Badge container -->\n            <div class="new_badge-container">\n            </div>\n    </div>\n        <!--/ details fixclear -->\n    </a>\n    <!-- Product container link -->\n    <!-- Actions -->\n        <div class="add-to-cart-buttons on-list js-add-to-cart-list --not-in-cart" data-product="426927" data-cartitem="">\n            \n            <div class="js-form-product-add" manual="" ajaxpost="/shop/cart/item/add" callbackfunctionname="AddToCartList_callback">\n                <input type="hidden" name="ProductId" value="426927" tabindex="-1">\n                <input type="hidden" name="Quantity" value="1" tabindex="-1">\n            </div>\n\n            <div class="not-in-cart_actions">\n                <button type="button" class="js-product-add btn-add-first alt" data-product_id="4005900907264" data-product_name="Desodorante Antitranspirante Nivea Men Antibacterial Spray x 150 ml" data-product_brand="Nivea" data-product_category="Desodorante Hombre" data-product_price="815.81" tabindex="-1">\n                    <i class="las la-shopping-bag"></i>\n                    Agregar\n                </button>\n            </div>\n\n            <div class="js-form-cart-add" manual="" ajaxpost="/cart/item/add" callbackfunctionname="AddToCartList_callback">\n                <input type="hidden" name="cartItemId" value="" tabindex="-1">\n            </div>\n            \n            <div class="js-form-cart-remove" manual="" ajaxpost="/cart/item/substract" callbackfunctionname="AddToCartList_callback">\n                <input type="hidden" name="cartItemId" value="" tabindex="-1">\n            </div>\n\n            <div class="in-cart_actions">\n                <button type="button" class="js-remove btn-remove" tabindex="-1">\n                    <i class="las la-trash"></i>\n                </button>\n                <button type="button" class="js-down btn-down" tabindex="-1">\n                    <i class="las la-minus"></i>\n                </button>\n                 \n                <label class="js-quantity">1</label>\n                \n                <button type="button" class="js-up btn-up" tabindex="-1">\n                    <i class="las la-plus"></i> \n                </button>\n            </div>\n        </div>\n\n  \n    <!--/ Actions -->\n</div></div></div><div class="slick-slide slick-cloned" data-slick-index="-1" aria-hidden="true" style="width: 202px;" tabindex="-1"><div><div class=" product-list-item prod-layout-classic height-2 lazyLoad " data-product="88786" style="width: 100%; display: inline-block;">\n\n\n\n<div class="promotion_container">\n\n    <div class="promotion_label dis_10">\n\n        <div class="promotion_label-short " style="color:white;background:#2950a3;">\n\n            <span class="promotion_label-short-title">\n                \n                -10%\n                \n            </span>\n\n\n        </div>\n\n    </div>\n\n</div>\n\n\n<!-- Product container link -->\n    <a href="/shop/product/desodorante-antitranspirante-nivea-femenino-protect-care-roll-on-x-50-ml-WS88786" tabindex="-1">\n        <!-- Image wrapper -->\n        <span class="image kw-prodimage">\n\n            <!-- Primary image -->\n                <img class="kw-prodimage-img ls-is-cached lazyloaded" data-src="https://cdn.batitienda.com/baticloud/images/product_793e5d0d9fc74b3a9713d7fe8aafd659_637436526864833123_0_m.webp" alt="Desodorante Antitranspirante Nivea Femenino Protect &amp; Care Roll On x 50 ml" title="Desodorante Antitranspirante Nivea Femenino Protect &amp; Care Roll On x 50 ml" src="https://cdn.batitienda.com/baticloud/images/product_793e5d0d9fc74b3a9713d7fe8aafd659_637436526864833123_0_m.webp">\n\n\n        </span>\n\n        <!-- Details -->\n        \n        <div class="details kw-details fixclear">\n        \n        \n\n            <span class="price">\n                <del>\n                    <span class="amount">  \n                        \n                     \n$716 <sup>21</sup>                    </span>\n                </del>\n                <span class="amount">\n                    \n                    \n$644 <sup>59</sup>                </span>\n            </span>\n\n\n\n        <!--/ Price -->\n        <!-- Title -->\n        <h3 class="kw-details-title">\n            <span class="child-top">\n                \n\n                Desodorante Antitranspirante Nivea Femenino Protect &amp; Care Roll On x 50 ml\n\n            </span>\n\n        </h3>\n\n            <!-- Badge container -->\n            <div class="new_badge-container">\n            </div>\n    </div>\n        <!--/ details fixclear -->\n    </a>\n    <!-- Product container link -->\n    <!-- Actions -->\n        <div class="add-to-cart-buttons on-list js-add-to-cart-list --not-in-cart" data-product="88786" data-cartitem="">\n            \n            <div class="js-form-product-add" manual="" ajaxpost="/shop/cart/item/add" callbackfunctionname="AddToCartList_callback">\n                <input type="hidden" name="ProductId" value="88786" tabindex="-1">\n                <input type="hidden" name="Quantity" value="1" tabindex="-1">\n            </div>\n\n            <div class="not-in-cart_actions">\n                <button type="button" class="js-product-add btn-add-first alt" data-product_id="4005900130785" data-product_name="Desodorante Antitranspirante Nivea Femenino Protect &amp; Care Roll On x 50 ml" data-product_brand="Nivea" data-product_category="Desodorante Mujer" data-product_price="644.59" tabindex="-1">\n                    <i class="las la-shopping-bag"></i>\n                    Agregar\n                </button>\n            </div>\n\n            <div class="js-form-cart-add" manual="" ajaxpost="/cart/item/add" callbackfunctionname="AddToCartList_callback">\n                <input type="hidden" name="cartItemId" value="" tabindex="-1">\n            </div>\n            \n            <div class="js-form-cart-remove" manual="" ajaxpost="/cart/item/substract" callbackfunctionname="AddToCartList_callback">\n                <input type="hidden" name="cartItemId" value="" tabindex="-1">\n            </div>\n\n            <div class="in-cart_actions">\n                <button type="button" class="js-remove btn-remove" tabindex="-1">\n                    <i class="las la-trash"></i>\n                </button>\n                <button type="button" class="js-down btn-down" tabindex="-1">\n                    <i class="las la-minus"></i>\n                </button>\n                 \n                <label class="js-quantity">1</label>\n                \n                <button type="button" class="js-up btn-up" tabindex="-1">\n                    <i class="las la-plus"></i> \n                </button>\n            </div>\n        </div>\n\n  \n    <!--/ Actions -->\n</div></div></div><div class="slick-slide slick-current slick-active" data-slick-index="0" aria-hidden="false" style="width: 202px;"><div><div class=" product-list-item prod-layout-classic height-2 lazyLoad " data-product="1177283" style="width: 100%; display: inline-block;">\n\n\n\n<div class="promotion_container">\n\n    <div class="promotion_label dis_25">\n\n        <div class="promotion_label-short " style="color:white;background:#2950a3;">\n\n            <span class="promotion_label-short-title">\n                \n                -25%\n                \n            </span>\n\n\n        </div>\n\n    </div>\n\n</div>\n\n\n<!-- Product container link -->\n    <a href="/shop/product/gel-limpieza-aveno-x-250gr-WS1177283" tabindex="0">\n        <!-- Image wrapper -->\n        <span class="image kw-prodimage">\n\n            <!-- Primary image -->\n                <img class="kw-prodimage-img lazyloaded" data-src="https://cdn.batitienda.com/baticloud/images/product_picture_d9dbea61cd214c5bb8959cb36c94a79a_638133233065899894_0_m.webp" alt="Gel Limpieza Aveno x 250gr" title="Gel Limpieza Aveno x 250gr" src="https://cdn.batitienda.com/baticloud/images/product_picture_d9dbea61cd214c5bb8959cb36c94a79a_638133233065899894_0_m.webp">\n\n                <!-- Secondary image -->\n                <img class="kw-prodimage-img-secondary lazyloaded" data-src="https://cdn.batitienda.com/baticloud/images/product_picture_04278ca1c9ae46eba0ae6dd7a223f91f_638133233228149278_0_m.webp" alt="Gel Limpieza Aveno x 250gr alt" title="Gel Limpieza Aveno x 250gr alt" src="https://cdn.batitienda.com/baticloud/images/product_picture_04278ca1c9ae46eba0ae6dd7a223f91f_638133233228149278_0_m.webp">\n\n        </span>\n\n        <!-- Details -->\n        \n        <div class="details kw-details fixclear">\n        \n        \n\n            <span class="price">\n                <del>\n                    <span class="amount">  \n                        \n                     \n$7.176 <sup>85</sup>                    </span>\n                </del>\n                <span class="amount">\n                    \n                    \n$5.382 <sup>64</sup>                </span>\n            </span>\n\n\n\n        <!--/ Price -->\n        <!-- Title -->\n        <h3 class="kw-details-title">\n            <span class="child-top">\n                \n\n                Gel Limpieza Aveno x 250gr\n\n            </span>\n\n        </h3>\n\n            <!-- Badge container -->\n            <div class="new_badge-container">\n            </div>\n    </div>\n        <!--/ details fixclear -->\n    </a>\n    <!-- Product container link -->\n    <!-- Actions -->\n        <div class="add-to-cart-buttons on-list js-add-to-cart-list --not-in-cart" data-product="1177283" data-cartitem="">\n            \n            <div class="js-form-product-add" manual="" ajaxpost="/shop/cart/item/add" callbackfunctionname="AddToCartList_callback">\n                <input type="hidden" name="ProductId" value="1177283" tabindex="0">\n                <input type="hidden" name="Quantity" value="1" tabindex="0">\n            </div>\n\n            <div class="not-in-cart_actions">\n                <button type="button" class="js-product-add btn-add-first alt" data-product_id="7793742005459" data-product_name="Gel Limpieza Aveno x 250gr" data-product_brand="Aveno" data-product_category="Cuidado Corporal" data-product_price="5382.64" tabindex="0">\n                    <i class="las la-shopping-bag"></i>\n                    Agregar\n                </button>\n            </div>\n\n            <div class="js-form-cart-add" manual="" ajaxpost="/cart/item/add" callbackfunctionname="AddToCartList_callback">\n                <input type="hidden" name="cartItemId" value="" tabindex="0">\n            </div>\n            \n            <div class="js-form-cart-remove" manual="" ajaxpost="/cart/item/substract" callbackfunctionname="AddToCartList_callback">\n                <input type="hidden" name="cartItemId" value="" tabindex="0">\n            </div>\n\n            <div class="in-cart_actions">\n                <button type="button" class="js-remove btn-remove" tabindex="0">\n                    <i class="las la-trash"></i>\n                </button>\n                <button type="button" class="js-down btn-down" tabindex="0">\n                    <i class="las la-minus"></i>\n                </button>\n                 \n                <label class="js-quantity">1</label>\n                \n                <button type="button" class="js-up btn-up" tabindex="0">\n                    <i class="las la-plus"></i> \n                </button>\n            </div>\n        </div>\n\n  \n    <!--/ Actions -->\n</div></div></div><div class="slick-slide slick-active" data-slick-index="1" aria-hidden="false" style="width: 202px;"><div><div class=" product-list-item prod-layout-classic height-2 lazyLoad " data-product="8604" style="width: 100%; display: inline-block;">\n\n\n\n<div class="promotion_container">\n\n    <div class="promotion_label dis_30">\n\n        <div class="promotion_label-short " style="color:white;background:#2950a3;">\n\n            <span class="promotion_label-short-title">\n                \n                -30%\n                \n            </span>\n\n\n        </div>\n\n    </div>\n\n</div>\n\n\n<!-- Product container link -->\n    <a href="/shop/product/crema-corporal-dermaglos-hidratacion-profunda-x-200-gr-WS8604" tabindex="0">\n        <!-- Image wrapper -->\n        <span class="image kw-prodimage">\n\n            <!-- Primary image -->\n                <img class="kw-prodimage-img lazyloaded" data-src="https://cdn.batitienda.com/baticloud/images/product_picture_fb7c7e61e81c4db19430f601ef0f3c10_637734422228372632_0_m.webp" alt="Crema Corporal Dermaglos Hidratación Profunda x 200 gr" title="Crema Corporal Dermaglos Hidratación Profunda x 200 gr" src="https://cdn.batitienda.com/baticloud/images/product_picture_fb7c7e61e81c4db19430f601ef0f3c10_637734422228372632_0_m.webp">\n\n\n        </span>\n\n        <!-- Details -->\n        \n        <div class="details kw-details fixclear">\n        \n        \n\n            <span class="price">\n                <del>\n                    <span class="amount">  \n                        \n                     \n$6.951 <sup>93</sup>                    </span>\n                </del>\n                <span class="amount">\n                    \n                    \n$4.866 <sup>35</sup>                </span>\n            </span>\n\n\n\n        <!--/ Price -->\n        <!-- Title -->\n        <h3 class="kw-details-title">\n            <span class="child-top">\n                \n\n                Crema Corporal Dermaglos Hidratación Profunda x 200 gr\n\n            </span>\n\n        </h3>\n\n            <!-- Badge container -->\n            <div class="new_badge-container">\n            </div>\n    </div>\n        <!--/ details fixclear -->\n    </a>\n    <!-- Product container link -->\n    <!-- Actions -->\n        <div class="add-to-cart-buttons on-list js-add-to-cart-list --not-in-cart" data-product="8604" data-cartitem="">\n            \n            <div class="js-form-product-add" manual="" ajaxpost="/shop/cart/item/add" callbackfunctionname="AddToCartList_callback">\n                <input type="hidden" name="ProductId" value="8604" tabindex="0">\n                <input type="hidden" name="Quantity" value="1" tabindex="0">\n            </div>\n\n            <div class="not-in-cart_actions">\n                <button type="button" class="js-product-add btn-add-first alt" data-product_id="7793742007774" data-product_name="Crema Corporal Dermaglos Hidratación Profunda x 200 gr" data-product_brand="Dermaglós" data-product_category="Cuidado Corporal" data-product_price="4866.35" tabindex="0">\n                    <i class="las la-shopping-bag"></i>\n                    Agregar\n                </button>\n            </div>\n\n            <div class="js-form-cart-add" manual="" ajaxpost="/cart/item/add" callbackfunctionname="AddToCartList_callback">\n                <input type="hidden" name="cartItemId" value="" tabindex="0">\n            </div>\n            \n            <div class="js-form-cart-remove" manual="" ajaxpost="/cart/item/substract" callbackfunctionname="AddToCartList_callback">\n                <input type="hidden" name="cartItemId" value="" tabindex="0">\n            </div>\n\n            <div class="in-cart_actions">\n                <button type="button" class="js-remove btn-remove" tabindex="0">\n                    <i class="las la-trash"></i>\n                </button>\n                <button type="button" class="js-down btn-down" tabindex="0">\n                    <i class="las la-minus"></i>\n                </button>\n                 \n                <label class="js-quantity">1</label>\n                \n                <button type="button" class="js-up btn-up" tabindex="0">\n                    <i class="las la-plus"></i> \n                </button>\n            </div>\n        </div>\n\n  \n    <!--/ Actions -->\n</div></div></div><div class="slick-slide slick-active" data-slick-index="2" aria-hidden="false" style="width: 202px;"><div><div class=" product-list-item prod-layout-classic height-2 lazyLoad " data-product="88780" style="width: 100%; display: inline-block;">\n\n\n\n<div class="promotion_container">\n\n    <div class="promotion_label dis_10">\n\n        <div class="promotion_label-short " style="color:white;background:#2950a3;">\n\n            <span class="promotion_label-short-title">\n                \n                -10%\n                \n            </span>\n\n\n        </div>\n\n    </div>\n\n</div>\n\n\n<!-- Product container link -->\n    <a href="/shop/product/crema-hidratante-intensiva-nivea-soft-para-todo-tipo-de-piel-x-100-ml-WS88780" tabindex="0">\n        <!-- Image wrapper -->\n        <span class="image kw-prodimage">\n\n            <!-- Primary image -->\n                <img class="kw-prodimage-img lazyloaded" data-src="https://cdn.batitienda.com/baticloud/images/product_ee24eb3101224b3ea87d004948cbb9f3_637436487035635130_0_m.webp" alt="Crema Hidratante Intensiva Nivea Soft Para Todo Tipo de Piel x 100 ml" title="Crema Hidratante Intensiva Nivea Soft Para Todo Tipo de Piel x 100 ml" src="https://cdn.batitienda.com/baticloud/images/product_ee24eb3101224b3ea87d004948cbb9f3_637436487035635130_0_m.webp">\n\n\n        </span>\n\n        <!-- Details -->\n        \n        <div class="details kw-details fixclear">\n        \n        \n\n            <span class="price">\n                <del>\n                    <span class="amount">  \n                        \n                     \n$1.290 <sup>95</sup>                    </span>\n                </del>\n                <span class="amount">\n                    \n                    \n$1.161 <sup>86</sup>                </span>\n            </span>\n\n\n\n        <!--/ Price -->\n        <!-- Title -->\n        <h3 class="kw-details-title">\n            <span class="child-top">\n                \n\n                Crema Hidratante Intensiva Nivea Soft Para Todo Tipo de Piel x 100 ml\n\n            </span>\n\n        </h3>\n\n            <!-- Badge container -->\n            <div class="new_badge-container">\n            </div>\n    </div>\n        <!--/ details fixclear -->\n    </a>\n    <!-- Product container link -->\n    <!-- Actions -->\n        <div class="add-to-cart-buttons on-list js-add-to-cart-list --not-in-cart" data-product="88780" data-cartitem="">\n            \n            <div class="js-form-product-add" manual="" ajaxpost="/shop/cart/item/add" callbackfunctionname="AddToCartList_callback">\n                <input type="hidden" name="ProductId" value="88780" tabindex="0">\n                <input type="hidden" name="Quantity" value="1" tabindex="0">\n            </div>\n\n            <div class="not-in-cart_actions">\n                <button type="button" class="js-product-add btn-add-first alt" data-product_id="4005808890590" data-product_name="Crema Hidratante Intensiva Nivea Soft Para Todo Tipo de Piel x 100 ml" data-product_brand="Nivea" data-product_category="Cuidado Corporal" data-product_price="1161.86" tabindex="0">\n                    <i class="las la-shopping-bag"></i>\n                    Agregar\n                </button>\n            </div>\n\n            <div class="js-form-cart-add" manual="" ajaxpost="/cart/item/add" callbackfunctionname="AddToCartList_callback">\n                <input type="hidden" name="cartItemId" value="" tabindex="0">\n            </div>\n            \n            <div class="js-form-cart-remove" manual="" ajaxpost="/cart/item/substract" callbackfunctionname="AddToCartList_callback">\n                <input type="hidden" name="cartItemId" value="" tabindex="0">\n            </div>\n\n            <div class="in-cart_actions">\n                <button type="button" class="js-remove btn-remove" tabindex="0">\n                    <i class="las la-trash"></i>\n                </button>\n                <button type="button" class="js-down btn-down" tabindex="0">\n                    <i class="las la-minus"></i>\n                </button>\n                 \n                <label class="js-quantity">1</label>\n                \n                <button type="button" class="js-up btn-up" tabindex="0">\n                    <i class="las la-plus"></i> \n                </button>\n            </div>\n        </div>\n\n  \n    <!--/ Actions -->\n</div></div></div><div class="slick-slide" data-slick-index="3" aria-hidden="true" style="width: 202px;" tabindex="-1"><div><div class=" product-list-item prod-layout-classic height-2 lazyLoad " data-product="93303" style="width: 100%; display: inline-block;">\n\n\n\n<div class="promotion_container">\n\n    <div class="promotion_label dis_10">\n\n        <div class="promotion_label-short " style="color:white;background:#2950a3;">\n\n            <span class="promotion_label-short-title">\n                \n                -10%\n                \n            </span>\n\n\n        </div>\n\n    </div>\n\n</div>\n\n\n<!-- Product container link -->\n    <a href="/shop/product/locion-corporal-nivea-vainilla-y-aceite-de-almendras-piel-normal-a-seca-x-400-ml-WS93303" tabindex="-1">\n        <!-- Image wrapper -->\n        <span class="image kw-prodimage">\n\n            <!-- Primary image -->\n                <img class="kw-prodimage-img ls-is-cached lazyloaded" data-src="https://cdn.batitienda.com/baticloud/images/product_9d318a71f80a41869f2b2dd13660fe98_637439146958013209_0_m.webp" alt="Loción Corporal Nivea Vainilla Y Aceite de Almendras Piel Normal a Seca x 400 ml" title="Loción Corporal Nivea Vainilla Y Aceite de Almendras Piel Normal a Seca x 400 ml" src="https://cdn.batitienda.com/baticloud/images/product_9d318a71f80a41869f2b2dd13660fe98_637439146958013209_0_m.webp">\n\n\n        </span>\n\n        <!-- Details -->\n        \n        <div class="details kw-details fixclear">\n        \n        \n\n            <span class="price">\n                <del>\n                    <span class="amount">  \n                        \n                     \n$1.960 <sup>72</sup>                    </span>\n                </del>\n                <span class="amount">\n                    \n                    \n$1.764 <sup>65</sup>                </span>\n            </span>\n\n\n\n        <!--/ Price -->\n        <!-- Title -->\n        <h3 class="kw-details-title">\n            <span class="child-top">\n                \n\n                Loción Corporal Nivea Vainilla Y Aceite de Almendras Piel Normal a Seca x 400 ml\n\n            </span>\n\n        </h3>\n\n            <!-- Badge container -->\n            <div class="new_badge-container">\n            </div>\n    </div>\n        <!--/ details fixclear -->\n    </a>\n    <!-- Product container link -->\n    <!-- Actions -->\n        <div class="add-to-cart-buttons on-list js-add-to-cart-list --not-in-cart" data-product="93303" data-cartitem="">\n            \n            <div class="js-form-product-add" manual="" ajaxpost="/shop/cart/item/add" callbackfunctionname="AddToCartList_callback">\n                <input type="hidden" name="ProductId" value="93303" tabindex="-1">\n                <input type="hidden" name="Quantity" value="1" tabindex="-1">\n            </div>\n\n            <div class="not-in-cart_actions">\n                <button type="button" class="js-product-add btn-add-first alt" data-product_id="4005900399946" data-product_name="Loción Corporal Nivea Vainilla Y Aceite de Almendras Piel Normal a Seca x 400 ml" data-product_brand="Nivea" data-product_category="Cuidado Corporal" data-product_price="1764.65" tabindex="-1">\n                    <i class="las la-shopping-bag"></i>\n                    Agregar\n                </button>\n            </div>\n\n            <div class="js-form-cart-add" manual="" ajaxpost="/cart/item/add" callbackfunctionname="AddToCartList_callback">\n                <input type="hidden" name="cartItemId" value="" tabindex="-1">\n            </div>\n            \n            <div class="js-form-cart-remove" manual="" ajaxpost="/cart/item/substract" callbackfunctionname="AddToCartList_callback">\n                <input type="hidden" name="cartItemId" value="" tabindex="-1">\n            </div>\n\n            <div class="in-cart_actions">\n                <button type="button" class="js-remove btn-remove" tabindex="-1">\n                    <i class="las la-trash"></i>\n                </button>\n                <button type="button" class="js-down btn-down" tabindex="-1">\n                    <i class="las la-minus"></i>\n                </button>\n                 \n                <label class="js-quantity">1</label>\n                \n                <button type="button" class="js-up btn-up" tabindex="-1">\n                    <i class="las la-plus"></i> \n                </button>\n            </div>\n        </div>\n\n  \n    <!--/ Actions -->\n</div></div></div><div class="slick-slide" data-slick-index="4" aria-hidden="true" style="width: 202px;" tabindex="-1"><div><div class=" product-list-item prod-layout-classic height-2 lazyLoad " data-product="43893" style="width: 100%; display: inline-block;">\n\n\n\n<div class="promotion_container">\n\n    <div class="promotion_label dis_20">\n\n        <div class="promotion_label-short " style="color:white;background:#2950a3;">\n\n            <span class="promotion_label-short-title">\n                \n                -20%\n                \n            </span>\n\n\n        </div>\n\n    </div>\n\n</div>\n\n\n<!-- Product container link -->\n    <a href="/shop/product/emulsion-corporal-perpiel-absorcion-inmediata-con-fragancia-x-400-gr-WS43893" tabindex="-1">\n        <!-- Image wrapper -->\n        <span class="image kw-prodimage">\n\n            <!-- Primary image -->\n                <img class="kw-prodimage-img ls-is-cached lazyloaded" data-src="https://cdn.batitienda.com/baticloud/images/product_picture_d3ebf3db099f40adbc4b2acc582dc5ac_638175873827205854_0_m.webp" alt="Emulsión Corporal Perpiel Absorción Inmediata Con Fragancia x 400 gr" title="Emulsión Corporal Perpiel Absorción Inmediata Con Fragancia x 400 gr" src="https://cdn.batitienda.com/baticloud/images/product_picture_d3ebf3db099f40adbc4b2acc582dc5ac_638175873827205854_0_m.webp">\n\n\n        </span>\n\n        <!-- Details -->\n        \n        <div class="details kw-details fixclear">\n        \n        \n\n            <span class="price">\n                <del>\n                    <span class="amount">  \n                        \n                     \n$5.629 <sup>27</sup>                    </span>\n                </del>\n                <span class="amount">\n                    \n                    \n$4.503 <sup>42</sup>                </span>\n            </span>\n\n\n\n        <!--/ Price -->\n        <!-- Title -->\n        <h3 class="kw-details-title">\n            <span class="child-top">\n                \n\n                Emulsión Corporal Perpiel Absorción Inmediata Con Fragancia x 400 gr\n\n            </span>\n\n        </h3>\n\n            <!-- Badge container -->\n            <div class="new_badge-container">\n            </div>\n    </div>\n        <!--/ details fixclear -->\n    </a>\n    <!-- Product container link -->\n    <!-- Actions -->\n        <div class="add-to-cart-buttons on-list js-add-to-cart-list --not-in-cart" data-product="43893" data-cartitem="">\n            \n            <div class="js-form-product-add" manual="" ajaxpost="/shop/cart/item/add" callbackfunctionname="AddToCartList_callback">\n                <input type="hidden" name="ProductId" value="43893" tabindex="-1">\n                <input type="hidden" name="Quantity" value="1" tabindex="-1">\n            </div>\n\n            <div class="not-in-cart_actions">\n                <button type="button" class="js-product-add btn-add-first alt" data-product_id="7792175009775" data-product_name="Emulsión Corporal Perpiel Absorción Inmediata Con Fragancia x 400 gr" data-product_brand="PerPiel" data-product_category="Cuidado Corporal" data-product_price="4503.42" tabindex="-1">\n                    <i class="las la-shopping-bag"></i>\n                    Agregar\n                </button>\n            </div>\n\n            <div class="js-form-cart-add" manual="" ajaxpost="/cart/item/add" callbackfunctionname="AddToCartList_callback">\n                <input type="hidden" name="cartItemId" value="" tabindex="-1">\n            </div>\n            \n            <div class="js-form-cart-remove" manual="" ajaxpost="/cart/item/substract" callbackfunctionname="AddToCartList_callback">\n                <input type="hidden" name="cartItemId" value="" tabindex="-1">\n            </div>\n\n            <div class="in-cart_actions">\n                <button type="button" class="js-remove btn-remove" tabindex="-1">\n                    <i class="las la-trash"></i>\n                </button>\n                <button type="button" class="js-down btn-down" tabindex="-1">\n                    <i class="las la-minus"></i>\n                </button>\n                 \n                <label class="js-quantity">1</label>\n                \n                <button type="button" class="js-up btn-up" tabindex="-1">\n                    <i class="las la-plus"></i> \n                </button>\n            </div>\n        </div>\n\n  \n    <!--/ Actions -->\n</div></div></div><div class="slick-slide" data-slick-index="5" aria-hidden="true" style="width: 202px;" tabindex="-1"><div><div class=" product-list-item prod-layout-classic height-2 lazyLoad " data-product="125763" style="width: 100%; display: inline-block;">\n\n\n\n<div class="promotion_container">\n\n    <div class="promotion_label dis_25">\n\n        <div class="promotion_label-short " style="color:white;background:#2950a3;">\n\n            <span class="promotion_label-short-title">\n                \n                -25%\n                \n            </span>\n\n\n        </div>\n\n    </div>\n\n</div>\n\n\n<!-- Product container link -->\n    <a href="/shop/product/voltaren-emulgel-analgesico-antiinflamatorio-pomo-x-30gr-WS125763" tabindex="-1">\n        <!-- Image wrapper -->\n        <span class="image kw-prodimage">\n\n            <!-- Primary image -->\n                <img class="kw-prodimage-img ls-is-cached lazyloaded" data-src="https://cdn.batitienda.com/baticloud/images/product_5d2918e96c644185b9f62f0c475bcb7f_637528867769465180_0_m.webp" alt="Voltaren Emulgel Analgésico Antiinflamatorio Pomo x 30gr" title="Voltaren Emulgel Analgésico Antiinflamatorio Pomo x 30gr" src="https://cdn.batitienda.com/baticloud/images/product_5d2918e96c644185b9f62f0c475bcb7f_637528867769465180_0_m.webp">\n\n\n        </span>\n\n        <!-- Details -->\n        \n        <div class="details kw-details fixclear">\n        \n        \n\n            <span class="price">\n                <del>\n                    <span class="amount">  \n                        \n                     \n$3.140 <sup>86</sup>                    </span>\n                </del>\n                <span class="amount">\n                    \n                    \n$2.355 <sup>65</sup>                </span>\n            </span>\n\n\n\n        <!--/ Price -->\n        <!-- Title -->\n        <h3 class="kw-details-title">\n            <span class="child-top">\n                \n\n                Voltaren Emulgel Analgésico Antiinflamatorio Pomo x 30gr\n\n            </span>\n\n        </h3>\n\n            <!-- Badge container -->\n            <div class="new_badge-container">\n            </div>\n    </div>\n        <!--/ details fixclear -->\n    </a>\n    <!-- Product container link -->\n    <!-- Actions -->\n        <div class="add-to-cart-buttons on-list js-add-to-cart-list --not-in-cart" data-product="125763" data-cartitem="">\n            \n            <div class="js-form-product-add" manual="" ajaxpost="/shop/cart/item/add" callbackfunctionname="AddToCartList_callback">\n                <input type="hidden" name="ProductId" value="125763" tabindex="-1">\n                <input type="hidden" name="Quantity" value="1" tabindex="-1">\n            </div>\n\n            <div class="not-in-cart_actions">\n                <button type="button" class="js-product-add btn-add-first alt" data-product_id="7794640172168" data-product_name="Voltaren Emulgel Analgésico Antiinflamatorio Pomo x 30gr" data-product_brand="voltaren" data-product_category="Cuidado Corporal" data-product_price="2355.65" tabindex="-1">\n                    <i class="las la-shopping-bag"></i>\n                    Agregar\n                </button>\n            </div>\n\n            <div class="js-form-cart-add" manual="" ajaxpost="/cart/item/add" callbackfunctionname="AddToCartList_callback">\n                <input type="hidden" name="cartItemId" value="" tabindex="-1">\n            </div>\n            \n            <div class="js-form-cart-remove" manual="" ajaxpost="/cart/item/substract" callbackfunctionname="AddToCartList_callback">\n                <input type="hidden" name="cartItemId" value="" tabindex="-1">\n            </div>\n\n            <div class="in-cart_actions">\n                <button type="button" class="js-remove btn-remove" tabindex="-1">\n                    <i class="las la-trash"></i>\n                </button>\n                <button type="button" class="js-down btn-down" tabindex="-1">\n                    <i class="las la-minus"></i>\n                </button>\n                 \n                <label class="js-quantity">1</label>\n                \n                <button type="button" class="js-up btn-up" tabindex="-1">\n                    <i class="las la-plus"></i> \n                </button>\n            </div>\n        </div>\n\n  \n    <!--/ Actions -->\n</div></div></div><div class="slick-slide" data-slick-index="6" aria-hidden="true" style="width: 202px;" tabindex="-1"><div><div class=" product-list-item prod-layout-classic height-2 lazyLoad " data-product="88721" style="width: 100%; display: inline-block;">\n\n\n\n<div class="promotion_container">\n\n    <div class="promotion_label dis_10">\n\n        <div class="promotion_label-short " style="color:white;background:#2950a3;">\n\n            <span class="promotion_label-short-title">\n                \n                -10%\n                \n            </span>\n\n\n        </div>\n\n    </div>\n\n</div>\n\n\n<!-- Product container link -->\n    <a href="/shop/product/toallitas-desmaquillantes-nivea-3-en-1-para-piel-seca-x-25-unid-WS88721" tabindex="-1">\n        <!-- Image wrapper -->\n        <span class="image kw-prodimage">\n\n            <!-- Primary image -->\n                <img class="kw-prodimage-img lazyload" data-src="https://cdn.batitienda.com/baticloud/images/product_picture_2499adc17d9d4697807d573a9bbd512e_637648082989563524_0_m.webp" alt="Toallitas Desmaquillantes Nivea 3 en 1  Para Piel Seca x 25 unid" title="Toallitas Desmaquillantes Nivea 3 en 1  Para Piel Seca x 25 unid">\n\n\n        </span>\n\n        <!-- Details -->\n        \n        <div class="details kw-details fixclear">\n        \n        \n\n            <span class="price">\n                <del>\n                    <span class="amount">  \n                        \n                     \n$1.523 <sup>31</sup>                    </span>\n                </del>\n                <span class="amount">\n                    \n                    \n$1.370 <sup>98</sup>                </span>\n            </span>\n\n\n\n        <!--/ Price -->\n        <!-- Title -->\n        <h3 class="kw-details-title">\n            <span class="child-top">\n                \n\n                Toallitas Desmaquillantes Nivea 3 en 1  Para Piel Seca x 25 unid\n\n            </span>\n\n        </h3>\n\n            <!-- Badge container -->\n            <div class="new_badge-container">\n            </div>\n    </div>\n        <!--/ details fixclear -->\n    </a>\n    <!-- Product container link -->\n    <!-- Actions -->\n        <div class="add-to-cart-buttons on-list js-add-to-cart-list --not-in-cart" data-product="88721" data-cartitem="">\n            \n            <div class="js-form-product-add" manual="" ajaxpost="/shop/cart/item/add" callbackfunctionname="AddToCartList_callback">\n                <input type="hidden" name="ProductId" value="88721" tabindex="-1">\n                <input type="hidden" name="Quantity" value="1" tabindex="-1">\n            </div>\n\n            <div class="not-in-cart_actions">\n                <button type="button" class="js-product-add btn-add-first alt" data-product_id="4005808185276,4005900985811" data-product_name="Toallitas Desmaquillantes Nivea 3 en 1  Para Piel Seca x 25 unid" data-product_brand="Nivea" data-product_category="Cuidado Facial" data-product_price="1370.98" tabindex="-1">\n                    <i class="las la-shopping-bag"></i>\n                    Agregar\n                </button>\n            </div>\n\n            <div class="js-form-cart-add" manual="" ajaxpost="/cart/item/add" callbackfunctionname="AddToCartList_callback">\n                <input type="hidden" name="cartItemId" value="" tabindex="-1">\n            </div>\n            \n            <div class="js-form-cart-remove" manual="" ajaxpost="/cart/item/substract" callbackfunctionname="AddToCartList_callback">\n                <input type="hidden" name="cartItemId" value="" tabindex="-1">\n            </div>\n\n            <div class="in-cart_actions">\n                <button type="button" class="js-remove btn-remove" tabindex="-1">\n                    <i class="las la-trash"></i>\n                </button>\n                <button type="button" class="js-down btn-down" tabindex="-1">\n                    <i class="las la-minus"></i>\n                </button>\n                 \n                <label class="js-quantity">1</label>\n                \n                <button type="button" class="js-up btn-up" tabindex="-1">\n                    <i class="las la-plus"></i> \n                </button>\n            </div>\n        </div>\n\n  \n    <!--/ Actions -->\n</div></div></div><div class="slick-slide" data-slick-index="7" aria-hidden="true" style="width: 202px;" tabindex="-1"><div><div class=" product-list-item prod-layout-classic height-2 lazyLoad " data-product="8670" style="width: 100%; display: inline-block;">\n\n\n\n<div class="promotion_container">\n\n    <div class="promotion_label dis_10">\n\n        <div class="promotion_label-short " style="color:white;background:#2950a3;">\n\n            <span class="promotion_label-short-title">\n                \n                -10%\n                \n            </span>\n\n\n        </div>\n\n    </div>\n\n</div>\n\n\n<!-- Product container link -->\n    <a href="/shop/product/crema-facial-5-en-1-nivea-cuidado-nutritivo-para-todo-tipo-de-piel-x-100-ml-WS8670" tabindex="-1">\n        <!-- Image wrapper -->\n        <span class="image kw-prodimage">\n\n            <!-- Primary image -->\n                <img class="kw-prodimage-img lazyload" data-src="https://cdn.batitienda.com/baticloud/images/product_picture_162daa97fbd945e7976216ecbfaba08c_637724500568116843_0_m.webp" alt="Crema Facial 5 en 1  Nivea Cuidado Nutritivo Para Todo Tipo de Piel x 100 ml" title="Crema Facial 5 en 1  Nivea Cuidado Nutritivo Para Todo Tipo de Piel x 100 ml">\n\n\n        </span>\n\n        <!-- Details -->\n        \n        <div class="details kw-details fixclear">\n        \n        \n\n            <span class="price">\n                <del>\n                    <span class="amount">  \n                        \n                     \n$1.219 <sup>53</sup>                    </span>\n                </del>\n                <span class="amount">\n                    \n                    \n$1.097 <sup>58</sup>                </span>\n            </span>\n\n\n\n        <!--/ Price -->\n        <!-- Title -->\n        <h3 class="kw-details-title">\n            <span class="child-top">\n                \n\n                Crema Facial 5 en 1  Nivea Cuidado Nutritivo Para Todo Tipo de Piel x 100 ml\n\n            </span>\n\n        </h3>\n\n            <!-- Badge container -->\n            <div class="new_badge-container">\n            </div>\n    </div>\n        <!--/ details fixclear -->\n    </a>\n    <!-- Product container link -->\n    <!-- Actions -->\n        <div class="add-to-cart-buttons on-list js-add-to-cart-list --not-in-cart" data-product="8670" data-cartitem="">\n            \n            <div class="js-form-product-add" manual="" ajaxpost="/shop/cart/item/add" callbackfunctionname="AddToCartList_callback">\n                <input type="hidden" name="ProductId" value="8670" tabindex="-1">\n                <input type="hidden" name="Quantity" value="1" tabindex="-1">\n            </div>\n\n            <div class="not-in-cart_actions">\n                <button type="button" class="js-product-add btn-add-first alt" data-product_id="42300083" data-product_name="Crema Facial 5 en 1  Nivea Cuidado Nutritivo Para Todo Tipo de Piel x 100 ml" data-product_brand="Nivea" data-product_category="Cuidado Facial" data-product_price="1097.58" tabindex="-1">\n                    <i class="las la-shopping-bag"></i>\n                    Agregar\n                </button>\n            </div>\n\n            <div class="js-form-cart-add" manual="" ajaxpost="/cart/item/add" callbackfunctionname="AddToCartList_callback">\n                <input type="hidden" name="cartItemId" value="" tabindex="-1">\n            </div>\n            \n            <div class="js-form-cart-remove" manual="" ajaxpost="/cart/item/substract" callbackfunctionname="AddToCartList_callback">\n                <input type="hidden" name="cartItemId" value="" tabindex="-1">\n            </div>\n\n            <div class="in-cart_actions">\n                <button type="button" class="js-remove btn-remove" tabindex="-1">\n                    <i class="las la-trash"></i>\n                </button>\n                <button type="button" class="js-down btn-down" tabindex="-1">\n                    <i class="las la-minus"></i>\n                </button>\n                 \n                <label class="js-quantity">1</label>\n                \n                <button type="button" class="js-up btn-up" tabindex="-1">\n                    <i class="las la-plus"></i> \n                </button>\n            </div>\n        </div>\n\n  \n    <!--/ Actions -->\n</div></div></div><div class="slick-slide" data-slick-index="8" aria-hidden="true" style="width: 202px;" tabindex="-1"><div><div class=" product-list-item prod-layout-classic height-2 lazyLoad " data-product="8666" style="width: 100%; display: inline-block;">\n\n\n\n<div class="promotion_container">\n\n    <div class="promotion_label dis_10">\n\n        <div class="promotion_label-short " style="color:white;background:#2950a3;">\n\n            <span class="promotion_label-short-title">\n                \n                -10%\n                \n            </span>\n\n\n        </div>\n\n    </div>\n\n</div>\n\n\n<!-- Product container link -->\n    <a href="/shop/product/crema-facial-nivea-revitalizante-antiarrugas-con-aceite-de-argan-45-x-50-ml-WS8666" tabindex="-1">\n        <!-- Image wrapper -->\n        <span class="image kw-prodimage">\n\n            <!-- Primary image -->\n                <img class="kw-prodimage-img lazyload" data-src="https://cdn.batitienda.com/baticloud/images/product_34133a19d9b84a02a42038f9e35bb8f3_636979240986891461_0_m.webp" alt="Crema Facial Nivea Revitalizante  antiarrugas Con Aceite de Argán 45+ x 50 ml" title="Crema Facial Nivea Revitalizante  antiarrugas Con Aceite de Argán 45+ x 50 ml">\n\n                <!-- Secondary image -->\n                <img class="kw-prodimage-img-secondary lazyload" data-src="https://cdn.batitienda.com/baticloud/images/product_picture_4df2a64a660848048ba1e653c7c87ae3_637724447451659060_0_m.webp" alt="Crema Facial Nivea Revitalizante  antiarrugas Con Aceite de Argán 45+ x 50 ml alt" title="Crema Facial Nivea Revitalizante  antiarrugas Con Aceite de Argán 45+ x 50 ml alt">\n\n        </span>\n\n        <!-- Details -->\n        \n        <div class="details kw-details fixclear">\n        \n        \n\n            <span class="price">\n                <del>\n                    <span class="amount">  \n                        \n                     \n$3.366 <sup>76</sup>                    </span>\n                </del>\n                <span class="amount">\n                    \n                    \n$3.030 <sup>08</sup>                </span>\n            </span>\n\n\n\n        <!--/ Price -->\n        <!-- Title -->\n        <h3 class="kw-details-title">\n            <span class="child-top">\n                \n\n                Crema Facial Nivea Revitalizante  antiarrugas Con Aceite de Argán 45+ x 50 ml\n\n            </span>\n\n        </h3>\n\n            <!-- Badge container -->\n            <div class="new_badge-container">\n            </div>\n    </div>\n        <!--/ details fixclear -->\n    </a>\n    <!-- Product container link -->\n    <!-- Actions -->\n        <div class="add-to-cart-buttons on-list js-add-to-cart-list --not-in-cart" data-product="8666" data-cartitem="">\n            \n            <div class="js-form-product-add" manual="" ajaxpost="/shop/cart/item/add" callbackfunctionname="AddToCartList_callback">\n                <input type="hidden" name="ProductId" value="8666" tabindex="-1">\n                <input type="hidden" name="Quantity" value="1" tabindex="-1">\n            </div>\n\n            <div class="not-in-cart_actions">\n                <button type="button" class="js-product-add btn-add-first alt" data-product_id="4005900470928" data-product_name="Crema Facial Nivea Revitalizante  antiarrugas Con Aceite de Argán 45+ x 50 ml" data-product_brand="Nivea" data-product_category="Cuidado Facial" data-product_price="3030.08" tabindex="-1">\n                    <i class="las la-shopping-bag"></i>\n                    Agregar\n                </button>\n            </div>\n\n            <div class="js-form-cart-add" manual="" ajaxpost="/cart/item/add" callbackfunctionname="AddToCartList_callback">\n                <input type="hidden" name="cartItemId" value="" tabindex="-1">\n            </div>\n            \n            <div class="js-form-cart-remove" manual="" ajaxpost="/cart/item/substract" callbackfunctionname="AddToCartList_callback">\n                <input type="hidden" name="cartItemId" value="" tabindex="-1">\n            </div>\n\n            <div class="in-cart_actions">\n                <button type="button" class="js-remove btn-remove" tabindex="-1">\n                    <i class="las la-trash"></i>\n                </button>\n                <button type="button" class="js-down btn-down" tabindex="-1">\n                    <i class="las la-minus"></i>\n                </button>\n                 \n                <label class="js-quantity">1</label>\n                \n                <button type="button" class="js-up btn-up" tabindex="-1">\n                    <i class="las la-plus"></i> \n                </button>\n            </div>\n        </div>\n\n  \n    <!--/ Actions -->\n</div></div></div><div class="slick-slide" data-slick-index="9" aria-hidden="true" style="width: 202px;" tabindex="-1"><div><div class=" product-list-item prod-layout-classic height-2 lazyLoad " data-product="93291" style="width: 100%; display: inline-block;">\n\n\n\n<div class="promotion_container">\n\n    <div class="promotion_label dis_10">\n\n        <div class="promotion_label-short " style="color:white;background:#2950a3;">\n\n            <span class="promotion_label-short-title">\n                \n                -10%\n                \n            </span>\n\n\n        </div>\n\n    </div>\n\n</div>\n\n\n<!-- Product container link -->\n    <a href="/shop/product/desodorante-antitranspirante-nivea-men-fresh-ice-roll-on-x-50-ml-WS93291" tabindex="-1">\n        <!-- Image wrapper -->\n        <span class="image kw-prodimage">\n\n            <!-- Primary image -->\n                <img class="kw-prodimage-img lazyload" data-src="https://cdn.batitienda.com/baticloud/images/product_a310497ad0be4596a2aa6d2e8c26dcec_637439137296084566_0_m.webp" alt="Desodorante Antitranspirante Nivea Men Fresh Ice Roll On x 50 ml" title="Desodorante Antitranspirante Nivea Men Fresh Ice Roll On x 50 ml">\n\n\n        </span>\n\n        <!-- Details -->\n        \n        <div class="details kw-details fixclear">\n        \n        \n\n            <span class="price">\n                <del>\n                    <span class="amount">  \n                        \n                     \n$672 <sup>64</sup>                    </span>\n                </del>\n                <span class="amount">\n                    \n                    \n$605 <sup>38</sup>                </span>\n            </span>\n\n\n\n        <!--/ Price -->\n        <!-- Title -->\n        <h3 class="kw-details-title">\n            <span class="child-top">\n                \n\n                Desodorante Antitranspirante Nivea Men Fresh Ice Roll On x 50 ml\n\n            </span>\n\n        </h3>\n\n            <!-- Badge container -->\n            <div class="new_badge-container">\n            </div>\n    </div>\n        <!--/ details fixclear -->\n    </a>\n    <!-- Product container link -->\n    <!-- Actions -->\n        <div class="add-to-cart-buttons on-list js-add-to-cart-list --not-in-cart" data-product="93291" data-cartitem="">\n            \n            <div class="js-form-product-add" manual="" ajaxpost="/shop/cart/item/add" callbackfunctionname="AddToCartList_callback">\n                <input type="hidden" name="ProductId" value="93291" tabindex="-1">\n                <input type="hidden" name="Quantity" value="1" tabindex="-1">\n            </div>\n\n            <div class="not-in-cart_actions">\n                <button type="button" class="js-product-add btn-add-first alt" data-product_id="4005900517005" data-product_name="Desodorante Antitranspirante Nivea Men Fresh Ice Roll On x 50 ml" data-product_brand="Nivea" data-product_category="Desodorante Hombre" data-product_price="605.38" tabindex="-1">\n                    <i class="las la-shopping-bag"></i>\n                    Agregar\n                </button>\n            </div>\n\n            <div class="js-form-cart-add" manual="" ajaxpost="/cart/item/add" callbackfunctionname="AddToCartList_callback">\n                <input type="hidden" name="cartItemId" value="" tabindex="-1">\n            </div>\n            \n            <div class="js-form-cart-remove" manual="" ajaxpost="/cart/item/substract" callbackfunctionname="AddToCartList_callback">\n                <input type="hidden" name="cartItemId" value="" tabindex="-1">\n            </div>\n\n            <div class="in-cart_actions">\n                <button type="button" class="js-remove btn-remove" tabindex="-1">\n                    <i class="las la-trash"></i>\n                </button>\n                <button type="button" class="js-down btn-down" tabindex="-1">\n                    <i class="las la-minus"></i>\n                </button>\n                 \n                <label class="js-quantity">1</label>\n                \n                <button type="button" class="js-up btn-up" tabindex="-1">\n                    <i class="las la-plus"></i> \n                </button>\n            </div>\n        </div>\n\n  \n    <!--/ Actions -->\n</div></div></div><div class="slick-slide" data-slick-index="10" aria-hidden="true" style="width: 202px;" tabindex="-1"><div><div class=" product-list-item prod-layout-classic height-2 lazyLoad " data-product="426927" style="width: 100%; display: inline-block;">\n\n\n\n<div class="promotion_container">\n\n    <div class="promotion_label dis_10">\n\n        <div class="promotion_label-short " style="color:white;background:#2950a3;">\n\n            <span class="promotion_label-short-title">\n                \n                -10%\n                \n            </span>\n\n\n        </div>\n\n    </div>\n\n</div>\n\n\n<!-- Product container link -->\n    <a href="/shop/product/desodorante-antitranspirante-nivea-men-antibacterial-spray-x-150-ml-WS426927" tabindex="-1">\n        <!-- Image wrapper -->\n        <span class="image kw-prodimage">\n\n            <!-- Primary image -->\n                <img class="kw-prodimage-img lazyload" data-src="https://cdn.batitienda.com/baticloud/images/product_picture_1538e361d3db493bac765a6315fb6e1c_637724433914525391_0_m.webp" alt="Desodorante Antitranspirante Nivea Men Antibacterial Spray x 150 ml" title="Desodorante Antitranspirante Nivea Men Antibacterial Spray x 150 ml">\n\n\n        </span>\n\n        <!-- Details -->\n        \n        <div class="details kw-details fixclear">\n        \n        \n\n            <span class="price">\n                <del>\n                    <span class="amount">  \n                        \n                     \n$906 <sup>46</sup>                    </span>\n                </del>\n                <span class="amount">\n                    \n                    \n$815 <sup>81</sup>                </span>\n            </span>\n\n\n\n        <!--/ Price -->\n        <!-- Title -->\n        <h3 class="kw-details-title">\n            <span class="child-top">\n                \n\n                Desodorante Antitranspirante Nivea Men Antibacterial Spray x 150 ml\n\n            </span>\n\n        </h3>\n\n            <!-- Badge container -->\n            <div class="new_badge-container">\n            </div>\n    </div>\n        <!--/ details fixclear -->\n    </a>\n    <!-- Product container link -->\n    <!-- Actions -->\n        <div class="add-to-cart-buttons on-list js-add-to-cart-list --not-in-cart" data-product="426927" data-cartitem="">\n            \n            <div class="js-form-product-add" manual="" ajaxpost="/shop/cart/item/add" callbackfunctionname="AddToCartList_callback">\n                <input type="hidden" name="ProductId" value="426927" tabindex="-1">\n                <input type="hidden" name="Quantity" value="1" tabindex="-1">\n            </div>\n\n            <div class="not-in-cart_actions">\n                <button type="button" class="js-product-add btn-add-first alt" data-product_id="4005900907264" data-product_name="Desodorante Antitranspirante Nivea Men Antibacterial Spray x 150 ml" data-product_brand="Nivea" data-product_category="Desodorante Hombre" data-product_price="815.81" tabindex="-1">\n                    <i class="las la-shopping-bag"></i>\n                    Agregar\n                </button>\n            </div>\n\n            <div class="js-form-cart-add" manual="" ajaxpost="/cart/item/add" callbackfunctionname="AddToCartList_callback">\n                <input type="hidden" name="cartItemId" value="" tabindex="-1">\n            </div>\n            \n            <div class="js-form-cart-remove" manual="" ajaxpost="/cart/item/substract" callbackfunctionname="AddToCartList_callback">\n                <input type="hidden" name="cartItemId" value="" tabindex="-1">\n            </div>\n\n            <div class="in-cart_actions">\n                <button type="button" class="js-remove btn-remove" tabindex="-1">\n                    <i class="las la-trash"></i>\n                </button>\n                <button type="button" class="js-down btn-down" tabindex="-1">\n                    <i class="las la-minus"></i>\n                </button>\n                 \n                <label class="js-quantity">1</label>\n                \n                <button type="button" class="js-up btn-up" tabindex="-1">\n                    <i class="las la-plus"></i> \n                </button>\n            </div>\n        </div>\n\n  \n    <!--/ Actions -->\n</div></div></div><div class="slick-slide" data-slick-index="11" aria-hidden="true" style="width: 202px;" tabindex="-1"><div><div class=" product-list-item prod-layout-classic height-2 lazyLoad " data-product="88786" style="width: 100%; display: inline-block;">\n\n\n\n<div class="promotion_container">\n\n    <div class="promotion_label dis_10">\n\n        <div class="promotion_label-short " style="color:white;background:#2950a3;">\n\n            <span class="promotion_label-short-title">\n                \n                -10%\n                \n            </span>\n\n\n        </div>\n\n    </div>\n\n</div>\n\n\n<!-- Product container link -->\n    <a href="/shop/product/desodorante-antitranspirante-nivea-femenino-protect-care-roll-on-x-50-ml-WS88786" tabindex="-1">\n        <!-- Image wrapper -->\n        <span class="image kw-prodimage">\n\n            <!-- Primary image -->\n                <img class="kw-prodimage-img lazyload" data-src="https://cdn.batitienda.com/baticloud/images/product_793e5d0d9fc74b3a9713d7fe8aafd659_637436526864833123_0_m.webp" alt="Desodorante Antitranspirante Nivea Femenino Protect &amp; Care Roll On x 50 ml" title="Desodorante Antitranspirante Nivea Femenino Protect &amp; Care Roll On x 50 ml">\n\n\n        </span>\n\n        <!-- Details -->\n        \n        <div class="details kw-details fixclear">\n        \n        \n\n            <span class="price">\n                <del>\n                    <span class="amount">  \n                        \n                     \n$716 <sup>21</sup>                    </span>\n                </del>\n                <span class="amount">\n                    \n                    \n$644 <sup>59</sup>                </span>\n            </span>\n\n\n\n        <!--/ Price -->\n        <!-- Title -->\n        <h3 class="kw-details-title">\n            <span class="child-top">\n                \n\n                Desodorante Antitranspirante Nivea Femenino Protect &amp; Care Roll On x 50 ml\n\n            </span>\n\n        </h3>\n\n            <!-- Badge container -->\n            <div class="new_badge-container">\n            </div>\n    </div>\n        <!--/ details fixclear -->\n    </a>\n    <!-- Product container link -->\n    <!-- Actions -->\n        <div class="add-to-cart-buttons on-list js-add-to-cart-list --not-in-cart" data-product="88786" data-cartitem="">\n            \n            <div class="js-form-product-add" manual="" ajaxpost="/shop/cart/item/add" callbackfunctionname="AddToCartList_callback">\n                <input type="hidden" name="ProductId" value="88786" tabindex="-1">\n                <input type="hidden" name="Quantity" value="1" tabindex="-1">\n            </div>\n\n            <div class="not-in-cart_actions">\n                <button type="button" class="js-product-add btn-add-first alt" data-product_id="4005900130785" data-product_name="Desodorante Antitranspirante Nivea Femenino Protect &amp; Care Roll On x 50 ml" data-product_brand="Nivea" data-product_category="Desodorante Mujer" data-product_price="644.59" tabindex="-1">\n                    <i class="las la-shopping-bag"></i>\n                    Agregar\n                </button>\n            </div>\n\n            <div class="js-form-cart-add" manual="" ajaxpost="/cart/item/add" callbackfunctionname="AddToCartList_callback">\n                <input type="hidden" name="cartItemId" value="" tabindex="-1">\n            </div>\n            \n            <div class="js-form-cart-remove" manual="" ajaxpost="/cart/item/substract" callbackfunctionname="AddToCartList_callback">\n                <input type="hidden" name="cartItemId" value="" tabindex="-1">\n            </div>\n\n            <div class="in-cart_actions">\n                <button type="button" class="js-remove btn-remove" tabindex="-1">\n                    <i class="las la-trash"></i>\n                </button>\n                <button type="button" class="js-down btn-down" tabindex="-1">\n                    <i class="las la-minus"></i>\n                </button>\n                 \n                <label class="js-quantity">1</label>\n                \n                <button type="button" class="js-up btn-up" tabindex="-1">\n                    <i class="las la-plus"></i> \n                </button>\n            </div>\n        </div>\n\n  \n    <!--/ Actions -->\n</div></div></div><div class="slick-slide slick-cloned" data-slick-index="12" aria-hidden="true" style="width: 202px;" tabindex="-1"><div><div class=" product-list-item prod-layout-classic height-2 lazyLoad " data-product="1177283" style="width: 100%; display: inline-block;">\n\n\n\n<div class="promotion_container">\n\n    <div class="promotion_label dis_25">\n\n        <div class="promotion_label-short " style="color:white;background:#2950a3;">\n\n            <span class="promotion_label-short-title">\n                \n                -25%\n                \n            </span>\n\n\n        </div>\n\n    </div>\n\n</div>\n\n\n<!-- Product container link -->\n    <a href="/shop/product/gel-limpieza-aveno-x-250gr-WS1177283" tabindex="-1">\n        <!-- Image wrapper -->\n        <span class="image kw-prodimage">\n\n            <!-- Primary image -->\n                <img class="kw-prodimage-img lazyload" data-src="https://cdn.batitienda.com/baticloud/images/product_picture_d9dbea61cd214c5bb8959cb36c94a79a_638133233065899894_0_m.webp" alt="Gel Limpieza Aveno x 250gr" title="Gel Limpieza Aveno x 250gr">\n\n                <!-- Secondary image -->\n                <img class="kw-prodimage-img-secondary lazyload" data-src="https://cdn.batitienda.com/baticloud/images/product_picture_04278ca1c9ae46eba0ae6dd7a223f91f_638133233228149278_0_m.webp" alt="Gel Limpieza Aveno x 250gr alt" title="Gel Limpieza Aveno x 250gr alt">\n\n        </span>\n\n        <!-- Details -->\n        \n        <div class="details kw-details fixclear">\n        \n        \n\n            <span class="price">\n                <del>\n                    <span class="amount">  \n                        \n                     \n$7.176 <sup>85</sup>                    </span>\n                </del>\n                <span class="amount">\n                    \n                    \n$5.382 <sup>64</sup>                </span>\n            </span>\n\n\n\n        <!--/ Price -->\n        <!-- Title -->\n        <h3 class="kw-details-title">\n            <span class="child-top">\n                \n\n                Gel Limpieza Aveno x 250gr\n\n            </span>\n\n        </h3>\n\n            <!-- Badge container -->\n            <div class="new_badge-container">\n            </div>\n    </div>\n        <!--/ details fixclear -->\n    </a>\n    <!-- Product container link -->\n    <!-- Actions -->\n        <div class="add-to-cart-buttons on-list js-add-to-cart-list --not-in-cart" data-product="1177283" data-cartitem="">\n            \n            <div class="js-form-product-add" manual="" ajaxpost="/shop/cart/item/add" callbackfunctionname="AddToCartList_callback">\n                <input type="hidden" name="ProductId" value="1177283" tabindex="-1">\n                <input type="hidden" name="Quantity" value="1" tabindex="-1">\n            </div>\n\n            <div class="not-in-cart_actions">\n                <button type="button" class="js-product-add btn-add-first alt" data-product_id="7793742005459" data-product_name="Gel Limpieza Aveno x 250gr" data-product_brand="Aveno" data-product_category="Cuidado Corporal" data-product_price="5382.64" tabindex="-1">\n                    <i class="las la-shopping-bag"></i>\n                    Agregar\n                </button>\n            </div>\n\n            <div class="js-form-cart-add" manual="" ajaxpost="/cart/item/add" callbackfunctionname="AddToCartList_callback">\n                <input type="hidden" name="cartItemId" value="" tabindex="-1">\n            </div>\n            \n            <div class="js-form-cart-remove" manual="" ajaxpost="/cart/item/substract" callbackfunctionname="AddToCartList_callback">\n                <input type="hidden" name="cartItemId" value="" tabindex="-1">\n            </div>\n\n            <div class="in-cart_actions">\n                <button type="button" class="js-remove btn-remove" tabindex="-1">\n                    <i class="las la-trash"></i>\n                </button>\n                <button type="button" class="js-down btn-down" tabindex="-1">\n                    <i class="las la-minus"></i>\n                </button>\n                 \n                <label class="js-quantity">1</label>\n                \n                <button type="button" class="js-up btn-up" tabindex="-1">\n                    <i class="las la-plus"></i> \n                </button>\n            </div>\n        </div>\n\n  \n    <!--/ Actions -->\n</div></div></div><div class="slick-slide slick-cloned" data-slick-index="13" aria-hidden="true" style="width: 202px;" tabindex="-1"><div><div class=" product-list-item prod-layout-classic height-2 lazyLoad " data-product="8604" style="width: 100%; display: inline-block;">\n\n\n\n<div class="promotion_container">\n\n    <div class="promotion_label dis_30">\n\n        <div class="promotion_label-short " style="color:white;background:#2950a3;">\n\n            <span class="promotion_label-short-title">\n                \n                -30%\n                \n            </span>\n\n\n        </div>\n\n    </div>\n\n</div>\n\n\n<!-- Product container link -->\n    <a href="/shop/product/crema-corporal-dermaglos-hidratacion-profunda-x-200-gr-WS8604" tabindex="-1">\n        <!-- Image wrapper -->\n        <span class="image kw-prodimage">\n\n            <!-- Primary image -->\n                <img class="kw-prodimage-img lazyload" data-src="https://cdn.batitienda.com/baticloud/images/product_picture_fb7c7e61e81c4db19430f601ef0f3c10_637734422228372632_0_m.webp" alt="Crema Corporal Dermaglos Hidratación Profunda x 200 gr" title="Crema Corporal Dermaglos Hidratación Profunda x 200 gr">\n\n\n        </span>\n\n        <!-- Details -->\n        \n        <div class="details kw-details fixclear">\n        \n        \n\n            <span class="price">\n                <del>\n                    <span class="amount">  \n                        \n                     \n$6.951 <sup>93</sup>                    </span>\n                </del>\n                <span class="amount">\n                    \n                    \n$4.866 <sup>35</sup>                </span>\n            </span>\n\n\n\n        <!--/ Price -->\n        <!-- Title -->\n        <h3 class="kw-details-title">\n            <span class="child-top">\n                \n\n                Crema Corporal Dermaglos Hidratación Profunda x 200 gr\n\n            </span>\n\n        </h3>\n\n            <!-- Badge container -->\n            <div class="new_badge-container">\n            </div>\n    </div>\n        <!--/ details fixclear -->\n    </a>\n    <!-- Product container link -->\n    <!-- Actions -->\n        <div class="add-to-cart-buttons on-list js-add-to-cart-list --not-in-cart" data-product="8604" data-cartitem="">\n            \n            <div class="js-form-product-add" manual="" ajaxpost="/shop/cart/item/add" callbackfunctionname="AddToCartList_callback">\n                <input type="hidden" name="ProductId" value="8604" tabindex="-1">\n                <input type="hidden" name="Quantity" value="1" tabindex="-1">\n            </div>\n\n            <div class="not-in-cart_actions">\n                <button type="button" class="js-product-add btn-add-first alt" data-product_id="7793742007774" data-product_name="Crema Corporal Dermaglos Hidratación Profunda x 200 gr" data-product_brand="Dermaglós" data-product_category="Cuidado Corporal" data-product_price="4866.35" tabindex="-1">\n                    <i class="las la-shopping-bag"></i>\n                    Agregar\n                </button>\n            </div>\n\n            <div class="js-form-cart-add" manual="" ajaxpost="/cart/item/add" callbackfunctionname="AddToCartList_callback">\n                <input type="hidden" name="cartItemId" value="" tabindex="-1">\n            </div>\n            \n            <div class="js-form-cart-remove" manual="" ajaxpost="/cart/item/substract" callbackfunctionname="AddToCartList_callback">\n                <input type="hidden" name="cartItemId" value="" tabindex="-1">\n            </div>\n\n            <div class="in-cart_actions">\n                <button type="button" class="js-remove btn-remove" tabindex="-1">\n                    <i class="las la-trash"></i>\n                </button>\n                <button type="button" class="js-down btn-down" tabindex="-1">\n                    <i class="las la-minus"></i>\n                </button>\n                 \n                <label class="js-quantity">1</label>\n                \n                <button type="button" class="js-up btn-up" tabindex="-1">\n                    <i class="las la-plus"></i> \n                </button>\n            </div>\n        </div>\n\n  \n    <!--/ Actions -->\n</div></div></div><div class="slick-slide slick-cloned" data-slick-index="14" aria-hidden="true" style="width: 202px;" tabindex="-1"><div><div class=" product-list-item prod-layout-classic height-2 lazyLoad " data-product="88780" style="width: 100%; display: inline-block;">\n\n\n\n<div class="promotion_container">\n\n    <div class="promotion_label dis_10">\n\n        <div class="promotion_label-short " style="color:white;background:#2950a3;">\n\n            <span class="promotion_label-short-title">\n                \n                -10%\n                \n            </span>\n\n\n        </div>\n\n    </div>\n\n</div>\n\n\n<!-- Product container link -->\n    <a href="/shop/product/crema-hidratante-intensiva-nivea-soft-para-todo-tipo-de-piel-x-100-ml-WS88780" tabindex="-1">\n        <!-- Image wrapper -->\n        <span class="image kw-prodimage">\n\n            <!-- Primary image -->\n                <img class="kw-prodimage-img lazyload" data-src="https://cdn.batitienda.com/baticloud/images/product_ee24eb3101224b3ea87d004948cbb9f3_637436487035635130_0_m.webp" alt="Crema Hidratante Intensiva Nivea Soft Para Todo Tipo de Piel x 100 ml" title="Crema Hidratante Intensiva Nivea Soft Para Todo Tipo de Piel x 100 ml">\n\n\n        </span>\n\n        <!-- Details -->\n        \n        <div class="details kw-details fixclear">\n        \n        \n\n            <span class="price">\n                <del>\n                    <span class="amount">  \n                        \n                     \n$1.290 <sup>95</sup>                    </span>\n                </del>\n                <span class="amount">\n                    \n                    \n$1.161 <sup>86</sup>                </span>\n            </span>\n\n\n\n        <!--/ Price -->\n        <!-- Title -->\n        <h3 class="kw-details-title">\n            <span class="child-top">\n                \n\n                Crema Hidratante Intensiva Nivea Soft Para Todo Tipo de Piel x 100 ml\n\n            </span>\n\n        </h3>\n\n            <!-- Badge container -->\n            <div class="new_badge-container">\n            </div>\n    </div>\n        <!--/ details fixclear -->\n    </a>\n    <!-- Product container link -->\n    <!-- Actions -->\n        <div class="add-to-cart-buttons on-list js-add-to-cart-list --not-in-cart" data-product="88780" data-cartitem="">\n            \n            <div class="js-form-product-add" manual="" ajaxpost="/shop/cart/item/add" callbackfunctionname="AddToCartList_callback">\n                <input type="hidden" name="ProductId" value="88780" tabindex="-1">\n                <input type="hidden" name="Quantity" value="1" tabindex="-1">\n            </div>\n\n            <div class="not-in-cart_actions">\n                <button type="button" class="js-product-add btn-add-first alt" data-product_id="4005808890590" data-product_name="Crema Hidratante Intensiva Nivea Soft Para Todo Tipo de Piel x 100 ml" data-product_brand="Nivea" data-product_category="Cuidado Corporal" data-product_price="1161.86" tabindex="-1">\n                    <i class="las la-shopping-bag"></i>\n                    Agregar\n                </button>\n            </div>\n\n            <div class="js-form-cart-add" manual="" ajaxpost="/cart/item/add" callbackfunctionname="AddToCartList_callback">\n                <input type="hidden" name="cartItemId" value="" tabindex="-1">\n            </div>\n            \n            <div class="js-form-cart-remove" manual="" ajaxpost="/cart/item/substract" callbackfunctionname="AddToCartList_callback">\n                <input type="hidden" name="cartItemId" value="" tabindex="-1">\n            </div>\n\n            <div class="in-cart_actions">\n                <button type="button" class="js-remove btn-remove" tabindex="-1">\n                    <i class="las la-trash"></i>\n                </button>\n                <button type="button" class="js-down btn-down" tabindex="-1">\n                    <i class="las la-minus"></i>\n                </button>\n                 \n                <label class="js-quantity">1</label>\n                \n                <button type="button" class="js-up btn-up" tabindex="-1">\n                    <i class="las la-plus"></i> \n                </button>\n            </div>\n        </div>\n\n  \n    <!--/ Actions -->\n</div></div></div><div class="slick-slide slick-cloned" data-slick-index="15" aria-hidden="true" style="width: 202px;" tabindex="-1"><div><div class=" product-list-item prod-layout-classic height-2 lazyLoad " data-product="93303" style="width: 100%; display: inline-block;">\n\n\n\n<div class="promotion_container">\n\n    <div class="promotion_label dis_10">\n\n        <div class="promotion_label-short " style="color:white;background:#2950a3;">\n\n            <span class="promotion_label-short-title">\n                \n                -10%\n                \n            </span>\n\n\n        </div>\n\n    </div>\n\n</div>\n\n\n<!-- Product container link -->\n    <a href="/shop/product/locion-corporal-nivea-vainilla-y-aceite-de-almendras-piel-normal-a-seca-x-400-ml-WS93303" tabindex="-1">\n        <!-- Image wrapper -->\n        <span class="image kw-prodimage">\n\n            <!-- Primary image -->\n                <img class="kw-prodimage-img lazyload" data-src="https://cdn.batitienda.com/baticloud/images/product_9d318a71f80a41869f2b2dd13660fe98_637439146958013209_0_m.webp" alt="Loción Corporal Nivea Vainilla Y Aceite de Almendras Piel Normal a Seca x 400 ml" title="Loción Corporal Nivea Vainilla Y Aceite de Almendras Piel Normal a Seca x 400 ml">\n\n\n        </span>\n\n        <!-- Details -->\n        \n        <div class="details kw-details fixclear">\n        \n        \n\n            <span class="price">\n                <del>\n                    <span class="amount">  \n                        \n                     \n$1.960 <sup>72</sup>                    </span>\n                </del>\n                <span class="amount">\n                    \n                    \n$1.764 <sup>65</sup>                </span>\n            </span>\n\n\n\n        <!--/ Price -->\n        <!-- Title -->\n        <h3 class="kw-details-title">\n            <span class="child-top">\n                \n\n                Loción Corporal Nivea Vainilla Y Aceite de Almendras Piel Normal a Seca x 400 ml\n\n            </span>\n\n        </h3>\n\n            <!-- Badge container -->\n            <div class="new_badge-container">\n            </div>\n    </div>\n        <!--/ details fixclear -->\n    </a>\n    <!-- Product container link -->\n    <!-- Actions -->\n        <div class="add-to-cart-buttons on-list js-add-to-cart-list --not-in-cart" data-product="93303" data-cartitem="">\n            \n            <div class="js-form-product-add" manual="" ajaxpost="/shop/cart/item/add" callbackfunctionname="AddToCartList_callback">\n                <input type="hidden" name="ProductId" value="93303" tabindex="-1">\n                <input type="hidden" name="Quantity" value="1" tabindex="-1">\n            </div>\n\n            <div class="not-in-cart_actions">\n                <button type="button" class="js-product-add btn-add-first alt" data-product_id="4005900399946" data-product_name="Loción Corporal Nivea Vainilla Y Aceite de Almendras Piel Normal a Seca x 400 ml" data-product_brand="Nivea" data-product_category="Cuidado Corporal" data-product_price="1764.65" tabindex="-1">\n                    <i class="las la-shopping-bag"></i>\n                    Agregar\n                </button>\n            </div>\n\n            <div class="js-form-cart-add" manual="" ajaxpost="/cart/item/add" callbackfunctionname="AddToCartList_callback">\n                <input type="hidden" name="cartItemId" value="" tabindex="-1">\n            </div>\n            \n            <div class="js-form-cart-remove" manual="" ajaxpost="/cart/item/substract" callbackfunctionname="AddToCartList_callback">\n                <input type="hidden" name="cartItemId" value="" tabindex="-1">\n            </div>\n\n            <div class="in-cart_actions">\n                <button type="button" class="js-remove btn-remove" tabindex="-1">\n                    <i class="las la-trash"></i>\n                </button>\n                <button type="button" class="js-down btn-down" tabindex="-1">\n                    <i class="las la-minus"></i>\n                </button>\n                 \n                <label class="js-quantity">1</label>\n                \n                <button type="button" class="js-up btn-up" tabindex="-1">\n                    <i class="las la-plus"></i> \n                </button>\n            </div>\n        </div>\n\n  \n    <!--/ Actions -->\n</div></div></div><div class="slick-slide slick-cloned" data-slick-index="16" aria-hidden="true" style="width: 202px;" tabindex="-1"><div><div class=" product-list-item prod-layout-classic height-2 lazyLoad " data-product="43893" style="width: 100%; display: inline-block;">\n\n\n\n<div class="promotion_container">\n\n    <div class="promotion_label dis_20">\n\n        <div class="promotion_label-short " style="color:white;background:#2950a3;">\n\n            <span class="promotion_label-short-title">\n                \n                -20%\n                \n            </span>\n\n\n        </div>\n\n    </div>\n\n</div>\n\n\n<!-- Product container link -->\n    <a href="/shop/product/emulsion-corporal-perpiel-absorcion-inmediata-con-fragancia-x-400-gr-WS43893" tabindex="-1">\n        <!-- Image wrapper -->\n        <span class="image kw-prodimage">\n\n            <!-- Primary image -->\n                <img class="kw-prodimage-img lazyload" data-src="https://cdn.batitienda.com/baticloud/images/product_picture_d3ebf3db099f40adbc4b2acc582dc5ac_638175873827205854_0_m.webp" alt="Emulsión Corporal Perpiel Absorción Inmediata Con Fragancia x 400 gr" title="Emulsión Corporal Perpiel Absorción Inmediata Con Fragancia x 400 gr">\n\n\n        </span>\n\n        <!-- Details -->\n        \n        <div class="details kw-details fixclear">\n        \n        \n\n            <span class="price">\n                <del>\n                    <span class="amount">  \n                        \n                     \n$5.629 <sup>27</sup>                    </span>\n                </del>\n                <span class="amount">\n                    \n                    \n$4.503 <sup>42</sup>                </span>\n            </span>\n\n\n\n        <!--/ Price -->\n        <!-- Title -->\n        <h3 class="kw-details-title">\n            <span class="child-top">\n                \n\n                Emulsión Corporal Perpiel Absorción Inmediata Con Fragancia x 400 gr\n\n            </span>\n\n        </h3>\n\n            <!-- Badge container -->\n            <div class="new_badge-container">\n            </div>\n    </div>\n        <!--/ details fixclear -->\n    </a>\n    <!-- Product container link -->\n    <!-- Actions -->\n        <div class="add-to-cart-buttons on-list js-add-to-cart-list --not-in-cart" data-product="43893" data-cartitem="">\n            \n            <div class="js-form-product-add" manual="" ajaxpost="/shop/cart/item/add" callbackfunctionname="AddToCartList_callback">\n                <input type="hidden" name="ProductId" value="43893" tabindex="-1">\n                <input type="hidden" name="Quantity" value="1" tabindex="-1">\n            </div>\n\n            <div class="not-in-cart_actions">\n                <button type="button" class="js-product-add btn-add-first alt" data-product_id="7792175009775" data-product_name="Emulsión Corporal Perpiel Absorción Inmediata Con Fragancia x 400 gr" data-product_brand="PerPiel" data-product_category="Cuidado Corporal" data-product_price="4503.42" tabindex="-1">\n                    <i class="las la-shopping-bag"></i>\n                    Agregar\n                </button>\n            </div>\n\n            <div class="js-form-cart-add" manual="" ajaxpost="/cart/item/add" callbackfunctionname="AddToCartList_callback">\n                <input type="hidden" name="cartItemId" value="" tabindex="-1">\n            </div>\n            \n            <div class="js-form-cart-remove" manual="" ajaxpost="/cart/item/substract" callbackfunctionname="AddToCartList_callback">\n                <input type="hidden" name="cartItemId" value="" tabindex="-1">\n            </div>\n\n            <div class="in-cart_actions">\n                <button type="button" class="js-remove btn-remove" tabindex="-1">\n                    <i class="las la-trash"></i>\n                </button>\n                <button type="button" class="js-down btn-down" tabindex="-1">\n                    <i class="las la-minus"></i>\n                </button>\n                 \n                <label class="js-quantity">1</label>\n                \n                <button type="button" class="js-up btn-up" tabindex="-1">\n                    <i class="las la-plus"></i> \n                </button>\n            </div>\n        </div>\n\n  \n    <!--/ Actions -->\n</div></div></div><div class="slick-slide slick-cloned" data-slick-index="17" aria-hidden="true" style="width: 202px;" tabindex="-1"><div><div class=" product-list-item prod-layout-classic height-2 lazyLoad " data-product="125763" style="width: 100%; display: inline-block;">\n\n\n\n<div class="promotion_container">\n\n    <div class="promotion_label dis_25">\n\n        <div class="promotion_label-short " style="color:white;background:#2950a3;">\n\n            <span class="promotion_label-short-title">\n                \n                -25%\n                \n            </span>\n\n\n        </div>\n\n    </div>\n\n</div>\n\n\n<!-- Product container link -->\n    <a href="/shop/product/voltaren-emulgel-analgesico-antiinflamatorio-pomo-x-30gr-WS125763" tabindex="-1">\n        <!-- Image wrapper -->\n        <span class="image kw-prodimage">\n\n            <!-- Primary image -->\n                <img class="kw-prodimage-img lazyload" data-src="https://cdn.batitienda.com/baticloud/images/product_5d2918e96c644185b9f62f0c475bcb7f_637528867769465180_0_m.webp" alt="Voltaren Emulgel Analgésico Antiinflamatorio Pomo x 30gr" title="Voltaren Emulgel Analgésico Antiinflamatorio Pomo x 30gr">\n\n\n        </span>\n\n        <!-- Details -->\n        \n        <div class="details kw-details fixclear">\n        \n        \n\n            <span class="price">\n                <del>\n                    <span class="amount">  \n                        \n                     \n$3.140 <sup>86</sup>                    </span>\n                </del>\n                <span class="amount">\n                    \n                    \n$2.355 <sup>65</sup>                </span>\n            </span>\n\n\n\n        <!--/ Price -->\n        <!-- Title -->\n        <h3 class="kw-details-title">\n            <span class="child-top">\n                \n\n                Voltaren Emulgel Analgésico Antiinflamatorio Pomo x 30gr\n\n            </span>\n\n        </h3>\n\n            <!-- Badge container -->\n            <div class="new_badge-container">\n            </div>\n    </div>\n        <!--/ details fixclear -->\n    </a>\n    <!-- Product container link -->\n    <!-- Actions -->\n        <div class="add-to-cart-buttons on-list js-add-to-cart-list --not-in-cart" data-product="125763" data-cartitem="">\n            \n            <div class="js-form-product-add" manual="" ajaxpost="/shop/cart/item/add" callbackfunctionname="AddToCartList_callback">\n                <input type="hidden" name="ProductId" value="125763" tabindex="-1">\n                <input type="hidden" name="Quantity" value="1" tabindex="-1">\n            </div>\n\n            <div class="not-in-cart_actions">\n                <button type="button" class="js-product-add btn-add-first alt" data-product_id="7794640172168" data-product_name="Voltaren Emulgel Analgésico Antiinflamatorio Pomo x 30gr" data-product_brand="voltaren" data-product_category="Cuidado Corporal" data-product_price="2355.65" tabindex="-1">\n                    <i class="las la-shopping-bag"></i>\n                    Agregar\n                </button>\n            </div>\n\n            <div class="js-form-cart-add" manual="" ajaxpost="/cart/item/add" callbackfunctionname="AddToCartList_callback">\n                <input type="hidden" name="cartItemId" value="" tabindex="-1">\n            </div>\n            \n            <div class="js-form-cart-remove" manual="" ajaxpost="/cart/item/substract" callbackfunctionname="AddToCartList_callback">\n                <input type="hidden" name="cartItemId" value="" tabindex="-1">\n            </div>\n\n            <div class="in-cart_actions">\n                <button type="button" class="js-remove btn-remove" tabindex="-1">\n                    <i class="las la-trash"></i>\n                </button>\n                <button type="button" class="js-down btn-down" tabindex="-1">\n                    <i class="las la-minus"></i>\n                </button>\n                 \n                <label class="js-quantity">1</label>\n                \n                <button type="button" class="js-up btn-up" tabindex="-1">\n                    <i class="las la-plus"></i> \n                </button>\n            </div>\n        </div>\n\n  \n    <!--/ Actions -->\n</div></div></div><div class="slick-slide slick-cloned" data-slick-index="18" aria-hidden="true" style="width: 202px;" tabindex="-1"><div><div class=" product-list-item prod-layout-classic height-2 lazyLoad " data-product="88721" style="width: 100%; display: inline-block;">\n\n\n\n<div class="promotion_container">\n\n    <div class="promotion_label dis_10">\n\n        <div class="promotion_label-short " style="color:white;background:#2950a3;">\n\n            <span class="promotion_label-short-title">\n                \n                -10%\n                \n            </span>\n\n\n        </div>\n\n    </div>\n\n</div>\n\n\n<!-- Product container link -->\n    <a href="/shop/product/toallitas-desmaquillantes-nivea-3-en-1-para-piel-seca-x-25-unid-WS88721" tabindex="-1">\n        <!-- Image wrapper -->\n        <span class="image kw-prodimage">\n\n            <!-- Primary image -->\n                <img class="kw-prodimage-img lazyload" data-src="https://cdn.batitienda.com/baticloud/images/product_picture_2499adc17d9d4697807d573a9bbd512e_637648082989563524_0_m.webp" alt="Toallitas Desmaquillantes Nivea 3 en 1  Para Piel Seca x 25 unid" title="Toallitas Desmaquillantes Nivea 3 en 1  Para Piel Seca x 25 unid">\n\n\n        </span>\n\n        <!-- Details -->\n        \n        <div class="details kw-details fixclear">\n        \n        \n\n            <span class="price">\n                <del>\n                    <span class="amount">  \n                        \n                     \n$1.523 <sup>31</sup>                    </span>\n                </del>\n                <span class="amount">\n                    \n                    \n$1.370 <sup>98</sup>                </span>\n            </span>\n\n\n\n        <!--/ Price -->\n        <!-- Title -->\n        <h3 class="kw-details-title">\n            <span class="child-top">\n                \n\n                Toallitas Desmaquillantes Nivea 3 en 1  Para Piel Seca x 25 unid\n\n            </span>\n\n        </h3>\n\n            <!-- Badge container -->\n            <div class="new_badge-container">\n            </div>\n    </div>\n        <!--/ details fixclear -->\n    </a>\n    <!-- Product container link -->\n    <!-- Actions -->\n        <div class="add-to-cart-buttons on-list js-add-to-cart-list --not-in-cart" data-product="88721" data-cartitem="">\n            \n            <div class="js-form-product-add" manual="" ajaxpost="/shop/cart/item/add" callbackfunctionname="AddToCartList_callback">\n                <input type="hidden" name="ProductId" value="88721" tabindex="-1">\n                <input type="hidden" name="Quantity" value="1" tabindex="-1">\n            </div>\n\n            <div class="not-in-cart_actions">\n                <button type="button" class="js-product-add btn-add-first alt" data-product_id="4005808185276,4005900985811" data-product_name="Toallitas Desmaquillantes Nivea 3 en 1  Para Piel Seca x 25 unid" data-product_brand="Nivea" data-product_category="Cuidado Facial" data-product_price="1370.98" tabindex="-1">\n                    <i class="las la-shopping-bag"></i>\n                    Agregar\n                </button>\n            </div>\n\n            <div class="js-form-cart-add" manual="" ajaxpost="/cart/item/add" callbackfunctionname="AddToCartList_callback">\n                <input type="hidden" name="cartItemId" value="" tabindex="-1">\n            </div>\n            \n            <div class="js-form-cart-remove" manual="" ajaxpost="/cart/item/substract" callbackfunctionname="AddToCartList_callback">\n                <input type="hidden" name="cartItemId" value="" tabindex="-1">\n            </div>\n\n            <div class="in-cart_actions">\n                <button type="button" class="js-remove btn-remove" tabindex="-1">\n                    <i class="las la-trash"></i>\n                </button>\n                <button type="button" class="js-down btn-down" tabindex="-1">\n                    <i class="las la-minus"></i>\n                </button>\n                 \n                <label class="js-quantity">1</label>\n                \n                <button type="button" class="js-up btn-up" tabindex="-1">\n                    <i class="las la-plus"></i> \n                </button>\n            </div>\n        </div>\n\n  \n    <!--/ Actions -->\n</div></div></div><div class="slick-slide slick-cloned" data-slick-index="19" aria-hidden="true" style="width: 202px;" tabindex="-1"><div><div class=" product-list-item prod-layout-classic height-2 lazyLoad " data-product="8670" style="width: 100%; display: inline-block;">\n\n\n\n<div class="promotion_container">\n\n    <div class="promotion_label dis_10">\n\n        <div class="promotion_label-short " style="color:white;background:#2950a3;">\n\n            <span class="promotion_label-short-title">\n                \n                -10%\n                \n            </span>\n\n\n        </div>\n\n    </div>\n\n</div>\n\n\n<!-- Product container link -->\n    <a href="/shop/product/crema-facial-5-en-1-nivea-cuidado-nutritivo-para-todo-tipo-de-piel-x-100-ml-WS8670" tabindex="-1">\n        <!-- Image wrapper -->\n        <span class="image kw-prodimage">\n\n            <!-- Primary image -->\n                <img class="kw-prodimage-img lazyload" data-src="https://cdn.batitienda.com/baticloud/images/product_picture_162daa97fbd945e7976216ecbfaba08c_637724500568116843_0_m.webp" alt="Crema Facial 5 en 1  Nivea Cuidado Nutritivo Para Todo Tipo de Piel x 100 ml" title="Crema Facial 5 en 1  Nivea Cuidado Nutritivo Para Todo Tipo de Piel x 100 ml">\n\n\n        </span>\n\n        <!-- Details -->\n        \n        <div class="details kw-details fixclear">\n        \n        \n\n            <span class="price">\n                <del>\n                    <span class="amount">  \n                        \n                     \n$1.219 <sup>53</sup>                    </span>\n                </del>\n                <span class="amount">\n                    \n                    \n$1.097 <sup>58</sup>                </span>\n            </span>\n\n\n\n        <!--/ Price -->\n        <!-- Title -->\n        <h3 class="kw-details-title">\n            <span class="child-top">\n                \n\n                Crema Facial 5 en 1  Nivea Cuidado Nutritivo Para Todo Tipo de Piel x 100 ml\n\n            </span>\n\n        </h3>\n\n            <!-- Badge container -->\n            <div class="new_badge-container">\n            </div>\n    </div>\n        <!--/ details fixclear -->\n    </a>\n    <!-- Product container link -->\n    <!-- Actions -->\n        <div class="add-to-cart-buttons on-list js-add-to-cart-list --not-in-cart" data-product="8670" data-cartitem="">\n            \n            <div class="js-form-product-add" manual="" ajaxpost="/shop/cart/item/add" callbackfunctionname="AddToCartList_callback">\n                <input type="hidden" name="ProductId" value="8670" tabindex="-1">\n                <input type="hidden" name="Quantity" value="1" tabindex="-1">\n            </div>\n\n            <div class="not-in-cart_actions">\n                <button type="button" class="js-product-add btn-add-first alt" data-product_id="42300083" data-product_name="Crema Facial 5 en 1  Nivea Cuidado Nutritivo Para Todo Tipo de Piel x 100 ml" data-product_brand="Nivea" data-product_category="Cuidado Facial" data-product_price="1097.58" tabindex="-1">\n                    <i class="las la-shopping-bag"></i>\n                    Agregar\n                </button>\n            </div>\n\n            <div class="js-form-cart-add" manual="" ajaxpost="/cart/item/add" callbackfunctionname="AddToCartList_callback">\n                <input type="hidden" name="cartItemId" value="" tabindex="-1">\n            </div>\n            \n            <div class="js-form-cart-remove" manual="" ajaxpost="/cart/item/substract" callbackfunctionname="AddToCartList_callback">\n                <input type="hidden" name="cartItemId" value="" tabindex="-1">\n            </div>\n\n            <div class="in-cart_actions">\n                <button type="button" class="js-remove btn-remove" tabindex="-1">\n                    <i class="las la-trash"></i>\n                </button>\n                <button type="button" class="js-down btn-down" tabindex="-1">\n                    <i class="las la-minus"></i>\n                </button>\n                 \n                <label class="js-quantity">1</label>\n                \n                <button type="button" class="js-up btn-up" tabindex="-1">\n                    <i class="las la-plus"></i> \n                </button>\n            </div>\n        </div>\n\n  \n    <!--/ Actions -->\n</div></div></div><div class="slick-slide slick-cloned" data-slick-index="20" aria-hidden="true" style="width: 202px;" tabindex="-1"><div><div class=" product-list-item prod-layout-classic height-2 lazyLoad " data-product="8666" style="width: 100%; display: inline-block;">\n\n\n\n<div class="promotion_container">\n\n    <div class="promotion_label dis_10">\n\n        <div class="promotion_label-short " style="color:white;background:#2950a3;">\n\n            <span class="promotion_label-short-title">\n                \n                -10%\n                \n            </span>\n\n\n        </div>\n\n    </div>\n\n</div>\n\n\n<!-- Product container link -->\n    <a href="/shop/product/crema-facial-nivea-revitalizante-antiarrugas-con-aceite-de-argan-45-x-50-ml-WS8666" tabindex="-1">\n        <!-- Image wrapper -->\n        <span class="image kw-prodimage">\n\n            <!-- Primary image -->\n                <img class="kw-prodimage-img lazyload" data-src="https://cdn.batitienda.com/baticloud/images/product_34133a19d9b84a02a42038f9e35bb8f3_636979240986891461_0_m.webp" alt="Crema Facial Nivea Revitalizante  antiarrugas Con Aceite de Argán 45+ x 50 ml" title="Crema Facial Nivea Revitalizante  antiarrugas Con Aceite de Argán 45+ x 50 ml">\n\n                <!-- Secondary image -->\n                <img class="kw-prodimage-img-secondary lazyload" data-src="https://cdn.batitienda.com/baticloud/images/product_picture_4df2a64a660848048ba1e653c7c87ae3_637724447451659060_0_m.webp" alt="Crema Facial Nivea Revitalizante  antiarrugas Con Aceite de Argán 45+ x 50 ml alt" title="Crema Facial Nivea Revitalizante  antiarrugas Con Aceite de Argán 45+ x 50 ml alt">\n\n        </span>\n\n        <!-- Details -->\n        \n        <div class="details kw-details fixclear">\n        \n        \n\n            <span class="price">\n                <del>\n                    <span class="amount">  \n                        \n                     \n$3.366 <sup>76</sup>                    </span>\n                </del>\n                <span class="amount">\n                    \n                    \n$3.030 <sup>08</sup>                </span>\n            </span>\n\n\n\n        <!--/ Price -->\n        <!-- Title -->\n        <h3 class="kw-details-title">\n            <span class="child-top">\n                \n\n                Crema Facial Nivea Revitalizante  antiarrugas Con Aceite de Argán 45+ x 50 ml\n\n            </span>\n\n        </h3>\n\n            <!-- Badge container -->\n            <div class="new_badge-container">\n            </div>\n    </div>\n        <!--/ details fixclear -->\n    </a>\n    <!-- Product container link -->\n    <!-- Actions -->\n        <div class="add-to-cart-buttons on-list js-add-to-cart-list --not-in-cart" data-product="8666" data-cartitem="">\n            \n            <div class="js-form-product-add" manual="" ajaxpost="/shop/cart/item/add" callbackfunctionname="AddToCartList_callback">\n                <input type="hidden" name="ProductId" value="8666" tabindex="-1">\n                <input type="hidden" name="Quantity" value="1" tabindex="-1">\n            </div>\n\n            <div class="not-in-cart_actions">\n                <button type="button" class="js-product-add btn-add-first alt" data-product_id="4005900470928" data-product_name="Crema Facial Nivea Revitalizante  antiarrugas Con Aceite de Argán 45+ x 50 ml" data-product_brand="Nivea" data-product_category="Cuidado Facial" data-product_price="3030.08" tabindex="-1">\n                    <i class="las la-shopping-bag"></i>\n                    Agregar\n                </button>\n            </div>\n\n            <div class="js-form-cart-add" manual="" ajaxpost="/cart/item/add" callbackfunctionname="AddToCartList_callback">\n                <input type="hidden" name="cartItemId" value="" tabindex="-1">\n            </div>\n            \n            <div class="js-form-cart-remove" manual="" ajaxpost="/cart/item/substract" callbackfunctionname="AddToCartList_callback">\n                <input type="hidden" name="cartItemId" value="" tabindex="-1">\n            </div>\n\n            <div class="in-cart_actions">\n                <button type="button" class="js-remove btn-remove" tabindex="-1">\n                    <i class="las la-trash"></i>\n                </button>\n                <button type="button" class="js-down btn-down" tabindex="-1">\n                    <i class="las la-minus"></i>\n                </button>\n                 \n                <label class="js-quantity">1</label>\n                \n                <button type="button" class="js-up btn-up" tabindex="-1">\n                    <i class="las la-plus"></i> \n                </button>\n            </div>\n        </div>\n\n  \n    <!--/ Actions -->\n</div></div></div><div class="slick-slide slick-cloned" data-slick-index="21" aria-hidden="true" style="width: 202px;" tabindex="-1"><div><div class=" product-list-item prod-layout-classic height-2 lazyLoad " data-product="93291" style="width: 100%; display: inline-block;">\n\n\n\n<div class="promotion_container">\n\n    <div class="promotion_label dis_10">\n\n        <div class="promotion_label-short " style="color:white;background:#2950a3;">\n\n            <span class="promotion_label-short-title">\n                \n                -10%\n                \n            </span>\n\n\n        </div>\n\n    </div>\n\n</div>\n\n\n<!-- Product container link -->\n    <a href="/shop/product/desodorante-antitranspirante-nivea-men-fresh-ice-roll-on-x-50-ml-WS93291" tabindex="-1">\n        <!-- Image wrapper -->\n        <span class="image kw-prodimage">\n\n            <!-- Primary image -->\n                <img class="kw-prodimage-img lazyload" data-src="https://cdn.batitienda.com/baticloud/images/product_a310497ad0be4596a2aa6d2e8c26dcec_637439137296084566_0_m.webp" alt="Desodorante Antitranspirante Nivea Men Fresh Ice Roll On x 50 ml" title="Desodorante Antitranspirante Nivea Men Fresh Ice Roll On x 50 ml">\n\n\n        </span>\n\n        <!-- Details -->\n        \n        <div class="details kw-details fixclear">\n        \n        \n\n            <span class="price">\n                <del>\n                    <span class="amount">  \n                        \n                     \n$672 <sup>64</sup>                    </span>\n                </del>\n                <span class="amount">\n                    \n                    \n$605 <sup>38</sup>                </span>\n            </span>\n\n\n\n        <!--/ Price -->\n        <!-- Title -->\n        <h3 class="kw-details-title">\n            <span class="child-top">\n                \n\n                Desodorante Antitranspirante Nivea Men Fresh Ice Roll On x 50 ml\n\n            </span>\n\n        </h3>\n\n            <!-- Badge container -->\n            <div class="new_badge-container">\n            </div>\n    </div>\n        <!--/ details fixclear -->\n    </a>\n    <!-- Product container link -->\n    <!-- Actions -->\n        <div class="add-to-cart-buttons on-list js-add-to-cart-list --not-in-cart" data-product="93291" data-cartitem="">\n            \n            <div class="js-form-product-add" manual="" ajaxpost="/shop/cart/item/add" callbackfunctionname="AddToCartList_callback">\n                <input type="hidden" name="ProductId" value="93291" tabindex="-1">\n                <input type="hidden" name="Quantity" value="1" tabindex="-1">\n            </div>\n\n            <div class="not-in-cart_actions">\n                <button type="button" class="js-product-add btn-add-first alt" data-product_id="4005900517005" data-product_name="Desodorante Antitranspirante Nivea Men Fresh Ice Roll On x 50 ml" data-product_brand="Nivea" data-product_category="Desodorante Hombre" data-product_price="605.38" tabindex="-1">\n                    <i class="las la-shopping-bag"></i>\n                    Agregar\n                </button>\n            </div>\n\n            <div class="js-form-cart-add" manual="" ajaxpost="/cart/item/add" callbackfunctionname="AddToCartList_callback">\n                <input type="hidden" name="cartItemId" value="" tabindex="-1">\n            </div>\n            \n            <div class="js-form-cart-remove" manual="" ajaxpost="/cart/item/substract" callbackfunctionname="AddToCartList_callback">\n                <input type="hidden" name="cartItemId" value="" tabindex="-1">\n            </div>\n\n            <div class="in-cart_actions">\n                <button type="button" class="js-remove btn-remove" tabindex="-1">\n                    <i class="las la-trash"></i>\n                </button>\n                <button type="button" class="js-down btn-down" tabindex="-1">\n                    <i class="las la-minus"></i>\n                </button>\n                 \n                <label class="js-quantity">1</label>\n                \n                <button type="button" class="js-up btn-up" tabindex="-1">\n                    <i class="las la-plus"></i> \n                </button>\n            </div>\n        </div>\n\n  \n    <!--/ Actions -->\n</div></div></div><div class="slick-slide slick-cloned" data-slick-index="22" aria-hidden="true" style="width: 202px;" tabindex="-1"><div><div class=" product-list-item prod-layout-classic height-2 lazyLoad " data-product="426927" style="width: 100%; display: inline-block;">\n\n\n\n<div class="promotion_container">\n\n    <div class="promotion_label dis_10">\n\n        <div class="promotion_label-short " style="color:white;background:#2950a3;">\n\n            <span class="promotion_label-short-title">\n                \n                -10%\n                \n            </span>\n\n\n        </div>\n\n    </div>\n\n</div>\n\n\n<!-- Product container link -->\n    <a href="/shop/product/desodorante-antitranspirante-nivea-men-antibacterial-spray-x-150-ml-WS426927" tabindex="-1">\n        <!-- Image wrapper -->\n        <span class="image kw-prodimage">\n\n            <!-- Primary image -->\n                <img class="kw-prodimage-img lazyload" data-src="https://cdn.batitienda.com/baticloud/images/product_picture_1538e361d3db493bac765a6315fb6e1c_637724433914525391_0_m.webp" alt="Desodorante Antitranspirante Nivea Men Antibacterial Spray x 150 ml" title="Desodorante Antitranspirante Nivea Men Antibacterial Spray x 150 ml">\n\n\n        </span>\n\n        <!-- Details -->\n        \n        <div class="details kw-details fixclear">\n        \n        \n\n            <span class="price">\n                <del>\n                    <span class="amount">  \n                        \n                     \n$906 <sup>46</sup>                    </span>\n                </del>\n                <span class="amount">\n                    \n                    \n$815 <sup>81</sup>                </span>\n            </span>\n\n\n\n        <!--/ Price -->\n        <!-- Title -->\n        <h3 class="kw-details-title">\n            <span class="child-top">\n                \n\n                Desodorante Antitranspirante Nivea Men Antibacterial Spray x 150 ml\n\n            </span>\n\n        </h3>\n\n            <!-- Badge container -->\n            <div class="new_badge-container">\n            </div>\n    </div>\n        <!--/ details fixclear -->\n    </a>\n    <!-- Product container link -->\n    <!-- Actions -->\n        <div class="add-to-cart-buttons on-list js-add-to-cart-list --not-in-cart" data-product="426927" data-cartitem="">\n            \n            <div class="js-form-product-add" manual="" ajaxpost="/shop/cart/item/add" callbackfunctionname="AddToCartList_callback">\n                <input type="hidden" name="ProductId" value="426927" tabindex="-1">\n                <input type="hidden" name="Quantity" value="1" tabindex="-1">\n            </div>\n\n            <div class="not-in-cart_actions">\n                <button type="button" class="js-product-add btn-add-first alt" data-product_id="4005900907264" data-product_name="Desodorante Antitranspirante Nivea Men Antibacterial Spray x 150 ml" data-product_brand="Nivea" data-product_category="Desodorante Hombre" data-product_price="815.81" tabindex="-1">\n                    <i class="las la-shopping-bag"></i>\n                    Agregar\n                </button>\n            </div>\n\n            <div class="js-form-cart-add" manual="" ajaxpost="/cart/item/add" callbackfunctionname="AddToCartList_callback">\n                <input type="hidden" name="cartItemId" value="" tabindex="-1">\n            </div>\n            \n            <div class="js-form-cart-remove" manual="" ajaxpost="/cart/item/substract" callbackfunctionname="AddToCartList_callback">\n                <input type="hidden" name="cartItemId" value="" tabindex="-1">\n            </div>\n\n            <div class="in-cart_actions">\n                <button type="button" class="js-remove btn-remove" tabindex="-1">\n                    <i class="las la-trash"></i>\n                </button>\n                <button type="button" class="js-down btn-down" tabindex="-1">\n                    <i class="las la-minus"></i>\n                </button>\n                 \n                <label class="js-quantity">1</label>\n                \n                <button type="button" class="js-up btn-up" tabindex="-1">\n                    <i class="las la-plus"></i> \n                </button>\n            </div>\n        </div>\n\n  \n    <!--/ Actions -->\n</div></div></div><div class="slick-slide slick-cloned" data-slick-index="23" aria-hidden="true" style="width: 202px;" tabindex="-1"><div><div class=" product-list-item prod-layout-classic height-2 lazyLoad " data-product="88786" style="width: 100%; display: inline-block;">\n\n\n\n<div class="promotion_container">\n\n    <div class="promotion_label dis_10">\n\n        <div class="promotion_label-short " style="color:white;background:#2950a3;">\n\n            <span class="promotion_label-short-title">\n                \n                -10%\n                \n            </span>\n\n\n        </div>\n\n    </div>\n\n</div>\n\n\n<!-- Product container link -->\n    <a href="/shop/product/desodorante-antitranspirante-nivea-femenino-protect-care-roll-on-x-50-ml-WS88786" tabindex="-1">\n        <!-- Image wrapper -->\n        <span class="image kw-prodimage">\n\n            <!-- Primary image -->\n                <img class="kw-prodimage-img lazyload" data-src="https://cdn.batitienda.com/baticloud/images/product_793e5d0d9fc74b3a9713d7fe8aafd659_637436526864833123_0_m.webp" alt="Desodorante Antitranspirante Nivea Femenino Protect &amp; Care Roll On x 50 ml" title="Desodorante Antitranspirante Nivea Femenino Protect &amp; Care Roll On x 50 ml">\n\n\n        </span>\n\n        <!-- Details -->\n        \n        <div class="details kw-details fixclear">\n        \n        \n\n            <span class="price">\n                <del>\n                    <span class="amount">  \n                        \n                     \n$716 <sup>21</sup>                    </span>\n                </del>\n                <span class="amount">\n                    \n                    \n$644 <sup>59</sup>                </span>\n            </span>\n\n\n\n        <!--/ Price -->\n        <!-- Title -->\n        <h3 class="kw-details-title">\n            <span class="child-top">\n                \n\n                Desodorante Antitranspirante Nivea Femenino Protect &amp; Care Roll On x 50 ml\n\n            </span>\n\n        </h3>\n\n            <!-- Badge container -->\n            <div class="new_badge-container">\n            </div>\n    </div>\n        <!--/ details fixclear -->\n    </a>\n    <!-- Product container link -->\n    <!-- Actions -->\n        <div class="add-to-cart-buttons on-list js-add-to-cart-list --not-in-cart" data-product="88786" data-cartitem="">\n            \n            <div class="js-form-product-add" manual="" ajaxpost="/shop/cart/item/add" callbackfunctionname="AddToCartList_callback">\n                <input type="hidden" name="ProductId" value="88786" tabindex="-1">\n                <input type="hidden" name="Quantity" value="1" tabindex="-1">\n            </div>\n\n            <div class="not-in-cart_actions">\n                <button type="button" class="js-product-add btn-add-first alt" data-product_id="4005900130785" data-product_name="Desodorante Antitranspirante Nivea Femenino Protect &amp; Care Roll On x 50 ml" data-product_brand="Nivea" data-product_category="Desodorante Mujer" data-product_price="644.59" tabindex="-1">\n                    <i class="las la-shopping-bag"></i>\n                    Agregar\n                </button>\n            </div>\n\n            <div class="js-form-cart-add" manual="" ajaxpost="/cart/item/add" callbackfunctionname="AddToCartList_callback">\n                <input type="hidden" name="cartItemId" value="" tabindex="-1">\n            </div>\n            \n            <div class="js-form-cart-remove" manual="" ajaxpost="/cart/item/substract" callbackfunctionname="AddToCartList_callback">\n                <input type="hidden" name="cartItemId" value="" tabindex="-1">\n            </div>\n\n            <div class="in-cart_actions">\n                <button type="button" class="js-remove btn-remove" tabindex="-1">\n                    <i class="las la-trash"></i>\n                </button>\n                <button type="button" class="js-down btn-down" tabindex="-1">\n                    <i class="las la-minus"></i>\n                </button>\n                 \n                <label class="js-quantity">1</label>\n                \n                <button type="button" class="js-up btn-up" tabindex="-1">\n                    <i class="las la-plus"></i> \n                </button>\n            </div>\n        </div>\n\n  \n    <!--/ Actions -->\n</div></div></div></div></div><button class="slick-next slick-arrow" aria-label="Next" type="button" style="display: inline-block;">Next</button></div>\n    </div>\n</div>\n    <script type="text/javascript">\n\n        initProductRotator(\'RelatedProducts\', 3, 1, true, 2000, 1);\n\n    </script>\n</div>\n\n                <div class="detailsproducts-container">\n\n                    <h3 class="mb-10">\n                        Detalles de Crema Corporal Nivea Aloe Vera 5 En 1 Piel Normal a Seca x 125 ml\n                    </h3>\n\n                    <div class="tabbable">\n\n                        <div class="tab-content">\n\n                            <div class="tab-pane active" id="tab-description">\n\n\n                                <h3>Descripción</h3><p>La Crema corporal NIVEA Aloe Vera está enriquecida con Aloe Vera y Minerales Marinos, ingredientes que humectan la piel desde la primera aplicación. Además, ofrece 5 beneficios en 1: 48 horas de humectación profunda; cuidado refrescante; deja la piel suave, sin sensación grasosa y visiblemente más saludable. Está probada en pieles normales a secas y es ideal para uso diario.</p> \n <h3>Beneficios</h3>\n<p>- 48 hs de humectación profunda</p>\t\n<p>- Cuidado refrescante.</p>\t\n<p>- Piel visiblemente más suave.</p>\t\n<p>- Rápida absorción.</p>\t\n<p>- Ideal para piel normal a seca.</p>\n<h3><br></h3>\n\n                                <div class="product_meta mt-20">\n\n                                        <span class="posted_in">\n                                            Marca: \n                                             <a href="/shop?brand=nivea">\n                                                NIVEA\n                                            </a>\n                                        </span>\n                                    \n                                        <span class="posted_in">\n                                            Categoría:\n                                            <a href="/shop/cuidado-corporal-PC1419">\n                                                CUIDADO CORPORAL\n                                            </a>\n                                        </span>\n                                    \n                                        <span class="sku_wrapper">SKU/Barcode: <span class="sku">4005900985088</span></span>\n                                </div>\n                            </div>\n\n\n                        </div>\n\n                    </div>\n                </div>\n\n            </div>\n\n            <div id="AltColumn">\n\n                <div class="main-data">\n                    <div class="summary entry-summary brand-logo">\n\n                        \n\n\n<div class="promotion_container">\n\n    <div class="promotion_label dis_10">\n\n        <div class="promotion_label-short " style="color:white;background:#2950a3;">\n\n            <span class="promotion_label-short-title">\n                \n                -10%\n                \n            </span>\n\n\n        </div>\n\n    </div>\n\n</div>\n                        \n                            <a class="page-subtitle brand nivea" href="/shop?brand=nivea">\nNIVEA                            </a>\n\n                        <h2 class="product_title entry-title">Crema Corporal Nivea Aloe Vera 5 En 1 Piel Normal a Seca x 125 ml</h2>\n\n\n                        <div id="variantselector-container" class="pb-10" data-product="1174008" data-discount-individual="228" data-discount-collective="" data-route="/Products_Detail/VariantSelector" data-loading="loading-this alt" data-product_name="Crema Corporal Nivea Aloe Vera 5 En 1 Piel Normal a Seca x 125 ml" data-product_brand="Nivea" data-product_category="Cuidado Corporal">\n\n\n\n<div>\n    <input type="hidden" id="variant_selector-selected_product" value="1174008">\n    <input type="hidden" id="variant_selector-selected_variant">\n    <input type="hidden" id="variant_selector-selected_variant-orderedAssetIdList">\n    \n\n<div class="product-pricing">\n\n        <div class="price-tag price-tag__del">\n            <del>\n                <span class="price-tag-symbol">$</span>\n                <span class="price-tag-fraction">1.040</span>\n                        <span class="price-tag-cents-visible">51 </span>\n\n            </del>\n        </div>\n\n        <span class="price-tag">\n            <span class="price-tag-symbol">$</span>\n            <span class="price-tag-fraction">936</span>\n\n                    <span class="price-tag-decimal-separator">,</span>\n                    <span class="price-tag-cents">46</span>\n\n\n        </span>\n\n        <div class="price-tag-discount">\n            <span class="price-tag-discount-display">10% OFF</span>\n        </div>\n\n</div><div class="pb-5 payment-method mercadopago-cards-small">\n\n    <p class="title">\n        <img src="/Custom/images/pay.svg">\n        <span>Pagá en hasta 12 cuotas</span>\n    </p>\n\n    <ul class="mercadopago-cards-small_list pl-20 payment-card-list">\n        <li class="_visa-small"></li>\n        <li class="_master-small"></li>\n        <li class="_cabal-small"></li>\n        <li class="_amex-small"></li>\n    </ul>\n \n    <a data-route="/Checkout/GetPaymentMethods" data-title="Medios de pago" data-customcssclass="productdetailalert mw-700" class="alertAjaxOnClick blue pl-30">\n        Ver todos los medios de pago\n    </a>\n\n</div>\n\n\n<div class="pb-5 shipping-method shipping-pickup">\n\n    <p class="title">\n        <img src="/Custom/images/place.svg" width="50">\n        <span>Puntos de retiro gratis</span>\n    </p>\n    <a href="#pickupFinder" data-source="/Delivery_Options/GetPickupPlaceList?t=27%2F10%2F2023%2019%3A54%3A35" data-apikey="" class="pickupFinder_fire blue pl-30">\n        Encontrar el lugar más cercano\n    </a>\n\n</div>\n\n<div class="pb-5 shipping-method shipping-delivery">\n\n    <p class="title">\n        <img src="/Custom/images/truck.svg" width="50">\n        <span>Envíos a todo el país</span>\n    </p>\n\n    <a data-route="/delivery/options" data-query="?ProductIdIncluded=1174008&amp;VariantIdIncluded=&amp;QuantityIncluded=1)" data-title="Cotizar envío de mi carrito" data-customcssclass="productdetailalert" data-prefunction="updateRouteForShippingCostInit_params" class="shippingCost_onProduct_fire alertAjaxOnClick blue pl-30">\n        Cotizador de envíos\n    </a>\n\n</div>\n\n\n\n<div class="quantity-selector">\n\n        <p class="qs_display">\n            <span class="qs_name">Cantidad:</span>\n            <strong class="qs_value">\n                    3  unidades\n                </strong>\n            <i class="fa fa-angle-down"></i>\n        </p>\n\n        <select class="qs_select" data-variant="" onchange="jQuery(\'.qs_value\').text(jQuery(this).find(\'option:selected\').text())">\n\n                <option value="1" selected="">\n                    1  unidad\n                </option>\n                <option value="2">\n                    2  unidades\n                </option>\n                <option value="3">\n                    3  unidades\n                </option>\n                <option value="4">\n                    4  unidades\n                </option>\n                <option value="5">\n                    5  unidades\n                </option>\n                <option value="6">\n                    6  unidades\n                </option>\n                <option value="7">\n                    7  unidades\n                </option>\n                <option value="8">\n                    8  unidades\n                </option>\n                <option value="9">\n                    9  unidades\n                </option>\n                <option value="10">\n                    10  unidades\n                </option>\n                <option value="11">\n                    11  unidades\n                </option>\n                <option value="12">\n                    12  unidades\n                </option>\n                <option value="13">\n                    13  unidades\n                </option>\n                <option value="14">\n                    14  unidades\n                </option>\n                <option value="15">\n                    15  unidades\n                </option>\n                <option value="16">\n                    16  unidades\n                </option>\n                <option value="17">\n                    17  unidades\n                </option>\n                <option value="18">\n                    18  unidades\n                </option>\n                <option value="19">\n                    19  unidades\n                </option>\n                <option value="20">\n                    20  unidades\n                </option>\n                <option value="21">\n                    21  unidades\n                </option>\n                <option value="22">\n                    22  unidades\n                </option>\n                <option value="23">\n                    23  unidades\n                </option>\n                <option value="24">\n                    24  unidades\n                </option>\n                <option value="25">\n                    25  unidades\n                </option>\n                <option value="26">\n                    26  unidades\n                </option>\n                <option value="27">\n                    27  unidades\n                </option>\n                <option value="28">\n                    28  unidades\n                </option>\n                <option value="29">\n                    29  unidades\n                </option>\n                <option value="30">\n                    30  unidades\n                </option>\n                <option value="31">\n                    31  unidades\n                </option>\n                <option value="32">\n                    32  unidades\n                </option>\n                <option value="33">\n                    33  unidades\n                </option>\n                <option value="34">\n                    34  unidades\n                </option>\n                <option value="35">\n                    35  unidades\n                </option>\n                <option value="36">\n                    36  unidades\n                </option>\n                <option value="37">\n                    37  unidades\n                </option>\n                <option value="38">\n                    38  unidades\n                </option>\n                <option value="39">\n                    39  unidades\n                </option>\n                <option value="40">\n                    40  unidades\n                </option>\n\n        </select>\n    </div>        <div class="add-to-cart-buttons">\n            <form>\n                <input type="hidden" id="cart_item_id" value="1174008">\n                <input type="hidden" id="cart_variant_id" value="">\n                <input type="hidden" id="cart_item_quantity" value="1">\n\n                <button type="button" class="single_add_to_cart_button alt checkout-addtocart" data-product_id="4005900985088" data-product_price="936.46" disabled="disabled">\n                    Agregar al carrito\n                </button>\n\n                <button type="button" class="single_end_checkout_button checkout-finish" data-product_id="4005900985088" data-product_price="936.46">\n                    Comprar ahora\n                </button>\n\n            </form>\n        </div>\n\n</div>\n\n                        </div>\n\n                    </div>\n                    <hr>\n                    <div class="summary entry-summary">\n                    </div>\n                </div>\n            </div>\n        </div>\n    </div>\n\n    \n    \n    \n    \n    \n    \n\n</section>\n\n<form id="AddToCartAndFinishForm" method="post" action="/cart/add/finish">\n    <input type="hidden" name="ProductId" value="1174008">\n    <input type="hidden" name="VariantId">\n    <input type="hidden" name="Quantity" value="1">\n</form>\n\n\n<link href="/Custom/plugins/pickupFinder/pickupFinder.css" rel="stylesheet">\n<script src="/Custom/plugins/pickupFinder/pickupFinder.js"></script>\n\n<section id="pickupFinder">\n    <div class="pickupFinderContent">\n        <div class="main-container">\n            <div class="map-header">\n                <svg class="pickupFinder-close" xmlns="http://www.w3.org/2000/svg" width="24" height="24" viewBox="0 0 24 24" fill="none" stroke="currentColor" stroke-width="2" stroke-linecap="round" stroke-linejoin="round">\n                    <line x1="18" y1="6" x2="6" y2="18"></line>\n                    <line x1="6" y1="6" x2="18" y2="18"></line>\n                </svg>\n                <h2>\n                    Puntos de retiro\n                </h2>\n                <p>Encontrá el más cercano</p>\n            </div>\n\n            <div class="map-container">\n                <div id="googlemap"></div>\n                <div class="map-container-content">\n                    <div class="map-content">\n                        <div class="map-container-search">\n                            <input class="map-search" type="text" placeholder="Ingresa una dirección o click para más cercanos a tí">\n\n                            <button class="map-search-button">\n                                <svg xmlns="http://www.w3.org/2000/svg" width="22" height="22" viewBox="0 0 24 24" fill="none" stroke="currentColor" stroke-width="2" stroke-linecap="round" stroke-linejoin="round" class="feather feather-navigation">\n                                    <polygon points="3 11 22 2 13 21 11 13 3 11"></polygon>\n                                </svg>\n                            </button>\n\n                        </div>\n\n                        <div class="container-sucursal">\n                            <div class="sucursal-header">\n                                <div>\n                                    <button class="toggle-map toggle-off">\n                                        <svg xmlns="http://www.w3.org/2000/svg" viewBox="0 0 506.4 506.4" class="undefined"><path d="M254 37.1c-36.3 0-68.3 10.7-98.1 27.7l29.9 29.9c19.2-10.7 42.7-17.1 68.3-17.1 78.9 0 145.1 66.1 145.1 147.2 0 17.1-8.5 40.5-19.2 64l29.9 29.9c19.2-32 32-66.1 32-93.9C441.7 120.3 358.5 37.1 254 37.1z" class="undefined"></path><path d="M345.7 344.3c-27.7 36.3-59.7 74.7-91.7 106.7 -68.3-70.4-145.1-168.5-145.1-226.1 0-32 10.7-64 29.9-87.5l-29.9-29.9c-25.6 32-42.7 72.5-42.7 117.3 0 110.9 187.7 281.6 187.7 281.6s66.1-59.7 119.5-132.3L345.7 344.3z" class="undefined"></path><rect x="231.9" y="-82.1" transform="matrix(0.7071 -0.7071 0.7071 0.7071 -102.3681 252.1685)" width="42.7" height="663.5" class="undefined"></rect></svg>\n                                        Ocultar Mapa\n                                    </button>\n\n                                    <button class="toggle-map toggle-on" style="display:none;">\n                                        <svg xmlns="http://www.w3.org/2000/svg" viewBox="0 0 512 512" class="undefined"><path d="M426 89C386.9 32.5 324.9 0 256 0S125.1 32.5 86.1 89c-38.9 56.3-47.9 127.5-24.1 190.5 6.4 17.2 16.5 33.9 30 49.5l150.4 176.6c3.4 4 8.4 6.3 13.6 6.3 5.2 0 10.2-2.3 13.6-6.3l150.3-176.6c13.6-15.7 23.7-32.4 30-49.5C473.8 216.6 464.8 145.3 426 89zM416.5 267.1c-4.9 13.2-12.8 26.2-23.6 38.7 0 0-0.1 0.1-0.1 0.1L256 466.5 119.2 305.8c-10.8-12.5-18.7-25.5-23.7-38.8 -19.7-52.1-12.2-111 20-157.6 32.3-46.8 83.5-73.6 140.5-73.6 57 0 108.2 26.8 140.5 73.6C428.7 156 436.2 214.9 416.5 267.1z" class="undefined"></path><path d="M256 106.2c-55.3 0-100.3 45-100.3 100.3s45 100.3 100.3 100.3 100.3-45 100.3-100.3C356.3 151.2 311.3 106.2 256 106.2zM256 270.9c-35.5 0-64.4-28.9-64.4-64.4 0-35.5 28.9-64.4 64.4-64.4 35.5 0 64.4 28.9 64.4 64.4S291.5 270.9 256 270.9z" class="undefined"></path></svg>\n                                        Mostrar Mapa\n                                    </button>\n\n                                </div>\n                                \n                                <div class="sucursal-header-filter">\n                                    <svg xmlns="http://www.w3.org/2000/svg" width="24" height="24" viewBox="0 0 24 24" fill="none" stroke="currentColor" stroke-width="2" stroke-linecap="round" stroke-linejoin="round" class="feather feather-filter">\n                                        <polygon points="22 3 2 3 10 12.46 10 19 14 21 14 12.46 22 3"></polygon>\n                                    </svg> \n                                    Filtros\n                                </div>\n                            </div>\n                            <div class="sucursal-filter sucursal-filter-actives">\n                                Filtros aplicados:\n                                <span class="sucursal-open24-filter">\n                                    Abierto 24hs\n                                    <svg xmlns="http://www.w3.org/2000/svg" width="24" height="24" viewBox="0 0 24 24" fill="none" stroke="currentColor" stroke-width="2" stroke-linecap="round" stroke-linejoin="round" class="feather feather-x">\n                                        <line x1="18" y1="6" x2="6" y2="18"></line>\n                                        <line x1="6" y1="6" x2="18" y2="18"></line>\n                                    </svg>\n                                </span>\n                            </div>\n                            <div class="sucursal-loader">\n                                <div class="sucursal-loader-spin">\n                                    <div></div>\n                                    <div></div>\n                                    <div></div>\n                                    <div></div>\n                                </div>\n                            </div>\n                            <div class="sucursal-items">\n                                <div class="sucursal-item-empty">\n                                    No hay sucursales para esta ubicación\n                                </div>\n                            </div>\n                        </div>\n                    </div>\n                </div>\n                <div class="detail hide">\n                    <div class="body-detail">\n                        <div class="detail-returned">\n                            <svg xmlns="http://www.w3.org/2000/svg" width="22" height="22" viewBox="0 0 24 24" fill="none" stroke="currentColor" stroke-width="2" stroke-linecap="round" stroke-linejoin="round" class="feather feather-arrow-left">\n                                <line x1="19" y1="12" x2="5" y2="12"></line>\n                                <polyline points="12 19 5 12 12 5"></polyline>\n                            </svg><span>Volver</span>\n                        </div>\n                        <div class="general-data">\n                            <div class="detail-data">\n                                <div class="data-address">\n                                </div>\n                                <div class="data-hours">\n                                </div>\n                            </div>\n                        </div>\n                        <div id="googlemapdetail"></div>\n                    </div>\n                </div>\n            </div>\n\n            <input type="hidden" id="dataLocals" value="">\n        </div>\n\n        <div class="filter-modal">\n            <div class="filter-modal-header">\n                <h2>Filtros</h2>\n                <svg xmlns="http://www.w3.org/2000/svg" width="24" height="24" viewBox="0 0 24 24" fill="none" stroke="currentColor" stroke-width="2" stroke-linecap="round" stroke-linejoin="round" class="feather feather-x">\n                    <line x1="18" y1="6" x2="6" y2="18"></line>\n                    <line x1="6" y1="6" x2="18" y2="18"></line>\n                </svg>\n            </div>\n            <div class="checkbox">\n                <input type="checkbox" id="open24" class="open24" name="open24">\n                <label for="open24">Abierto 24 hs.</label>\n            </div>\n            <button class="filter-modal-apply">Aplicar</button>\n        </div>\n\n        <div class="filter-modal-background"></div>\n    </div>\n</section>\n\n\n\n\n\n\n\n\n        \n\n        \n\n        \n        \n\n        <div class="form-newsletter-section_container horizontal">\n  <div class="container">\n\t<div class="row">\n      <div class="col-md-12">\n        <div class="kl-title-block clearfix">\n          <h2 class="tbk__title fs-32 mt-35 mb-35 grey">\n            Recibí nuestras promociones\n          </h2>\n        </div>\n      </div>\n\t</div>\n    <div class="form-newsletter-section">\n      <form class="form-newsletter-section__form">\n        <input type="text" placeholder="Tu nombre" class="form-newsletter-section__input-name form-control" required="">\n        <input type="email" placeholder="Tu e-mail" class="form-newsletter-section__input-email form-control" required="">\n        <button type="button" class="form-newsletter-section__btn-submit btn btn-primary">\n          <i class="fas fa-paper-plane"></i>\n        </button>\n\n        <input type="hidden" id="EmBluEmail_Active" value="false">\n        <!--<input type="hidden" id="EmBluEmail_Target" value="https://app.embluemail.com//Online/TriggerUrlExterna.aspx">\n        <input type="hidden" id="EmBluEmail_Key" value="37b91767-cd9a-4fc7-add5-9b43bad0bd01">\n        <input type="hidden" id="EmBluEmail_FormId" value="934663">-->\n      </form>\n      <p style="display: none" class="form-newsletter-section__error">Debes completar todos los datos para poder suscribirte</p>\n    </div>\n  </div>\n</div>\n\n\n        <div id="dp-js-footer-helper" style="height:0 !important; display:none !important;"></div>\n\n        \n        <div manual="" ajaxget="/design/get/footer" preajaxcode="scrollBodyTo(\'#footerContainer\');" class="footer_Fixed" id="footerContainer">\n\n\n<!-- Footer - Default Style -->\n\n\n<input type="hidden" name="IsLanding" id="isLanding" value="false">\n<input type="hidden" name="PageDraft_Id" id="PageDraft_Id">\n\n<style>\n\n\n\n    #footer {\n        background-color: #1e3457;\n        border-top-color: #2f4c6f;\n    }\n\n    #footer .footer-bottom-row {\n        border-top-color: #2f4c6f;\n    }\n\n    #footer,\n     #footer .bottom,\n     #footer .m_title,\n     #footer a {\n         color: #ffffff;\n     }\n    #footer .elm-social-icons li a {\n        color: #fff;\n    }\n\n    \n    \n</style>\n\n<footer id="footer" class="clearfix batifooter-white">\n\n\n\n    <div class="container">\n        <div class="footer-flex items-align-top justify-left">\n\n                <div class="footer-item-text">\n                    <h3 class="title m_title">HORARIO DE ATENCIÓN</h3>\n                    <div class="">\n\n\n24 de Septiembre 802 (General Paz): <br>Lunes a Viernes de 8 a 22 hs.<br>Sábados de 9 a 13 hs. y 17 a 21 hs.<br>+54 351 5425470<br><br>Tucuman 496 (Centro): <br>Lunes a Viernes de 8 a 20 hs.<br>Sábados de 8:30 a 13:30 hs.<br>+54 351 5425474<br><br>Colon 745 (Centro): <br>Lunes a Viernes de 7:30 a 23 hs<br>Sábados de 8 a 22 hs<br>+54 351 5413231<br><br>Chacabuco 787 (Nva. Cordoba): <br>Lunes a Viernes de 8 a 21 hs<br>Sábados de 9 a 13 y 17 a 21 hs<br>+54 351 5425512<br><br>Roma 557 (General Paz): <br>Lunes a Sábados de 7 a 22 hs. <br>+54 351 5425472<br><br>Libertad 2077 (Pueyrredon):<br>Lunes a Viernes de 8 a 20 hs.<br>Sábados de 8:30 a 13:30 hs.<br>+54 351 2893136<br><br>Sarmiento 436 (La Falda) : <br>Lunes a Sábados de 8 a 22 hs.<br>Domingos y feriados de 9 a 14 hs<br>+54 351 5411999      <br>        <br>Av. T. Quaranta 3598:<br>Lunes a Domingo de 9 a 22 hs.<br>+54 376 4776037<br>(Posadas, Misiones)\n\n                    </div>\n                </div>\n\n            <div class="hidden-xs footer-item-text">\n                <h3 class="title m_title">NAVEGACIÓN</h3>\n                <div class="">\n\n<ul class="menu">\n        <li><a href="/">Inicio</a></li>\n        <li><a href="/shop">Shop</a></li>\n            <li><a href="/contact">Contacto</a></li>\n</ul>\n                </div>\n            </div>\n\n            \n\n                <div class="footer-item-text">\n                    <h3 class="title m_title">CONTACTO</h3>\n                    <div class="">\n\n<p class="footer-col-info">\n    <span>0800-444-7257</span>\n\n    <span>+54 9 351 223-4386</span>\n    \n    <span>info@farmaciageneralpaz.com</span>\n\n    <span>tiendaonline@farmaciasgeneralpaz.com</span>\n</p>\n\n                    </div>\n                </div>\n\n                <div class="footer-item-text">\n                    <h3 class="title m_title">VISITANOS</h3>\n                    <div class="">\n\n<p>\n    24 de Septiembre 802 <br>\n    Córdoba\n    (5000)\n    <br>\n    <span>\n        Córdoba\n        , Argentina\n    </span>\n</p>\n\n                    </div>\n                </div>\n\n                <div class="footer-item-text">\n                    <h3 class="title m_title">SEGUINOS</h3>\n                    <div class="">\n                        <ul class="social-icons">\n\n\n\n        <li><a href="https://www.facebook.com/farmaciageneralpaz/" target="_blank" class="icon-facebook" title="Facebook"></a></li>\n        <li><a href="https://www.instagram.com/farmaciageneralpaz/" target="_blank" class="icon-instagram" title="Instagram"></a></li>\n        <li><a href="https://www.youtube.com/channel/UCNJ2wUrY78hPR2Wm34rCskw" target="_blank" class="icon-youtube" title="YouTube"></a></li>\n        <li><a href="https://www.linkedin.com/company/farmacias-general-paz" target="_blank" class="icon-linkedin" title="Linkedin"></a></li>\n\n\n                        </ul>\n                    </div>\n                </div>\n        </div>\n\n        <div class="footer-flex footer-bottom-row">\n\n            <div class="footer-flex">\n\n\n\n\n\n\n\n\n\n<span class="footer-copyright-flex">\n© 2023 Farmacias General Paz. \n    <a href="/terms">Términos y Condiciones</a>. \n</span>\n    \n            </div>\n\n            <div class="footer-flex">\n\n\n\n\n\n<div class="footer-seals-row">\n    <a class="footer-seals_item" href="https://www.argentina.gob.ar/produccion/defensadelconsumidor/formulario" target="_blank">Defensa del Consumidor</a>\n    <a class="footer-seals_item repentance_button" href="/home/contact" style="border: 1px solid;padding: 3px 8px;border-radius: 8px;box-shadow: 1px 2px 2px rgb(0 0 0 / 10%);">\n            Botón de arrepentimiento\n        </a>\n    <a class="footer-seals_item batitienda" target="_blank" href="https://www.tiendastic.com">\n        <img src="/Custom/assets/logo/tiendastic-batitienda-logo.svg">\n    </a>\n\n    \n\n\n                <a href="http://qr.afip.gob.ar/?qr=aOUFf8KJXo4Iw0PkbZBa0Q,," target="blank" class="footer-seals_item img-container-link">\n                    <img src="https://cdn.batitienda.com/baticloud/images/sectionimages_991e1f9b485e45ba87125ceb62d02284_637540772472220003_0_t.webp">\n                </a>\n                <a target="_self" class="footer-seals_item img-container-link">\n                    <img src="https://cdn.batitienda.com/baticloud/images/sectionimages_60b59672d5774f5a8f4b08d1fba2e085_637540772938593618_0_t.webp">\n                </a>\n                <a href="https://www.cace.org.ar/" target="blank" class="footer-seals_item img-container-link">\n                    <img src="https://cdn.batitienda.com/baticloud/images/sectionimages_23517c385b064893ae515eeee2440eb3_637540774089206000_0_t.webp">\n                </a>\n                <a href="https://www.cybermonday.com.ar/" target="blank" class="footer-seals_item img-container-link">\n                    <img src="https://cdn.batitienda.com/baticloud/images/sectionimages_1421135471cf461592937336dbeb5a71_637540774195226100_0_t.webp">\n                </a>\n                <a href="https://www.hotsale.com.ar/" target="blank" class="footer-seals_item img-container-link">\n                    <img src="https://cdn.batitienda.com/baticloud/images/sectionimages_568945c128444a40988e0393af092a88_637540774324502998_0_t.webp">\n                </a>\n                <a target="_self" class="footer-seals_item img-container-link">\n                    <img src="https://cdn.batitienda.com/baticloud/images/sectionimages_5ce5980f95f4493da3aaedcde0aa7982_637889919961391878_0_t.webp">\n                </a>\n</div>\n\n            </div>\n\n        </div>\n\n    </div>\n    <!--/ container -->\n</footer>\n<!--/ Footer - Default Style -->\n\n        </div>\n\n\n    </div>\n\n<!-- ToTop trigger -->\n    <a href="#" id="totop" class="show"></a>\n    <!--/ ToTop trigger --> \n\n    \n\n    \n\n    <script src="/Custom/js/wSharp.Client.ShopDetails.js?v=1.1"></script>\n    <script src="/Custom/js/shippingCost.js"></script>\n    <script src="/Content/js2/plugins/swipe/swipe.js"></script>\n    <script>\n        (function ($) {\n\n            $(document).ready(function () {\n                \n                $(\'.kl-store-main-image\').swipeDetector({useOnlyTouch: true}).on("swipeLeft.sd swipeRight.sd", function(event) {\n                        if (event.type === "swipeLeft") {\n                            nextThumbnail();\n                \n                        } else if (event.type === "swipeRight") {\n                            \n                            previousThumbnail();\n                        }\n                    });\n                \n                $(\'.kl-store-main-image\').click(function () {\n                \n                    let pictures = [];\n                    let startIndex = 0;\n                    let currentSrc = $(\'img\',this)[0].currentSrc;\n                    \n                    $(\'.thumbnails a:visible\').each(function (i,o){\n                        let imageSrc = $(\'img\', o)[0].currentSrc;\n                        pictures.push(new picture(imageSrc));\n\n                        if (currentSrc === imageSrc) startIndex = i;\n                    });\n                    \n                    Fancybox.show(pictures,                      \n                    {\n                        mainClass: "custom-Fancybox",\n                        startIndex: startIndex\n                    });\n                    \n                });\n\n            });\n            \n        })(jQuery);\n        \n         function picture(src)\n         {\n             this.src = src;\n             this.type = \'image\';\n         }\n         \n    </script>\n\n\n\n\n    \n\n\n\n    <script type="text/javascript">\n    \n    \n    \n    var __json_b = {"a":null};\n    \n    \n    \n            var CLIENT_DEBUG_MODE = true;\n\n\n            var DESGIN_ISDRAFT = false;\n        \n        jQuery(function () {\n            jQuery.ajaxSetup({\n                complete: function(xhr, textStatus) {\n\n                    if (xhr.status >= 200 && xhr.status < 300 && DESGIN_ISDRAFT === false) {\n                        if (this.url.indexOf(\'/Notification/Get\') !== 0)\n                        {\n                            notificationIterationsCount = notificationIterationsCount +1;\n                            setCheckInterval(notificationIterationsCount);\n                        }\n                    }\n                    \n                    if (xhr.status === 301 && DESGIN_ISDRAFT === false) {\n                        default_redirect(xhr);\n                    }\n                    if (xhr.status === 500 && DESGIN_ISDRAFT === false)\n                    {\n\n                        if (typeof ajaxError == \'function\')\n                        {\n                            ajaxError(xhr, textStatus);\n                        }\n                        else\n                        {\n                            default_ajaxError(xhr, textStatus);\n                        }\n                    }\n                    \n                    //Draft options\n                    if (xhr.status === 401 && DESGIN_ISDRAFT === true) {\n                        window.parent.sessionExpired();\n                    }\n                    \n                    if (xhr.status === 500 && DESGIN_ISDRAFT === true) {\n                        window.parent.design_ajaxError(textStatus);\n                    }\n                    \n                }\n            });\n        });\n        \n\n        function default_ajaxError(xhr, textStatus) {\n\n            console.error(\'AJAX ERROR: \' + textStatus + xhr.responseText);\n\n            var errorMessage = \'Ha ocurrido un error. Por favor, intente nuevamente.\';\n\n            if (xhr.responseJSON != null && xhr.responseJSON.LogEventId != null) {\n                errorMessage = errorMessage + \'<br/> Identificación del error: <strong>\' + xhr.responseJSON.LogEventId + \'</strong>\';\n            }\n\n            this.showNotification(errorMessage, 0);\n        }\n\n        function default_redirect(xhr, textStatus) {\n\n            if (xhr.responseJSON != null && xhr.responseJSON.LoginRequired == true) {\n                window.location = xhr.responseJSON.RedirectTo;\n            }\n        }\n\n        var notificationIterationsCount = 0;\n        function setCheckInterval(iteration)\n        {\n            setTimeout(function () {\n                if (iteration === notificationIterationsCount){\n                    checkForNotifications();\n                }\n            }, 600);\n        }\n        \n        \n        function checkForNotifications()\n        {\n                notificationIterationsCount = 0;\n                jQuery.ajax({\n                    url: \'/Notification/Get\',\n                    cache: false})\n                 .done(function (results){\n                    if (results != null && typeof(results) != \'undefined\')\n                    {\n                        jQuery.each(results,  function (i,o) {\n                            addNotification(o.Text, o.NotificationType);\n                        });\n                        \n                        if (results.length > 0){\n                            showNotifications();\n                        }\n                    }\n                });\n            }\n            \n        // fillHeight();\n        \n        jQuery(function (){\n            setCheckInterval(0);\n        });\n    </script>\n\n \n\n\n\n\n    <script>\n        function MandingaHitter() {\n            var gaIds = [];\n            var fbId = null;\n\n            var currency = \'ARS\';\n            var debug = false;\n\n            var googleGtmInit = false;\n            var googleCheckoutHitted = false;\n\n            //helpers\n            var isGoogleReady = function () {\n                if (!(typeof gtag == \'undefined\' || !gtag || !gaIds.length)) {\n                    return true;\n                }\n\n                console.error(\'MandingaHitter Warning: GoogleAnalytics is not ready.\');\n\n                return false;\n            };\n\n            var isFacebookReady = function () {\n                if (!(typeof fbq == \'undefined\' || !fbq || fbId == null)) {\n                    return true;\n                }\n\n                console.error(\'MandingaHitter Warning: FacebookPixel is not ready.\');\n\n                return false;\n            };\n\n            var initGtmGoogle = function (googleId) {\n                if (googleGtmInit) return;\n\n                googleGtmInit = true;\n\n                if (!(\'dataLayer\' in window)) {\n                    window.dataLayer = window.dataLayer || [];\n                }\n\n                window.dataLayer.push({\n                    \'gtm.start\': new Date().getTime(),\n                    event: \'gtm.js\',\n                });\n\n                var script = document.createElement(\'script\');\n\n                script.async = true;\n                script.src = \'https://www.googletagmanager.com/gtm.js?id=\' + googleId;\n\n                document.head.appendChild(script);\n\n                if (debug) {\n                    console.log(\'Google GTM Init\');\n                }\n            };\n\n            //google hitters\n            var pageViewToGoogle = function() {\n                if (!isGoogleReady()) return;\n\n                gaIds.forEach(function(googleId) {\n                    if (!/^UA-/.test(googleId)) {\n                        return;\n                    }\n\n                    var params = {\n                        send_to: googleId,\n                    };\n\n                    window.gtag(\'event\', \'page_view\', params);\n\n                    if (debug) {\n                        console.log(\'Hit -> Google PageView\');\n                        console.log(params);\n                    }\n                });\n            };\n\n            var viewItemToGoogle = function (payload) {\n                if (!isGoogleReady()) return;\n\n                gaIds.forEach(function (googleId) {\n                    var id = payload.id;\n                    var name = payload.name;\n                    var brand = payload.brand;\n                    var category = payload.category;\n                    var price = parseFloat(payload.price || 0);\n                    var quantity = parseInt(payload.quantity || 1);\n\n                    var params = {\n                        send_to: googleId,\n                        currency: currency,\n                        value: price,\n                        items: [\n                            {\n                                item_id: id,\n                                item_name: name,\n                                item_brand: brand,\n                                item_category: category,\n                                price: price,\n                                quantity: quantity,\n                            },\n                        ],\n                    };\n\n                    window.gtag(\'event\', \'view_item\', params);\n\n                    if (debug) {\n                        console.log(\'Hit -> Google ViewItem\');\n                        console.log(params);\n                    }\n                });\n            };\n\n            var addToCartToGoogle = function (payload) {\n                if (!isGoogleReady()) return;\n\n                gaIds.forEach(function (googleId) {\n                    var id = payload.id;\n                    var name = payload.name;\n                    var brand = payload.brand;\n                    var category = payload.category;\n                    var price = parseFloat(payload.price || 0);\n                    var quantity = parseInt(payload.quantity || 1);\n\n                    var params = {\n                        send_to: googleId,\n                        currency: currency,\n                        value: price,\n                        items: [\n                            {\n                                item_id: id,\n                                item_name: name,\n                                item_brand: brand,\n                                item_category: category,\n                                price: price,\n                                quantity: quantity,\n                            },\n                        ],\n                    };\n\n                    window.gtag(\'event\', \'add_to_cart\', params);\n\n                    if (debug) {\n                        console.log(\'Hit -> Google AddToCart\');\n                        console.log(params);\n                    }\n                });\n            };\n\n            var checkoutToGoogle = function (payload) {\n                if (googleCheckoutHitted) return;\n\n                if (!isGoogleReady()) return;\n\n                googleCheckoutHitted = true;\n\n                gaIds.forEach(function (googleId) {\n                    var items = [];\n\n                    if (payload.items) {\n                        payload.items.forEach(function (item) {\n                            items.push({\n                                item_id: item.id,\n                                item_name: item.name,\n                                item_brand: item.brand,\n                                item_category: item.category,\n                                price: parseFloat(item.price || 0),\n                                quantity: parseInt(item.quantity || 1),\n                            });\n                        });\n                    }\n\n                    var params = {\n                        send_to: googleId,\n                        currency: currency,\n                        value: payload.price,\n                        shipping: payload.shipping,\n                        items: items,\n                    };\n\n                    window.gtag(\'event\', \'begin_checkout\', params);\n\n                    if (debug) {\n                        console.log(\'Hit -> Google BeginCheckout\');\n                        console.log(params);\n                    }\n                });\n            };\n\n            var purchaseToGoogle = function (payload) {\n                if (!isGoogleReady()) return;\n\n                gaIds.forEach(function (googleId) {\n                    var items = [];\n\n                    if (payload.items) {\n                        payload.items.forEach(function (item) {\n                            items.push({\n                                item_id: item.id,\n                                item_name: item.name,\n                                item_brand: item.brand,\n                                item_category: item.category,\n                                price: parseFloat(item.price || 0),\n                                quantity: parseInt(item.quantity || 1),\n                            });\n                        });\n                    }\n\n                    var params = {\n                        send_to: googleId,\n                        transaction_id: payload.transaction_id,\n                        currency: currency,\n                        value: payload.price,\n                        shipping: payload.shipping,\n                        items: items,\n                    };\n\n                    window.gtag(\'event\', \'purchase\', params);\n\n                    if (debug) {\n                        console.log(\'Hit -> Google Purchase\');\n                        console.log(params);\n                    }\n                });\n            };\n\n            //public methods\n            this.SetDebugMode = function (flag) {\n                debug = flag;\n            };\n\n            this.SetCurrency = function (currencyName) {\n                currency = currencyName;\n            };\n\n            this.GetCurrency = function () {\n                return currency;\n            };\n\n            this.GoogleInit = function (googleId) {\n                if (/^GTM-/.test(googleId)) {\n                    initGtmGoogle(googleId);\n                    return;\n                }\n\n                gaIds.push(googleId);\n\n                window.gtag(\'config\', googleId);\n            };\n\n            this.HitPageView = function () {\n                pageViewToGoogle();\n            };\n\n            this.HitViewItem = function (payload) {\n                viewItemToGoogle(payload);\n            };\n\n            this.HitAddToCart = function (payload) {\n                addToCartToGoogle(payload);\n            };\n\n            this.HitCheckout = function (payload) {\n                checkoutToGoogle(payload);\n            };\n\n            this.HitPurchase = function (payload) {\n                purchaseToGoogle(payload);\n            };\n\n            this.MapToFacebookProductItem = function (item) {\n                if (typeof item != \'object\') return;\n\n                return {\n                    id: item.id,\n                    quantity: parseInt(item.quantity || 0),\n                    name: item.name,\n                };\n            };\n        }\n    </script>\n    <script>\n        TheMandingaHitter = new MandingaHitter();\n\n        TheMandingaHitter.SetCurrency(\'ARS\');\n\n        if (/[?&]debug=on/.test(window.location.search))\n            TheMandingaHitter.SetDebugMode(true);\n    </script>\n    <!-- Google Analytics -->\n    <script async="" src="https://www.googletagmanager.com/gtag/js"></script>\n    <script>\n        window.dataLayer = window.dataLayer || [];\n\n        window.gtag = function () {\n            window.dataLayer.push(arguments);\n        };\n\n        window.gtag(\'js\', new Date());\n\n        TheMandingaHitter.GoogleInit(\'G-HNCYQD4R26\');\n\n                TheMandingaHitter.GoogleInit(\'G-7FXF32ENWK\');\n    </script>\n        <!-- Facebook Pixel Code -->\n        <script>\n            !function(f,b,e,v,n,t,s)\n            {if(f.fbq)return;n=f.fbq=function(){n.callMethod?\n            n.callMethod.apply(n,arguments):n.queue.push(arguments)};\n            if(!f._fbq)f._fbq=n;n.push=n;n.loaded=!0;n.version=\'2.0\';\n            n.queue=[];t=b.createElement(e);t.async=!0;\n            t.src=v;s=b.getElementsByTagName(e)[0];\n            s.parentNode.insertBefore(t,s)}(window, document,\'script\',\n            \'https://connect.facebook.net/es_LA/fbevents.js\');\n\n                fbq(\'init\', \'2839562683014023\');\n\n            fbq(\'track\', \'PageView\');\n        </script>\n    <script>\n        //hit page view\n        TheMandingaHitter.HitPageView();\n\n        //attach to AddToCart events\n        // var encodedProductStr = encodeURIComponent(JSON.stringify(payload))\n        // JSON.parse(decodeURIComponent(encodedProductStr))\n\n        jQuery(document).on(\'click\', \'.cdl-item_quantity-control .btn-upQuantityItem\', function () {\n            var container = jQuery(this).closest(\'.cdl-item_quantity-control\');\n\n            var payload = {\n                id: container.attr(\'data-product_id\'),\n                price: container.attr(\'data-product_price\') || 0,\n                quantity: parseInt(container.attr(\'data-product_quantity\') || 1) + 1,\n                name: container.attr(\'data-product_name\'),\n                brand: container.attr(\'data-product_brand\'),\n                category: container.attr(\'data-product_category\'),\n            };\n\n            TheMandingaHitter.HitAddToCart(payload);\n\n            if (\'fbq\' in window) {\n                var params = {};\n\n                params.content_name = payload.name;\n                params.content_ids = payload.id.toString();\n                params.content_type = \'product\';\n                params.currency = TheMandingaHitter.GetCurrency();\n                params.num_items = parseInt(payload.quantity || 1);\n                params.value = parseFloat(payload.price || 0);\n\n                fbq(\'track\', \'AddToCart\', params);\n            }\n        });\n\n        jQuery(document).on(\'click\', \'.js-add-to-cart-list .js-product-add\', function () {\n            var $this = jQuery(this);\n\n            var payload = {\n                id: $this.attr(\'data-product_id\'),\n                price: $this.attr(\'data-product_price\') || 0,\n                quantity: 1,\n                name: $this.attr(\'data-product_name\'),\n                brand: $this.attr(\'data-product_brand\'),\n                category: $this.attr(\'data-product_category\'),\n            };\n\n            TheMandingaHitter.HitAddToCart(payload);\n\n            if (\'fbq\' in window) {\n                var params = {};\n\n                params.content_name = payload.name;\n                params.content_ids = payload.id.toString();\n                params.content_type = \'product\';\n                params.currency = TheMandingaHitter.GetCurrency();\n                params.num_items = parseInt(payload.quantity || 1);\n                params.value = parseFloat(payload.price || 0);\n\n                fbq(\'track\', \'AddToCart\', params);\n            }\n        });\n\n        jQuery(document).on(\'click\', \'.single_add_to_cart_button, .single_end_checkout_button\', function () {\n            var $this = jQuery(this);\n            var card = $this.closest(\'#variantselector-container\');\n\n            var payload = {\n                id: $this.attr(\'data-product_id\'),\n                price: $this.attr(\'data-product_price\') || 0,\n                quantity: card.find(\'.qs_select\').val() || 1,\n                name: card.attr(\'data-product_name\'),\n                brand: card.attr(\'data-product_brand\'),\n                category: card.attr(\'data-product_category\'),\n            };\n\n            TheMandingaHitter.HitAddToCart(payload);\n\n            if (\'fbq\' in window) {\n                var params = {};\n\n                params.content_name = payload.name;\n                params.content_ids = payload.id.toString();\n                params.content_type = \'product\';\n                params.currency = TheMandingaHitter.GetCurrency();\n                params.num_items = parseInt(payload.quantity || 1);\n                params.value = parseFloat(payload.price || 0);\n\n                fbq(\'track\', \'AddToCart\', params);\n            }\n        });\n\n        jQuery(document).on(\'click\', \'#Checkout .init-checkout-analytics\', function () {\n            var $this = jQuery(this);\n\n            var payload = {};\n\n            payload.items = [];\n\n            jQuery(\'#Checkout .cdl-item_quantity-control\').each(function () {\n                var cartItemElement = jQuery(this);\n\n                var cartItem = {\n                    id: cartItemElement.attr(\'data-product_id\'),\n                    price: cartItemElement.attr(\'data-product_price\') || 0,\n                    quantity: cartItemElement.attr(\'data-product_quantity\') || 1,\n                    name: cartItemElement.attr(\'data-product_name\'),\n                    brand: cartItemElement.attr(\'data-product_brand\'),\n                    category: cartItemElement.attr(\'data-product_category\'),\n                };\n\n                payload.items.push(cartItem);\n            });\n\n            payload.quantity = payload.items.length;\n            payload.price = $this.attr(\'data-totalprice\');\n            payload.shipping = $this.attr(\'data-shipping\');\n\n            TheMandingaHitter.HitCheckout(payload);\n\n            if (\'fbq\' in window) {\n                var params = {};\n\n                params.contents = [];\n\n                payload.items.forEach(function (item) {\n                    params.contents.push(\n                        TheMandingaHitter.MapToFacebookProductItem(item)\n                    );\n                });\n\n                params.content_type = \'product\';\n                params.currency = TheMandingaHitter.GetCurrency();\n                params.num_items = parseInt(payload.quantity || 1);\n                params.value = parseFloat(payload.price);\n\n                fbq(\'track\', \'InitiateCheckout\', params);\n            }\n        });\n    </script>\n\n    \n    \n    <script>\n        var payload = {\n            id: \'4005900985088\',\n            name: \'Crema Corporal Nivea Aloe Vera 5 En 1 Piel Normal a Seca x 125 ml\',\n            quantity: 1,\n            price: 936.46,\n            brand: \'Nivea\',\n            category: \'Cuidado Corporal\'\n        };\n        TheMandingaHitter.HitViewItem(payload);\n    </script>\n\n\n    <div id="fb-root"></div>\n\n\n\n\n\n    <input type="hidden" name="ReCaptchaGlobal" value="03AFcWeA4H_ZpoaqlQcW1cZ9u8VkipEJ9dPw5dIfmoj7CJiwCyMiZ9Awrb7zTcN15vreU2H_GQXww4AqUIJL4E6wqxE20xtBQmmw6jxlPO8hG7bghVqD9nZbM8bZpH7HN9xjx-IeXNq_am4FkrAzSCUgwC6pkSefBo4hlAd4DVF-c5ptnWRwoT784wKroQFxuZclwcNgePJRIZe7v0EjC1C5R7XZMlJqouXIP7XvSpyUeT8ac_IaFpKY9-Fsw5zXMf3Sj2am2DCMfF8ud0xkUmP5xvdFRTMszVBqJpRfh4r1fphq6bEZn98HKwDPmaS5BoeU041JfajM2X2CWoB2-bcpPFnCoSsvk7UXi8MV1X2h5J2msBC4scXHwVVrrHLEUj8IJdHnSOGckC925Q9Brkyz6YU_mWMoOEznOqOB6rTrM8-EbBbM5-8CCZXNi_he7sS3a8GbKj5KOYZhkmhIUp5G46uz1xzcHrx3JPP5nsvkC7UWkfMCFGD5uRDApG5hbCauvlF07w6sHq5LAuEev3ZzWHraPJe_pALO1HNq8ea_IFdO-Pt-QL2Rq2gcilNHaZPjWtI1WsN5zj">\n\n    <script src="https://www.google.com/recaptcha/api.js?render=6LeHoNMUAAAAAF3IvtxaAtOgwz_IkIUUQnwsvr15"></script>\n    <script>\n        grecaptcha.ready(function () {\n            /**/\n            grecaptcha.execute(\'6LeHoNMUAAAAAF3IvtxaAtOgwz_IkIUUQnwsvr15\', { action: \'homepage\' })\n                /**/\n                .then(function (token) {\n                    jQuery(\'input[name="ReCaptchaGlobal"]\').val(token);\n                });\n        });\n    </script>\n\n<script>\n  \tfunction updateContainerClass(){\n  \t\tjQuery(\'[containerclass]\').each(function(i,e){\n        \tvar containerClass = jQuery(this).attr(\'containerclass\');\n  \t\t\tjQuery(this).closest(\'.sectionContainer\').addClass(containerClass);\n        });\n\t}\n</script>\n\n<!-- ******* PRE-HEADER scripts start ******************************** -->\n<script>jQuery(document).ready(function(){\n  if(jQuery(\'.pre-header\').length && jQuery().slick){jQuery(\'.pre-header\').slick({slidesToShow:4,slidesToScroll:1,autoplay:true,autoplaySpeed:2000,arrows:false,responsive:[{breakpoint:1199,settings:{slidesToShow: 1,}}]});}});</script>\n<!-- ******* PRE-HEADER scripts end ********************************** -->\n\n<!-- ======= Embluemail ======= -->\n<!--<script src="https://cdn.embluemail.com/pixeltracking/pixeltracking.js?code=955c6aadabdf369fdb97d8ed8a2c84a5"></script>-->\n<script src="https://toolkit.batitienda.gsharp.com.ar/storefront/fgp/embluemail_local.js?code=955c6aadabdf369fdb97d8ed8a2c84a5"></script>\n<script>\n // TODO: quitar cuando el script de embluemail este corregido.\n try {\n    navigator.serviceWorker\n        .getRegistrations()\n        .then(function (registrations) {\n            registrations.forEach(function (r) {\n                var workerUrl = r.active.scriptURL;\n                var isEmblue = workerUrl.includes(\'emblue-sdk-worker.js\');\n                var emblueUrl = \'https://www.farmaciageneralpaz.com/emblue-sdk-worker.js\';\n\n                if (isEmblue && workerUrl != emblueUrl) r.unregister();\n            });\n        })\n        .catch(function () {});\n} catch (err) {}\n// End TOOD\n  \n(function(d,t,u,s,c,f){f=function(m){m=new Date();return m.getFullYear()+\'\'+(m.getMonth()+1)+\'\'+m.getDate()+\'T\'+m.getHours()+\'\'+m.getMinutes()+\'\'+m.getSeconds()};\nu=\'https://widgets-static.embluemail.com/accounts/9375F9AD30C84348/scripts/sw_937.js?ts=\'+f();s=d.createElement(t);\ns.async=1;s.src=u;c=d.getElementsByTagName(t)[0];c.parentNode.insertBefore(s,c);})(document,\'script\');\n</script>\n\n<script>\n    jQuery(document).on(\'click\', \'[href*="wa.me"], [href*="api.whatsapp.com/send"]\', function () {\n        gtag(\'event\', \'Chat\', {\n                event_category: \'Consultas\',\n                event_label: \'Chat\'\n            }\n        );\n    });\n    \n</script>\n\n\n<script defer="" src="/Custom/js/newsletter.js"></script>\n\n\n<script>\nfunction toolkitLoaded_callback(){\n    try {\n        window.ToolKit.init({\n            debug: false,\n            website_id: \'399391150B348012175B435099225B452487575B315449950B290576100\',\n        });\n    } catch (e) {\n        console.log(e);\n    }\n}\n\nfunction loadToolkit()\n{\n\tlet toolkitScript = document.createElement(\'script\');\n\n\ttoolkitScript.setAttribute(\'src\',\'https://cdn.batitienda.com/static/Toolkit/tool-kit@1.0.9.js\');\n\ttoolkitScript.setAttribute(\'onload\',\'toolkitLoaded_callback();\');\n\t\n    document.body.appendChild(toolkitScript);\n}\n\nif(typeof(AVOID_TOOLKIT) === \'undefined\')\n{\n\tloadToolkit();\n}\n\n</script><script src="https://cdn.batitienda.com/static/Toolkit/tool-kit@1.0.9.js" onload="toolkitLoaded_callback();"></script>\n\n\n\n\n<img style="display:none" src="data:image/webp;base64,UklGRjIAAABXRUJQVlA4ICYAAACyAgCdASoCAAEALmk0mk0iIiIiIgBoSygABc6zbAAA/v56QAAAAA=="><div><div class="grecaptcha-badge" data-style="bottomright" style="width: 256px; height: 60px; display: block; transition: right 0.3s ease 0s; position: fixed; bottom: 14px; right: -186px; box-shadow: gray 0px 0px 5px; border-radius: 2px; overflow: hidden;"><div class="grecaptcha-logo"><iframe title="reCAPTCHA" width="256" height="60" role="presentation" name="a-mjwx1h4ksvp5" frameborder="0" scrolling="no" sandbox="allow-forms allow-popups allow-same-origin allow-scripts allow-top-navigation allow-modals allow-popups-to-escape-sandbox" src="https://www.google.com/recaptcha/api2/anchor?ar=1&amp;k=6LeHoNMUAAAAAF3IvtxaAtOgwz_IkIUUQnwsvr15&amp;co=aHR0cHM6Ly93d3cuZmFybWFjaWFnZW5lcmFscGF6LmNvbTo0NDM.&amp;hl=es&amp;v=vm_YDiq1BiI3a8zfbIPZjtF2&amp;size=invisible&amp;cb=ujsjw8c2cg2b"></iframe></div><div class="grecaptcha-error"></div><textarea id="g-recaptcha-response-100000" name="g-recaptcha-response" class="g-recaptcha-response" style="width: 250px; height: 40px; border: 1px solid rgb(193, 193, 193); margin: 10px 25px; padding: 0px; resize: none; display: none;"></textarea></div><iframe style="display: none;"></iframe></div><iframe id="c0904655-7adb-4f70-a6b3-7653adee966c" title="button" width="56" height="56" style="border: 0px; position: fixed; bottom: 20px; cursor: pointer; transition: opacity 0.15s ease 0s, visibility 0.15s ease 0s; visibility: visible; opacity: 1; border-radius: 50px; box-shadow: rgba(0, 0, 0, 0.4) 0px 2px 14px 0px; z-index: 2147483635; right: 15px;"></iframe></body></html>'
]]></failure>
	</testcase>
</testsuite>
